2020-08-10 08:52:13,206 INFO o.s.b.StartupInfoLogger [main] Starting RevSpringBootApplication on DESKTOP-H0MQLKS with PID 13084 (C:\Users\samue\Documents\workspace-sts-3.9.12.RELEASE\RevSpringBoot\target\classes started by samue in C:\Users\samue\Documents\workspace-sts-3.9.12.RELEASE\RevSpringBoot)
2020-08-10 08:52:13,221 INFO o.s.b.SpringApplication [main] No active profile set, falling back to default profiles: default
2020-08-10 08:52:14,130 INFO o.s.d.r.c.RepositoryConfigurationDelegate [main] Bootstrapping Spring Data JPA repositories in DEFAULT mode.
2020-08-10 08:52:14,276 INFO o.s.d.r.c.RepositoryConfigurationDelegate [main] Finished Spring Data repository scanning in 135ms. Found 4 JPA repository interfaces.
2020-08-10 08:52:14,964 INFO o.s.b.w.e.t.TomcatWebServer [main] Tomcat initialized with port(s): 8080 (http)
2020-08-10 08:52:14,975 INFO o.a.j.l.DirectJDKLog [main] Initializing ProtocolHandler ["http-nio-8080"]
2020-08-10 08:52:14,976 INFO o.a.j.l.DirectJDKLog [main] Starting service [Tomcat]
2020-08-10 08:52:14,977 INFO o.a.j.l.DirectJDKLog [main] Starting Servlet engine: [Apache Tomcat/9.0.34]
2020-08-10 08:52:15,148 INFO o.a.j.l.DirectJDKLog [main] Initializing Spring embedded WebApplicationContext
2020-08-10 08:52:15,148 INFO o.s.b.w.s.c.ServletWebServerApplicationContext [main] Root WebApplicationContext: initialization completed in 1828 ms
2020-08-10 08:52:15,286 INFO o.f.c.i.l.s.Slf4jLog [main] Flyway Community Edition 6.0.8 by Redgate
2020-08-10 08:52:15,298 INFO c.z.h.HikariDataSource [main] HikariPool-1 - Starting...
2020-08-10 08:52:16,302 INFO c.z.h.HikariDataSource [main] HikariPool-1 - Start completed.
2020-08-10 08:52:16,342 INFO o.f.c.i.l.s.Slf4jLog [main] Database: jdbc:mysql://localhost:3306/projetobase (MySQL 8.0)
2020-08-10 08:52:16,404 INFO o.f.c.i.l.s.Slf4jLog [main] Successfully validated 15 migrations (execution time 00:00.034s)
2020-08-10 08:52:16,420 INFO o.f.c.i.l.s.Slf4jLog [main] Current version of schema `projetobase`: 15
2020-08-10 08:52:16,422 INFO o.f.c.i.l.s.Slf4jLog [main] Schema `projetobase` is up to date. No migration necessary.
2020-08-10 08:52:16,567 INFO o.h.j.i.u.LogHelper [main] HHH000204: Processing PersistenceUnitInfo [name: default]
2020-08-10 08:52:16,629 INFO o.h.Version [main] HHH000412: Hibernate ORM core version 5.4.15.Final
2020-08-10 08:52:16,775 INFO o.h.a.c.r.j.JavaReflectionManager [main] HCANN000001: Hibernate Commons Annotations {5.1.0.Final}
2020-08-10 08:52:16,897 INFO o.h.d.Dialect [main] HHH000400: Using dialect: org.hibernate.dialect.MySQL5Dialect
2020-08-10 08:52:17,904 INFO o.h.e.t.j.p.i.JtaPlatformInitiator [main] HHH000490: Using JtaPlatform implementation: [org.hibernate.engine.transaction.jta.platform.internal.NoJtaPlatform]
2020-08-10 08:52:17,912 INFO o.s.o.j.AbstractEntityManagerFactoryBean [main] Initialized JPA EntityManagerFactory for persistence unit 'default'
2020-08-10 08:52:17,982 WARN o.s.b.a.o.j.JpaBaseConfiguration$JpaWebConfiguration [main] spring.jpa.open-in-view is enabled by default. Therefore, database queries may be performed during view rendering. Explicitly configure spring.jpa.open-in-view to disable this warning
2020-08-10 08:52:18,970 INFO o.s.s.w.DefaultSecurityFilterChain [main] Creating filter chain: Ant [pattern='/static/**'], []
2020-08-10 08:52:18,970 INFO o.s.s.w.DefaultSecurityFilterChain [main] Creating filter chain: Ant [pattern='/img/**'], []
2020-08-10 08:52:18,970 INFO o.s.s.w.DefaultSecurityFilterChain [main] Creating filter chain: Ant [pattern='/css/**'], []
2020-08-10 08:52:18,970 INFO o.s.s.w.DefaultSecurityFilterChain [main] Creating filter chain: Ant [pattern='/js/**'], []
2020-08-10 08:52:18,971 INFO o.s.s.w.DefaultSecurityFilterChain [main] Creating filter chain: Ant [pattern='/scss/**'], []
2020-08-10 08:52:18,971 INFO o.s.s.w.DefaultSecurityFilterChain [main] Creating filter chain: Ant [pattern='/vendor/**'], []
2020-08-10 08:52:19,016 INFO o.s.s.w.DefaultSecurityFilterChain [main] Creating filter chain: any request, [org.springframework.security.web.context.request.async.WebAsyncManagerIntegrationFilter@32c0fecc, org.springframework.security.web.context.SecurityContextPersistenceFilter@54234569, org.springframework.security.web.header.HeaderWriterFilter@5315266, org.springframework.security.web.csrf.CsrfFilter@50f3ba6a, org.springframework.security.web.authentication.logout.LogoutFilter@241d1052, org.springframework.security.web.authentication.UsernamePasswordAuthenticationFilter@2965dd88, org.springframework.security.web.savedrequest.RequestCacheAwareFilter@19f497aa, org.springframework.security.web.servletapi.SecurityContextHolderAwareRequestFilter@1be3f8f8, org.springframework.security.web.authentication.AnonymousAuthenticationFilter@35ceec81, org.springframework.security.web.session.SessionManagementFilter@216328b2, org.springframework.security.web.access.ExceptionTranslationFilter@646cb2e, org.springframework.security.web.access.intercept.FilterSecurityInterceptor@40738846]
2020-08-10 08:52:19,387 INFO o.a.j.l.DirectJDKLog [main] Starting ProtocolHandler ["http-nio-8080"]
2020-08-10 08:52:19,414 INFO o.s.b.w.e.t.TomcatWebServer [main] Tomcat started on port(s): 8080 (http) with context path ''
2020-08-10 08:52:19,416 INFO o.s.b.StartupInfoLogger [main] Started RevSpringBootApplication in 6.674 seconds (JVM running for 8.919)
2020-08-10 08:52:28,248 INFO o.a.j.l.DirectJDKLog [http-nio-8080-exec-1] Initializing Spring DispatcherServlet 'dispatcherServlet'
2020-08-10 08:52:28,248 INFO o.s.w.s.FrameworkServlet [http-nio-8080-exec-1] Initializing Servlet 'dispatcherServlet'
2020-08-10 08:52:28,257 INFO o.s.w.s.FrameworkServlet [http-nio-8080-exec-1] Completed initialization in 8 ms
2020-08-10 08:52:28,349 DEBUG o.h.e.j.s.SqlStatementLogger [http-nio-8080-exec-1] select sum(atividade0_.qtd_participantes) as col_0_0_ from atividade atividade0_
2020-08-10 08:52:28,370 DEBUG o.h.e.j.s.SqlStatementLogger [http-nio-8080-exec-1] select sum(bancaexami0_.valor_total) as col_0_0_ from banca_examinadora bancaexami0_
2020-08-10 08:52:28,382 DEBUG o.h.e.j.s.SqlStatementLogger [http-nio-8080-exec-1] select count(atividade0_.forma_conexao) as col_0_0_ from atividade atividade0_ where atividade0_.forma_conexao=?
2020-08-10 08:52:28,386 DEBUG o.h.e.j.s.SqlStatementLogger [http-nio-8080-exec-1] select count(atividade0_.forma_conexao) as col_0_0_ from atividade atividade0_ where atividade0_.forma_conexao=?
2020-08-10 08:52:28,400 DEBUG o.h.e.j.s.SqlStatementLogger [http-nio-8080-exec-1] select count(atividade0_.codigo) as col_0_0_ from atividade atividade0_
2020-08-10 08:52:28,406 DEBUG o.h.e.j.s.SqlStatementLogger [http-nio-8080-exec-1] select count(bancaexami0_.codigo) as col_0_0_ from banca_examinadora bancaexami0_
2020-08-10 08:52:28,413 DEBUG o.h.e.j.s.SqlStatementLogger [http-nio-8080-exec-1] select count(atividade0_.tipo) as col_0_0_ from atividade atividade0_ where atividade0_.tipo=?
2020-08-10 08:52:28,417 DEBUG o.h.e.j.s.SqlStatementLogger [http-nio-8080-exec-1] select sum(atividade0_.pontos_conectados) as col_0_0_ from atividade atividade0_
2020-08-10 08:52:39,332 DEBUG o.h.e.j.s.SqlStatementLogger [http-nio-8080-exec-2] select usuario0_.codigo as codigo1_5_, usuario0_.ativo as ativo2_5_, usuario0_.email as email3_5_, usuario0_.primeiro_nome as primeiro4_5_, usuario0_.senha as senha5_5_, usuario0_.ultimo_nome as ultimo_n6_5_ from usuario usuario0_ where lower(usuario0_.email)=lower(?) and usuario0_.ativo=1
2020-08-10 08:52:39,372 DEBUG o.h.e.j.s.SqlStatementLogger [http-nio-8080-exec-2] select distinct permissao4_.nome as col_0_0_ from usuario usuario0_ inner join usuario_grupo grupos1_ on usuario0_.codigo=grupos1_.codigo_usuario inner join grupo grupo2_ on grupos1_.codigo_grupo=grupo2_.codigo inner join grupo_permissao permissoes3_ on grupo2_.codigo=permissoes3_.codigo_grupo inner join permissao permissao4_ on permissoes3_.codigo_permissao=permissao4_.codigo where usuario0_.codigo=?
2020-08-10 08:52:39,535 DEBUG o.h.e.j.s.SqlStatementLogger [http-nio-8080-exec-4] select count(atividade0_.codigo) as col_0_0_ from atividade atividade0_ where year(atividade0_.data)=?
2020-08-10 08:52:39,539 DEBUG o.h.e.j.s.SqlStatementLogger [http-nio-8080-exec-4] select count(atividade0_.codigo) as col_0_0_ from atividade atividade0_ where atividade0_.tipo=? and year(atividade0_.data)=?
2020-08-10 08:52:39,541 DEBUG o.h.e.j.s.SqlStatementLogger [http-nio-8080-exec-4] select count(atividade0_.codigo) as col_0_0_ from atividade atividade0_ where atividade0_.tipo=? and year(atividade0_.data)=?
2020-08-10 08:52:39,543 DEBUG o.h.e.j.s.SqlStatementLogger [http-nio-8080-exec-4] select count(atividade0_.codigo) as col_0_0_ from atividade atividade0_ where atividade0_.tipo=? and year(atividade0_.data)=?
2020-08-10 08:52:39,551 DEBUG o.h.e.j.s.SqlStatementLogger [http-nio-8080-exec-4] select sum(bancaexami0_.valor_total) as col_0_0_ from banca_examinadora bancaexami0_ where year(bancaexami0_.data)=?
2020-08-10 08:52:39,555 DEBUG o.h.e.j.s.SqlStatementLogger [http-nio-8080-exec-4] select count(bancaexami0_.codigo) as col_0_0_ from banca_examinadora bancaexami0_ where year(bancaexami0_.data)=? and bancaexami0_.tipo_de_banca=?
2020-08-10 08:52:39,558 DEBUG o.h.e.j.s.SqlStatementLogger [http-nio-8080-exec-4] select count(bancaexami0_.codigo) as col_0_0_ from banca_examinadora bancaexami0_ where year(bancaexami0_.data)=? and bancaexami0_.tipo_de_banca=?
2020-08-10 08:52:39,562 DEBUG o.h.e.j.s.SqlStatementLogger [http-nio-8080-exec-4] select sum(atividade0_.qtd_participantes) as col_0_0_ from atividade atividade0_ where year(atividade0_.data)=?
2020-08-10 08:52:39,566 DEBUG o.h.e.j.s.SqlStatementLogger [http-nio-8080-exec-4] select count(atividade0_.codigo) as col_0_0_ from atividade atividade0_ where year(atividade0_.data)=?
2020-08-10 08:52:39,569 DEBUG o.h.e.j.s.SqlStatementLogger [http-nio-8080-exec-4] select sum(atividade0_.qtd_participantes) as col_0_0_ from atividade atividade0_ where year(atividade0_.data)=?
2020-08-10 08:52:39,574 DEBUG o.h.e.j.s.SqlStatementLogger [http-nio-8080-exec-4] select sum(atividade0_.duracao)/60 as col_0_0_ from atividade atividade0_ where year(atividade0_.data)=?
2020-08-10 08:52:39,577 DEBUG o.h.e.j.s.SqlStatementLogger [http-nio-8080-exec-4] select count(atividade0_.codigo) as col_0_0_ from atividade atividade0_ where atividade0_.tipo=? and year(atividade0_.data)=?
2020-08-10 08:52:39,579 DEBUG o.h.e.j.s.SqlStatementLogger [http-nio-8080-exec-4] select count(atividade0_.codigo) as col_0_0_ from atividade atividade0_ where atividade0_.tipo=? and year(atividade0_.data)=?
2020-08-10 08:52:39,581 DEBUG o.h.e.j.s.SqlStatementLogger [http-nio-8080-exec-4] select count(atividade0_.codigo) as col_0_0_ from atividade atividade0_ where atividade0_.tipo=? and year(atividade0_.data)=?
2020-08-10 08:52:39,584 DEBUG o.h.e.j.s.SqlStatementLogger [http-nio-8080-exec-4] select count(atividade0_.codigo) as col_0_0_ from atividade atividade0_ where atividade0_.tipo=? and year(atividade0_.data)=?
2020-08-10 08:52:39,586 DEBUG o.h.e.j.s.SqlStatementLogger [http-nio-8080-exec-4] select count(atividade0_.codigo) as col_0_0_ from atividade atividade0_ where atividade0_.tipo=? and year(atividade0_.data)=?
2020-08-10 08:52:39,589 DEBUG o.h.e.j.s.SqlStatementLogger [http-nio-8080-exec-4] select count(atividade0_.codigo) as col_0_0_ from atividade atividade0_ where atividade0_.tipo=? and year(atividade0_.data)=?
2020-08-10 08:52:39,592 DEBUG o.h.e.j.s.SqlStatementLogger [http-nio-8080-exec-4] select count(atividade0_.codigo) as col_0_0_ from atividade atividade0_ where atividade0_.tipo=? and year(atividade0_.data)=?
2020-08-10 08:52:39,596 DEBUG o.h.e.j.s.SqlStatementLogger [http-nio-8080-exec-4] select count(atividade0_.codigo) as col_0_0_ from atividade atividade0_ where atividade0_.forma_conexao=? and year(atividade0_.data)=?
2020-08-10 08:52:39,598 DEBUG o.h.e.j.s.SqlStatementLogger [http-nio-8080-exec-4] select count(atividade0_.codigo) as col_0_0_ from atividade atividade0_ where atividade0_.forma_conexao=? and year(atividade0_.data)=?
2020-08-10 08:52:39,602 DEBUG o.h.e.j.s.SqlStatementLogger [http-nio-8080-exec-4] select sum(bancaexami0_.valor_total) as col_0_0_ from banca_examinadora bancaexami0_ where year(bancaexami0_.data)=?
2020-08-10 08:52:39,604 DEBUG o.h.e.j.s.SqlStatementLogger [http-nio-8080-exec-4] select count(atividade0_.codigo) as col_0_0_ from atividade atividade0_ where year(atividade0_.data)=?
2020-08-10 08:52:39,606 DEBUG o.h.e.j.s.SqlStatementLogger [http-nio-8080-exec-4] select sum(atividade0_.qtd_participantes) as col_0_0_ from atividade atividade0_ where year(atividade0_.data)=?
2020-08-10 08:52:39,608 DEBUG o.h.e.j.s.SqlStatementLogger [http-nio-8080-exec-4] select sum(atividade0_.duracao)/60 as col_0_0_ from atividade atividade0_ where year(atividade0_.data)=?
2020-08-10 08:52:39,610 DEBUG o.h.e.j.s.SqlStatementLogger [http-nio-8080-exec-4] select count(atividade0_.codigo) as col_0_0_ from atividade atividade0_ where atividade0_.tipo=? and year(atividade0_.data)=?
2020-08-10 08:52:39,612 DEBUG o.h.e.j.s.SqlStatementLogger [http-nio-8080-exec-4] select count(atividade0_.codigo) as col_0_0_ from atividade atividade0_ where atividade0_.tipo=? and year(atividade0_.data)=?
2020-08-10 08:52:39,614 DEBUG o.h.e.j.s.SqlStatementLogger [http-nio-8080-exec-4] select count(atividade0_.codigo) as col_0_0_ from atividade atividade0_ where atividade0_.tipo=? and year(atividade0_.data)=?
2020-08-10 08:52:39,617 DEBUG o.h.e.j.s.SqlStatementLogger [http-nio-8080-exec-4] select count(atividade0_.codigo) as col_0_0_ from atividade atividade0_ where atividade0_.tipo=? and year(atividade0_.data)=?
2020-08-10 08:52:39,620 DEBUG o.h.e.j.s.SqlStatementLogger [http-nio-8080-exec-4] select count(atividade0_.codigo) as col_0_0_ from atividade atividade0_ where atividade0_.tipo=? and year(atividade0_.data)=?
2020-08-10 08:52:39,622 DEBUG o.h.e.j.s.SqlStatementLogger [http-nio-8080-exec-4] select count(atividade0_.codigo) as col_0_0_ from atividade atividade0_ where atividade0_.tipo=? and year(atividade0_.data)=?
2020-08-10 08:52:39,625 DEBUG o.h.e.j.s.SqlStatementLogger [http-nio-8080-exec-4] select count(atividade0_.codigo) as col_0_0_ from atividade atividade0_ where atividade0_.tipo=? and year(atividade0_.data)=?
2020-08-10 08:52:39,627 DEBUG o.h.e.j.s.SqlStatementLogger [http-nio-8080-exec-4] select count(atividade0_.codigo) as col_0_0_ from atividade atividade0_ where atividade0_.forma_conexao=? and year(atividade0_.data)=?
2020-08-10 08:52:39,630 DEBUG o.h.e.j.s.SqlStatementLogger [http-nio-8080-exec-4] select count(atividade0_.codigo) as col_0_0_ from atividade atividade0_ where atividade0_.forma_conexao=? and year(atividade0_.data)=?
2020-08-10 08:52:39,632 DEBUG o.h.e.j.s.SqlStatementLogger [http-nio-8080-exec-4] select sum(bancaexami0_.valor_total) as col_0_0_ from banca_examinadora bancaexami0_ where year(bancaexami0_.data)=?
2020-08-10 08:52:39,634 DEBUG o.h.e.j.s.SqlStatementLogger [http-nio-8080-exec-4] select count(atividade0_.codigo) as col_0_0_ from atividade atividade0_ where year(atividade0_.data)=?
2020-08-10 08:52:39,637 DEBUG o.h.e.j.s.SqlStatementLogger [http-nio-8080-exec-4] select sum(atividade0_.qtd_participantes) as col_0_0_ from atividade atividade0_ where year(atividade0_.data)=?
2020-08-10 08:52:39,639 DEBUG o.h.e.j.s.SqlStatementLogger [http-nio-8080-exec-4] select sum(atividade0_.duracao)/60 as col_0_0_ from atividade atividade0_ where year(atividade0_.data)=?
2020-08-10 08:52:39,641 DEBUG o.h.e.j.s.SqlStatementLogger [http-nio-8080-exec-4] select count(atividade0_.codigo) as col_0_0_ from atividade atividade0_ where atividade0_.tipo=? and year(atividade0_.data)=?
2020-08-10 08:52:39,644 DEBUG o.h.e.j.s.SqlStatementLogger [http-nio-8080-exec-4] select count(atividade0_.codigo) as col_0_0_ from atividade atividade0_ where atividade0_.tipo=? and year(atividade0_.data)=?
2020-08-10 08:52:39,646 DEBUG o.h.e.j.s.SqlStatementLogger [http-nio-8080-exec-4] select count(atividade0_.codigo) as col_0_0_ from atividade atividade0_ where atividade0_.tipo=? and year(atividade0_.data)=?
2020-08-10 08:52:39,649 DEBUG o.h.e.j.s.SqlStatementLogger [http-nio-8080-exec-4] select count(atividade0_.codigo) as col_0_0_ from atividade atividade0_ where atividade0_.tipo=? and year(atividade0_.data)=?
2020-08-10 08:52:39,653 DEBUG o.h.e.j.s.SqlStatementLogger [http-nio-8080-exec-4] select count(atividade0_.codigo) as col_0_0_ from atividade atividade0_ where atividade0_.tipo=? and year(atividade0_.data)=?
2020-08-10 08:52:39,655 DEBUG o.h.e.j.s.SqlStatementLogger [http-nio-8080-exec-4] select count(atividade0_.codigo) as col_0_0_ from atividade atividade0_ where atividade0_.tipo=? and year(atividade0_.data)=?
2020-08-10 08:52:39,658 DEBUG o.h.e.j.s.SqlStatementLogger [http-nio-8080-exec-4] select count(atividade0_.codigo) as col_0_0_ from atividade atividade0_ where atividade0_.tipo=? and year(atividade0_.data)=?
2020-08-10 08:52:39,661 DEBUG o.h.e.j.s.SqlStatementLogger [http-nio-8080-exec-4] select count(atividade0_.codigo) as col_0_0_ from atividade atividade0_ where atividade0_.forma_conexao=? and year(atividade0_.data)=?
2020-08-10 08:52:39,663 DEBUG o.h.e.j.s.SqlStatementLogger [http-nio-8080-exec-4] select count(atividade0_.codigo) as col_0_0_ from atividade atividade0_ where atividade0_.forma_conexao=? and year(atividade0_.data)=?
2020-08-10 08:52:39,665 DEBUG o.h.e.j.s.SqlStatementLogger [http-nio-8080-exec-4] select sum(bancaexami0_.valor_total) as col_0_0_ from banca_examinadora bancaexami0_ where year(bancaexami0_.data)=?
2020-08-10 08:52:39,668 DEBUG o.h.e.j.s.SqlStatementLogger [http-nio-8080-exec-4] select count(atividade0_.codigo) as col_0_0_ from atividade atividade0_ where year(atividade0_.data)=?
2020-08-10 08:52:39,671 DEBUG o.h.e.j.s.SqlStatementLogger [http-nio-8080-exec-4] select sum(atividade0_.qtd_participantes) as col_0_0_ from atividade atividade0_ where year(atividade0_.data)=?
2020-08-10 08:52:39,674 DEBUG o.h.e.j.s.SqlStatementLogger [http-nio-8080-exec-4] select sum(atividade0_.duracao)/60 as col_0_0_ from atividade atividade0_ where year(atividade0_.data)=?
2020-08-10 08:52:39,677 DEBUG o.h.e.j.s.SqlStatementLogger [http-nio-8080-exec-4] select count(atividade0_.codigo) as col_0_0_ from atividade atividade0_ where atividade0_.tipo=? and year(atividade0_.data)=?
2020-08-10 08:52:39,680 DEBUG o.h.e.j.s.SqlStatementLogger [http-nio-8080-exec-4] select count(atividade0_.codigo) as col_0_0_ from atividade atividade0_ where atividade0_.tipo=? and year(atividade0_.data)=?
2020-08-10 08:52:39,682 DEBUG o.h.e.j.s.SqlStatementLogger [http-nio-8080-exec-4] select count(atividade0_.codigo) as col_0_0_ from atividade atividade0_ where atividade0_.tipo=? and year(atividade0_.data)=?
2020-08-10 08:52:39,685 DEBUG o.h.e.j.s.SqlStatementLogger [http-nio-8080-exec-4] select count(atividade0_.codigo) as col_0_0_ from atividade atividade0_ where atividade0_.tipo=? and year(atividade0_.data)=?
2020-08-10 08:52:39,688 DEBUG o.h.e.j.s.SqlStatementLogger [http-nio-8080-exec-4] select count(atividade0_.codigo) as col_0_0_ from atividade atividade0_ where atividade0_.tipo=? and year(atividade0_.data)=?
2020-08-10 08:52:39,690 DEBUG o.h.e.j.s.SqlStatementLogger [http-nio-8080-exec-4] select count(atividade0_.codigo) as col_0_0_ from atividade atividade0_ where atividade0_.tipo=? and year(atividade0_.data)=?
2020-08-10 08:52:39,693 DEBUG o.h.e.j.s.SqlStatementLogger [http-nio-8080-exec-4] select count(atividade0_.codigo) as col_0_0_ from atividade atividade0_ where atividade0_.tipo=? and year(atividade0_.data)=?
2020-08-10 08:52:39,695 DEBUG o.h.e.j.s.SqlStatementLogger [http-nio-8080-exec-4] select count(atividade0_.codigo) as col_0_0_ from atividade atividade0_ where atividade0_.forma_conexao=? and year(atividade0_.data)=?
2020-08-10 08:52:39,698 DEBUG o.h.e.j.s.SqlStatementLogger [http-nio-8080-exec-4] select count(atividade0_.codigo) as col_0_0_ from atividade atividade0_ where atividade0_.forma_conexao=? and year(atividade0_.data)=?
2020-08-10 08:52:39,700 DEBUG o.h.e.j.s.SqlStatementLogger [http-nio-8080-exec-4] select sum(bancaexami0_.valor_total) as col_0_0_ from banca_examinadora bancaexami0_ where year(bancaexami0_.data)=?
2020-08-10 08:52:39,703 DEBUG o.h.e.j.s.SqlStatementLogger [http-nio-8080-exec-4] select count(atividade0_.codigo) as col_0_0_ from atividade atividade0_ where year(atividade0_.data)=?
2020-08-10 08:52:39,705 DEBUG o.h.e.j.s.SqlStatementLogger [http-nio-8080-exec-4] select sum(atividade0_.qtd_participantes) as col_0_0_ from atividade atividade0_ where year(atividade0_.data)=?
2020-08-10 08:52:39,707 DEBUG o.h.e.j.s.SqlStatementLogger [http-nio-8080-exec-4] select sum(atividade0_.duracao)/60 as col_0_0_ from atividade atividade0_ where year(atividade0_.data)=?
2020-08-10 08:52:39,710 DEBUG o.h.e.j.s.SqlStatementLogger [http-nio-8080-exec-4] select count(atividade0_.codigo) as col_0_0_ from atividade atividade0_ where atividade0_.tipo=? and year(atividade0_.data)=?
2020-08-10 08:52:39,713 DEBUG o.h.e.j.s.SqlStatementLogger [http-nio-8080-exec-4] select count(atividade0_.codigo) as col_0_0_ from atividade atividade0_ where atividade0_.tipo=? and year(atividade0_.data)=?
2020-08-10 08:52:39,715 DEBUG o.h.e.j.s.SqlStatementLogger [http-nio-8080-exec-4] select count(atividade0_.codigo) as col_0_0_ from atividade atividade0_ where atividade0_.tipo=? and year(atividade0_.data)=?
2020-08-10 08:52:39,717 DEBUG o.h.e.j.s.SqlStatementLogger [http-nio-8080-exec-4] select count(atividade0_.codigo) as col_0_0_ from atividade atividade0_ where atividade0_.tipo=? and year(atividade0_.data)=?
2020-08-10 08:52:39,720 DEBUG o.h.e.j.s.SqlStatementLogger [http-nio-8080-exec-4] select count(atividade0_.codigo) as col_0_0_ from atividade atividade0_ where atividade0_.tipo=? and year(atividade0_.data)=?
2020-08-10 08:52:39,721 DEBUG o.h.e.j.s.SqlStatementLogger [http-nio-8080-exec-4] select count(atividade0_.codigo) as col_0_0_ from atividade atividade0_ where atividade0_.tipo=? and year(atividade0_.data)=?
2020-08-10 08:52:39,723 DEBUG o.h.e.j.s.SqlStatementLogger [http-nio-8080-exec-4] select count(atividade0_.codigo) as col_0_0_ from atividade atividade0_ where atividade0_.tipo=? and year(atividade0_.data)=?
2020-08-10 08:52:39,724 DEBUG o.h.e.j.s.SqlStatementLogger [http-nio-8080-exec-4] select count(atividade0_.codigo) as col_0_0_ from atividade atividade0_ where atividade0_.forma_conexao=? and year(atividade0_.data)=?
2020-08-10 08:52:39,726 DEBUG o.h.e.j.s.SqlStatementLogger [http-nio-8080-exec-4] select count(atividade0_.codigo) as col_0_0_ from atividade atividade0_ where atividade0_.forma_conexao=? and year(atividade0_.data)=?
2020-08-10 08:52:39,729 DEBUG o.h.e.j.s.SqlStatementLogger [http-nio-8080-exec-4] select sum(bancaexami0_.valor_total) as col_0_0_ from banca_examinadora bancaexami0_ where year(bancaexami0_.data)=?
2020-08-10 08:52:39,731 DEBUG o.h.e.j.s.SqlStatementLogger [http-nio-8080-exec-4] select count(atividade0_.codigo) as col_0_0_ from atividade atividade0_ where year(atividade0_.data)=?
2020-08-10 08:52:39,734 DEBUG o.h.e.j.s.SqlStatementLogger [http-nio-8080-exec-4] select sum(atividade0_.qtd_participantes) as col_0_0_ from atividade atividade0_ where year(atividade0_.data)=?
2020-08-10 08:52:39,737 DEBUG o.h.e.j.s.SqlStatementLogger [http-nio-8080-exec-4] select sum(atividade0_.duracao)/60 as col_0_0_ from atividade atividade0_ where year(atividade0_.data)=?
2020-08-10 08:52:39,739 DEBUG o.h.e.j.s.SqlStatementLogger [http-nio-8080-exec-4] select count(atividade0_.codigo) as col_0_0_ from atividade atividade0_ where atividade0_.tipo=? and year(atividade0_.data)=?
2020-08-10 08:52:39,741 DEBUG o.h.e.j.s.SqlStatementLogger [http-nio-8080-exec-4] select count(atividade0_.codigo) as col_0_0_ from atividade atividade0_ where atividade0_.tipo=? and year(atividade0_.data)=?
2020-08-10 08:52:39,743 DEBUG o.h.e.j.s.SqlStatementLogger [http-nio-8080-exec-4] select count(atividade0_.codigo) as col_0_0_ from atividade atividade0_ where atividade0_.tipo=? and year(atividade0_.data)=?
2020-08-10 08:52:39,746 DEBUG o.h.e.j.s.SqlStatementLogger [http-nio-8080-exec-4] select count(atividade0_.codigo) as col_0_0_ from atividade atividade0_ where atividade0_.tipo=? and year(atividade0_.data)=?
2020-08-10 08:52:39,748 DEBUG o.h.e.j.s.SqlStatementLogger [http-nio-8080-exec-4] select count(atividade0_.codigo) as col_0_0_ from atividade atividade0_ where atividade0_.tipo=? and year(atividade0_.data)=?
2020-08-10 08:52:39,752 DEBUG o.h.e.j.s.SqlStatementLogger [http-nio-8080-exec-4] select count(atividade0_.codigo) as col_0_0_ from atividade atividade0_ where atividade0_.tipo=? and year(atividade0_.data)=?
2020-08-10 08:52:39,754 DEBUG o.h.e.j.s.SqlStatementLogger [http-nio-8080-exec-4] select count(atividade0_.codigo) as col_0_0_ from atividade atividade0_ where atividade0_.tipo=? and year(atividade0_.data)=?
2020-08-10 08:52:39,756 DEBUG o.h.e.j.s.SqlStatementLogger [http-nio-8080-exec-4] select count(atividade0_.codigo) as col_0_0_ from atividade atividade0_ where atividade0_.forma_conexao=? and year(atividade0_.data)=?
2020-08-10 08:52:39,759 DEBUG o.h.e.j.s.SqlStatementLogger [http-nio-8080-exec-4] select count(atividade0_.codigo) as col_0_0_ from atividade atividade0_ where atividade0_.forma_conexao=? and year(atividade0_.data)=?
2020-08-10 08:52:39,761 DEBUG o.h.e.j.s.SqlStatementLogger [http-nio-8080-exec-4] select sum(bancaexami0_.valor_total) as col_0_0_ from banca_examinadora bancaexami0_ where year(bancaexami0_.data)=?
2020-08-10 08:52:40,177 DEBUG o.h.e.j.s.SqlStatementLogger [http-nio-8080-exec-6] select sum(atividade0_.qtd_participantes) as col_0_0_ from atividade atividade0_ where year(atividade0_.data)=? and month(atividade0_.data)=?
2020-08-10 08:52:40,180 DEBUG o.h.e.j.s.SqlStatementLogger [http-nio-8080-exec-6] select sum(atividade0_.qtd_participantes) as col_0_0_ from atividade atividade0_ where year(atividade0_.data)=? and month(atividade0_.data)=?
2020-08-10 08:52:40,182 DEBUG o.h.e.j.s.SqlStatementLogger [http-nio-8080-exec-2] select count(atividade0_.codigo) as col_0_0_ from atividade atividade0_ where year(atividade0_.data)=? and month(atividade0_.data)=?
2020-08-10 08:52:40,182 DEBUG o.h.e.j.s.SqlStatementLogger [http-nio-8080-exec-6] select sum(atividade0_.qtd_participantes) as col_0_0_ from atividade atividade0_ where year(atividade0_.data)=? and month(atividade0_.data)=?
2020-08-10 08:52:40,186 DEBUG o.h.e.j.s.SqlStatementLogger [http-nio-8080-exec-6] select sum(atividade0_.qtd_participantes) as col_0_0_ from atividade atividade0_ where year(atividade0_.data)=? and month(atividade0_.data)=?
2020-08-10 08:52:40,189 DEBUG o.h.e.j.s.SqlStatementLogger [http-nio-8080-exec-6] select sum(atividade0_.qtd_participantes) as col_0_0_ from atividade atividade0_ where year(atividade0_.data)=? and month(atividade0_.data)=?
2020-08-10 08:52:40,191 DEBUG o.h.e.j.s.SqlStatementLogger [http-nio-8080-exec-6] select sum(atividade0_.qtd_participantes) as col_0_0_ from atividade atividade0_ where year(atividade0_.data)=? and month(atividade0_.data)=?
2020-08-10 08:52:40,194 DEBUG o.h.e.j.s.SqlStatementLogger [http-nio-8080-exec-6] select sum(atividade0_.qtd_participantes) as col_0_0_ from atividade atividade0_ where year(atividade0_.data)=? and month(atividade0_.data)=?
2020-08-10 08:52:40,196 DEBUG o.h.e.j.s.SqlStatementLogger [http-nio-8080-exec-2] select count(atividade0_.codigo) as col_0_0_ from atividade atividade0_ where year(atividade0_.data)=? and month(atividade0_.data)=?
2020-08-10 08:52:40,196 DEBUG o.h.e.j.s.SqlStatementLogger [http-nio-8080-exec-6] select sum(atividade0_.qtd_participantes) as col_0_0_ from atividade atividade0_ where year(atividade0_.data)=? and month(atividade0_.data)=?
2020-08-10 08:52:40,196 DEBUG o.h.e.j.s.SqlStatementLogger [http-nio-8080-exec-5] select count(atividade0_.forma_conexao) as col_0_0_ from atividade atividade0_ where atividade0_.forma_conexao=? and year(atividade0_.data)=?
2020-08-10 08:52:40,199 DEBUG o.h.e.j.s.SqlStatementLogger [http-nio-8080-exec-6] select sum(atividade0_.qtd_participantes) as col_0_0_ from atividade atividade0_ where year(atividade0_.data)=? and month(atividade0_.data)=?
2020-08-10 08:52:40,199 DEBUG o.h.e.j.s.SqlStatementLogger [http-nio-8080-exec-2] select count(atividade0_.codigo) as col_0_0_ from atividade atividade0_ where year(atividade0_.data)=? and month(atividade0_.data)=?
2020-08-10 08:52:40,199 DEBUG o.h.e.j.s.SqlStatementLogger [http-nio-8080-exec-4] select count(bancaexami0_.codigo) as col_0_0_ from banca_examinadora bancaexami0_ where year(bancaexami0_.data)=? and bancaexami0_.tipo_de_banca=?
2020-08-10 08:52:40,201 DEBUG o.h.e.j.s.SqlStatementLogger [http-nio-8080-exec-2] select count(atividade0_.codigo) as col_0_0_ from atividade atividade0_ where year(atividade0_.data)=? and month(atividade0_.data)=?
2020-08-10 08:52:40,201 DEBUG o.h.e.j.s.SqlStatementLogger [http-nio-8080-exec-6] select sum(atividade0_.qtd_participantes) as col_0_0_ from atividade atividade0_ where year(atividade0_.data)=? and month(atividade0_.data)=?
2020-08-10 08:52:40,204 DEBUG o.h.e.j.s.SqlStatementLogger [http-nio-8080-exec-2] select count(atividade0_.codigo) as col_0_0_ from atividade atividade0_ where year(atividade0_.data)=? and month(atividade0_.data)=?
2020-08-10 08:52:40,204 DEBUG o.h.e.j.s.SqlStatementLogger [http-nio-8080-exec-6] select sum(atividade0_.qtd_participantes) as col_0_0_ from atividade atividade0_ where year(atividade0_.data)=? and month(atividade0_.data)=?
2020-08-10 08:52:40,207 DEBUG o.h.e.j.s.SqlStatementLogger [http-nio-8080-exec-2] select count(atividade0_.codigo) as col_0_0_ from atividade atividade0_ where year(atividade0_.data)=? and month(atividade0_.data)=?
2020-08-10 08:52:40,207 DEBUG o.h.e.j.s.SqlStatementLogger [http-nio-8080-exec-6] select sum(atividade0_.qtd_participantes) as col_0_0_ from atividade atividade0_ where year(atividade0_.data)=? and month(atividade0_.data)=?
2020-08-10 08:52:40,210 DEBUG o.h.e.j.s.SqlStatementLogger [http-nio-8080-exec-2] select count(atividade0_.codigo) as col_0_0_ from atividade atividade0_ where year(atividade0_.data)=? and month(atividade0_.data)=?
2020-08-10 08:52:40,212 DEBUG o.h.e.j.s.SqlStatementLogger [http-nio-8080-exec-2] select count(atividade0_.codigo) as col_0_0_ from atividade atividade0_ where year(atividade0_.data)=? and month(atividade0_.data)=?
2020-08-10 08:52:40,212 DEBUG o.h.e.j.s.SqlStatementLogger [http-nio-8080-exec-5] select count(atividade0_.forma_conexao) as col_0_0_ from atividade atividade0_ where atividade0_.forma_conexao=? and year(atividade0_.data)=?
2020-08-10 08:52:40,214 DEBUG o.h.e.j.s.SqlStatementLogger [http-nio-8080-exec-2] select count(atividade0_.codigo) as col_0_0_ from atividade atividade0_ where year(atividade0_.data)=? and month(atividade0_.data)=?
2020-08-10 08:52:40,217 DEBUG o.h.e.j.s.SqlStatementLogger [http-nio-8080-exec-2] select count(atividade0_.codigo) as col_0_0_ from atividade atividade0_ where year(atividade0_.data)=? and month(atividade0_.data)=?
2020-08-10 08:52:40,218 DEBUG o.h.e.j.s.SqlStatementLogger [http-nio-8080-exec-5] select count(atividade0_.tipo) as col_0_0_ from atividade atividade0_ where atividade0_.tipo=? and year(atividade0_.data)=?
2020-08-10 08:52:40,219 DEBUG o.h.e.j.s.SqlStatementLogger [http-nio-8080-exec-2] select count(atividade0_.codigo) as col_0_0_ from atividade atividade0_ where year(atividade0_.data)=? and month(atividade0_.data)=?
2020-08-10 08:52:40,221 DEBUG o.h.e.j.s.SqlStatementLogger [http-nio-8080-exec-2] select count(atividade0_.codigo) as col_0_0_ from atividade atividade0_ where year(atividade0_.data)=? and month(atividade0_.data)=?
2020-08-10 08:52:40,221 DEBUG o.h.e.j.s.SqlStatementLogger [http-nio-8080-exec-4] select count(bancaexami0_.codigo) as col_0_0_ from banca_examinadora bancaexami0_ where year(bancaexami0_.data)=? and bancaexami0_.tipo_de_banca=?
2020-08-10 08:52:40,223 DEBUG o.h.e.j.s.SqlStatementLogger [http-nio-8080-exec-4] select count(bancaexami0_.codigo) as col_0_0_ from banca_examinadora bancaexami0_ where year(bancaexami0_.data)=? and bancaexami0_.tipo_de_banca=?
2020-08-10 08:52:40,228 DEBUG o.h.e.j.s.SqlStatementLogger [http-nio-8080-exec-4] select count(bancaexami0_.codigo) as col_0_0_ from banca_examinadora bancaexami0_ where year(bancaexami0_.data)=? and bancaexami0_.tipo_de_banca=?
2020-08-10 08:52:40,251 DEBUG o.h.e.j.s.SqlStatementLogger [http-nio-8080-exec-1] select count(atividade0_.codigo) as col_0_0_ from atividade atividade0_ where year(atividade0_.data)=?
2020-08-10 08:52:40,256 DEBUG o.h.e.j.s.SqlStatementLogger [http-nio-8080-exec-10] select count(atividade0_.codigo) as col_0_0_ from atividade atividade0_ where atividade0_.tipo=? and year(atividade0_.data)=?
2020-08-10 08:52:40,264 DEBUG o.h.e.j.s.SqlStatementLogger [http-nio-8080-exec-1] select count(atividade0_.codigo) as col_0_0_ from atividade atividade0_ where year(atividade0_.data)=?
2020-08-10 08:52:40,267 DEBUG o.h.e.j.s.SqlStatementLogger [http-nio-8080-exec-1] select count(atividade0_.codigo) as col_0_0_ from atividade atividade0_ where year(atividade0_.data)=?
2020-08-10 08:52:40,269 DEBUG o.h.e.j.s.SqlStatementLogger [http-nio-8080-exec-1] select count(atividade0_.codigo) as col_0_0_ from atividade atividade0_ where year(atividade0_.data)=?
2020-08-10 08:52:40,272 DEBUG o.h.e.j.s.SqlStatementLogger [http-nio-8080-exec-1] select count(atividade0_.codigo) as col_0_0_ from atividade atividade0_ where year(atividade0_.data)=?
2020-08-10 08:52:40,276 DEBUG o.h.e.j.s.SqlStatementLogger [http-nio-8080-exec-1] select count(atividade0_.codigo) as col_0_0_ from atividade atividade0_ where year(atividade0_.data)=?
2020-08-10 08:52:40,279 DEBUG o.h.e.j.s.SqlStatementLogger [http-nio-8080-exec-1] select count(atividade0_.codigo) as col_0_0_ from atividade atividade0_ where year(atividade0_.data)=?
2020-08-10 08:52:40,280 DEBUG o.h.e.j.s.SqlStatementLogger [http-nio-8080-exec-1] select count(atividade0_.codigo) as col_0_0_ from atividade atividade0_ where year(atividade0_.data)=?
2020-08-10 08:52:40,280 DEBUG o.h.e.j.s.SqlStatementLogger [http-nio-8080-exec-10] select count(atividade0_.codigo) as col_0_0_ from atividade atividade0_ where atividade0_.tipo=? and year(atividade0_.data)=?
2020-08-10 08:52:40,284 DEBUG o.h.e.j.s.SqlStatementLogger [http-nio-8080-exec-10] select count(atividade0_.codigo) as col_0_0_ from atividade atividade0_ where atividade0_.tipo=? and year(atividade0_.data)=?
2020-08-10 08:52:40,285 DEBUG o.h.e.j.s.SqlStatementLogger [http-nio-8080-exec-10] select count(atividade0_.codigo) as col_0_0_ from atividade atividade0_ where atividade0_.tipo=? and year(atividade0_.data)=?
2020-08-10 08:52:40,288 DEBUG o.h.e.j.s.SqlStatementLogger [http-nio-8080-exec-10] select count(atividade0_.codigo) as col_0_0_ from atividade atividade0_ where atividade0_.tipo=? and year(atividade0_.data)=?
2020-08-10 08:52:40,291 DEBUG o.h.e.j.s.SqlStatementLogger [http-nio-8080-exec-10] select count(atividade0_.codigo) as col_0_0_ from atividade atividade0_ where atividade0_.tipo=? and year(atividade0_.data)=?
2020-08-10 08:52:40,293 DEBUG o.h.e.j.s.SqlStatementLogger [http-nio-8080-exec-10] select count(atividade0_.codigo) as col_0_0_ from atividade atividade0_ where atividade0_.tipo=? and year(atividade0_.data)=?
2020-08-10 08:52:40,297 DEBUG o.h.e.j.s.SqlStatementLogger [http-nio-8080-exec-10] select count(atividade0_.codigo) as col_0_0_ from atividade atividade0_ where atividade0_.tipo=? and year(atividade0_.data)=?
2020-08-10 08:52:40,301 DEBUG o.h.e.j.s.SqlStatementLogger [http-nio-8080-exec-10] select count(atividade0_.codigo) as col_0_0_ from atividade atividade0_ where atividade0_.tipo=? and year(atividade0_.data)=?
2020-08-10 08:52:40,305 DEBUG o.h.e.j.s.SqlStatementLogger [http-nio-8080-exec-10] select count(atividade0_.codigo) as col_0_0_ from atividade atividade0_ where atividade0_.tipo=? and year(atividade0_.data)=?
2020-08-10 08:52:40,307 DEBUG o.h.e.j.s.SqlStatementLogger [http-nio-8080-exec-10] select count(atividade0_.codigo) as col_0_0_ from atividade atividade0_ where atividade0_.tipo=? and year(atividade0_.data)=?
2020-08-10 08:52:40,310 DEBUG o.h.e.j.s.SqlStatementLogger [http-nio-8080-exec-10] select count(atividade0_.codigo) as col_0_0_ from atividade atividade0_ where atividade0_.tipo=? and year(atividade0_.data)=?
2020-08-10 08:52:40,312 DEBUG o.h.e.j.s.SqlStatementLogger [http-nio-8080-exec-10] select count(atividade0_.codigo) as col_0_0_ from atividade atividade0_ where atividade0_.tipo=? and year(atividade0_.data)=?
2020-08-10 08:52:40,315 DEBUG o.h.e.j.s.SqlStatementLogger [http-nio-8080-exec-10] select count(atividade0_.codigo) as col_0_0_ from atividade atividade0_ where atividade0_.tipo=? and year(atividade0_.data)=?
2020-08-10 08:52:40,318 DEBUG o.h.e.j.s.SqlStatementLogger [http-nio-8080-exec-10] select count(atividade0_.codigo) as col_0_0_ from atividade atividade0_ where atividade0_.tipo=? and year(atividade0_.data)=?
2020-08-10 08:52:40,323 DEBUG o.h.e.j.s.SqlStatementLogger [http-nio-8080-exec-10] select count(atividade0_.codigo) as col_0_0_ from atividade atividade0_ where atividade0_.tipo=? and year(atividade0_.data)=?
2020-08-10 08:52:40,327 DEBUG o.h.e.j.s.SqlStatementLogger [http-nio-8080-exec-10] select count(atividade0_.codigo) as col_0_0_ from atividade atividade0_ where atividade0_.tipo=? and year(atividade0_.data)=?
2020-08-10 08:52:40,329 DEBUG o.h.e.j.s.SqlStatementLogger [http-nio-8080-exec-10] select count(atividade0_.codigo) as col_0_0_ from atividade atividade0_ where atividade0_.tipo=? and year(atividade0_.data)=?
2020-08-10 08:52:40,332 DEBUG o.h.e.j.s.SqlStatementLogger [http-nio-8080-exec-10] select count(atividade0_.codigo) as col_0_0_ from atividade atividade0_ where atividade0_.tipo=? and year(atividade0_.data)=?
2020-08-10 08:52:40,335 DEBUG o.h.e.j.s.SqlStatementLogger [http-nio-8080-exec-10] select count(atividade0_.codigo) as col_0_0_ from atividade atividade0_ where atividade0_.tipo=? and year(atividade0_.data)=?
2020-08-10 08:52:40,338 DEBUG o.h.e.j.s.SqlStatementLogger [http-nio-8080-exec-10] select count(atividade0_.codigo) as col_0_0_ from atividade atividade0_ where atividade0_.tipo=? and year(atividade0_.data)=?
2020-08-10 08:52:40,340 DEBUG o.h.e.j.s.SqlStatementLogger [http-nio-8080-exec-10] select count(atividade0_.codigo) as col_0_0_ from atividade atividade0_ where atividade0_.tipo=? and year(atividade0_.data)=?
2020-08-10 08:52:40,342 DEBUG o.h.e.j.s.SqlStatementLogger [http-nio-8080-exec-10] select count(atividade0_.codigo) as col_0_0_ from atividade atividade0_ where atividade0_.tipo=? and year(atividade0_.data)=?
2020-08-10 08:52:40,345 DEBUG o.h.e.j.s.SqlStatementLogger [http-nio-8080-exec-10] select count(atividade0_.codigo) as col_0_0_ from atividade atividade0_ where atividade0_.tipo=? and year(atividade0_.data)=?
2020-08-10 08:52:40,347 DEBUG o.h.e.j.s.SqlStatementLogger [http-nio-8080-exec-10] select count(atividade0_.codigo) as col_0_0_ from atividade atividade0_ where atividade0_.tipo=? and year(atividade0_.data)=?
2020-08-10 08:52:40,351 DEBUG o.h.e.j.s.SqlStatementLogger [http-nio-8080-exec-10] select count(atividade0_.codigo) as col_0_0_ from atividade atividade0_ where atividade0_.tipo=? and year(atividade0_.data)=?
2020-08-10 08:52:40,354 DEBUG o.h.e.j.s.SqlStatementLogger [http-nio-8080-exec-10] select count(atividade0_.codigo) as col_0_0_ from atividade atividade0_ where atividade0_.tipo=? and year(atividade0_.data)=?
2020-08-10 08:52:40,356 DEBUG o.h.e.j.s.SqlStatementLogger [http-nio-8080-exec-10] select count(atividade0_.codigo) as col_0_0_ from atividade atividade0_ where atividade0_.tipo=? and year(atividade0_.data)=?
2020-08-10 08:52:40,359 DEBUG o.h.e.j.s.SqlStatementLogger [http-nio-8080-exec-10] select count(atividade0_.codigo) as col_0_0_ from atividade atividade0_ where atividade0_.tipo=? and year(atividade0_.data)=?
2020-08-10 08:52:40,362 DEBUG o.h.e.j.s.SqlStatementLogger [http-nio-8080-exec-10] select count(atividade0_.codigo) as col_0_0_ from atividade atividade0_ where atividade0_.tipo=? and year(atividade0_.data)=?
2020-08-10 08:52:40,364 DEBUG o.h.e.j.s.SqlStatementLogger [http-nio-8080-exec-10] select count(atividade0_.codigo) as col_0_0_ from atividade atividade0_ where atividade0_.tipo=? and year(atividade0_.data)=?
2020-08-10 08:52:40,368 DEBUG o.h.e.j.s.SqlStatementLogger [http-nio-8080-exec-10] select count(atividade0_.codigo) as col_0_0_ from atividade atividade0_ where atividade0_.tipo=? and year(atividade0_.data)=?
2020-08-10 08:52:40,370 DEBUG o.h.e.j.s.SqlStatementLogger [http-nio-8080-exec-10] select count(atividade0_.codigo) as col_0_0_ from atividade atividade0_ where atividade0_.tipo=? and year(atividade0_.data)=?
2020-08-10 08:52:40,372 DEBUG o.h.e.j.s.SqlStatementLogger [http-nio-8080-exec-10] select count(atividade0_.codigo) as col_0_0_ from atividade atividade0_ where atividade0_.tipo=? and year(atividade0_.data)=?
2020-08-10 08:52:40,375 DEBUG o.h.e.j.s.SqlStatementLogger [http-nio-8080-exec-10] select count(atividade0_.codigo) as col_0_0_ from atividade atividade0_ where atividade0_.tipo=? and year(atividade0_.data)=?
2020-08-10 08:53:19,337 DEBUG o.h.e.j.s.SqlStatementLogger [http-nio-8080-exec-6] insert into atividade (data, descriminacao, duracao, forma_conexao, pontos_conectados, qtd_participantes, tema, tipo) values (?, ?, ?, ?, ?, ?, ?, ?)
2020-08-10 08:53:24,217 DEBUG o.h.e.j.s.SqlStatementLogger [http-nio-8080-exec-2] select atividade0_.codigo as codigo1_0_, atividade0_.data as data2_0_, atividade0_.descriminacao as descrimi3_0_, atividade0_.duracao as duracao4_0_, atividade0_.forma_conexao as forma_co5_0_, atividade0_.pontos_conectados as pontos_c6_0_, atividade0_.qtd_participantes as qtd_part7_0_, atividade0_.tema as tema8_0_, atividade0_.tipo as tipo9_0_ from atividade atividade0_
