2020-05-26 23:16:53,013 INFO o.s.b.StartupInfoLogger [main] Starting RevSpringBootApplication on DESKTOP-H0MQLKS with PID 7620 (C:\Users\samue\Documents\workspace-sts-3.9.12.RELEASE\RevSpringBoot\target\classes started by samue in C:\Users\samue\Documents\workspace-sts-3.9.12.RELEASE\RevSpringBoot)
2020-05-26 23:16:53,031 INFO o.s.b.SpringApplication [main] No active profile set, falling back to default profiles: default
2020-05-26 23:16:54,281 INFO o.s.d.r.c.RepositoryConfigurationDelegate [main] Bootstrapping Spring Data JPA repositories in DEFAULT mode.
2020-05-26 23:16:54,386 INFO o.s.d.r.c.RepositoryConfigurationDelegate [main] Finished Spring Data repository scanning in 94ms. Found 2 JPA repository interfaces.
2020-05-26 23:16:55,018 INFO o.s.b.w.e.t.TomcatWebServer [main] Tomcat initialized with port(s): 8080 (http)
2020-05-26 23:16:55,029 INFO o.a.j.l.DirectJDKLog [main] Initializing ProtocolHandler ["http-nio-8080"]
2020-05-26 23:16:55,030 INFO o.a.j.l.DirectJDKLog [main] Starting service [Tomcat]
2020-05-26 23:16:55,031 INFO o.a.j.l.DirectJDKLog [main] Starting Servlet engine: [Apache Tomcat/9.0.34]
2020-05-26 23:16:55,165 INFO o.a.j.l.DirectJDKLog [main] Initializing Spring embedded WebApplicationContext
2020-05-26 23:16:55,165 INFO o.s.b.w.s.c.ServletWebServerApplicationContext [main] Root WebApplicationContext: initialization completed in 2005 ms
2020-05-26 23:16:55,378 INFO o.h.j.i.u.LogHelper [main] HHH000204: Processing PersistenceUnitInfo [name: default]
2020-05-26 23:16:55,428 INFO o.h.Version [main] HHH000412: Hibernate ORM core version 5.4.15.Final
2020-05-26 23:16:55,704 INFO o.h.a.c.r.j.JavaReflectionManager [main] HCANN000001: Hibernate Commons Annotations {5.1.0.Final}
2020-05-26 23:16:55,845 INFO c.z.h.HikariDataSource [main] HikariPool-1 - Starting...
2020-05-26 23:16:56,697 INFO c.z.h.HikariDataSource [main] HikariPool-1 - Start completed.
2020-05-26 23:16:56,713 INFO o.h.d.Dialect [main] HHH000400: Using dialect: org.hibernate.dialect.MySQL5Dialect
2020-05-26 23:16:57,742 INFO o.h.e.t.j.p.i.JtaPlatformInitiator [main] HHH000490: Using JtaPlatform implementation: [org.hibernate.engine.transaction.jta.platform.internal.NoJtaPlatform]
2020-05-26 23:16:57,752 INFO o.s.o.j.AbstractEntityManagerFactoryBean [main] Initialized JPA EntityManagerFactory for persistence unit 'default'
2020-05-26 23:16:58,315 WARN o.s.b.a.o.j.JpaBaseConfiguration$JpaWebConfiguration [main] spring.jpa.open-in-view is enabled by default. Therefore, database queries may be performed during view rendering. Explicitly configure spring.jpa.open-in-view to disable this warning
2020-05-26 23:16:58,554 WARN o.t.t.TemplateMode [main] [THYMELEAF][main] Template Mode 'HTML5' is deprecated. Using Template Mode 'HTML' instead.
2020-05-26 23:16:58,821 INFO o.a.j.l.DirectJDKLog [main] Starting ProtocolHandler ["http-nio-8080"]
2020-05-26 23:16:58,855 INFO o.s.b.w.e.t.TomcatWebServer [main] Tomcat started on port(s): 8080 (http) with context path ''
2020-05-26 23:16:58,857 INFO o.s.b.StartupInfoLogger [main] Started RevSpringBootApplication in 6.335 seconds (JVM running for 9.037)
