2020-07-07 20:12:40,946 INFO o.s.b.StartupInfoLogger [main] Starting RevSpringBootApplication on DESKTOP-H0MQLKS with PID 13696 (C:\Users\samue\Documents\workspace-sts-3.9.12.RELEASE\RevSpringBoot\target\classes started by samue in C:\Users\samue\Documents\workspace-sts-3.9.12.RELEASE\RevSpringBoot)
2020-07-07 20:12:40,964 INFO o.s.b.SpringApplication [main] No active profile set, falling back to default profiles: default
2020-07-07 20:12:42,469 INFO o.s.d.r.c.RepositoryConfigurationDelegate [main] Bootstrapping Spring Data JPA repositories in DEFAULT mode.
2020-07-07 20:12:42,637 INFO o.s.d.r.c.RepositoryConfigurationDelegate [main] Finished Spring Data repository scanning in 154ms. Found 4 JPA repository interfaces.
2020-07-07 20:12:43,426 INFO o.s.b.w.e.t.TomcatWebServer [main] Tomcat initialized with port(s): 8080 (http)
2020-07-07 20:12:43,438 INFO o.a.j.l.DirectJDKLog [main] Initializing ProtocolHandler ["http-nio-8080"]
2020-07-07 20:12:43,439 INFO o.a.j.l.DirectJDKLog [main] Starting service [Tomcat]
2020-07-07 20:12:43,440 INFO o.a.j.l.DirectJDKLog [main] Starting Servlet engine: [Apache Tomcat/9.0.34]
2020-07-07 20:12:43,623 INFO o.a.j.l.DirectJDKLog [main] Initializing Spring embedded WebApplicationContext
2020-07-07 20:12:43,624 INFO o.s.b.w.s.c.ServletWebServerApplicationContext [main] Root WebApplicationContext: initialization completed in 2490 ms
2020-07-07 20:12:43,818 INFO o.f.c.i.l.s.Slf4jLog [main] Flyway Community Edition 6.0.8 by Redgate
2020-07-07 20:12:43,859 INFO c.z.h.HikariDataSource [main] HikariPool-1 - Starting...
2020-07-07 20:12:45,128 INFO c.z.h.HikariDataSource [main] HikariPool-1 - Start completed.
2020-07-07 20:12:45,171 INFO o.f.c.i.l.s.Slf4jLog [main] Database: jdbc:mysql://localhost:3306/projetobase (MySQL 8.0)
2020-07-07 20:12:45,239 INFO o.f.c.i.l.s.Slf4jLog [main] Successfully validated 14 migrations (execution time 00:00.042s)
2020-07-07 20:12:45,260 INFO o.f.c.i.l.s.Slf4jLog [main] Current version of schema `projetobase`: 14
2020-07-07 20:12:45,261 INFO o.f.c.i.l.s.Slf4jLog [main] Schema `projetobase` is up to date. No migration necessary.
2020-07-07 20:12:45,425 INFO o.h.j.i.u.LogHelper [main] HHH000204: Processing PersistenceUnitInfo [name: default]
2020-07-07 20:12:45,501 INFO o.h.Version [main] HHH000412: Hibernate ORM core version 5.4.15.Final
2020-07-07 20:12:45,713 INFO o.h.a.c.r.j.JavaReflectionManager [main] HCANN000001: Hibernate Commons Annotations {5.1.0.Final}
2020-07-07 20:12:45,876 INFO o.h.d.Dialect [main] HHH000400: Using dialect: org.hibernate.dialect.MySQL5Dialect
2020-07-07 20:12:47,009 INFO o.h.e.t.j.p.i.JtaPlatformInitiator [main] HHH000490: Using JtaPlatform implementation: [org.hibernate.engine.transaction.jta.platform.internal.NoJtaPlatform]
2020-07-07 20:12:47,018 INFO o.s.o.j.AbstractEntityManagerFactoryBean [main] Initialized JPA EntityManagerFactory for persistence unit 'default'
2020-07-07 20:12:47,095 WARN o.s.b.a.o.j.JpaBaseConfiguration$JpaWebConfiguration [main] spring.jpa.open-in-view is enabled by default. Therefore, database queries may be performed during view rendering. Explicitly configure spring.jpa.open-in-view to disable this warning
2020-07-07 20:12:48,196 INFO o.s.s.w.DefaultSecurityFilterChain [main] Creating filter chain: Ant [pattern='/static/**'], []
2020-07-07 20:12:48,197 INFO o.s.s.w.DefaultSecurityFilterChain [main] Creating filter chain: Ant [pattern='/img/**'], []
2020-07-07 20:12:48,197 INFO o.s.s.w.DefaultSecurityFilterChain [main] Creating filter chain: Ant [pattern='/css/**'], []
2020-07-07 20:12:48,197 INFO o.s.s.w.DefaultSecurityFilterChain [main] Creating filter chain: Ant [pattern='/js/**'], []
2020-07-07 20:12:48,197 INFO o.s.s.w.DefaultSecurityFilterChain [main] Creating filter chain: Ant [pattern='/scss/**'], []
2020-07-07 20:12:48,197 INFO o.s.s.w.DefaultSecurityFilterChain [main] Creating filter chain: Ant [pattern='/vendor/**'], []
2020-07-07 20:12:48,242 INFO o.s.s.w.DefaultSecurityFilterChain [main] Creating filter chain: any request, [org.springframework.security.web.context.request.async.WebAsyncManagerIntegrationFilter@718f3088, org.springframework.security.web.context.SecurityContextPersistenceFilter@4fedf908, org.springframework.security.web.header.HeaderWriterFilter@5ad0c70a, org.springframework.security.web.csrf.CsrfFilter@21ea1d9d, org.springframework.security.web.authentication.logout.LogoutFilter@11015ca0, org.springframework.security.web.authentication.UsernamePasswordAuthenticationFilter@12be4f83, org.springframework.security.web.savedrequest.RequestCacheAwareFilter@241d1052, org.springframework.security.web.servletapi.SecurityContextHolderAwareRequestFilter@5072e638, org.springframework.security.web.authentication.AnonymousAuthenticationFilter@11adab6d, org.springframework.security.web.session.SessionManagementFilter@75805562, org.springframework.security.web.access.ExceptionTranslationFilter@59e0d521, org.springframework.security.web.access.intercept.FilterSecurityInterceptor@70697478]
2020-07-07 20:12:48,464 WARN o.t.t.TemplateMode [main] [THYMELEAF][main] Template Mode 'HTML5' is deprecated. Using Template Mode 'HTML' instead.
2020-07-07 20:12:48,684 INFO o.a.j.l.DirectJDKLog [main] Starting ProtocolHandler ["http-nio-8080"]
2020-07-07 20:12:48,712 INFO o.s.b.w.e.t.TomcatWebServer [main] Tomcat started on port(s): 8080 (http) with context path ''
2020-07-07 20:12:48,715 INFO o.s.b.StartupInfoLogger [main] Started RevSpringBootApplication in 8.281 seconds (JVM running for 10.577)
2020-07-07 20:13:10,227 INFO o.a.j.l.DirectJDKLog [http-nio-8080-exec-1] Initializing Spring DispatcherServlet 'dispatcherServlet'
2020-07-07 20:13:10,227 INFO o.s.w.s.FrameworkServlet [http-nio-8080-exec-1] Initializing Servlet 'dispatcherServlet'
2020-07-07 20:13:10,237 INFO o.s.w.s.FrameworkServlet [http-nio-8080-exec-1] Completed initialization in 9 ms
2020-07-07 20:13:10,315 DEBUG o.h.e.j.s.SqlStatementLogger [http-nio-8080-exec-1] select sum(atividade0_.qtd_participantes) as col_0_0_ from atividade atividade0_
2020-07-07 20:13:10,332 DEBUG o.h.e.j.s.SqlStatementLogger [http-nio-8080-exec-1] select sum(bancaexami0_.valor_total) as col_0_0_ from banca_examinadora bancaexami0_
2020-07-07 20:13:10,342 DEBUG o.h.e.j.s.SqlStatementLogger [http-nio-8080-exec-1] select count(atividade0_.forma_conexao) as col_0_0_ from atividade atividade0_ where atividade0_.forma_conexao=?
2020-07-07 20:13:10,345 DEBUG o.h.e.j.s.SqlStatementLogger [http-nio-8080-exec-1] select count(atividade0_.forma_conexao) as col_0_0_ from atividade atividade0_ where atividade0_.forma_conexao=?
2020-07-07 20:13:10,354 DEBUG o.h.e.j.s.SqlStatementLogger [http-nio-8080-exec-1] select count(atividade0_.codigo) as col_0_0_ from atividade atividade0_
2020-07-07 20:13:10,359 DEBUG o.h.e.j.s.SqlStatementLogger [http-nio-8080-exec-1] select count(bancaexami0_.codigo) as col_0_0_ from banca_examinadora bancaexami0_
2020-07-07 20:13:10,364 DEBUG o.h.e.j.s.SqlStatementLogger [http-nio-8080-exec-1] select count(atividade0_.tipo) as col_0_0_ from atividade atividade0_ where atividade0_.tipo=?
2020-07-07 20:13:10,368 DEBUG o.h.e.j.s.SqlStatementLogger [http-nio-8080-exec-1] select sum(atividade0_.pontos_conectados) as col_0_0_ from atividade atividade0_
2020-07-07 20:13:23,066 DEBUG o.h.e.j.s.SqlStatementLogger [http-nio-8080-exec-10] select usuario0_.codigo as codigo1_5_, usuario0_.ativo as ativo2_5_, usuario0_.email as email3_5_, usuario0_.primeiro_nome as primeiro4_5_, usuario0_.senha as senha5_5_, usuario0_.ultimo_nome as ultimo_n6_5_ from usuario usuario0_ where lower(usuario0_.email)=lower(?) and usuario0_.ativo=1
2020-07-07 20:13:23,110 DEBUG o.h.e.j.s.SqlStatementLogger [http-nio-8080-exec-10] select distinct permissao4_.nome as col_0_0_ from usuario usuario0_ inner join usuario_grupo grupos1_ on usuario0_.codigo=grupos1_.codigo_usuario inner join grupo grupo2_ on grupos1_.codigo_grupo=grupo2_.codigo inner join grupo_permissao permissoes3_ on grupo2_.codigo=permissoes3_.codigo_grupo inner join permissao permissao4_ on permissoes3_.codigo_permissao=permissao4_.codigo where usuario0_.codigo=?
2020-07-07 20:13:23,261 DEBUG o.h.e.j.s.SqlStatementLogger [http-nio-8080-exec-2] select count(atividade0_.codigo) as col_0_0_ from atividade atividade0_ where year(atividade0_.data)=?
2020-07-07 20:13:23,266 DEBUG o.h.e.j.s.SqlStatementLogger [http-nio-8080-exec-2] select count(atividade0_.codigo) as col_0_0_ from atividade atividade0_ where atividade0_.tipo=? and year(atividade0_.data)=?
2020-07-07 20:13:23,268 DEBUG o.h.e.j.s.SqlStatementLogger [http-nio-8080-exec-2] select count(atividade0_.codigo) as col_0_0_ from atividade atividade0_ where atividade0_.tipo=? and year(atividade0_.data)=?
2020-07-07 20:13:23,270 DEBUG o.h.e.j.s.SqlStatementLogger [http-nio-8080-exec-2] select count(atividade0_.codigo) as col_0_0_ from atividade atividade0_ where atividade0_.tipo=? and year(atividade0_.data)=?
2020-07-07 20:13:23,275 DEBUG o.h.e.j.s.SqlStatementLogger [http-nio-8080-exec-2] select sum(bancaexami0_.valor_total) as col_0_0_ from banca_examinadora bancaexami0_ where year(bancaexami0_.data)=?
2020-07-07 20:13:23,279 DEBUG o.h.e.j.s.SqlStatementLogger [http-nio-8080-exec-2] select count(bancaexami0_.codigo) as col_0_0_ from banca_examinadora bancaexami0_ where year(bancaexami0_.data)=? and bancaexami0_.tipo_de_banca=?
2020-07-07 20:13:23,281 DEBUG o.h.e.j.s.SqlStatementLogger [http-nio-8080-exec-2] select count(bancaexami0_.codigo) as col_0_0_ from banca_examinadora bancaexami0_ where year(bancaexami0_.data)=? and bancaexami0_.tipo_de_banca=?
2020-07-07 20:13:23,284 DEBUG o.h.e.j.s.SqlStatementLogger [http-nio-8080-exec-2] select sum(atividade0_.qtd_participantes) as col_0_0_ from atividade atividade0_ where year(atividade0_.data)=?
2020-07-07 20:13:23,288 DEBUG o.h.e.j.s.SqlStatementLogger [http-nio-8080-exec-2] select count(atividade0_.codigo) as col_0_0_ from atividade atividade0_ where year(atividade0_.data)=?
2020-07-07 20:13:23,290 DEBUG o.h.e.j.s.SqlStatementLogger [http-nio-8080-exec-2] select sum(atividade0_.qtd_participantes) as col_0_0_ from atividade atividade0_ where year(atividade0_.data)=?
2020-07-07 20:13:23,295 DEBUG o.h.e.j.s.SqlStatementLogger [http-nio-8080-exec-2] select sum(atividade0_.duracao)/60 as col_0_0_ from atividade atividade0_ where year(atividade0_.data)=?
2020-07-07 20:13:23,298 DEBUG o.h.e.j.s.SqlStatementLogger [http-nio-8080-exec-2] select count(atividade0_.codigo) as col_0_0_ from atividade atividade0_ where atividade0_.tipo=? and year(atividade0_.data)=?
2020-07-07 20:13:23,300 DEBUG o.h.e.j.s.SqlStatementLogger [http-nio-8080-exec-2] select count(atividade0_.codigo) as col_0_0_ from atividade atividade0_ where atividade0_.tipo=? and year(atividade0_.data)=?
2020-07-07 20:13:23,302 DEBUG o.h.e.j.s.SqlStatementLogger [http-nio-8080-exec-2] select count(atividade0_.codigo) as col_0_0_ from atividade atividade0_ where atividade0_.tipo=? and year(atividade0_.data)=?
2020-07-07 20:13:23,304 DEBUG o.h.e.j.s.SqlStatementLogger [http-nio-8080-exec-2] select count(atividade0_.codigo) as col_0_0_ from atividade atividade0_ where atividade0_.tipo=? and year(atividade0_.data)=?
2020-07-07 20:13:23,306 DEBUG o.h.e.j.s.SqlStatementLogger [http-nio-8080-exec-2] select count(atividade0_.codigo) as col_0_0_ from atividade atividade0_ where atividade0_.tipo=? and year(atividade0_.data)=?
2020-07-07 20:13:23,308 DEBUG o.h.e.j.s.SqlStatementLogger [http-nio-8080-exec-2] select count(atividade0_.codigo) as col_0_0_ from atividade atividade0_ where atividade0_.tipo=? and year(atividade0_.data)=?
2020-07-07 20:13:23,311 DEBUG o.h.e.j.s.SqlStatementLogger [http-nio-8080-exec-2] select count(atividade0_.codigo) as col_0_0_ from atividade atividade0_ where atividade0_.tipo=? and year(atividade0_.data)=?
2020-07-07 20:13:23,315 DEBUG o.h.e.j.s.SqlStatementLogger [http-nio-8080-exec-2] select count(atividade0_.codigo) as col_0_0_ from atividade atividade0_ where atividade0_.forma_conexao=? and year(atividade0_.data)=?
2020-07-07 20:13:23,318 DEBUG o.h.e.j.s.SqlStatementLogger [http-nio-8080-exec-2] select count(atividade0_.codigo) as col_0_0_ from atividade atividade0_ where atividade0_.forma_conexao=? and year(atividade0_.data)=?
2020-07-07 20:13:23,322 DEBUG o.h.e.j.s.SqlStatementLogger [http-nio-8080-exec-2] select sum(bancaexami0_.valor_total) as col_0_0_ from banca_examinadora bancaexami0_ where year(bancaexami0_.data)=?
2020-07-07 20:13:23,326 DEBUG o.h.e.j.s.SqlStatementLogger [http-nio-8080-exec-2] select count(atividade0_.codigo) as col_0_0_ from atividade atividade0_ where year(atividade0_.data)=?
2020-07-07 20:13:23,329 DEBUG o.h.e.j.s.SqlStatementLogger [http-nio-8080-exec-2] select sum(atividade0_.qtd_participantes) as col_0_0_ from atividade atividade0_ where year(atividade0_.data)=?
2020-07-07 20:13:23,332 DEBUG o.h.e.j.s.SqlStatementLogger [http-nio-8080-exec-2] select sum(atividade0_.duracao)/60 as col_0_0_ from atividade atividade0_ where year(atividade0_.data)=?
2020-07-07 20:13:23,335 DEBUG o.h.e.j.s.SqlStatementLogger [http-nio-8080-exec-2] select count(atividade0_.codigo) as col_0_0_ from atividade atividade0_ where atividade0_.tipo=? and year(atividade0_.data)=?
2020-07-07 20:13:23,337 DEBUG o.h.e.j.s.SqlStatementLogger [http-nio-8080-exec-2] select count(atividade0_.codigo) as col_0_0_ from atividade atividade0_ where atividade0_.tipo=? and year(atividade0_.data)=?
2020-07-07 20:13:23,340 DEBUG o.h.e.j.s.SqlStatementLogger [http-nio-8080-exec-2] select count(atividade0_.codigo) as col_0_0_ from atividade atividade0_ where atividade0_.tipo=? and year(atividade0_.data)=?
2020-07-07 20:13:23,342 DEBUG o.h.e.j.s.SqlStatementLogger [http-nio-8080-exec-2] select count(atividade0_.codigo) as col_0_0_ from atividade atividade0_ where atividade0_.tipo=? and year(atividade0_.data)=?
2020-07-07 20:13:23,344 DEBUG o.h.e.j.s.SqlStatementLogger [http-nio-8080-exec-2] select count(atividade0_.codigo) as col_0_0_ from atividade atividade0_ where atividade0_.tipo=? and year(atividade0_.data)=?
2020-07-07 20:13:23,347 DEBUG o.h.e.j.s.SqlStatementLogger [http-nio-8080-exec-2] select count(atividade0_.codigo) as col_0_0_ from atividade atividade0_ where atividade0_.tipo=? and year(atividade0_.data)=?
2020-07-07 20:13:23,350 DEBUG o.h.e.j.s.SqlStatementLogger [http-nio-8080-exec-2] select count(atividade0_.codigo) as col_0_0_ from atividade atividade0_ where atividade0_.tipo=? and year(atividade0_.data)=?
2020-07-07 20:13:23,353 DEBUG o.h.e.j.s.SqlStatementLogger [http-nio-8080-exec-2] select count(atividade0_.codigo) as col_0_0_ from atividade atividade0_ where atividade0_.forma_conexao=? and year(atividade0_.data)=?
2020-07-07 20:13:23,357 DEBUG o.h.e.j.s.SqlStatementLogger [http-nio-8080-exec-2] select count(atividade0_.codigo) as col_0_0_ from atividade atividade0_ where atividade0_.forma_conexao=? and year(atividade0_.data)=?
2020-07-07 20:13:23,360 DEBUG o.h.e.j.s.SqlStatementLogger [http-nio-8080-exec-2] select sum(bancaexami0_.valor_total) as col_0_0_ from banca_examinadora bancaexami0_ where year(bancaexami0_.data)=?
2020-07-07 20:13:23,362 DEBUG o.h.e.j.s.SqlStatementLogger [http-nio-8080-exec-2] select count(atividade0_.codigo) as col_0_0_ from atividade atividade0_ where year(atividade0_.data)=?
2020-07-07 20:13:23,365 DEBUG o.h.e.j.s.SqlStatementLogger [http-nio-8080-exec-2] select sum(atividade0_.qtd_participantes) as col_0_0_ from atividade atividade0_ where year(atividade0_.data)=?
2020-07-07 20:13:23,367 DEBUG o.h.e.j.s.SqlStatementLogger [http-nio-8080-exec-2] select sum(atividade0_.duracao)/60 as col_0_0_ from atividade atividade0_ where year(atividade0_.data)=?
2020-07-07 20:13:23,369 DEBUG o.h.e.j.s.SqlStatementLogger [http-nio-8080-exec-2] select count(atividade0_.codigo) as col_0_0_ from atividade atividade0_ where atividade0_.tipo=? and year(atividade0_.data)=?
2020-07-07 20:13:23,372 DEBUG o.h.e.j.s.SqlStatementLogger [http-nio-8080-exec-2] select count(atividade0_.codigo) as col_0_0_ from atividade atividade0_ where atividade0_.tipo=? and year(atividade0_.data)=?
2020-07-07 20:13:23,375 DEBUG o.h.e.j.s.SqlStatementLogger [http-nio-8080-exec-2] select count(atividade0_.codigo) as col_0_0_ from atividade atividade0_ where atividade0_.tipo=? and year(atividade0_.data)=?
2020-07-07 20:13:23,377 DEBUG o.h.e.j.s.SqlStatementLogger [http-nio-8080-exec-2] select count(atividade0_.codigo) as col_0_0_ from atividade atividade0_ where atividade0_.tipo=? and year(atividade0_.data)=?
2020-07-07 20:13:23,380 DEBUG o.h.e.j.s.SqlStatementLogger [http-nio-8080-exec-2] select count(atividade0_.codigo) as col_0_0_ from atividade atividade0_ where atividade0_.tipo=? and year(atividade0_.data)=?
2020-07-07 20:13:23,382 DEBUG o.h.e.j.s.SqlStatementLogger [http-nio-8080-exec-2] select count(atividade0_.codigo) as col_0_0_ from atividade atividade0_ where atividade0_.tipo=? and year(atividade0_.data)=?
2020-07-07 20:13:23,383 DEBUG o.h.e.j.s.SqlStatementLogger [http-nio-8080-exec-2] select count(atividade0_.codigo) as col_0_0_ from atividade atividade0_ where atividade0_.tipo=? and year(atividade0_.data)=?
2020-07-07 20:13:23,385 DEBUG o.h.e.j.s.SqlStatementLogger [http-nio-8080-exec-2] select count(atividade0_.codigo) as col_0_0_ from atividade atividade0_ where atividade0_.forma_conexao=? and year(atividade0_.data)=?
2020-07-07 20:13:23,387 DEBUG o.h.e.j.s.SqlStatementLogger [http-nio-8080-exec-2] select count(atividade0_.codigo) as col_0_0_ from atividade atividade0_ where atividade0_.forma_conexao=? and year(atividade0_.data)=?
2020-07-07 20:13:23,392 DEBUG o.h.e.j.s.SqlStatementLogger [http-nio-8080-exec-2] select sum(bancaexami0_.valor_total) as col_0_0_ from banca_examinadora bancaexami0_ where year(bancaexami0_.data)=?
2020-07-07 20:13:23,393 DEBUG o.h.e.j.s.SqlStatementLogger [http-nio-8080-exec-2] select count(atividade0_.codigo) as col_0_0_ from atividade atividade0_ where year(atividade0_.data)=?
2020-07-07 20:13:23,395 DEBUG o.h.e.j.s.SqlStatementLogger [http-nio-8080-exec-2] select sum(atividade0_.qtd_participantes) as col_0_0_ from atividade atividade0_ where year(atividade0_.data)=?
2020-07-07 20:13:23,397 DEBUG o.h.e.j.s.SqlStatementLogger [http-nio-8080-exec-2] select sum(atividade0_.duracao)/60 as col_0_0_ from atividade atividade0_ where year(atividade0_.data)=?
2020-07-07 20:13:23,399 DEBUG o.h.e.j.s.SqlStatementLogger [http-nio-8080-exec-2] select count(atividade0_.codigo) as col_0_0_ from atividade atividade0_ where atividade0_.tipo=? and year(atividade0_.data)=?
2020-07-07 20:13:23,402 DEBUG o.h.e.j.s.SqlStatementLogger [http-nio-8080-exec-2] select count(atividade0_.codigo) as col_0_0_ from atividade atividade0_ where atividade0_.tipo=? and year(atividade0_.data)=?
2020-07-07 20:13:23,406 DEBUG o.h.e.j.s.SqlStatementLogger [http-nio-8080-exec-2] select count(atividade0_.codigo) as col_0_0_ from atividade atividade0_ where atividade0_.tipo=? and year(atividade0_.data)=?
2020-07-07 20:13:23,408 DEBUG o.h.e.j.s.SqlStatementLogger [http-nio-8080-exec-2] select count(atividade0_.codigo) as col_0_0_ from atividade atividade0_ where atividade0_.tipo=? and year(atividade0_.data)=?
2020-07-07 20:13:23,410 DEBUG o.h.e.j.s.SqlStatementLogger [http-nio-8080-exec-2] select count(atividade0_.codigo) as col_0_0_ from atividade atividade0_ where atividade0_.tipo=? and year(atividade0_.data)=?
2020-07-07 20:13:23,412 DEBUG o.h.e.j.s.SqlStatementLogger [http-nio-8080-exec-2] select count(atividade0_.codigo) as col_0_0_ from atividade atividade0_ where atividade0_.tipo=? and year(atividade0_.data)=?
2020-07-07 20:13:23,415 DEBUG o.h.e.j.s.SqlStatementLogger [http-nio-8080-exec-2] select count(atividade0_.codigo) as col_0_0_ from atividade atividade0_ where atividade0_.tipo=? and year(atividade0_.data)=?
2020-07-07 20:13:23,418 DEBUG o.h.e.j.s.SqlStatementLogger [http-nio-8080-exec-2] select count(atividade0_.codigo) as col_0_0_ from atividade atividade0_ where atividade0_.forma_conexao=? and year(atividade0_.data)=?
2020-07-07 20:13:23,421 DEBUG o.h.e.j.s.SqlStatementLogger [http-nio-8080-exec-2] select count(atividade0_.codigo) as col_0_0_ from atividade atividade0_ where atividade0_.forma_conexao=? and year(atividade0_.data)=?
2020-07-07 20:13:23,425 DEBUG o.h.e.j.s.SqlStatementLogger [http-nio-8080-exec-2] select sum(bancaexami0_.valor_total) as col_0_0_ from banca_examinadora bancaexami0_ where year(bancaexami0_.data)=?
2020-07-07 20:13:23,428 DEBUG o.h.e.j.s.SqlStatementLogger [http-nio-8080-exec-2] select count(atividade0_.codigo) as col_0_0_ from atividade atividade0_ where year(atividade0_.data)=?
2020-07-07 20:13:23,430 DEBUG o.h.e.j.s.SqlStatementLogger [http-nio-8080-exec-2] select sum(atividade0_.qtd_participantes) as col_0_0_ from atividade atividade0_ where year(atividade0_.data)=?
2020-07-07 20:13:23,432 DEBUG o.h.e.j.s.SqlStatementLogger [http-nio-8080-exec-2] select sum(atividade0_.duracao)/60 as col_0_0_ from atividade atividade0_ where year(atividade0_.data)=?
2020-07-07 20:13:23,434 DEBUG o.h.e.j.s.SqlStatementLogger [http-nio-8080-exec-2] select count(atividade0_.codigo) as col_0_0_ from atividade atividade0_ where atividade0_.tipo=? and year(atividade0_.data)=?
2020-07-07 20:13:23,436 DEBUG o.h.e.j.s.SqlStatementLogger [http-nio-8080-exec-2] select count(atividade0_.codigo) as col_0_0_ from atividade atividade0_ where atividade0_.tipo=? and year(atividade0_.data)=?
2020-07-07 20:13:23,439 DEBUG o.h.e.j.s.SqlStatementLogger [http-nio-8080-exec-2] select count(atividade0_.codigo) as col_0_0_ from atividade atividade0_ where atividade0_.tipo=? and year(atividade0_.data)=?
2020-07-07 20:13:23,441 DEBUG o.h.e.j.s.SqlStatementLogger [http-nio-8080-exec-2] select count(atividade0_.codigo) as col_0_0_ from atividade atividade0_ where atividade0_.tipo=? and year(atividade0_.data)=?
2020-07-07 20:13:23,445 DEBUG o.h.e.j.s.SqlStatementLogger [http-nio-8080-exec-2] select count(atividade0_.codigo) as col_0_0_ from atividade atividade0_ where atividade0_.tipo=? and year(atividade0_.data)=?
2020-07-07 20:13:23,449 DEBUG o.h.e.j.s.SqlStatementLogger [http-nio-8080-exec-2] select count(atividade0_.codigo) as col_0_0_ from atividade atividade0_ where atividade0_.tipo=? and year(atividade0_.data)=?
2020-07-07 20:13:23,452 DEBUG o.h.e.j.s.SqlStatementLogger [http-nio-8080-exec-2] select count(atividade0_.codigo) as col_0_0_ from atividade atividade0_ where atividade0_.tipo=? and year(atividade0_.data)=?
2020-07-07 20:13:23,456 DEBUG o.h.e.j.s.SqlStatementLogger [http-nio-8080-exec-2] select count(atividade0_.codigo) as col_0_0_ from atividade atividade0_ where atividade0_.forma_conexao=? and year(atividade0_.data)=?
2020-07-07 20:13:23,460 DEBUG o.h.e.j.s.SqlStatementLogger [http-nio-8080-exec-2] select count(atividade0_.codigo) as col_0_0_ from atividade atividade0_ where atividade0_.forma_conexao=? and year(atividade0_.data)=?
2020-07-07 20:13:23,462 DEBUG o.h.e.j.s.SqlStatementLogger [http-nio-8080-exec-2] select sum(bancaexami0_.valor_total) as col_0_0_ from banca_examinadora bancaexami0_ where year(bancaexami0_.data)=?
2020-07-07 20:13:23,465 DEBUG o.h.e.j.s.SqlStatementLogger [http-nio-8080-exec-2] select count(atividade0_.codigo) as col_0_0_ from atividade atividade0_ where year(atividade0_.data)=?
2020-07-07 20:13:23,468 DEBUG o.h.e.j.s.SqlStatementLogger [http-nio-8080-exec-2] select sum(atividade0_.qtd_participantes) as col_0_0_ from atividade atividade0_ where year(atividade0_.data)=?
2020-07-07 20:13:23,471 DEBUG o.h.e.j.s.SqlStatementLogger [http-nio-8080-exec-2] select sum(atividade0_.duracao)/60 as col_0_0_ from atividade atividade0_ where year(atividade0_.data)=?
2020-07-07 20:13:23,474 DEBUG o.h.e.j.s.SqlStatementLogger [http-nio-8080-exec-2] select count(atividade0_.codigo) as col_0_0_ from atividade atividade0_ where atividade0_.tipo=? and year(atividade0_.data)=?
2020-07-07 20:13:23,477 DEBUG o.h.e.j.s.SqlStatementLogger [http-nio-8080-exec-2] select count(atividade0_.codigo) as col_0_0_ from atividade atividade0_ where atividade0_.tipo=? and year(atividade0_.data)=?
2020-07-07 20:13:23,480 DEBUG o.h.e.j.s.SqlStatementLogger [http-nio-8080-exec-2] select count(atividade0_.codigo) as col_0_0_ from atividade atividade0_ where atividade0_.tipo=? and year(atividade0_.data)=?
2020-07-07 20:13:23,483 DEBUG o.h.e.j.s.SqlStatementLogger [http-nio-8080-exec-2] select count(atividade0_.codigo) as col_0_0_ from atividade atividade0_ where atividade0_.tipo=? and year(atividade0_.data)=?
2020-07-07 20:13:23,486 DEBUG o.h.e.j.s.SqlStatementLogger [http-nio-8080-exec-2] select count(atividade0_.codigo) as col_0_0_ from atividade atividade0_ where atividade0_.tipo=? and year(atividade0_.data)=?
2020-07-07 20:13:23,490 DEBUG o.h.e.j.s.SqlStatementLogger [http-nio-8080-exec-2] select count(atividade0_.codigo) as col_0_0_ from atividade atividade0_ where atividade0_.tipo=? and year(atividade0_.data)=?
2020-07-07 20:13:23,493 DEBUG o.h.e.j.s.SqlStatementLogger [http-nio-8080-exec-2] select count(atividade0_.codigo) as col_0_0_ from atividade atividade0_ where atividade0_.tipo=? and year(atividade0_.data)=?
2020-07-07 20:13:23,495 DEBUG o.h.e.j.s.SqlStatementLogger [http-nio-8080-exec-2] select count(atividade0_.codigo) as col_0_0_ from atividade atividade0_ where atividade0_.forma_conexao=? and year(atividade0_.data)=?
2020-07-07 20:13:23,498 DEBUG o.h.e.j.s.SqlStatementLogger [http-nio-8080-exec-2] select count(atividade0_.codigo) as col_0_0_ from atividade atividade0_ where atividade0_.forma_conexao=? and year(atividade0_.data)=?
2020-07-07 20:13:23,501 DEBUG o.h.e.j.s.SqlStatementLogger [http-nio-8080-exec-2] select sum(bancaexami0_.valor_total) as col_0_0_ from banca_examinadora bancaexami0_ where year(bancaexami0_.data)=?
2020-07-07 20:13:24,130 DEBUG o.h.e.j.s.SqlStatementLogger [http-nio-8080-exec-3] select count(atividade0_.codigo) as col_0_0_ from atividade atividade0_ where year(atividade0_.data)=? and month(atividade0_.data)=?
2020-07-07 20:13:24,134 DEBUG o.h.e.j.s.SqlStatementLogger [http-nio-8080-exec-3] select count(atividade0_.codigo) as col_0_0_ from atividade atividade0_ where year(atividade0_.data)=? and month(atividade0_.data)=?
2020-07-07 20:13:24,137 DEBUG o.h.e.j.s.SqlStatementLogger [http-nio-8080-exec-3] select count(atividade0_.codigo) as col_0_0_ from atividade atividade0_ where year(atividade0_.data)=? and month(atividade0_.data)=?
2020-07-07 20:13:24,140 DEBUG o.h.e.j.s.SqlStatementLogger [http-nio-8080-exec-9] select count(atividade0_.forma_conexao) as col_0_0_ from atividade atividade0_ where atividade0_.forma_conexao=? and year(atividade0_.data)=?
2020-07-07 20:13:24,142 DEBUG o.h.e.j.s.SqlStatementLogger [http-nio-8080-exec-3] select count(atividade0_.codigo) as col_0_0_ from atividade atividade0_ where year(atividade0_.data)=? and month(atividade0_.data)=?
2020-07-07 20:13:24,145 DEBUG o.h.e.j.s.SqlStatementLogger [http-nio-8080-exec-8] select count(bancaexami0_.codigo) as col_0_0_ from banca_examinadora bancaexami0_ where year(bancaexami0_.data)=? and bancaexami0_.tipo_de_banca=?
2020-07-07 20:13:24,147 DEBUG o.h.e.j.s.SqlStatementLogger [http-nio-8080-exec-3] select count(atividade0_.codigo) as col_0_0_ from atividade atividade0_ where year(atividade0_.data)=? and month(atividade0_.data)=?
2020-07-07 20:13:24,149 DEBUG o.h.e.j.s.SqlStatementLogger [http-nio-8080-exec-3] select count(atividade0_.codigo) as col_0_0_ from atividade atividade0_ where year(atividade0_.data)=? and month(atividade0_.data)=?
2020-07-07 20:13:24,149 DEBUG o.h.e.j.s.SqlStatementLogger [http-nio-8080-exec-2] select count(atividade0_.codigo) as col_0_0_ from atividade atividade0_ where atividade0_.tipo=? and year(atividade0_.data)=?
2020-07-07 20:13:24,152 DEBUG o.h.e.j.s.SqlStatementLogger [http-nio-8080-exec-3] select count(atividade0_.codigo) as col_0_0_ from atividade atividade0_ where year(atividade0_.data)=? and month(atividade0_.data)=?
2020-07-07 20:13:24,156 DEBUG o.h.e.j.s.SqlStatementLogger [http-nio-8080-exec-7] select count(atividade0_.codigo) as col_0_0_ from atividade atividade0_ where year(atividade0_.data)=?
2020-07-07 20:13:24,156 DEBUG o.h.e.j.s.SqlStatementLogger [http-nio-8080-exec-3] select count(atividade0_.codigo) as col_0_0_ from atividade atividade0_ where year(atividade0_.data)=? and month(atividade0_.data)=?
2020-07-07 20:13:24,159 DEBUG o.h.e.j.s.SqlStatementLogger [http-nio-8080-exec-3] select count(atividade0_.codigo) as col_0_0_ from atividade atividade0_ where year(atividade0_.data)=? and month(atividade0_.data)=?
2020-07-07 20:13:24,159 DEBUG o.h.e.j.s.SqlStatementLogger [http-nio-8080-exec-9] select count(atividade0_.forma_conexao) as col_0_0_ from atividade atividade0_ where atividade0_.forma_conexao=? and year(atividade0_.data)=?
2020-07-07 20:13:24,159 DEBUG o.h.e.j.s.SqlStatementLogger [http-nio-8080-exec-6] select sum(atividade0_.qtd_participantes) as col_0_0_ from atividade atividade0_ where year(atividade0_.data)=? and month(atividade0_.data)=?
2020-07-07 20:13:24,162 DEBUG o.h.e.j.s.SqlStatementLogger [http-nio-8080-exec-3] select count(atividade0_.codigo) as col_0_0_ from atividade atividade0_ where year(atividade0_.data)=? and month(atividade0_.data)=?
2020-07-07 20:13:24,165 DEBUG o.h.e.j.s.SqlStatementLogger [http-nio-8080-exec-9] select count(atividade0_.tipo) as col_0_0_ from atividade atividade0_ where atividade0_.tipo=? and year(atividade0_.data)=?
2020-07-07 20:13:24,167 DEBUG o.h.e.j.s.SqlStatementLogger [http-nio-8080-exec-3] select count(atividade0_.codigo) as col_0_0_ from atividade atividade0_ where year(atividade0_.data)=? and month(atividade0_.data)=?
2020-07-07 20:13:24,170 DEBUG o.h.e.j.s.SqlStatementLogger [http-nio-8080-exec-3] select count(atividade0_.codigo) as col_0_0_ from atividade atividade0_ where year(atividade0_.data)=? and month(atividade0_.data)=?
2020-07-07 20:13:24,179 DEBUG o.h.e.j.s.SqlStatementLogger [http-nio-8080-exec-7] select count(atividade0_.codigo) as col_0_0_ from atividade atividade0_ where year(atividade0_.data)=?
2020-07-07 20:13:24,182 DEBUG o.h.e.j.s.SqlStatementLogger [http-nio-8080-exec-8] select count(bancaexami0_.codigo) as col_0_0_ from banca_examinadora bancaexami0_ where year(bancaexami0_.data)=? and bancaexami0_.tipo_de_banca=?
2020-07-07 20:13:24,182 DEBUG o.h.e.j.s.SqlStatementLogger [http-nio-8080-exec-7] select count(atividade0_.codigo) as col_0_0_ from atividade atividade0_ where year(atividade0_.data)=?
2020-07-07 20:13:24,186 DEBUG o.h.e.j.s.SqlStatementLogger [http-nio-8080-exec-7] select count(atividade0_.codigo) as col_0_0_ from atividade atividade0_ where year(atividade0_.data)=?
2020-07-07 20:13:24,186 DEBUG o.h.e.j.s.SqlStatementLogger [http-nio-8080-exec-8] select count(bancaexami0_.codigo) as col_0_0_ from banca_examinadora bancaexami0_ where year(bancaexami0_.data)=? and bancaexami0_.tipo_de_banca=?
2020-07-07 20:13:24,189 DEBUG o.h.e.j.s.SqlStatementLogger [http-nio-8080-exec-7] select count(atividade0_.codigo) as col_0_0_ from atividade atividade0_ where year(atividade0_.data)=?
2020-07-07 20:13:24,189 DEBUG o.h.e.j.s.SqlStatementLogger [http-nio-8080-exec-8] select count(bancaexami0_.codigo) as col_0_0_ from banca_examinadora bancaexami0_ where year(bancaexami0_.data)=? and bancaexami0_.tipo_de_banca=?
2020-07-07 20:13:24,192 DEBUG o.h.e.j.s.SqlStatementLogger [http-nio-8080-exec-7] select count(atividade0_.codigo) as col_0_0_ from atividade atividade0_ where year(atividade0_.data)=?
2020-07-07 20:13:24,195 DEBUG o.h.e.j.s.SqlStatementLogger [http-nio-8080-exec-7] select count(atividade0_.codigo) as col_0_0_ from atividade atividade0_ where year(atividade0_.data)=?
2020-07-07 20:13:24,195 DEBUG o.h.e.j.s.SqlStatementLogger [http-nio-8080-exec-6] select sum(atividade0_.qtd_participantes) as col_0_0_ from atividade atividade0_ where year(atividade0_.data)=? and month(atividade0_.data)=?
2020-07-07 20:13:24,197 DEBUG o.h.e.j.s.SqlStatementLogger [http-nio-8080-exec-7] select count(atividade0_.codigo) as col_0_0_ from atividade atividade0_ where year(atividade0_.data)=?
2020-07-07 20:13:24,199 DEBUG o.h.e.j.s.SqlStatementLogger [http-nio-8080-exec-6] select sum(atividade0_.qtd_participantes) as col_0_0_ from atividade atividade0_ where year(atividade0_.data)=? and month(atividade0_.data)=?
2020-07-07 20:13:24,201 DEBUG o.h.e.j.s.SqlStatementLogger [http-nio-8080-exec-6] select sum(atividade0_.qtd_participantes) as col_0_0_ from atividade atividade0_ where year(atividade0_.data)=? and month(atividade0_.data)=?
2020-07-07 20:13:24,202 DEBUG o.h.e.j.s.SqlStatementLogger [http-nio-8080-exec-2] select count(atividade0_.codigo) as col_0_0_ from atividade atividade0_ where atividade0_.tipo=? and year(atividade0_.data)=?
2020-07-07 20:13:24,203 DEBUG o.h.e.j.s.SqlStatementLogger [http-nio-8080-exec-6] select sum(atividade0_.qtd_participantes) as col_0_0_ from atividade atividade0_ where year(atividade0_.data)=? and month(atividade0_.data)=?
2020-07-07 20:13:24,203 DEBUG o.h.e.j.s.SqlStatementLogger [http-nio-8080-exec-2] select count(atividade0_.codigo) as col_0_0_ from atividade atividade0_ where atividade0_.tipo=? and year(atividade0_.data)=?
2020-07-07 20:13:24,208 DEBUG o.h.e.j.s.SqlStatementLogger [http-nio-8080-exec-6] select sum(atividade0_.qtd_participantes) as col_0_0_ from atividade atividade0_ where year(atividade0_.data)=? and month(atividade0_.data)=?
2020-07-07 20:13:24,211 DEBUG o.h.e.j.s.SqlStatementLogger [http-nio-8080-exec-6] select sum(atividade0_.qtd_participantes) as col_0_0_ from atividade atividade0_ where year(atividade0_.data)=? and month(atividade0_.data)=?
2020-07-07 20:13:24,214 DEBUG o.h.e.j.s.SqlStatementLogger [http-nio-8080-exec-6] select sum(atividade0_.qtd_participantes) as col_0_0_ from atividade atividade0_ where year(atividade0_.data)=? and month(atividade0_.data)=?
2020-07-07 20:13:24,217 DEBUG o.h.e.j.s.SqlStatementLogger [http-nio-8080-exec-6] select sum(atividade0_.qtd_participantes) as col_0_0_ from atividade atividade0_ where year(atividade0_.data)=? and month(atividade0_.data)=?
2020-07-07 20:13:24,220 DEBUG o.h.e.j.s.SqlStatementLogger [http-nio-8080-exec-2] select count(atividade0_.codigo) as col_0_0_ from atividade atividade0_ where atividade0_.tipo=? and year(atividade0_.data)=?
2020-07-07 20:13:24,220 DEBUG o.h.e.j.s.SqlStatementLogger [http-nio-8080-exec-6] select sum(atividade0_.qtd_participantes) as col_0_0_ from atividade atividade0_ where year(atividade0_.data)=? and month(atividade0_.data)=?
2020-07-07 20:13:24,231 DEBUG o.h.e.j.s.SqlStatementLogger [http-nio-8080-exec-2] select count(atividade0_.codigo) as col_0_0_ from atividade atividade0_ where atividade0_.tipo=? and year(atividade0_.data)=?
2020-07-07 20:13:24,231 DEBUG o.h.e.j.s.SqlStatementLogger [http-nio-8080-exec-6] select sum(atividade0_.qtd_participantes) as col_0_0_ from atividade atividade0_ where year(atividade0_.data)=? and month(atividade0_.data)=?
2020-07-07 20:13:24,233 DEBUG o.h.e.j.s.SqlStatementLogger [http-nio-8080-exec-6] select sum(atividade0_.qtd_participantes) as col_0_0_ from atividade atividade0_ where year(atividade0_.data)=? and month(atividade0_.data)=?
2020-07-07 20:13:24,233 DEBUG o.h.e.j.s.SqlStatementLogger [http-nio-8080-exec-2] select count(atividade0_.codigo) as col_0_0_ from atividade atividade0_ where atividade0_.tipo=? and year(atividade0_.data)=?
2020-07-07 20:13:24,235 DEBUG o.h.e.j.s.SqlStatementLogger [http-nio-8080-exec-2] select count(atividade0_.codigo) as col_0_0_ from atividade atividade0_ where atividade0_.tipo=? and year(atividade0_.data)=?
2020-07-07 20:13:24,238 DEBUG o.h.e.j.s.SqlStatementLogger [http-nio-8080-exec-2] select count(atividade0_.codigo) as col_0_0_ from atividade atividade0_ where atividade0_.tipo=? and year(atividade0_.data)=?
2020-07-07 20:13:24,241 DEBUG o.h.e.j.s.SqlStatementLogger [http-nio-8080-exec-2] select count(atividade0_.codigo) as col_0_0_ from atividade atividade0_ where atividade0_.tipo=? and year(atividade0_.data)=?
2020-07-07 20:13:24,244 DEBUG o.h.e.j.s.SqlStatementLogger [http-nio-8080-exec-2] select count(atividade0_.codigo) as col_0_0_ from atividade atividade0_ where atividade0_.tipo=? and year(atividade0_.data)=?
2020-07-07 20:13:24,246 DEBUG o.h.e.j.s.SqlStatementLogger [http-nio-8080-exec-2] select count(atividade0_.codigo) as col_0_0_ from atividade atividade0_ where atividade0_.tipo=? and year(atividade0_.data)=?
2020-07-07 20:13:24,249 DEBUG o.h.e.j.s.SqlStatementLogger [http-nio-8080-exec-2] select count(atividade0_.codigo) as col_0_0_ from atividade atividade0_ where atividade0_.tipo=? and year(atividade0_.data)=?
2020-07-07 20:13:24,252 DEBUG o.h.e.j.s.SqlStatementLogger [http-nio-8080-exec-2] select count(atividade0_.codigo) as col_0_0_ from atividade atividade0_ where atividade0_.tipo=? and year(atividade0_.data)=?
2020-07-07 20:13:24,255 DEBUG o.h.e.j.s.SqlStatementLogger [http-nio-8080-exec-2] select count(atividade0_.codigo) as col_0_0_ from atividade atividade0_ where atividade0_.tipo=? and year(atividade0_.data)=?
2020-07-07 20:13:24,257 DEBUG o.h.e.j.s.SqlStatementLogger [http-nio-8080-exec-2] select count(atividade0_.codigo) as col_0_0_ from atividade atividade0_ where atividade0_.tipo=? and year(atividade0_.data)=?
2020-07-07 20:13:24,259 DEBUG o.h.e.j.s.SqlStatementLogger [http-nio-8080-exec-2] select count(atividade0_.codigo) as col_0_0_ from atividade atividade0_ where atividade0_.tipo=? and year(atividade0_.data)=?
2020-07-07 20:13:24,262 DEBUG o.h.e.j.s.SqlStatementLogger [http-nio-8080-exec-2] select count(atividade0_.codigo) as col_0_0_ from atividade atividade0_ where atividade0_.tipo=? and year(atividade0_.data)=?
2020-07-07 20:13:24,265 DEBUG o.h.e.j.s.SqlStatementLogger [http-nio-8080-exec-2] select count(atividade0_.codigo) as col_0_0_ from atividade atividade0_ where atividade0_.tipo=? and year(atividade0_.data)=?
2020-07-07 20:13:24,268 DEBUG o.h.e.j.s.SqlStatementLogger [http-nio-8080-exec-2] select count(atividade0_.codigo) as col_0_0_ from atividade atividade0_ where atividade0_.tipo=? and year(atividade0_.data)=?
2020-07-07 20:13:24,275 DEBUG o.h.e.j.s.SqlStatementLogger [http-nio-8080-exec-2] select count(atividade0_.codigo) as col_0_0_ from atividade atividade0_ where atividade0_.tipo=? and year(atividade0_.data)=?
2020-07-07 20:13:24,278 DEBUG o.h.e.j.s.SqlStatementLogger [http-nio-8080-exec-2] select count(atividade0_.codigo) as col_0_0_ from atividade atividade0_ where atividade0_.tipo=? and year(atividade0_.data)=?
2020-07-07 20:13:24,280 DEBUG o.h.e.j.s.SqlStatementLogger [http-nio-8080-exec-2] select count(atividade0_.codigo) as col_0_0_ from atividade atividade0_ where atividade0_.tipo=? and year(atividade0_.data)=?
2020-07-07 20:13:24,283 DEBUG o.h.e.j.s.SqlStatementLogger [http-nio-8080-exec-2] select count(atividade0_.codigo) as col_0_0_ from atividade atividade0_ where atividade0_.tipo=? and year(atividade0_.data)=?
2020-07-07 20:13:24,286 DEBUG o.h.e.j.s.SqlStatementLogger [http-nio-8080-exec-2] select count(atividade0_.codigo) as col_0_0_ from atividade atividade0_ where atividade0_.tipo=? and year(atividade0_.data)=?
2020-07-07 20:13:24,292 DEBUG o.h.e.j.s.SqlStatementLogger [http-nio-8080-exec-2] select count(atividade0_.codigo) as col_0_0_ from atividade atividade0_ where atividade0_.tipo=? and year(atividade0_.data)=?
2020-07-07 20:13:24,294 DEBUG o.h.e.j.s.SqlStatementLogger [http-nio-8080-exec-2] select count(atividade0_.codigo) as col_0_0_ from atividade atividade0_ where atividade0_.tipo=? and year(atividade0_.data)=?
2020-07-07 20:13:24,296 DEBUG o.h.e.j.s.SqlStatementLogger [http-nio-8080-exec-2] select count(atividade0_.codigo) as col_0_0_ from atividade atividade0_ where atividade0_.tipo=? and year(atividade0_.data)=?
2020-07-07 20:13:24,299 DEBUG o.h.e.j.s.SqlStatementLogger [http-nio-8080-exec-2] select count(atividade0_.codigo) as col_0_0_ from atividade atividade0_ where atividade0_.tipo=? and year(atividade0_.data)=?
2020-07-07 20:13:24,301 DEBUG o.h.e.j.s.SqlStatementLogger [http-nio-8080-exec-2] select count(atividade0_.codigo) as col_0_0_ from atividade atividade0_ where atividade0_.tipo=? and year(atividade0_.data)=?
2020-07-07 20:13:24,303 DEBUG o.h.e.j.s.SqlStatementLogger [http-nio-8080-exec-2] select count(atividade0_.codigo) as col_0_0_ from atividade atividade0_ where atividade0_.tipo=? and year(atividade0_.data)=?
2020-07-07 20:13:24,308 DEBUG o.h.e.j.s.SqlStatementLogger [http-nio-8080-exec-2] select count(atividade0_.codigo) as col_0_0_ from atividade atividade0_ where atividade0_.tipo=? and year(atividade0_.data)=?
2020-07-07 20:13:24,311 DEBUG o.h.e.j.s.SqlStatementLogger [http-nio-8080-exec-2] select count(atividade0_.codigo) as col_0_0_ from atividade atividade0_ where atividade0_.tipo=? and year(atividade0_.data)=?
2020-07-07 20:13:24,313 DEBUG o.h.e.j.s.SqlStatementLogger [http-nio-8080-exec-2] select count(atividade0_.codigo) as col_0_0_ from atividade atividade0_ where atividade0_.tipo=? and year(atividade0_.data)=?
2020-07-07 20:13:24,315 DEBUG o.h.e.j.s.SqlStatementLogger [http-nio-8080-exec-2] select count(atividade0_.codigo) as col_0_0_ from atividade atividade0_ where atividade0_.tipo=? and year(atividade0_.data)=?
2020-07-07 20:13:24,318 DEBUG o.h.e.j.s.SqlStatementLogger [http-nio-8080-exec-2] select count(atividade0_.codigo) as col_0_0_ from atividade atividade0_ where atividade0_.tipo=? and year(atividade0_.data)=?
2020-07-07 20:13:40,033 DEBUG o.h.e.j.s.SqlStatementLogger [http-nio-8080-exec-5] select atividade0_.codigo as codigo1_0_, atividade0_.data as data2_0_, atividade0_.descriminacao as descrimi3_0_, atividade0_.duracao as duracao4_0_, atividade0_.forma_conexao as forma_co5_0_, atividade0_.pontos_conectados as pontos_c6_0_, atividade0_.qtd_participantes as qtd_part7_0_, atividade0_.tema as tema8_0_, atividade0_.tipo as tipo9_0_ from atividade atividade0_
2020-07-07 20:14:10,806 DEBUG o.h.e.j.s.SqlStatementLogger [http-nio-8080-exec-1] insert into atividade (data, descriminacao, duracao, forma_conexao, pontos_conectados, qtd_participantes, tema, tipo) values (?, ?, ?, ?, ?, ?, ?, ?)
2020-07-07 20:14:12,989 DEBUG o.h.e.j.s.SqlStatementLogger [http-nio-8080-exec-6] select atividade0_.codigo as codigo1_0_, atividade0_.data as data2_0_, atividade0_.descriminacao as descrimi3_0_, atividade0_.duracao as duracao4_0_, atividade0_.forma_conexao as forma_co5_0_, atividade0_.pontos_conectados as pontos_c6_0_, atividade0_.qtd_participantes as qtd_part7_0_, atividade0_.tema as tema8_0_, atividade0_.tipo as tipo9_0_ from atividade atividade0_
2020-07-07 20:14:24,074 DEBUG o.h.e.j.s.SqlStatementLogger [http-nio-8080-exec-4] select count(*) as col_0_0_ from atividade atividade0_ where atividade0_.codigo=?
2020-07-07 20:14:24,097 DEBUG o.h.e.j.s.SqlStatementLogger [http-nio-8080-exec-4] select atividade0_.codigo as codigo1_0_0_, atividade0_.data as data2_0_0_, atividade0_.descriminacao as descrimi3_0_0_, atividade0_.duracao as duracao4_0_0_, atividade0_.forma_conexao as forma_co5_0_0_, atividade0_.pontos_conectados as pontos_c6_0_0_, atividade0_.qtd_participantes as qtd_part7_0_0_, atividade0_.tema as tema8_0_0_, atividade0_.tipo as tipo9_0_0_ from atividade atividade0_ where atividade0_.codigo=?
2020-07-07 20:14:26,495 DEBUG o.h.e.j.s.SqlStatementLogger [http-nio-8080-exec-3] select count(atividade0_.codigo) as col_0_0_ from atividade atividade0_ where year(atividade0_.data)=?
2020-07-07 20:14:26,498 DEBUG o.h.e.j.s.SqlStatementLogger [http-nio-8080-exec-3] select count(atividade0_.codigo) as col_0_0_ from atividade atividade0_ where atividade0_.tipo=? and year(atividade0_.data)=?
2020-07-07 20:14:26,501 DEBUG o.h.e.j.s.SqlStatementLogger [http-nio-8080-exec-3] select count(atividade0_.codigo) as col_0_0_ from atividade atividade0_ where atividade0_.tipo=? and year(atividade0_.data)=?
2020-07-07 20:14:26,503 DEBUG o.h.e.j.s.SqlStatementLogger [http-nio-8080-exec-3] select count(atividade0_.codigo) as col_0_0_ from atividade atividade0_ where atividade0_.tipo=? and year(atividade0_.data)=?
2020-07-07 20:14:26,505 DEBUG o.h.e.j.s.SqlStatementLogger [http-nio-8080-exec-3] select sum(bancaexami0_.valor_total) as col_0_0_ from banca_examinadora bancaexami0_ where year(bancaexami0_.data)=?
2020-07-07 20:14:26,506 DEBUG o.h.e.j.s.SqlStatementLogger [http-nio-8080-exec-3] select count(bancaexami0_.codigo) as col_0_0_ from banca_examinadora bancaexami0_ where year(bancaexami0_.data)=? and bancaexami0_.tipo_de_banca=?
2020-07-07 20:14:26,508 DEBUG o.h.e.j.s.SqlStatementLogger [http-nio-8080-exec-3] select count(bancaexami0_.codigo) as col_0_0_ from banca_examinadora bancaexami0_ where year(bancaexami0_.data)=? and bancaexami0_.tipo_de_banca=?
2020-07-07 20:14:26,510 DEBUG o.h.e.j.s.SqlStatementLogger [http-nio-8080-exec-3] select sum(atividade0_.qtd_participantes) as col_0_0_ from atividade atividade0_ where year(atividade0_.data)=?
2020-07-07 20:14:26,512 DEBUG o.h.e.j.s.SqlStatementLogger [http-nio-8080-exec-3] select count(atividade0_.codigo) as col_0_0_ from atividade atividade0_ where year(atividade0_.data)=?
2020-07-07 20:14:26,514 DEBUG o.h.e.j.s.SqlStatementLogger [http-nio-8080-exec-3] select sum(atividade0_.qtd_participantes) as col_0_0_ from atividade atividade0_ where year(atividade0_.data)=?
2020-07-07 20:14:26,516 DEBUG o.h.e.j.s.SqlStatementLogger [http-nio-8080-exec-3] select sum(atividade0_.duracao)/60 as col_0_0_ from atividade atividade0_ where year(atividade0_.data)=?
2020-07-07 20:14:26,517 DEBUG o.h.e.j.s.SqlStatementLogger [http-nio-8080-exec-3] select count(atividade0_.codigo) as col_0_0_ from atividade atividade0_ where atividade0_.tipo=? and year(atividade0_.data)=?
2020-07-07 20:14:26,519 DEBUG o.h.e.j.s.SqlStatementLogger [http-nio-8080-exec-3] select count(atividade0_.codigo) as col_0_0_ from atividade atividade0_ where atividade0_.tipo=? and year(atividade0_.data)=?
2020-07-07 20:14:26,520 DEBUG o.h.e.j.s.SqlStatementLogger [http-nio-8080-exec-3] select count(atividade0_.codigo) as col_0_0_ from atividade atividade0_ where atividade0_.tipo=? and year(atividade0_.data)=?
2020-07-07 20:14:26,522 DEBUG o.h.e.j.s.SqlStatementLogger [http-nio-8080-exec-3] select count(atividade0_.codigo) as col_0_0_ from atividade atividade0_ where atividade0_.tipo=? and year(atividade0_.data)=?
2020-07-07 20:14:26,524 DEBUG o.h.e.j.s.SqlStatementLogger [http-nio-8080-exec-3] select count(atividade0_.codigo) as col_0_0_ from atividade atividade0_ where atividade0_.tipo=? and year(atividade0_.data)=?
2020-07-07 20:14:26,526 DEBUG o.h.e.j.s.SqlStatementLogger [http-nio-8080-exec-3] select count(atividade0_.codigo) as col_0_0_ from atividade atividade0_ where atividade0_.tipo=? and year(atividade0_.data)=?
2020-07-07 20:14:26,528 DEBUG o.h.e.j.s.SqlStatementLogger [http-nio-8080-exec-3] select count(atividade0_.codigo) as col_0_0_ from atividade atividade0_ where atividade0_.tipo=? and year(atividade0_.data)=?
2020-07-07 20:14:26,531 DEBUG o.h.e.j.s.SqlStatementLogger [http-nio-8080-exec-3] select count(atividade0_.codigo) as col_0_0_ from atividade atividade0_ where atividade0_.forma_conexao=? and year(atividade0_.data)=?
2020-07-07 20:14:26,533 DEBUG o.h.e.j.s.SqlStatementLogger [http-nio-8080-exec-3] select count(atividade0_.codigo) as col_0_0_ from atividade atividade0_ where atividade0_.forma_conexao=? and year(atividade0_.data)=?
2020-07-07 20:14:26,535 DEBUG o.h.e.j.s.SqlStatementLogger [http-nio-8080-exec-3] select sum(bancaexami0_.valor_total) as col_0_0_ from banca_examinadora bancaexami0_ where year(bancaexami0_.data)=?
2020-07-07 20:14:26,537 DEBUG o.h.e.j.s.SqlStatementLogger [http-nio-8080-exec-3] select count(atividade0_.codigo) as col_0_0_ from atividade atividade0_ where year(atividade0_.data)=?
2020-07-07 20:14:26,538 DEBUG o.h.e.j.s.SqlStatementLogger [http-nio-8080-exec-3] select sum(atividade0_.qtd_participantes) as col_0_0_ from atividade atividade0_ where year(atividade0_.data)=?
2020-07-07 20:14:26,540 DEBUG o.h.e.j.s.SqlStatementLogger [http-nio-8080-exec-3] select sum(atividade0_.duracao)/60 as col_0_0_ from atividade atividade0_ where year(atividade0_.data)=?
2020-07-07 20:14:26,542 DEBUG o.h.e.j.s.SqlStatementLogger [http-nio-8080-exec-3] select count(atividade0_.codigo) as col_0_0_ from atividade atividade0_ where atividade0_.tipo=? and year(atividade0_.data)=?
2020-07-07 20:14:26,543 DEBUG o.h.e.j.s.SqlStatementLogger [http-nio-8080-exec-3] select count(atividade0_.codigo) as col_0_0_ from atividade atividade0_ where atividade0_.tipo=? and year(atividade0_.data)=?
2020-07-07 20:14:26,548 DEBUG o.h.e.j.s.SqlStatementLogger [http-nio-8080-exec-3] select count(atividade0_.codigo) as col_0_0_ from atividade atividade0_ where atividade0_.tipo=? and year(atividade0_.data)=?
2020-07-07 20:14:26,551 DEBUG o.h.e.j.s.SqlStatementLogger [http-nio-8080-exec-3] select count(atividade0_.codigo) as col_0_0_ from atividade atividade0_ where atividade0_.tipo=? and year(atividade0_.data)=?
2020-07-07 20:14:26,553 DEBUG o.h.e.j.s.SqlStatementLogger [http-nio-8080-exec-3] select count(atividade0_.codigo) as col_0_0_ from atividade atividade0_ where atividade0_.tipo=? and year(atividade0_.data)=?
2020-07-07 20:14:26,555 DEBUG o.h.e.j.s.SqlStatementLogger [http-nio-8080-exec-3] select count(atividade0_.codigo) as col_0_0_ from atividade atividade0_ where atividade0_.tipo=? and year(atividade0_.data)=?
2020-07-07 20:14:26,557 DEBUG o.h.e.j.s.SqlStatementLogger [http-nio-8080-exec-3] select count(atividade0_.codigo) as col_0_0_ from atividade atividade0_ where atividade0_.tipo=? and year(atividade0_.data)=?
2020-07-07 20:14:26,559 DEBUG o.h.e.j.s.SqlStatementLogger [http-nio-8080-exec-3] select count(atividade0_.codigo) as col_0_0_ from atividade atividade0_ where atividade0_.forma_conexao=? and year(atividade0_.data)=?
2020-07-07 20:14:26,562 DEBUG o.h.e.j.s.SqlStatementLogger [http-nio-8080-exec-3] select count(atividade0_.codigo) as col_0_0_ from atividade atividade0_ where atividade0_.forma_conexao=? and year(atividade0_.data)=?
2020-07-07 20:14:26,564 DEBUG o.h.e.j.s.SqlStatementLogger [http-nio-8080-exec-3] select sum(bancaexami0_.valor_total) as col_0_0_ from banca_examinadora bancaexami0_ where year(bancaexami0_.data)=?
2020-07-07 20:14:26,566 DEBUG o.h.e.j.s.SqlStatementLogger [http-nio-8080-exec-3] select count(atividade0_.codigo) as col_0_0_ from atividade atividade0_ where year(atividade0_.data)=?
2020-07-07 20:14:26,567 DEBUG o.h.e.j.s.SqlStatementLogger [http-nio-8080-exec-3] select sum(atividade0_.qtd_participantes) as col_0_0_ from atividade atividade0_ where year(atividade0_.data)=?
2020-07-07 20:14:26,569 DEBUG o.h.e.j.s.SqlStatementLogger [http-nio-8080-exec-3] select sum(atividade0_.duracao)/60 as col_0_0_ from atividade atividade0_ where year(atividade0_.data)=?
2020-07-07 20:14:26,571 DEBUG o.h.e.j.s.SqlStatementLogger [http-nio-8080-exec-3] select count(atividade0_.codigo) as col_0_0_ from atividade atividade0_ where atividade0_.tipo=? and year(atividade0_.data)=?
2020-07-07 20:14:26,573 DEBUG o.h.e.j.s.SqlStatementLogger [http-nio-8080-exec-3] select count(atividade0_.codigo) as col_0_0_ from atividade atividade0_ where atividade0_.tipo=? and year(atividade0_.data)=?
2020-07-07 20:14:26,574 DEBUG o.h.e.j.s.SqlStatementLogger [http-nio-8080-exec-3] select count(atividade0_.codigo) as col_0_0_ from atividade atividade0_ where atividade0_.tipo=? and year(atividade0_.data)=?
2020-07-07 20:14:26,576 DEBUG o.h.e.j.s.SqlStatementLogger [http-nio-8080-exec-3] select count(atividade0_.codigo) as col_0_0_ from atividade atividade0_ where atividade0_.tipo=? and year(atividade0_.data)=?
2020-07-07 20:14:26,579 DEBUG o.h.e.j.s.SqlStatementLogger [http-nio-8080-exec-3] select count(atividade0_.codigo) as col_0_0_ from atividade atividade0_ where atividade0_.tipo=? and year(atividade0_.data)=?
2020-07-07 20:14:26,581 DEBUG o.h.e.j.s.SqlStatementLogger [http-nio-8080-exec-3] select count(atividade0_.codigo) as col_0_0_ from atividade atividade0_ where atividade0_.tipo=? and year(atividade0_.data)=?
2020-07-07 20:14:26,583 DEBUG o.h.e.j.s.SqlStatementLogger [http-nio-8080-exec-3] select count(atividade0_.codigo) as col_0_0_ from atividade atividade0_ where atividade0_.tipo=? and year(atividade0_.data)=?
2020-07-07 20:14:26,584 DEBUG o.h.e.j.s.SqlStatementLogger [http-nio-8080-exec-3] select count(atividade0_.codigo) as col_0_0_ from atividade atividade0_ where atividade0_.forma_conexao=? and year(atividade0_.data)=?
2020-07-07 20:14:26,586 DEBUG o.h.e.j.s.SqlStatementLogger [http-nio-8080-exec-3] select count(atividade0_.codigo) as col_0_0_ from atividade atividade0_ where atividade0_.forma_conexao=? and year(atividade0_.data)=?
2020-07-07 20:14:26,588 DEBUG o.h.e.j.s.SqlStatementLogger [http-nio-8080-exec-3] select sum(bancaexami0_.valor_total) as col_0_0_ from banca_examinadora bancaexami0_ where year(bancaexami0_.data)=?
2020-07-07 20:14:26,590 DEBUG o.h.e.j.s.SqlStatementLogger [http-nio-8080-exec-3] select count(atividade0_.codigo) as col_0_0_ from atividade atividade0_ where year(atividade0_.data)=?
2020-07-07 20:14:26,591 DEBUG o.h.e.j.s.SqlStatementLogger [http-nio-8080-exec-3] select sum(atividade0_.qtd_participantes) as col_0_0_ from atividade atividade0_ where year(atividade0_.data)=?
2020-07-07 20:14:26,593 DEBUG o.h.e.j.s.SqlStatementLogger [http-nio-8080-exec-3] select sum(atividade0_.duracao)/60 as col_0_0_ from atividade atividade0_ where year(atividade0_.data)=?
2020-07-07 20:14:26,595 DEBUG o.h.e.j.s.SqlStatementLogger [http-nio-8080-exec-3] select count(atividade0_.codigo) as col_0_0_ from atividade atividade0_ where atividade0_.tipo=? and year(atividade0_.data)=?
2020-07-07 20:14:26,597 DEBUG o.h.e.j.s.SqlStatementLogger [http-nio-8080-exec-3] select count(atividade0_.codigo) as col_0_0_ from atividade atividade0_ where atividade0_.tipo=? and year(atividade0_.data)=?
2020-07-07 20:14:26,599 DEBUG o.h.e.j.s.SqlStatementLogger [http-nio-8080-exec-3] select count(atividade0_.codigo) as col_0_0_ from atividade atividade0_ where atividade0_.tipo=? and year(atividade0_.data)=?
2020-07-07 20:14:26,600 DEBUG o.h.e.j.s.SqlStatementLogger [http-nio-8080-exec-3] select count(atividade0_.codigo) as col_0_0_ from atividade atividade0_ where atividade0_.tipo=? and year(atividade0_.data)=?
2020-07-07 20:14:26,602 DEBUG o.h.e.j.s.SqlStatementLogger [http-nio-8080-exec-3] select count(atividade0_.codigo) as col_0_0_ from atividade atividade0_ where atividade0_.tipo=? and year(atividade0_.data)=?
2020-07-07 20:14:26,604 DEBUG o.h.e.j.s.SqlStatementLogger [http-nio-8080-exec-3] select count(atividade0_.codigo) as col_0_0_ from atividade atividade0_ where atividade0_.tipo=? and year(atividade0_.data)=?
2020-07-07 20:14:26,607 DEBUG o.h.e.j.s.SqlStatementLogger [http-nio-8080-exec-3] select count(atividade0_.codigo) as col_0_0_ from atividade atividade0_ where atividade0_.tipo=? and year(atividade0_.data)=?
2020-07-07 20:14:26,612 DEBUG o.h.e.j.s.SqlStatementLogger [http-nio-8080-exec-3] select count(atividade0_.codigo) as col_0_0_ from atividade atividade0_ where atividade0_.forma_conexao=? and year(atividade0_.data)=?
2020-07-07 20:14:26,614 DEBUG o.h.e.j.s.SqlStatementLogger [http-nio-8080-exec-3] select count(atividade0_.codigo) as col_0_0_ from atividade atividade0_ where atividade0_.forma_conexao=? and year(atividade0_.data)=?
2020-07-07 20:14:26,616 DEBUG o.h.e.j.s.SqlStatementLogger [http-nio-8080-exec-3] select sum(bancaexami0_.valor_total) as col_0_0_ from banca_examinadora bancaexami0_ where year(bancaexami0_.data)=?
2020-07-07 20:14:26,618 DEBUG o.h.e.j.s.SqlStatementLogger [http-nio-8080-exec-3] select count(atividade0_.codigo) as col_0_0_ from atividade atividade0_ where year(atividade0_.data)=?
2020-07-07 20:14:26,620 DEBUG o.h.e.j.s.SqlStatementLogger [http-nio-8080-exec-3] select sum(atividade0_.qtd_participantes) as col_0_0_ from atividade atividade0_ where year(atividade0_.data)=?
2020-07-07 20:14:26,622 DEBUG o.h.e.j.s.SqlStatementLogger [http-nio-8080-exec-3] select sum(atividade0_.duracao)/60 as col_0_0_ from atividade atividade0_ where year(atividade0_.data)=?
2020-07-07 20:14:26,624 DEBUG o.h.e.j.s.SqlStatementLogger [http-nio-8080-exec-3] select count(atividade0_.codigo) as col_0_0_ from atividade atividade0_ where atividade0_.tipo=? and year(atividade0_.data)=?
2020-07-07 20:14:26,626 DEBUG o.h.e.j.s.SqlStatementLogger [http-nio-8080-exec-3] select count(atividade0_.codigo) as col_0_0_ from atividade atividade0_ where atividade0_.tipo=? and year(atividade0_.data)=?
2020-07-07 20:14:26,629 DEBUG o.h.e.j.s.SqlStatementLogger [http-nio-8080-exec-3] select count(atividade0_.codigo) as col_0_0_ from atividade atividade0_ where atividade0_.tipo=? and year(atividade0_.data)=?
2020-07-07 20:14:26,631 DEBUG o.h.e.j.s.SqlStatementLogger [http-nio-8080-exec-3] select count(atividade0_.codigo) as col_0_0_ from atividade atividade0_ where atividade0_.tipo=? and year(atividade0_.data)=?
2020-07-07 20:14:26,633 DEBUG o.h.e.j.s.SqlStatementLogger [http-nio-8080-exec-3] select count(atividade0_.codigo) as col_0_0_ from atividade atividade0_ where atividade0_.tipo=? and year(atividade0_.data)=?
2020-07-07 20:14:26,635 DEBUG o.h.e.j.s.SqlStatementLogger [http-nio-8080-exec-3] select count(atividade0_.codigo) as col_0_0_ from atividade atividade0_ where atividade0_.tipo=? and year(atividade0_.data)=?
2020-07-07 20:14:26,637 DEBUG o.h.e.j.s.SqlStatementLogger [http-nio-8080-exec-3] select count(atividade0_.codigo) as col_0_0_ from atividade atividade0_ where atividade0_.tipo=? and year(atividade0_.data)=?
2020-07-07 20:14:26,639 DEBUG o.h.e.j.s.SqlStatementLogger [http-nio-8080-exec-3] select count(atividade0_.codigo) as col_0_0_ from atividade atividade0_ where atividade0_.forma_conexao=? and year(atividade0_.data)=?
2020-07-07 20:14:26,641 DEBUG o.h.e.j.s.SqlStatementLogger [http-nio-8080-exec-3] select count(atividade0_.codigo) as col_0_0_ from atividade atividade0_ where atividade0_.forma_conexao=? and year(atividade0_.data)=?
2020-07-07 20:14:26,645 DEBUG o.h.e.j.s.SqlStatementLogger [http-nio-8080-exec-3] select sum(bancaexami0_.valor_total) as col_0_0_ from banca_examinadora bancaexami0_ where year(bancaexami0_.data)=?
2020-07-07 20:14:26,648 DEBUG o.h.e.j.s.SqlStatementLogger [http-nio-8080-exec-3] select count(atividade0_.codigo) as col_0_0_ from atividade atividade0_ where year(atividade0_.data)=?
2020-07-07 20:14:26,650 DEBUG o.h.e.j.s.SqlStatementLogger [http-nio-8080-exec-3] select sum(atividade0_.qtd_participantes) as col_0_0_ from atividade atividade0_ where year(atividade0_.data)=?
2020-07-07 20:14:26,652 DEBUG o.h.e.j.s.SqlStatementLogger [http-nio-8080-exec-3] select sum(atividade0_.duracao)/60 as col_0_0_ from atividade atividade0_ where year(atividade0_.data)=?
2020-07-07 20:14:26,653 DEBUG o.h.e.j.s.SqlStatementLogger [http-nio-8080-exec-3] select count(atividade0_.codigo) as col_0_0_ from atividade atividade0_ where atividade0_.tipo=? and year(atividade0_.data)=?
2020-07-07 20:14:26,655 DEBUG o.h.e.j.s.SqlStatementLogger [http-nio-8080-exec-3] select count(atividade0_.codigo) as col_0_0_ from atividade atividade0_ where atividade0_.tipo=? and year(atividade0_.data)=?
2020-07-07 20:14:26,656 DEBUG o.h.e.j.s.SqlStatementLogger [http-nio-8080-exec-3] select count(atividade0_.codigo) as col_0_0_ from atividade atividade0_ where atividade0_.tipo=? and year(atividade0_.data)=?
2020-07-07 20:14:26,658 DEBUG o.h.e.j.s.SqlStatementLogger [http-nio-8080-exec-3] select count(atividade0_.codigo) as col_0_0_ from atividade atividade0_ where atividade0_.tipo=? and year(atividade0_.data)=?
2020-07-07 20:14:26,660 DEBUG o.h.e.j.s.SqlStatementLogger [http-nio-8080-exec-3] select count(atividade0_.codigo) as col_0_0_ from atividade atividade0_ where atividade0_.tipo=? and year(atividade0_.data)=?
2020-07-07 20:14:26,662 DEBUG o.h.e.j.s.SqlStatementLogger [http-nio-8080-exec-3] select count(atividade0_.codigo) as col_0_0_ from atividade atividade0_ where atividade0_.tipo=? and year(atividade0_.data)=?
2020-07-07 20:14:26,664 DEBUG o.h.e.j.s.SqlStatementLogger [http-nio-8080-exec-3] select count(atividade0_.codigo) as col_0_0_ from atividade atividade0_ where atividade0_.tipo=? and year(atividade0_.data)=?
2020-07-07 20:14:26,666 DEBUG o.h.e.j.s.SqlStatementLogger [http-nio-8080-exec-3] select count(atividade0_.codigo) as col_0_0_ from atividade atividade0_ where atividade0_.forma_conexao=? and year(atividade0_.data)=?
2020-07-07 20:14:26,668 DEBUG o.h.e.j.s.SqlStatementLogger [http-nio-8080-exec-3] select count(atividade0_.codigo) as col_0_0_ from atividade atividade0_ where atividade0_.forma_conexao=? and year(atividade0_.data)=?
2020-07-07 20:14:26,671 DEBUG o.h.e.j.s.SqlStatementLogger [http-nio-8080-exec-3] select sum(bancaexami0_.valor_total) as col_0_0_ from banca_examinadora bancaexami0_ where year(bancaexami0_.data)=?
2020-07-07 20:14:26,865 DEBUG o.h.e.j.s.SqlStatementLogger [http-nio-8080-exec-7] select count(atividade0_.codigo) as col_0_0_ from atividade atividade0_ where year(atividade0_.data)=? and month(atividade0_.data)=?
2020-07-07 20:14:26,867 DEBUG o.h.e.j.s.SqlStatementLogger [http-nio-8080-exec-8] select sum(atividade0_.qtd_participantes) as col_0_0_ from atividade atividade0_ where year(atividade0_.data)=? and month(atividade0_.data)=?
2020-07-07 20:14:26,869 DEBUG o.h.e.j.s.SqlStatementLogger [http-nio-8080-exec-7] select count(atividade0_.codigo) as col_0_0_ from atividade atividade0_ where year(atividade0_.data)=? and month(atividade0_.data)=?
2020-07-07 20:14:26,869 DEBUG o.h.e.j.s.SqlStatementLogger [http-nio-8080-exec-8] select sum(atividade0_.qtd_participantes) as col_0_0_ from atividade atividade0_ where year(atividade0_.data)=? and month(atividade0_.data)=?
2020-07-07 20:14:26,872 DEBUG o.h.e.j.s.SqlStatementLogger [http-nio-8080-exec-8] select sum(atividade0_.qtd_participantes) as col_0_0_ from atividade atividade0_ where year(atividade0_.data)=? and month(atividade0_.data)=?
2020-07-07 20:14:26,872 DEBUG o.h.e.j.s.SqlStatementLogger [http-nio-8080-exec-7] select count(atividade0_.codigo) as col_0_0_ from atividade atividade0_ where year(atividade0_.data)=? and month(atividade0_.data)=?
2020-07-07 20:14:26,874 DEBUG o.h.e.j.s.SqlStatementLogger [http-nio-8080-exec-8] select sum(atividade0_.qtd_participantes) as col_0_0_ from atividade atividade0_ where year(atividade0_.data)=? and month(atividade0_.data)=?
2020-07-07 20:14:26,874 DEBUG o.h.e.j.s.SqlStatementLogger [http-nio-8080-exec-7] select count(atividade0_.codigo) as col_0_0_ from atividade atividade0_ where year(atividade0_.data)=? and month(atividade0_.data)=?
2020-07-07 20:14:26,876 DEBUG o.h.e.j.s.SqlStatementLogger [http-nio-8080-exec-8] select sum(atividade0_.qtd_participantes) as col_0_0_ from atividade atividade0_ where year(atividade0_.data)=? and month(atividade0_.data)=?
2020-07-07 20:14:26,876 DEBUG o.h.e.j.s.SqlStatementLogger [http-nio-8080-exec-7] select count(atividade0_.codigo) as col_0_0_ from atividade atividade0_ where year(atividade0_.data)=? and month(atividade0_.data)=?
2020-07-07 20:14:26,879 DEBUG o.h.e.j.s.SqlStatementLogger [http-nio-8080-exec-7] select count(atividade0_.codigo) as col_0_0_ from atividade atividade0_ where year(atividade0_.data)=? and month(atividade0_.data)=?
2020-07-07 20:14:26,879 DEBUG o.h.e.j.s.SqlStatementLogger [http-nio-8080-exec-8] select sum(atividade0_.qtd_participantes) as col_0_0_ from atividade atividade0_ where year(atividade0_.data)=? and month(atividade0_.data)=?
2020-07-07 20:14:26,881 DEBUG o.h.e.j.s.SqlStatementLogger [http-nio-8080-exec-7] select count(atividade0_.codigo) as col_0_0_ from atividade atividade0_ where year(atividade0_.data)=? and month(atividade0_.data)=?
2020-07-07 20:14:26,881 DEBUG o.h.e.j.s.SqlStatementLogger [http-nio-8080-exec-8] select sum(atividade0_.qtd_participantes) as col_0_0_ from atividade atividade0_ where year(atividade0_.data)=? and month(atividade0_.data)=?
2020-07-07 20:14:26,881 DEBUG o.h.e.j.s.SqlStatementLogger [http-nio-8080-exec-2] select count(atividade0_.forma_conexao) as col_0_0_ from atividade atividade0_ where atividade0_.forma_conexao=? and year(atividade0_.data)=?
2020-07-07 20:14:26,881 DEBUG o.h.e.j.s.SqlStatementLogger [http-nio-8080-exec-1] select count(bancaexami0_.codigo) as col_0_0_ from banca_examinadora bancaexami0_ where year(bancaexami0_.data)=? and bancaexami0_.tipo_de_banca=?
2020-07-07 20:14:26,883 DEBUG o.h.e.j.s.SqlStatementLogger [http-nio-8080-exec-8] select sum(atividade0_.qtd_participantes) as col_0_0_ from atividade atividade0_ where year(atividade0_.data)=? and month(atividade0_.data)=?
2020-07-07 20:14:26,883 DEBUG o.h.e.j.s.SqlStatementLogger [http-nio-8080-exec-7] select count(atividade0_.codigo) as col_0_0_ from atividade atividade0_ where year(atividade0_.data)=? and month(atividade0_.data)=?
2020-07-07 20:14:26,883 DEBUG o.h.e.j.s.SqlStatementLogger [http-nio-8080-exec-2] select count(atividade0_.forma_conexao) as col_0_0_ from atividade atividade0_ where atividade0_.forma_conexao=? and year(atividade0_.data)=?
2020-07-07 20:14:26,884 DEBUG o.h.e.j.s.SqlStatementLogger [http-nio-8080-exec-7] select count(atividade0_.codigo) as col_0_0_ from atividade atividade0_ where year(atividade0_.data)=? and month(atividade0_.data)=?
2020-07-07 20:14:26,884 DEBUG o.h.e.j.s.SqlStatementLogger [http-nio-8080-exec-8] select sum(atividade0_.qtd_participantes) as col_0_0_ from atividade atividade0_ where year(atividade0_.data)=? and month(atividade0_.data)=?
2020-07-07 20:14:26,885 DEBUG o.h.e.j.s.SqlStatementLogger [http-nio-8080-exec-2] select count(atividade0_.tipo) as col_0_0_ from atividade atividade0_ where atividade0_.tipo=? and year(atividade0_.data)=?
2020-07-07 20:14:26,887 DEBUG o.h.e.j.s.SqlStatementLogger [http-nio-8080-exec-7] select count(atividade0_.codigo) as col_0_0_ from atividade atividade0_ where year(atividade0_.data)=? and month(atividade0_.data)=?
2020-07-07 20:14:26,887 DEBUG o.h.e.j.s.SqlStatementLogger [http-nio-8080-exec-8] select sum(atividade0_.qtd_participantes) as col_0_0_ from atividade atividade0_ where year(atividade0_.data)=? and month(atividade0_.data)=?
2020-07-07 20:14:26,885 DEBUG o.h.e.j.s.SqlStatementLogger [http-nio-8080-exec-1] select count(bancaexami0_.codigo) as col_0_0_ from banca_examinadora bancaexami0_ where year(bancaexami0_.data)=? and bancaexami0_.tipo_de_banca=?
2020-07-07 20:14:26,889 DEBUG o.h.e.j.s.SqlStatementLogger [http-nio-8080-exec-8] select sum(atividade0_.qtd_participantes) as col_0_0_ from atividade atividade0_ where year(atividade0_.data)=? and month(atividade0_.data)=?
2020-07-07 20:14:26,889 DEBUG o.h.e.j.s.SqlStatementLogger [http-nio-8080-exec-7] select count(atividade0_.codigo) as col_0_0_ from atividade atividade0_ where year(atividade0_.data)=? and month(atividade0_.data)=?
2020-07-07 20:14:26,891 DEBUG o.h.e.j.s.SqlStatementLogger [http-nio-8080-exec-1] select count(bancaexami0_.codigo) as col_0_0_ from banca_examinadora bancaexami0_ where year(bancaexami0_.data)=? and bancaexami0_.tipo_de_banca=?
2020-07-07 20:14:26,895 DEBUG o.h.e.j.s.SqlStatementLogger [http-nio-8080-exec-6] select count(atividade0_.codigo) as col_0_0_ from atividade atividade0_ where atividade0_.tipo=? and year(atividade0_.data)=?
2020-07-07 20:14:26,896 DEBUG o.h.e.j.s.SqlStatementLogger [http-nio-8080-exec-5] select count(atividade0_.codigo) as col_0_0_ from atividade atividade0_ where year(atividade0_.data)=?
2020-07-07 20:14:26,896 DEBUG o.h.e.j.s.SqlStatementLogger [http-nio-8080-exec-8] select sum(atividade0_.qtd_participantes) as col_0_0_ from atividade atividade0_ where year(atividade0_.data)=? and month(atividade0_.data)=?
2020-07-07 20:14:26,896 DEBUG o.h.e.j.s.SqlStatementLogger [http-nio-8080-exec-7] select count(atividade0_.codigo) as col_0_0_ from atividade atividade0_ where year(atividade0_.data)=? and month(atividade0_.data)=?
2020-07-07 20:14:26,896 DEBUG o.h.e.j.s.SqlStatementLogger [http-nio-8080-exec-1] select count(bancaexami0_.codigo) as col_0_0_ from banca_examinadora bancaexami0_ where year(bancaexami0_.data)=? and bancaexami0_.tipo_de_banca=?
2020-07-07 20:14:26,898 DEBUG o.h.e.j.s.SqlStatementLogger [http-nio-8080-exec-5] select count(atividade0_.codigo) as col_0_0_ from atividade atividade0_ where year(atividade0_.data)=?
2020-07-07 20:14:26,901 DEBUG o.h.e.j.s.SqlStatementLogger [http-nio-8080-exec-5] select count(atividade0_.codigo) as col_0_0_ from atividade atividade0_ where year(atividade0_.data)=?
2020-07-07 20:14:26,903 DEBUG o.h.e.j.s.SqlStatementLogger [http-nio-8080-exec-5] select count(atividade0_.codigo) as col_0_0_ from atividade atividade0_ where year(atividade0_.data)=?
2020-07-07 20:14:26,904 DEBUG o.h.e.j.s.SqlStatementLogger [http-nio-8080-exec-6] select count(atividade0_.codigo) as col_0_0_ from atividade atividade0_ where atividade0_.tipo=? and year(atividade0_.data)=?
2020-07-07 20:14:26,905 DEBUG o.h.e.j.s.SqlStatementLogger [http-nio-8080-exec-5] select count(atividade0_.codigo) as col_0_0_ from atividade atividade0_ where year(atividade0_.data)=?
2020-07-07 20:14:26,906 DEBUG o.h.e.j.s.SqlStatementLogger [http-nio-8080-exec-6] select count(atividade0_.codigo) as col_0_0_ from atividade atividade0_ where atividade0_.tipo=? and year(atividade0_.data)=?
2020-07-07 20:14:26,908 DEBUG o.h.e.j.s.SqlStatementLogger [http-nio-8080-exec-5] select count(atividade0_.codigo) as col_0_0_ from atividade atividade0_ where year(atividade0_.data)=?
2020-07-07 20:14:26,908 DEBUG o.h.e.j.s.SqlStatementLogger [http-nio-8080-exec-6] select count(atividade0_.codigo) as col_0_0_ from atividade atividade0_ where atividade0_.tipo=? and year(atividade0_.data)=?
2020-07-07 20:14:26,911 DEBUG o.h.e.j.s.SqlStatementLogger [http-nio-8080-exec-5] select count(atividade0_.codigo) as col_0_0_ from atividade atividade0_ where year(atividade0_.data)=?
2020-07-07 20:14:26,911 DEBUG o.h.e.j.s.SqlStatementLogger [http-nio-8080-exec-6] select count(atividade0_.codigo) as col_0_0_ from atividade atividade0_ where atividade0_.tipo=? and year(atividade0_.data)=?
2020-07-07 20:14:26,913 DEBUG o.h.e.j.s.SqlStatementLogger [http-nio-8080-exec-5] select count(atividade0_.codigo) as col_0_0_ from atividade atividade0_ where year(atividade0_.data)=?
2020-07-07 20:14:26,914 DEBUG o.h.e.j.s.SqlStatementLogger [http-nio-8080-exec-6] select count(atividade0_.codigo) as col_0_0_ from atividade atividade0_ where atividade0_.tipo=? and year(atividade0_.data)=?
2020-07-07 20:14:26,916 DEBUG o.h.e.j.s.SqlStatementLogger [http-nio-8080-exec-6] select count(atividade0_.codigo) as col_0_0_ from atividade atividade0_ where atividade0_.tipo=? and year(atividade0_.data)=?
2020-07-07 20:14:26,919 DEBUG o.h.e.j.s.SqlStatementLogger [http-nio-8080-exec-6] select count(atividade0_.codigo) as col_0_0_ from atividade atividade0_ where atividade0_.tipo=? and year(atividade0_.data)=?
2020-07-07 20:14:26,921 DEBUG o.h.e.j.s.SqlStatementLogger [http-nio-8080-exec-6] select count(atividade0_.codigo) as col_0_0_ from atividade atividade0_ where atividade0_.tipo=? and year(atividade0_.data)=?
2020-07-07 20:14:26,925 DEBUG o.h.e.j.s.SqlStatementLogger [http-nio-8080-exec-6] select count(atividade0_.codigo) as col_0_0_ from atividade atividade0_ where atividade0_.tipo=? and year(atividade0_.data)=?
2020-07-07 20:14:26,928 DEBUG o.h.e.j.s.SqlStatementLogger [http-nio-8080-exec-6] select count(atividade0_.codigo) as col_0_0_ from atividade atividade0_ where atividade0_.tipo=? and year(atividade0_.data)=?
2020-07-07 20:14:26,930 DEBUG o.h.e.j.s.SqlStatementLogger [http-nio-8080-exec-6] select count(atividade0_.codigo) as col_0_0_ from atividade atividade0_ where atividade0_.tipo=? and year(atividade0_.data)=?
2020-07-07 20:14:26,933 DEBUG o.h.e.j.s.SqlStatementLogger [http-nio-8080-exec-6] select count(atividade0_.codigo) as col_0_0_ from atividade atividade0_ where atividade0_.tipo=? and year(atividade0_.data)=?
2020-07-07 20:14:26,935 DEBUG o.h.e.j.s.SqlStatementLogger [http-nio-8080-exec-6] select count(atividade0_.codigo) as col_0_0_ from atividade atividade0_ where atividade0_.tipo=? and year(atividade0_.data)=?
2020-07-07 20:14:26,937 DEBUG o.h.e.j.s.SqlStatementLogger [http-nio-8080-exec-6] select count(atividade0_.codigo) as col_0_0_ from atividade atividade0_ where atividade0_.tipo=? and year(atividade0_.data)=?
2020-07-07 20:14:26,939 DEBUG o.h.e.j.s.SqlStatementLogger [http-nio-8080-exec-6] select count(atividade0_.codigo) as col_0_0_ from atividade atividade0_ where atividade0_.tipo=? and year(atividade0_.data)=?
2020-07-07 20:14:26,941 DEBUG o.h.e.j.s.SqlStatementLogger [http-nio-8080-exec-6] select count(atividade0_.codigo) as col_0_0_ from atividade atividade0_ where atividade0_.tipo=? and year(atividade0_.data)=?
2020-07-07 20:14:26,944 DEBUG o.h.e.j.s.SqlStatementLogger [http-nio-8080-exec-6] select count(atividade0_.codigo) as col_0_0_ from atividade atividade0_ where atividade0_.tipo=? and year(atividade0_.data)=?
2020-07-07 20:14:26,946 DEBUG o.h.e.j.s.SqlStatementLogger [http-nio-8080-exec-6] select count(atividade0_.codigo) as col_0_0_ from atividade atividade0_ where atividade0_.tipo=? and year(atividade0_.data)=?
2020-07-07 20:14:26,948 DEBUG o.h.e.j.s.SqlStatementLogger [http-nio-8080-exec-6] select count(atividade0_.codigo) as col_0_0_ from atividade atividade0_ where atividade0_.tipo=? and year(atividade0_.data)=?
2020-07-07 20:14:26,951 DEBUG o.h.e.j.s.SqlStatementLogger [http-nio-8080-exec-6] select count(atividade0_.codigo) as col_0_0_ from atividade atividade0_ where atividade0_.tipo=? and year(atividade0_.data)=?
2020-07-07 20:14:26,952 DEBUG o.h.e.j.s.SqlStatementLogger [http-nio-8080-exec-6] select count(atividade0_.codigo) as col_0_0_ from atividade atividade0_ where atividade0_.tipo=? and year(atividade0_.data)=?
2020-07-07 20:14:26,955 DEBUG o.h.e.j.s.SqlStatementLogger [http-nio-8080-exec-6] select count(atividade0_.codigo) as col_0_0_ from atividade atividade0_ where atividade0_.tipo=? and year(atividade0_.data)=?
2020-07-07 20:14:26,957 DEBUG o.h.e.j.s.SqlStatementLogger [http-nio-8080-exec-6] select count(atividade0_.codigo) as col_0_0_ from atividade atividade0_ where atividade0_.tipo=? and year(atividade0_.data)=?
2020-07-07 20:14:26,959 DEBUG o.h.e.j.s.SqlStatementLogger [http-nio-8080-exec-6] select count(atividade0_.codigo) as col_0_0_ from atividade atividade0_ where atividade0_.tipo=? and year(atividade0_.data)=?
2020-07-07 20:14:26,962 DEBUG o.h.e.j.s.SqlStatementLogger [http-nio-8080-exec-6] select count(atividade0_.codigo) as col_0_0_ from atividade atividade0_ where atividade0_.tipo=? and year(atividade0_.data)=?
2020-07-07 20:14:26,964 DEBUG o.h.e.j.s.SqlStatementLogger [http-nio-8080-exec-6] select count(atividade0_.codigo) as col_0_0_ from atividade atividade0_ where atividade0_.tipo=? and year(atividade0_.data)=?
2020-07-07 20:14:26,967 DEBUG o.h.e.j.s.SqlStatementLogger [http-nio-8080-exec-6] select count(atividade0_.codigo) as col_0_0_ from atividade atividade0_ where atividade0_.tipo=? and year(atividade0_.data)=?
2020-07-07 20:14:26,970 DEBUG o.h.e.j.s.SqlStatementLogger [http-nio-8080-exec-6] select count(atividade0_.codigo) as col_0_0_ from atividade atividade0_ where atividade0_.tipo=? and year(atividade0_.data)=?
2020-07-07 20:14:26,972 DEBUG o.h.e.j.s.SqlStatementLogger [http-nio-8080-exec-6] select count(atividade0_.codigo) as col_0_0_ from atividade atividade0_ where atividade0_.tipo=? and year(atividade0_.data)=?
2020-07-07 20:14:26,974 DEBUG o.h.e.j.s.SqlStatementLogger [http-nio-8080-exec-6] select count(atividade0_.codigo) as col_0_0_ from atividade atividade0_ where atividade0_.tipo=? and year(atividade0_.data)=?
2020-07-07 20:14:26,977 DEBUG o.h.e.j.s.SqlStatementLogger [http-nio-8080-exec-6] select count(atividade0_.codigo) as col_0_0_ from atividade atividade0_ where atividade0_.tipo=? and year(atividade0_.data)=?
2020-07-07 20:14:26,979 DEBUG o.h.e.j.s.SqlStatementLogger [http-nio-8080-exec-6] select count(atividade0_.codigo) as col_0_0_ from atividade atividade0_ where atividade0_.tipo=? and year(atividade0_.data)=?
2020-07-07 20:14:26,981 DEBUG o.h.e.j.s.SqlStatementLogger [http-nio-8080-exec-6] select count(atividade0_.codigo) as col_0_0_ from atividade atividade0_ where atividade0_.tipo=? and year(atividade0_.data)=?
2020-07-07 20:14:26,984 DEBUG o.h.e.j.s.SqlStatementLogger [http-nio-8080-exec-6] select count(atividade0_.codigo) as col_0_0_ from atividade atividade0_ where atividade0_.tipo=? and year(atividade0_.data)=?
2020-07-07 20:14:54,709 DEBUG o.h.e.j.s.SqlStatementLogger [http-nio-8080-exec-4] select atividade0_.codigo as codigo1_0_, atividade0_.data as data2_0_, atividade0_.descriminacao as descrimi3_0_, atividade0_.duracao as duracao4_0_, atividade0_.forma_conexao as forma_co5_0_, atividade0_.pontos_conectados as pontos_c6_0_, atividade0_.qtd_participantes as qtd_part7_0_, atividade0_.tema as tema8_0_, atividade0_.tipo as tipo9_0_ from atividade atividade0_
