2020-07-15 13:54:07,651 INFO o.s.b.StartupInfoLogger [main] Starting RevSpringBootApplication on DESKTOP-H0MQLKS with PID 10540 (C:\Users\samue\Documents\workspace-sts-3.9.12.RELEASE\RevSpringBoot\target\classes started by samue in C:\Users\samue\Documents\workspace-sts-3.9.12.RELEASE\RevSpringBoot)
2020-07-15 13:54:07,668 INFO o.s.b.SpringApplication [main] No active profile set, falling back to default profiles: default
2020-07-15 13:54:09,014 INFO o.s.d.r.c.RepositoryConfigurationDelegate [main] Bootstrapping Spring Data JPA repositories in DEFAULT mode.
2020-07-15 13:54:09,249 INFO o.s.d.r.c.RepositoryConfigurationDelegate [main] Finished Spring Data repository scanning in 213ms. Found 4 JPA repository interfaces.
2020-07-15 13:54:10,105 INFO o.s.b.w.e.t.TomcatWebServer [main] Tomcat initialized with port(s): 8080 (http)
2020-07-15 13:54:10,117 INFO o.a.j.l.DirectJDKLog [main] Initializing ProtocolHandler ["http-nio-8080"]
2020-07-15 13:54:10,118 INFO o.a.j.l.DirectJDKLog [main] Starting service [Tomcat]
2020-07-15 13:54:10,119 INFO o.a.j.l.DirectJDKLog [main] Starting Servlet engine: [Apache Tomcat/9.0.34]
2020-07-15 13:54:10,341 INFO o.a.j.l.DirectJDKLog [main] Initializing Spring embedded WebApplicationContext
2020-07-15 13:54:10,341 INFO o.s.b.w.s.c.ServletWebServerApplicationContext [main] Root WebApplicationContext: initialization completed in 2536 ms
2020-07-15 13:54:10,515 INFO o.f.c.i.l.s.Slf4jLog [main] Flyway Community Edition 6.0.8 by Redgate
2020-07-15 13:54:10,534 INFO c.z.h.HikariDataSource [main] HikariPool-1 - Starting...
2020-07-15 13:54:11,511 INFO c.z.h.HikariDataSource [main] HikariPool-1 - Start completed.
2020-07-15 13:54:11,547 INFO o.f.c.i.l.s.Slf4jLog [main] Database: jdbc:mysql://localhost:3306/projetobase (MySQL 8.0)
2020-07-15 13:54:11,603 INFO o.f.c.i.l.s.Slf4jLog [main] Successfully validated 15 migrations (execution time 00:00.033s)
2020-07-15 13:54:11,619 INFO o.f.c.i.l.s.Slf4jLog [main] Current version of schema `projetobase`: 15
2020-07-15 13:54:11,621 INFO o.f.c.i.l.s.Slf4jLog [main] Schema `projetobase` is up to date. No migration necessary.
2020-07-15 13:54:11,776 INFO o.h.j.i.u.LogHelper [main] HHH000204: Processing PersistenceUnitInfo [name: default]
2020-07-15 13:54:11,838 INFO o.h.Version [main] HHH000412: Hibernate ORM core version 5.4.15.Final
2020-07-15 13:54:11,983 INFO o.h.a.c.r.j.JavaReflectionManager [main] HCANN000001: Hibernate Commons Annotations {5.1.0.Final}
2020-07-15 13:54:12,120 INFO o.h.d.Dialect [main] HHH000400: Using dialect: org.hibernate.dialect.MySQL5Dialect
2020-07-15 13:54:13,197 INFO o.h.e.t.j.p.i.JtaPlatformInitiator [main] HHH000490: Using JtaPlatform implementation: [org.hibernate.engine.transaction.jta.platform.internal.NoJtaPlatform]
2020-07-15 13:54:13,205 INFO o.s.o.j.AbstractEntityManagerFactoryBean [main] Initialized JPA EntityManagerFactory for persistence unit 'default'
2020-07-15 13:54:13,266 WARN o.s.b.a.o.j.JpaBaseConfiguration$JpaWebConfiguration [main] spring.jpa.open-in-view is enabled by default. Therefore, database queries may be performed during view rendering. Explicitly configure spring.jpa.open-in-view to disable this warning
2020-07-15 13:54:14,284 INFO o.s.s.w.DefaultSecurityFilterChain [main] Creating filter chain: Ant [pattern='/static/**'], []
2020-07-15 13:54:14,285 INFO o.s.s.w.DefaultSecurityFilterChain [main] Creating filter chain: Ant [pattern='/img/**'], []
2020-07-15 13:54:14,287 INFO o.s.s.w.DefaultSecurityFilterChain [main] Creating filter chain: Ant [pattern='/css/**'], []
2020-07-15 13:54:14,287 INFO o.s.s.w.DefaultSecurityFilterChain [main] Creating filter chain: Ant [pattern='/js/**'], []
2020-07-15 13:54:14,288 INFO o.s.s.w.DefaultSecurityFilterChain [main] Creating filter chain: Ant [pattern='/scss/**'], []
2020-07-15 13:54:14,288 INFO o.s.s.w.DefaultSecurityFilterChain [main] Creating filter chain: Ant [pattern='/vendor/**'], []
2020-07-15 13:54:14,393 INFO o.s.s.w.DefaultSecurityFilterChain [main] Creating filter chain: any request, [org.springframework.security.web.context.request.async.WebAsyncManagerIntegrationFilter@1c8e8fed, org.springframework.security.web.context.SecurityContextPersistenceFilter@17befef0, org.springframework.security.web.header.HeaderWriterFilter@4fd37449, org.springframework.security.web.csrf.CsrfFilter@1be3f8f8, org.springframework.security.web.authentication.logout.LogoutFilter@54941dfd, org.springframework.security.web.authentication.UsernamePasswordAuthenticationFilter@17df689e, org.springframework.security.web.savedrequest.RequestCacheAwareFilter@3129299f, org.springframework.security.web.servletapi.SecurityContextHolderAwareRequestFilter@3dc55719, org.springframework.security.web.authentication.AnonymousAuthenticationFilter@70f98f7a, org.springframework.security.web.session.SessionManagementFilter@43445fc6, org.springframework.security.web.access.ExceptionTranslationFilter@5bb99d1d, org.springframework.security.web.access.intercept.FilterSecurityInterceptor@389008d1]
2020-07-15 13:54:14,845 INFO o.a.j.l.DirectJDKLog [main] Starting ProtocolHandler ["http-nio-8080"]
2020-07-15 13:54:14,869 INFO o.s.b.w.e.t.TomcatWebServer [main] Tomcat started on port(s): 8080 (http) with context path ''
2020-07-15 13:54:14,871 INFO o.s.b.StartupInfoLogger [main] Started RevSpringBootApplication in 7.779 seconds (JVM running for 10.0)
