2020-07-09 21:47:22,716 INFO o.s.b.StartupInfoLogger [main] Starting RevSpringBootApplication on DESKTOP-H0MQLKS with PID 9188 (C:\Users\samue\Documents\workspace-sts-3.9.12.RELEASE\RevSpringBoot\target\classes started by samue in C:\Users\samue\Documents\workspace-sts-3.9.12.RELEASE\RevSpringBoot)
2020-07-09 21:47:22,731 INFO o.s.b.SpringApplication [main] No active profile set, falling back to default profiles: default
2020-07-09 21:47:23,902 INFO o.s.d.r.c.RepositoryConfigurationDelegate [main] Bootstrapping Spring Data JPA repositories in DEFAULT mode.
2020-07-09 21:47:24,086 INFO o.s.d.r.c.RepositoryConfigurationDelegate [main] Finished Spring Data repository scanning in 172ms. Found 4 JPA repository interfaces.
2020-07-09 21:47:24,917 INFO o.s.b.w.e.t.TomcatWebServer [main] Tomcat initialized with port(s): 8080 (http)
2020-07-09 21:47:24,928 INFO o.a.j.l.DirectJDKLog [main] Initializing ProtocolHandler ["http-nio-8080"]
2020-07-09 21:47:24,929 INFO o.a.j.l.DirectJDKLog [main] Starting service [Tomcat]
2020-07-09 21:47:24,930 INFO o.a.j.l.DirectJDKLog [main] Starting Servlet engine: [Apache Tomcat/9.0.34]
2020-07-09 21:47:25,271 INFO o.a.j.l.DirectJDKLog [main] Initializing Spring embedded WebApplicationContext
2020-07-09 21:47:25,272 INFO o.s.b.w.s.c.ServletWebServerApplicationContext [main] Root WebApplicationContext: initialization completed in 2426 ms
2020-07-09 21:47:25,522 INFO o.f.c.i.l.s.Slf4jLog [main] Flyway Community Edition 6.0.8 by Redgate
2020-07-09 21:47:25,541 INFO c.z.h.HikariDataSource [main] HikariPool-1 - Starting...
2020-07-09 21:47:26,514 INFO c.z.h.HikariDataSource [main] HikariPool-1 - Start completed.
2020-07-09 21:47:26,563 INFO o.f.c.i.l.s.Slf4jLog [main] Database: jdbc:mysql://localhost:3306/projetobase (MySQL 8.0)
2020-07-09 21:47:26,644 INFO o.f.c.i.l.s.Slf4jLog [main] Successfully validated 14 migrations (execution time 00:00.046s)
2020-07-09 21:47:26,668 INFO o.f.c.i.l.s.Slf4jLog [main] Current version of schema `projetobase`: 14
2020-07-09 21:47:26,669 INFO o.f.c.i.l.s.Slf4jLog [main] Schema `projetobase` is up to date. No migration necessary.
2020-07-09 21:47:26,864 INFO o.h.j.i.u.LogHelper [main] HHH000204: Processing PersistenceUnitInfo [name: default]
2020-07-09 21:47:26,960 INFO o.h.Version [main] HHH000412: Hibernate ORM core version 5.4.15.Final
2020-07-09 21:47:27,133 INFO o.h.a.c.r.j.JavaReflectionManager [main] HCANN000001: Hibernate Commons Annotations {5.1.0.Final}
2020-07-09 21:47:27,261 INFO o.h.d.Dialect [main] HHH000400: Using dialect: org.hibernate.dialect.MySQL5Dialect
2020-07-09 21:47:28,281 INFO o.h.e.t.j.p.i.JtaPlatformInitiator [main] HHH000490: Using JtaPlatform implementation: [org.hibernate.engine.transaction.jta.platform.internal.NoJtaPlatform]
2020-07-09 21:47:28,290 INFO o.s.o.j.AbstractEntityManagerFactoryBean [main] Initialized JPA EntityManagerFactory for persistence unit 'default'
2020-07-09 21:47:28,363 WARN o.s.b.a.o.j.JpaBaseConfiguration$JpaWebConfiguration [main] spring.jpa.open-in-view is enabled by default. Therefore, database queries may be performed during view rendering. Explicitly configure spring.jpa.open-in-view to disable this warning
2020-07-09 21:47:29,324 INFO o.s.s.w.DefaultSecurityFilterChain [main] Creating filter chain: Ant [pattern='/static/**'], []
2020-07-09 21:47:29,325 INFO o.s.s.w.DefaultSecurityFilterChain [main] Creating filter chain: Ant [pattern='/img/**'], []
2020-07-09 21:47:29,325 INFO o.s.s.w.DefaultSecurityFilterChain [main] Creating filter chain: Ant [pattern='/css/**'], []
2020-07-09 21:47:29,325 INFO o.s.s.w.DefaultSecurityFilterChain [main] Creating filter chain: Ant [pattern='/js/**'], []
2020-07-09 21:47:29,325 INFO o.s.s.w.DefaultSecurityFilterChain [main] Creating filter chain: Ant [pattern='/scss/**'], []
2020-07-09 21:47:29,325 INFO o.s.s.w.DefaultSecurityFilterChain [main] Creating filter chain: Ant [pattern='/vendor/**'], []
2020-07-09 21:47:29,366 INFO o.s.s.w.DefaultSecurityFilterChain [main] Creating filter chain: any request, [org.springframework.security.web.context.request.async.WebAsyncManagerIntegrationFilter@738a39cc, org.springframework.security.web.context.SecurityContextPersistenceFilter@3514ac7d, org.springframework.security.web.header.HeaderWriterFilter@1d806de6, org.springframework.security.web.csrf.CsrfFilter@402f61f5, org.springframework.security.web.authentication.logout.LogoutFilter@60a6840c, org.springframework.security.web.authentication.UsernamePasswordAuthenticationFilter@5f3ddc86, org.springframework.security.web.savedrequest.RequestCacheAwareFilter@160c7c42, org.springframework.security.web.servletapi.SecurityContextHolderAwareRequestFilter@5315266, org.springframework.security.web.authentication.AnonymousAuthenticationFilter@42e202d7, org.springframework.security.web.session.SessionManagementFilter@4f541e67, org.springframework.security.web.access.ExceptionTranslationFilter@50f3ba6a, org.springframework.security.web.access.intercept.FilterSecurityInterceptor@2faf6e4a]
2020-07-09 21:47:29,561 WARN o.t.t.TemplateMode [main] [THYMELEAF][main] Template Mode 'HTML5' is deprecated. Using Template Mode 'HTML' instead.
2020-07-09 21:47:29,741 INFO o.a.j.l.DirectJDKLog [main] Starting ProtocolHandler ["http-nio-8080"]
2020-07-09 21:47:29,766 INFO o.s.b.w.e.t.TomcatWebServer [main] Tomcat started on port(s): 8080 (http) with context path ''
2020-07-09 21:47:29,768 INFO o.s.b.StartupInfoLogger [main] Started RevSpringBootApplication in 7.597 seconds (JVM running for 9.847)
2020-07-09 21:47:34,794 INFO o.a.j.l.DirectJDKLog [http-nio-8080-exec-1] Initializing Spring DispatcherServlet 'dispatcherServlet'
2020-07-09 21:47:34,795 INFO o.s.w.s.FrameworkServlet [http-nio-8080-exec-1] Initializing Servlet 'dispatcherServlet'
2020-07-09 21:47:34,801 INFO o.s.w.s.FrameworkServlet [http-nio-8080-exec-1] Completed initialization in 6 ms
2020-07-09 21:47:34,898 DEBUG o.h.e.j.s.SqlStatementLogger [http-nio-8080-exec-2] select sum(atividade0_.qtd_participantes) as col_0_0_ from atividade atividade0_
2020-07-09 21:47:34,921 DEBUG o.h.e.j.s.SqlStatementLogger [http-nio-8080-exec-2] select sum(bancaexami0_.valor_total) as col_0_0_ from banca_examinadora bancaexami0_
2020-07-09 21:47:34,930 DEBUG o.h.e.j.s.SqlStatementLogger [http-nio-8080-exec-2] select count(atividade0_.forma_conexao) as col_0_0_ from atividade atividade0_ where atividade0_.forma_conexao=?
2020-07-09 21:47:34,933 DEBUG o.h.e.j.s.SqlStatementLogger [http-nio-8080-exec-2] select count(atividade0_.forma_conexao) as col_0_0_ from atividade atividade0_ where atividade0_.forma_conexao=?
2020-07-09 21:47:34,943 DEBUG o.h.e.j.s.SqlStatementLogger [http-nio-8080-exec-2] select count(atividade0_.codigo) as col_0_0_ from atividade atividade0_
2020-07-09 21:47:34,948 DEBUG o.h.e.j.s.SqlStatementLogger [http-nio-8080-exec-2] select count(bancaexami0_.codigo) as col_0_0_ from banca_examinadora bancaexami0_
2020-07-09 21:47:34,952 DEBUG o.h.e.j.s.SqlStatementLogger [http-nio-8080-exec-2] select count(atividade0_.tipo) as col_0_0_ from atividade atividade0_ where atividade0_.tipo=?
2020-07-09 21:47:34,959 DEBUG o.h.e.j.s.SqlStatementLogger [http-nio-8080-exec-2] select sum(atividade0_.pontos_conectados) as col_0_0_ from atividade atividade0_
2020-07-09 21:47:40,172 DEBUG o.h.e.j.s.SqlStatementLogger [http-nio-8080-exec-5] select usuario0_.codigo as codigo1_5_, usuario0_.ativo as ativo2_5_, usuario0_.email as email3_5_, usuario0_.primeiro_nome as primeiro4_5_, usuario0_.senha as senha5_5_, usuario0_.ultimo_nome as ultimo_n6_5_ from usuario usuario0_ where lower(usuario0_.email)=lower(?) and usuario0_.ativo=1
2020-07-09 21:47:40,211 DEBUG o.h.e.j.s.SqlStatementLogger [http-nio-8080-exec-5] select distinct permissao4_.nome as col_0_0_ from usuario usuario0_ inner join usuario_grupo grupos1_ on usuario0_.codigo=grupos1_.codigo_usuario inner join grupo grupo2_ on grupos1_.codigo_grupo=grupo2_.codigo inner join grupo_permissao permissoes3_ on grupo2_.codigo=permissoes3_.codigo_grupo inner join permissao permissao4_ on permissoes3_.codigo_permissao=permissao4_.codigo where usuario0_.codigo=?
2020-07-09 21:47:40,358 DEBUG o.h.e.j.s.SqlStatementLogger [http-nio-8080-exec-7] select count(atividade0_.codigo) as col_0_0_ from atividade atividade0_ where year(atividade0_.data)=?
2020-07-09 21:47:40,363 DEBUG o.h.e.j.s.SqlStatementLogger [http-nio-8080-exec-7] select count(atividade0_.codigo) as col_0_0_ from atividade atividade0_ where atividade0_.tipo=? and year(atividade0_.data)=?
2020-07-09 21:47:40,366 DEBUG o.h.e.j.s.SqlStatementLogger [http-nio-8080-exec-7] select count(atividade0_.codigo) as col_0_0_ from atividade atividade0_ where atividade0_.tipo=? and year(atividade0_.data)=?
2020-07-09 21:47:40,368 DEBUG o.h.e.j.s.SqlStatementLogger [http-nio-8080-exec-7] select count(atividade0_.codigo) as col_0_0_ from atividade atividade0_ where atividade0_.tipo=? and year(atividade0_.data)=?
2020-07-09 21:47:40,372 DEBUG o.h.e.j.s.SqlStatementLogger [http-nio-8080-exec-7] select sum(bancaexami0_.valor_total) as col_0_0_ from banca_examinadora bancaexami0_ where year(bancaexami0_.data)=?
2020-07-09 21:47:40,375 DEBUG o.h.e.j.s.SqlStatementLogger [http-nio-8080-exec-7] select count(bancaexami0_.codigo) as col_0_0_ from banca_examinadora bancaexami0_ where year(bancaexami0_.data)=? and bancaexami0_.tipo_de_banca=?
2020-07-09 21:47:40,377 DEBUG o.h.e.j.s.SqlStatementLogger [http-nio-8080-exec-7] select count(bancaexami0_.codigo) as col_0_0_ from banca_examinadora bancaexami0_ where year(bancaexami0_.data)=? and bancaexami0_.tipo_de_banca=?
2020-07-09 21:47:40,381 DEBUG o.h.e.j.s.SqlStatementLogger [http-nio-8080-exec-7] select sum(atividade0_.qtd_participantes) as col_0_0_ from atividade atividade0_ where year(atividade0_.data)=?
2020-07-09 21:47:40,385 DEBUG o.h.e.j.s.SqlStatementLogger [http-nio-8080-exec-7] select count(atividade0_.codigo) as col_0_0_ from atividade atividade0_ where year(atividade0_.data)=?
2020-07-09 21:47:40,387 DEBUG o.h.e.j.s.SqlStatementLogger [http-nio-8080-exec-7] select sum(atividade0_.qtd_participantes) as col_0_0_ from atividade atividade0_ where year(atividade0_.data)=?
2020-07-09 21:47:40,391 DEBUG o.h.e.j.s.SqlStatementLogger [http-nio-8080-exec-7] select sum(atividade0_.duracao)/60 as col_0_0_ from atividade atividade0_ where year(atividade0_.data)=?
2020-07-09 21:47:40,394 DEBUG o.h.e.j.s.SqlStatementLogger [http-nio-8080-exec-7] select count(atividade0_.codigo) as col_0_0_ from atividade atividade0_ where atividade0_.tipo=? and year(atividade0_.data)=?
2020-07-09 21:47:40,396 DEBUG o.h.e.j.s.SqlStatementLogger [http-nio-8080-exec-7] select count(atividade0_.codigo) as col_0_0_ from atividade atividade0_ where atividade0_.tipo=? and year(atividade0_.data)=?
2020-07-09 21:47:40,397 DEBUG o.h.e.j.s.SqlStatementLogger [http-nio-8080-exec-7] select count(atividade0_.codigo) as col_0_0_ from atividade atividade0_ where atividade0_.tipo=? and year(atividade0_.data)=?
2020-07-09 21:47:40,400 DEBUG o.h.e.j.s.SqlStatementLogger [http-nio-8080-exec-7] select count(atividade0_.codigo) as col_0_0_ from atividade atividade0_ where atividade0_.tipo=? and year(atividade0_.data)=?
2020-07-09 21:47:40,402 DEBUG o.h.e.j.s.SqlStatementLogger [http-nio-8080-exec-7] select count(atividade0_.codigo) as col_0_0_ from atividade atividade0_ where atividade0_.tipo=? and year(atividade0_.data)=?
2020-07-09 21:47:40,404 DEBUG o.h.e.j.s.SqlStatementLogger [http-nio-8080-exec-7] select count(atividade0_.codigo) as col_0_0_ from atividade atividade0_ where atividade0_.tipo=? and year(atividade0_.data)=?
2020-07-09 21:47:40,405 DEBUG o.h.e.j.s.SqlStatementLogger [http-nio-8080-exec-7] select count(atividade0_.codigo) as col_0_0_ from atividade atividade0_ where atividade0_.tipo=? and year(atividade0_.data)=?
2020-07-09 21:47:40,409 DEBUG o.h.e.j.s.SqlStatementLogger [http-nio-8080-exec-7] select count(atividade0_.codigo) as col_0_0_ from atividade atividade0_ where atividade0_.forma_conexao=? and year(atividade0_.data)=?
2020-07-09 21:47:40,410 DEBUG o.h.e.j.s.SqlStatementLogger [http-nio-8080-exec-7] select count(atividade0_.codigo) as col_0_0_ from atividade atividade0_ where atividade0_.forma_conexao=? and year(atividade0_.data)=?
2020-07-09 21:47:40,413 DEBUG o.h.e.j.s.SqlStatementLogger [http-nio-8080-exec-7] select sum(bancaexami0_.valor_total) as col_0_0_ from banca_examinadora bancaexami0_ where year(bancaexami0_.data)=?
2020-07-09 21:47:40,416 DEBUG o.h.e.j.s.SqlStatementLogger [http-nio-8080-exec-7] select count(atividade0_.codigo) as col_0_0_ from atividade atividade0_ where year(atividade0_.data)=?
2020-07-09 21:47:40,419 DEBUG o.h.e.j.s.SqlStatementLogger [http-nio-8080-exec-7] select sum(atividade0_.qtd_participantes) as col_0_0_ from atividade atividade0_ where year(atividade0_.data)=?
2020-07-09 21:47:40,420 DEBUG o.h.e.j.s.SqlStatementLogger [http-nio-8080-exec-7] select sum(atividade0_.duracao)/60 as col_0_0_ from atividade atividade0_ where year(atividade0_.data)=?
2020-07-09 21:47:40,422 DEBUG o.h.e.j.s.SqlStatementLogger [http-nio-8080-exec-7] select count(atividade0_.codigo) as col_0_0_ from atividade atividade0_ where atividade0_.tipo=? and year(atividade0_.data)=?
2020-07-09 21:47:40,424 DEBUG o.h.e.j.s.SqlStatementLogger [http-nio-8080-exec-7] select count(atividade0_.codigo) as col_0_0_ from atividade atividade0_ where atividade0_.tipo=? and year(atividade0_.data)=?
2020-07-09 21:47:40,425 DEBUG o.h.e.j.s.SqlStatementLogger [http-nio-8080-exec-7] select count(atividade0_.codigo) as col_0_0_ from atividade atividade0_ where atividade0_.tipo=? and year(atividade0_.data)=?
2020-07-09 21:47:40,427 DEBUG o.h.e.j.s.SqlStatementLogger [http-nio-8080-exec-7] select count(atividade0_.codigo) as col_0_0_ from atividade atividade0_ where atividade0_.tipo=? and year(atividade0_.data)=?
2020-07-09 21:47:40,429 DEBUG o.h.e.j.s.SqlStatementLogger [http-nio-8080-exec-7] select count(atividade0_.codigo) as col_0_0_ from atividade atividade0_ where atividade0_.tipo=? and year(atividade0_.data)=?
2020-07-09 21:47:40,431 DEBUG o.h.e.j.s.SqlStatementLogger [http-nio-8080-exec-7] select count(atividade0_.codigo) as col_0_0_ from atividade atividade0_ where atividade0_.tipo=? and year(atividade0_.data)=?
2020-07-09 21:47:40,433 DEBUG o.h.e.j.s.SqlStatementLogger [http-nio-8080-exec-7] select count(atividade0_.codigo) as col_0_0_ from atividade atividade0_ where atividade0_.tipo=? and year(atividade0_.data)=?
2020-07-09 21:47:40,435 DEBUG o.h.e.j.s.SqlStatementLogger [http-nio-8080-exec-7] select count(atividade0_.codigo) as col_0_0_ from atividade atividade0_ where atividade0_.forma_conexao=? and year(atividade0_.data)=?
2020-07-09 21:47:40,437 DEBUG o.h.e.j.s.SqlStatementLogger [http-nio-8080-exec-7] select count(atividade0_.codigo) as col_0_0_ from atividade atividade0_ where atividade0_.forma_conexao=? and year(atividade0_.data)=?
2020-07-09 21:47:40,438 DEBUG o.h.e.j.s.SqlStatementLogger [http-nio-8080-exec-7] select sum(bancaexami0_.valor_total) as col_0_0_ from banca_examinadora bancaexami0_ where year(bancaexami0_.data)=?
2020-07-09 21:47:40,440 DEBUG o.h.e.j.s.SqlStatementLogger [http-nio-8080-exec-7] select count(atividade0_.codigo) as col_0_0_ from atividade atividade0_ where year(atividade0_.data)=?
2020-07-09 21:47:40,442 DEBUG o.h.e.j.s.SqlStatementLogger [http-nio-8080-exec-7] select sum(atividade0_.qtd_participantes) as col_0_0_ from atividade atividade0_ where year(atividade0_.data)=?
2020-07-09 21:47:40,443 DEBUG o.h.e.j.s.SqlStatementLogger [http-nio-8080-exec-7] select sum(atividade0_.duracao)/60 as col_0_0_ from atividade atividade0_ where year(atividade0_.data)=?
2020-07-09 21:47:40,445 DEBUG o.h.e.j.s.SqlStatementLogger [http-nio-8080-exec-7] select count(atividade0_.codigo) as col_0_0_ from atividade atividade0_ where atividade0_.tipo=? and year(atividade0_.data)=?
2020-07-09 21:47:40,447 DEBUG o.h.e.j.s.SqlStatementLogger [http-nio-8080-exec-7] select count(atividade0_.codigo) as col_0_0_ from atividade atividade0_ where atividade0_.tipo=? and year(atividade0_.data)=?
2020-07-09 21:47:40,450 DEBUG o.h.e.j.s.SqlStatementLogger [http-nio-8080-exec-7] select count(atividade0_.codigo) as col_0_0_ from atividade atividade0_ where atividade0_.tipo=? and year(atividade0_.data)=?
2020-07-09 21:47:40,452 DEBUG o.h.e.j.s.SqlStatementLogger [http-nio-8080-exec-7] select count(atividade0_.codigo) as col_0_0_ from atividade atividade0_ where atividade0_.tipo=? and year(atividade0_.data)=?
2020-07-09 21:47:40,454 DEBUG o.h.e.j.s.SqlStatementLogger [http-nio-8080-exec-7] select count(atividade0_.codigo) as col_0_0_ from atividade atividade0_ where atividade0_.tipo=? and year(atividade0_.data)=?
2020-07-09 21:47:40,456 DEBUG o.h.e.j.s.SqlStatementLogger [http-nio-8080-exec-7] select count(atividade0_.codigo) as col_0_0_ from atividade atividade0_ where atividade0_.tipo=? and year(atividade0_.data)=?
2020-07-09 21:47:40,458 DEBUG o.h.e.j.s.SqlStatementLogger [http-nio-8080-exec-7] select count(atividade0_.codigo) as col_0_0_ from atividade atividade0_ where atividade0_.tipo=? and year(atividade0_.data)=?
2020-07-09 21:47:40,459 DEBUG o.h.e.j.s.SqlStatementLogger [http-nio-8080-exec-7] select count(atividade0_.codigo) as col_0_0_ from atividade atividade0_ where atividade0_.forma_conexao=? and year(atividade0_.data)=?
2020-07-09 21:47:40,461 DEBUG o.h.e.j.s.SqlStatementLogger [http-nio-8080-exec-7] select count(atividade0_.codigo) as col_0_0_ from atividade atividade0_ where atividade0_.forma_conexao=? and year(atividade0_.data)=?
2020-07-09 21:47:40,463 DEBUG o.h.e.j.s.SqlStatementLogger [http-nio-8080-exec-7] select sum(bancaexami0_.valor_total) as col_0_0_ from banca_examinadora bancaexami0_ where year(bancaexami0_.data)=?
2020-07-09 21:47:40,465 DEBUG o.h.e.j.s.SqlStatementLogger [http-nio-8080-exec-7] select count(atividade0_.codigo) as col_0_0_ from atividade atividade0_ where year(atividade0_.data)=?
2020-07-09 21:47:40,468 DEBUG o.h.e.j.s.SqlStatementLogger [http-nio-8080-exec-7] select sum(atividade0_.qtd_participantes) as col_0_0_ from atividade atividade0_ where year(atividade0_.data)=?
2020-07-09 21:47:40,470 DEBUG o.h.e.j.s.SqlStatementLogger [http-nio-8080-exec-7] select sum(atividade0_.duracao)/60 as col_0_0_ from atividade atividade0_ where year(atividade0_.data)=?
2020-07-09 21:47:40,472 DEBUG o.h.e.j.s.SqlStatementLogger [http-nio-8080-exec-7] select count(atividade0_.codigo) as col_0_0_ from atividade atividade0_ where atividade0_.tipo=? and year(atividade0_.data)=?
2020-07-09 21:47:40,474 DEBUG o.h.e.j.s.SqlStatementLogger [http-nio-8080-exec-7] select count(atividade0_.codigo) as col_0_0_ from atividade atividade0_ where atividade0_.tipo=? and year(atividade0_.data)=?
2020-07-09 21:47:40,477 DEBUG o.h.e.j.s.SqlStatementLogger [http-nio-8080-exec-7] select count(atividade0_.codigo) as col_0_0_ from atividade atividade0_ where atividade0_.tipo=? and year(atividade0_.data)=?
2020-07-09 21:47:40,479 DEBUG o.h.e.j.s.SqlStatementLogger [http-nio-8080-exec-7] select count(atividade0_.codigo) as col_0_0_ from atividade atividade0_ where atividade0_.tipo=? and year(atividade0_.data)=?
2020-07-09 21:47:40,484 DEBUG o.h.e.j.s.SqlStatementLogger [http-nio-8080-exec-7] select count(atividade0_.codigo) as col_0_0_ from atividade atividade0_ where atividade0_.tipo=? and year(atividade0_.data)=?
2020-07-09 21:47:40,487 DEBUG o.h.e.j.s.SqlStatementLogger [http-nio-8080-exec-7] select count(atividade0_.codigo) as col_0_0_ from atividade atividade0_ where atividade0_.tipo=? and year(atividade0_.data)=?
2020-07-09 21:47:40,489 DEBUG o.h.e.j.s.SqlStatementLogger [http-nio-8080-exec-7] select count(atividade0_.codigo) as col_0_0_ from atividade atividade0_ where atividade0_.tipo=? and year(atividade0_.data)=?
2020-07-09 21:47:40,492 DEBUG o.h.e.j.s.SqlStatementLogger [http-nio-8080-exec-7] select count(atividade0_.codigo) as col_0_0_ from atividade atividade0_ where atividade0_.forma_conexao=? and year(atividade0_.data)=?
2020-07-09 21:47:40,495 DEBUG o.h.e.j.s.SqlStatementLogger [http-nio-8080-exec-7] select count(atividade0_.codigo) as col_0_0_ from atividade atividade0_ where atividade0_.forma_conexao=? and year(atividade0_.data)=?
2020-07-09 21:47:40,501 DEBUG o.h.e.j.s.SqlStatementLogger [http-nio-8080-exec-7] select sum(bancaexami0_.valor_total) as col_0_0_ from banca_examinadora bancaexami0_ where year(bancaexami0_.data)=?
2020-07-09 21:47:40,503 DEBUG o.h.e.j.s.SqlStatementLogger [http-nio-8080-exec-7] select count(atividade0_.codigo) as col_0_0_ from atividade atividade0_ where year(atividade0_.data)=?
2020-07-09 21:47:40,506 DEBUG o.h.e.j.s.SqlStatementLogger [http-nio-8080-exec-7] select sum(atividade0_.qtd_participantes) as col_0_0_ from atividade atividade0_ where year(atividade0_.data)=?
2020-07-09 21:47:40,509 DEBUG o.h.e.j.s.SqlStatementLogger [http-nio-8080-exec-7] select sum(atividade0_.duracao)/60 as col_0_0_ from atividade atividade0_ where year(atividade0_.data)=?
2020-07-09 21:47:40,510 DEBUG o.h.e.j.s.SqlStatementLogger [http-nio-8080-exec-7] select count(atividade0_.codigo) as col_0_0_ from atividade atividade0_ where atividade0_.tipo=? and year(atividade0_.data)=?
2020-07-09 21:47:40,513 DEBUG o.h.e.j.s.SqlStatementLogger [http-nio-8080-exec-7] select count(atividade0_.codigo) as col_0_0_ from atividade atividade0_ where atividade0_.tipo=? and year(atividade0_.data)=?
2020-07-09 21:47:40,516 DEBUG o.h.e.j.s.SqlStatementLogger [http-nio-8080-exec-7] select count(atividade0_.codigo) as col_0_0_ from atividade atividade0_ where atividade0_.tipo=? and year(atividade0_.data)=?
2020-07-09 21:47:40,518 DEBUG o.h.e.j.s.SqlStatementLogger [http-nio-8080-exec-7] select count(atividade0_.codigo) as col_0_0_ from atividade atividade0_ where atividade0_.tipo=? and year(atividade0_.data)=?
2020-07-09 21:47:40,520 DEBUG o.h.e.j.s.SqlStatementLogger [http-nio-8080-exec-7] select count(atividade0_.codigo) as col_0_0_ from atividade atividade0_ where atividade0_.tipo=? and year(atividade0_.data)=?
2020-07-09 21:47:40,522 DEBUG o.h.e.j.s.SqlStatementLogger [http-nio-8080-exec-7] select count(atividade0_.codigo) as col_0_0_ from atividade atividade0_ where atividade0_.tipo=? and year(atividade0_.data)=?
2020-07-09 21:47:40,524 DEBUG o.h.e.j.s.SqlStatementLogger [http-nio-8080-exec-7] select count(atividade0_.codigo) as col_0_0_ from atividade atividade0_ where atividade0_.tipo=? and year(atividade0_.data)=?
2020-07-09 21:47:40,526 DEBUG o.h.e.j.s.SqlStatementLogger [http-nio-8080-exec-7] select count(atividade0_.codigo) as col_0_0_ from atividade atividade0_ where atividade0_.forma_conexao=? and year(atividade0_.data)=?
2020-07-09 21:47:40,528 DEBUG o.h.e.j.s.SqlStatementLogger [http-nio-8080-exec-7] select count(atividade0_.codigo) as col_0_0_ from atividade atividade0_ where atividade0_.forma_conexao=? and year(atividade0_.data)=?
2020-07-09 21:47:40,531 DEBUG o.h.e.j.s.SqlStatementLogger [http-nio-8080-exec-7] select sum(bancaexami0_.valor_total) as col_0_0_ from banca_examinadora bancaexami0_ where year(bancaexami0_.data)=?
2020-07-09 21:47:40,535 DEBUG o.h.e.j.s.SqlStatementLogger [http-nio-8080-exec-7] select count(atividade0_.codigo) as col_0_0_ from atividade atividade0_ where year(atividade0_.data)=?
2020-07-09 21:47:40,537 DEBUG o.h.e.j.s.SqlStatementLogger [http-nio-8080-exec-7] select sum(atividade0_.qtd_participantes) as col_0_0_ from atividade atividade0_ where year(atividade0_.data)=?
2020-07-09 21:47:40,539 DEBUG o.h.e.j.s.SqlStatementLogger [http-nio-8080-exec-7] select sum(atividade0_.duracao)/60 as col_0_0_ from atividade atividade0_ where year(atividade0_.data)=?
2020-07-09 21:47:40,541 DEBUG o.h.e.j.s.SqlStatementLogger [http-nio-8080-exec-7] select count(atividade0_.codigo) as col_0_0_ from atividade atividade0_ where atividade0_.tipo=? and year(atividade0_.data)=?
2020-07-09 21:47:40,543 DEBUG o.h.e.j.s.SqlStatementLogger [http-nio-8080-exec-7] select count(atividade0_.codigo) as col_0_0_ from atividade atividade0_ where atividade0_.tipo=? and year(atividade0_.data)=?
2020-07-09 21:47:40,545 DEBUG o.h.e.j.s.SqlStatementLogger [http-nio-8080-exec-7] select count(atividade0_.codigo) as col_0_0_ from atividade atividade0_ where atividade0_.tipo=? and year(atividade0_.data)=?
2020-07-09 21:47:40,547 DEBUG o.h.e.j.s.SqlStatementLogger [http-nio-8080-exec-7] select count(atividade0_.codigo) as col_0_0_ from atividade atividade0_ where atividade0_.tipo=? and year(atividade0_.data)=?
2020-07-09 21:47:40,551 DEBUG o.h.e.j.s.SqlStatementLogger [http-nio-8080-exec-7] select count(atividade0_.codigo) as col_0_0_ from atividade atividade0_ where atividade0_.tipo=? and year(atividade0_.data)=?
2020-07-09 21:47:40,553 DEBUG o.h.e.j.s.SqlStatementLogger [http-nio-8080-exec-7] select count(atividade0_.codigo) as col_0_0_ from atividade atividade0_ where atividade0_.tipo=? and year(atividade0_.data)=?
2020-07-09 21:47:40,555 DEBUG o.h.e.j.s.SqlStatementLogger [http-nio-8080-exec-7] select count(atividade0_.codigo) as col_0_0_ from atividade atividade0_ where atividade0_.tipo=? and year(atividade0_.data)=?
2020-07-09 21:47:40,556 DEBUG o.h.e.j.s.SqlStatementLogger [http-nio-8080-exec-7] select count(atividade0_.codigo) as col_0_0_ from atividade atividade0_ where atividade0_.forma_conexao=? and year(atividade0_.data)=?
2020-07-09 21:47:40,558 DEBUG o.h.e.j.s.SqlStatementLogger [http-nio-8080-exec-7] select count(atividade0_.codigo) as col_0_0_ from atividade atividade0_ where atividade0_.forma_conexao=? and year(atividade0_.data)=?
2020-07-09 21:47:40,560 DEBUG o.h.e.j.s.SqlStatementLogger [http-nio-8080-exec-7] select sum(bancaexami0_.valor_total) as col_0_0_ from banca_examinadora bancaexami0_ where year(bancaexami0_.data)=?
2020-07-09 21:47:40,890 DEBUG o.h.e.j.s.SqlStatementLogger [http-nio-8080-exec-8] select count(atividade0_.codigo) as col_0_0_ from atividade atividade0_ where year(atividade0_.data)=? and month(atividade0_.data)=?
2020-07-09 21:47:40,893 DEBUG o.h.e.j.s.SqlStatementLogger [http-nio-8080-exec-8] select count(atividade0_.codigo) as col_0_0_ from atividade atividade0_ where year(atividade0_.data)=? and month(atividade0_.data)=?
2020-07-09 21:47:40,895 DEBUG o.h.e.j.s.SqlStatementLogger [http-nio-8080-exec-9] select sum(atividade0_.qtd_participantes) as col_0_0_ from atividade atividade0_ where year(atividade0_.data)=? and month(atividade0_.data)=?
2020-07-09 21:47:40,896 DEBUG o.h.e.j.s.SqlStatementLogger [http-nio-8080-exec-8] select count(atividade0_.codigo) as col_0_0_ from atividade atividade0_ where year(atividade0_.data)=? and month(atividade0_.data)=?
2020-07-09 21:47:40,900 DEBUG o.h.e.j.s.SqlStatementLogger [http-nio-8080-exec-8] select count(atividade0_.codigo) as col_0_0_ from atividade atividade0_ where year(atividade0_.data)=? and month(atividade0_.data)=?
2020-07-09 21:47:40,901 DEBUG o.h.e.j.s.SqlStatementLogger [http-nio-8080-exec-1] select count(bancaexami0_.codigo) as col_0_0_ from banca_examinadora bancaexami0_ where year(bancaexami0_.data)=? and bancaexami0_.tipo_de_banca=?
2020-07-09 21:47:40,904 DEBUG o.h.e.j.s.SqlStatementLogger [http-nio-8080-exec-8] select count(atividade0_.codigo) as col_0_0_ from atividade atividade0_ where year(atividade0_.data)=? and month(atividade0_.data)=?
2020-07-09 21:47:40,905 DEBUG o.h.e.j.s.SqlStatementLogger [http-nio-8080-exec-10] select count(atividade0_.forma_conexao) as col_0_0_ from atividade atividade0_ where atividade0_.forma_conexao=? and year(atividade0_.data)=?
2020-07-09 21:47:40,908 DEBUG o.h.e.j.s.SqlStatementLogger [http-nio-8080-exec-8] select count(atividade0_.codigo) as col_0_0_ from atividade atividade0_ where year(atividade0_.data)=? and month(atividade0_.data)=?
2020-07-09 21:47:40,911 DEBUG o.h.e.j.s.SqlStatementLogger [http-nio-8080-exec-8] select count(atividade0_.codigo) as col_0_0_ from atividade atividade0_ where year(atividade0_.data)=? and month(atividade0_.data)=?
2020-07-09 21:47:40,911 DEBUG o.h.e.j.s.SqlStatementLogger [http-nio-8080-exec-9] select sum(atividade0_.qtd_participantes) as col_0_0_ from atividade atividade0_ where year(atividade0_.data)=? and month(atividade0_.data)=?
2020-07-09 21:47:40,913 DEBUG o.h.e.j.s.SqlStatementLogger [http-nio-8080-exec-8] select count(atividade0_.codigo) as col_0_0_ from atividade atividade0_ where year(atividade0_.data)=? and month(atividade0_.data)=?
2020-07-09 21:47:40,913 DEBUG o.h.e.j.s.SqlStatementLogger [http-nio-8080-exec-1] select count(bancaexami0_.codigo) as col_0_0_ from banca_examinadora bancaexami0_ where year(bancaexami0_.data)=? and bancaexami0_.tipo_de_banca=?
2020-07-09 21:47:40,917 DEBUG o.h.e.j.s.SqlStatementLogger [http-nio-8080-exec-8] select count(atividade0_.codigo) as col_0_0_ from atividade atividade0_ where year(atividade0_.data)=? and month(atividade0_.data)=?
2020-07-09 21:47:40,917 DEBUG o.h.e.j.s.SqlStatementLogger [http-nio-8080-exec-1] select count(bancaexami0_.codigo) as col_0_0_ from banca_examinadora bancaexami0_ where year(bancaexami0_.data)=? and bancaexami0_.tipo_de_banca=?
2020-07-09 21:47:40,919 DEBUG o.h.e.j.s.SqlStatementLogger [http-nio-8080-exec-8] select count(atividade0_.codigo) as col_0_0_ from atividade atividade0_ where year(atividade0_.data)=? and month(atividade0_.data)=?
2020-07-09 21:47:40,919 DEBUG o.h.e.j.s.SqlStatementLogger [http-nio-8080-exec-1] select count(bancaexami0_.codigo) as col_0_0_ from banca_examinadora bancaexami0_ where year(bancaexami0_.data)=? and bancaexami0_.tipo_de_banca=?
2020-07-09 21:47:40,922 DEBUG o.h.e.j.s.SqlStatementLogger [http-nio-8080-exec-8] select count(atividade0_.codigo) as col_0_0_ from atividade atividade0_ where year(atividade0_.data)=? and month(atividade0_.data)=?
2020-07-09 21:47:40,922 DEBUG o.h.e.j.s.SqlStatementLogger [http-nio-8080-exec-2] select count(atividade0_.codigo) as col_0_0_ from atividade atividade0_ where year(atividade0_.data)=?
2020-07-09 21:47:40,919 DEBUG o.h.e.j.s.SqlStatementLogger [http-nio-8080-exec-9] select sum(atividade0_.qtd_participantes) as col_0_0_ from atividade atividade0_ where year(atividade0_.data)=? and month(atividade0_.data)=?
2020-07-09 21:47:40,925 DEBUG o.h.e.j.s.SqlStatementLogger [http-nio-8080-exec-8] select count(atividade0_.codigo) as col_0_0_ from atividade atividade0_ where year(atividade0_.data)=? and month(atividade0_.data)=?
2020-07-09 21:47:40,926 DEBUG o.h.e.j.s.SqlStatementLogger [http-nio-8080-exec-9] select sum(atividade0_.qtd_participantes) as col_0_0_ from atividade atividade0_ where year(atividade0_.data)=? and month(atividade0_.data)=?
2020-07-09 21:47:40,929 DEBUG o.h.e.j.s.SqlStatementLogger [http-nio-8080-exec-9] select sum(atividade0_.qtd_participantes) as col_0_0_ from atividade atividade0_ where year(atividade0_.data)=? and month(atividade0_.data)=?
2020-07-09 21:47:40,933 DEBUG o.h.e.j.s.SqlStatementLogger [http-nio-8080-exec-9] select sum(atividade0_.qtd_participantes) as col_0_0_ from atividade atividade0_ where year(atividade0_.data)=? and month(atividade0_.data)=?
2020-07-09 21:47:40,936 DEBUG o.h.e.j.s.SqlStatementLogger [http-nio-8080-exec-10] select count(atividade0_.forma_conexao) as col_0_0_ from atividade atividade0_ where atividade0_.forma_conexao=? and year(atividade0_.data)=?
2020-07-09 21:47:40,936 DEBUG o.h.e.j.s.SqlStatementLogger [http-nio-8080-exec-9] select sum(atividade0_.qtd_participantes) as col_0_0_ from atividade atividade0_ where year(atividade0_.data)=? and month(atividade0_.data)=?
2020-07-09 21:47:40,938 DEBUG o.h.e.j.s.SqlStatementLogger [http-nio-8080-exec-9] select sum(atividade0_.qtd_participantes) as col_0_0_ from atividade atividade0_ where year(atividade0_.data)=? and month(atividade0_.data)=?
2020-07-09 21:47:40,940 DEBUG o.h.e.j.s.SqlStatementLogger [http-nio-8080-exec-10] select count(atividade0_.tipo) as col_0_0_ from atividade atividade0_ where atividade0_.tipo=? and year(atividade0_.data)=?
2020-07-09 21:47:40,941 DEBUG o.h.e.j.s.SqlStatementLogger [http-nio-8080-exec-9] select sum(atividade0_.qtd_participantes) as col_0_0_ from atividade atividade0_ where year(atividade0_.data)=? and month(atividade0_.data)=?
2020-07-09 21:47:40,946 DEBUG o.h.e.j.s.SqlStatementLogger [http-nio-8080-exec-9] select sum(atividade0_.qtd_participantes) as col_0_0_ from atividade atividade0_ where year(atividade0_.data)=? and month(atividade0_.data)=?
2020-07-09 21:47:40,949 DEBUG o.h.e.j.s.SqlStatementLogger [http-nio-8080-exec-9] select sum(atividade0_.qtd_participantes) as col_0_0_ from atividade atividade0_ where year(atividade0_.data)=? and month(atividade0_.data)=?
2020-07-09 21:47:40,952 DEBUG o.h.e.j.s.SqlStatementLogger [http-nio-8080-exec-9] select sum(atividade0_.qtd_participantes) as col_0_0_ from atividade atividade0_ where year(atividade0_.data)=? and month(atividade0_.data)=?
2020-07-09 21:47:40,955 DEBUG o.h.e.j.s.SqlStatementLogger [http-nio-8080-exec-3] select count(atividade0_.codigo) as col_0_0_ from atividade atividade0_ where atividade0_.tipo=? and year(atividade0_.data)=?
2020-07-09 21:47:40,955 DEBUG o.h.e.j.s.SqlStatementLogger [http-nio-8080-exec-2] select count(atividade0_.codigo) as col_0_0_ from atividade atividade0_ where year(atividade0_.data)=?
2020-07-09 21:47:40,959 DEBUG o.h.e.j.s.SqlStatementLogger [http-nio-8080-exec-2] select count(atividade0_.codigo) as col_0_0_ from atividade atividade0_ where year(atividade0_.data)=?
2020-07-09 21:47:40,962 DEBUG o.h.e.j.s.SqlStatementLogger [http-nio-8080-exec-2] select count(atividade0_.codigo) as col_0_0_ from atividade atividade0_ where year(atividade0_.data)=?
2020-07-09 21:47:40,967 DEBUG o.h.e.j.s.SqlStatementLogger [http-nio-8080-exec-2] select count(atividade0_.codigo) as col_0_0_ from atividade atividade0_ where year(atividade0_.data)=?
2020-07-09 21:47:40,970 DEBUG o.h.e.j.s.SqlStatementLogger [http-nio-8080-exec-2] select count(atividade0_.codigo) as col_0_0_ from atividade atividade0_ where year(atividade0_.data)=?
2020-07-09 21:47:40,973 DEBUG o.h.e.j.s.SqlStatementLogger [http-nio-8080-exec-2] select count(atividade0_.codigo) as col_0_0_ from atividade atividade0_ where year(atividade0_.data)=?
2020-07-09 21:47:40,973 DEBUG o.h.e.j.s.SqlStatementLogger [http-nio-8080-exec-3] select count(atividade0_.codigo) as col_0_0_ from atividade atividade0_ where atividade0_.tipo=? and year(atividade0_.data)=?
2020-07-09 21:47:40,975 DEBUG o.h.e.j.s.SqlStatementLogger [http-nio-8080-exec-2] select count(atividade0_.codigo) as col_0_0_ from atividade atividade0_ where year(atividade0_.data)=?
2020-07-09 21:47:40,976 DEBUG o.h.e.j.s.SqlStatementLogger [http-nio-8080-exec-3] select count(atividade0_.codigo) as col_0_0_ from atividade atividade0_ where atividade0_.tipo=? and year(atividade0_.data)=?
2020-07-09 21:47:40,978 DEBUG o.h.e.j.s.SqlStatementLogger [http-nio-8080-exec-3] select count(atividade0_.codigo) as col_0_0_ from atividade atividade0_ where atividade0_.tipo=? and year(atividade0_.data)=?
2020-07-09 21:47:40,980 DEBUG o.h.e.j.s.SqlStatementLogger [http-nio-8080-exec-3] select count(atividade0_.codigo) as col_0_0_ from atividade atividade0_ where atividade0_.tipo=? and year(atividade0_.data)=?
2020-07-09 21:47:40,983 DEBUG o.h.e.j.s.SqlStatementLogger [http-nio-8080-exec-3] select count(atividade0_.codigo) as col_0_0_ from atividade atividade0_ where atividade0_.tipo=? and year(atividade0_.data)=?
2020-07-09 21:47:40,986 DEBUG o.h.e.j.s.SqlStatementLogger [http-nio-8080-exec-3] select count(atividade0_.codigo) as col_0_0_ from atividade atividade0_ where atividade0_.tipo=? and year(atividade0_.data)=?
2020-07-09 21:47:40,989 DEBUG o.h.e.j.s.SqlStatementLogger [http-nio-8080-exec-3] select count(atividade0_.codigo) as col_0_0_ from atividade atividade0_ where atividade0_.tipo=? and year(atividade0_.data)=?
2020-07-09 21:47:40,991 DEBUG o.h.e.j.s.SqlStatementLogger [http-nio-8080-exec-3] select count(atividade0_.codigo) as col_0_0_ from atividade atividade0_ where atividade0_.tipo=? and year(atividade0_.data)=?
2020-07-09 21:47:40,993 DEBUG o.h.e.j.s.SqlStatementLogger [http-nio-8080-exec-3] select count(atividade0_.codigo) as col_0_0_ from atividade atividade0_ where atividade0_.tipo=? and year(atividade0_.data)=?
2020-07-09 21:47:40,996 DEBUG o.h.e.j.s.SqlStatementLogger [http-nio-8080-exec-3] select count(atividade0_.codigo) as col_0_0_ from atividade atividade0_ where atividade0_.tipo=? and year(atividade0_.data)=?
2020-07-09 21:47:40,998 DEBUG o.h.e.j.s.SqlStatementLogger [http-nio-8080-exec-3] select count(atividade0_.codigo) as col_0_0_ from atividade atividade0_ where atividade0_.tipo=? and year(atividade0_.data)=?
2020-07-09 21:47:41,002 DEBUG o.h.e.j.s.SqlStatementLogger [http-nio-8080-exec-3] select count(atividade0_.codigo) as col_0_0_ from atividade atividade0_ where atividade0_.tipo=? and year(atividade0_.data)=?
2020-07-09 21:47:41,005 DEBUG o.h.e.j.s.SqlStatementLogger [http-nio-8080-exec-3] select count(atividade0_.codigo) as col_0_0_ from atividade atividade0_ where atividade0_.tipo=? and year(atividade0_.data)=?
2020-07-09 21:47:41,007 DEBUG o.h.e.j.s.SqlStatementLogger [http-nio-8080-exec-3] select count(atividade0_.codigo) as col_0_0_ from atividade atividade0_ where atividade0_.tipo=? and year(atividade0_.data)=?
2020-07-09 21:47:41,009 DEBUG o.h.e.j.s.SqlStatementLogger [http-nio-8080-exec-3] select count(atividade0_.codigo) as col_0_0_ from atividade atividade0_ where atividade0_.tipo=? and year(atividade0_.data)=?
2020-07-09 21:47:41,011 DEBUG o.h.e.j.s.SqlStatementLogger [http-nio-8080-exec-3] select count(atividade0_.codigo) as col_0_0_ from atividade atividade0_ where atividade0_.tipo=? and year(atividade0_.data)=?
2020-07-09 21:47:41,013 DEBUG o.h.e.j.s.SqlStatementLogger [http-nio-8080-exec-3] select count(atividade0_.codigo) as col_0_0_ from atividade atividade0_ where atividade0_.tipo=? and year(atividade0_.data)=?
2020-07-09 21:47:41,017 DEBUG o.h.e.j.s.SqlStatementLogger [http-nio-8080-exec-3] select count(atividade0_.codigo) as col_0_0_ from atividade atividade0_ where atividade0_.tipo=? and year(atividade0_.data)=?
2020-07-09 21:47:41,020 DEBUG o.h.e.j.s.SqlStatementLogger [http-nio-8080-exec-3] select count(atividade0_.codigo) as col_0_0_ from atividade atividade0_ where atividade0_.tipo=? and year(atividade0_.data)=?
2020-07-09 21:47:41,022 DEBUG o.h.e.j.s.SqlStatementLogger [http-nio-8080-exec-3] select count(atividade0_.codigo) as col_0_0_ from atividade atividade0_ where atividade0_.tipo=? and year(atividade0_.data)=?
2020-07-09 21:47:41,025 DEBUG o.h.e.j.s.SqlStatementLogger [http-nio-8080-exec-3] select count(atividade0_.codigo) as col_0_0_ from atividade atividade0_ where atividade0_.tipo=? and year(atividade0_.data)=?
2020-07-09 21:47:41,027 DEBUG o.h.e.j.s.SqlStatementLogger [http-nio-8080-exec-3] select count(atividade0_.codigo) as col_0_0_ from atividade atividade0_ where atividade0_.tipo=? and year(atividade0_.data)=?
2020-07-09 21:47:41,029 DEBUG o.h.e.j.s.SqlStatementLogger [http-nio-8080-exec-3] select count(atividade0_.codigo) as col_0_0_ from atividade atividade0_ where atividade0_.tipo=? and year(atividade0_.data)=?
2020-07-09 21:47:41,032 DEBUG o.h.e.j.s.SqlStatementLogger [http-nio-8080-exec-3] select count(atividade0_.codigo) as col_0_0_ from atividade atividade0_ where atividade0_.tipo=? and year(atividade0_.data)=?
2020-07-09 21:47:41,034 DEBUG o.h.e.j.s.SqlStatementLogger [http-nio-8080-exec-3] select count(atividade0_.codigo) as col_0_0_ from atividade atividade0_ where atividade0_.tipo=? and year(atividade0_.data)=?
2020-07-09 21:47:41,036 DEBUG o.h.e.j.s.SqlStatementLogger [http-nio-8080-exec-3] select count(atividade0_.codigo) as col_0_0_ from atividade atividade0_ where atividade0_.tipo=? and year(atividade0_.data)=?
2020-07-09 21:47:41,038 DEBUG o.h.e.j.s.SqlStatementLogger [http-nio-8080-exec-3] select count(atividade0_.codigo) as col_0_0_ from atividade atividade0_ where atividade0_.tipo=? and year(atividade0_.data)=?
2020-07-09 21:47:41,040 DEBUG o.h.e.j.s.SqlStatementLogger [http-nio-8080-exec-3] select count(atividade0_.codigo) as col_0_0_ from atividade atividade0_ where atividade0_.tipo=? and year(atividade0_.data)=?
2020-07-09 21:47:41,042 DEBUG o.h.e.j.s.SqlStatementLogger [http-nio-8080-exec-3] select count(atividade0_.codigo) as col_0_0_ from atividade atividade0_ where atividade0_.tipo=? and year(atividade0_.data)=?
2020-07-09 21:47:41,044 DEBUG o.h.e.j.s.SqlStatementLogger [http-nio-8080-exec-3] select count(atividade0_.codigo) as col_0_0_ from atividade atividade0_ where atividade0_.tipo=? and year(atividade0_.data)=?
2020-07-09 21:47:41,046 DEBUG o.h.e.j.s.SqlStatementLogger [http-nio-8080-exec-3] select count(atividade0_.codigo) as col_0_0_ from atividade atividade0_ where atividade0_.tipo=? and year(atividade0_.data)=?
2020-07-09 21:47:41,048 DEBUG o.h.e.j.s.SqlStatementLogger [http-nio-8080-exec-3] select count(atividade0_.codigo) as col_0_0_ from atividade atividade0_ where atividade0_.tipo=? and year(atividade0_.data)=?
2020-07-09 21:47:41,051 DEBUG o.h.e.j.s.SqlStatementLogger [http-nio-8080-exec-3] select count(atividade0_.codigo) as col_0_0_ from atividade atividade0_ where atividade0_.tipo=? and year(atividade0_.data)=?
2020-07-09 21:47:41,054 DEBUG o.h.e.j.s.SqlStatementLogger [http-nio-8080-exec-3] select count(atividade0_.codigo) as col_0_0_ from atividade atividade0_ where atividade0_.tipo=? and year(atividade0_.data)=?
2020-07-09 21:47:44,857 DEBUG o.h.e.j.s.SqlStatementLogger [http-nio-8080-exec-4] select grupo0_.codigo as codigo1_2_, grupo0_.nome as nome2_2_ from grupo grupo0_
2020-07-09 21:47:44,864 DEBUG o.h.e.j.s.SqlStatementLogger [http-nio-8080-exec-4] select usuario0_.codigo as codigo1_5_, usuario0_.ativo as ativo2_5_, usuario0_.email as email3_5_, usuario0_.primeiro_nome as primeiro4_5_, usuario0_.senha as senha5_5_, usuario0_.ultimo_nome as ultimo_n6_5_ from usuario usuario0_
2020-07-09 21:47:44,897 DEBUG o.h.e.j.s.SqlStatementLogger [http-nio-8080-exec-4] select grupos0_.codigo_usuario as codigo_u1_6_0_, grupos0_.codigo_grupo as codigo_g2_6_0_, grupo1_.codigo as codigo1_2_1_, grupo1_.nome as nome2_2_1_ from usuario_grupo grupos0_ inner join grupo grupo1_ on grupos0_.codigo_grupo=grupo1_.codigo where grupos0_.codigo_usuario=?
2020-07-09 21:47:44,948 DEBUG o.h.e.j.s.SqlStatementLogger [http-nio-8080-exec-4] select grupos0_.codigo_usuario as codigo_u1_6_0_, grupos0_.codigo_grupo as codigo_g2_6_0_, grupo1_.codigo as codigo1_2_1_, grupo1_.nome as nome2_2_1_ from usuario_grupo grupos0_ inner join grupo grupo1_ on grupos0_.codigo_grupo=grupo1_.codigo where grupos0_.codigo_usuario=?
2020-07-09 21:47:44,953 DEBUG o.h.e.j.s.SqlStatementLogger [http-nio-8080-exec-4] select grupos0_.codigo_usuario as codigo_u1_6_0_, grupos0_.codigo_grupo as codigo_g2_6_0_, grupo1_.codigo as codigo1_2_1_, grupo1_.nome as nome2_2_1_ from usuario_grupo grupos0_ inner join grupo grupo1_ on grupos0_.codigo_grupo=grupo1_.codigo where grupos0_.codigo_usuario=?
2020-07-09 21:47:54,649 DEBUG o.h.e.j.s.SqlStatementLogger [http-nio-8080-exec-5] select count(atividade0_.codigo) as col_0_0_ from atividade atividade0_ where year(atividade0_.data)=?
2020-07-09 21:47:54,653 DEBUG o.h.e.j.s.SqlStatementLogger [http-nio-8080-exec-5] select count(atividade0_.codigo) as col_0_0_ from atividade atividade0_ where atividade0_.tipo=? and year(atividade0_.data)=?
2020-07-09 21:47:54,655 DEBUG o.h.e.j.s.SqlStatementLogger [http-nio-8080-exec-5] select count(atividade0_.codigo) as col_0_0_ from atividade atividade0_ where atividade0_.tipo=? and year(atividade0_.data)=?
2020-07-09 21:47:54,656 DEBUG o.h.e.j.s.SqlStatementLogger [http-nio-8080-exec-5] select count(atividade0_.codigo) as col_0_0_ from atividade atividade0_ where atividade0_.tipo=? and year(atividade0_.data)=?
2020-07-09 21:47:54,658 DEBUG o.h.e.j.s.SqlStatementLogger [http-nio-8080-exec-5] select sum(bancaexami0_.valor_total) as col_0_0_ from banca_examinadora bancaexami0_ where year(bancaexami0_.data)=?
2020-07-09 21:47:54,660 DEBUG o.h.e.j.s.SqlStatementLogger [http-nio-8080-exec-5] select count(bancaexami0_.codigo) as col_0_0_ from banca_examinadora bancaexami0_ where year(bancaexami0_.data)=? and bancaexami0_.tipo_de_banca=?
2020-07-09 21:47:54,661 DEBUG o.h.e.j.s.SqlStatementLogger [http-nio-8080-exec-5] select count(bancaexami0_.codigo) as col_0_0_ from banca_examinadora bancaexami0_ where year(bancaexami0_.data)=? and bancaexami0_.tipo_de_banca=?
2020-07-09 21:47:54,663 DEBUG o.h.e.j.s.SqlStatementLogger [http-nio-8080-exec-5] select sum(atividade0_.qtd_participantes) as col_0_0_ from atividade atividade0_ where year(atividade0_.data)=?
2020-07-09 21:47:54,664 DEBUG o.h.e.j.s.SqlStatementLogger [http-nio-8080-exec-5] select count(atividade0_.codigo) as col_0_0_ from atividade atividade0_ where year(atividade0_.data)=?
2020-07-09 21:47:54,666 DEBUG o.h.e.j.s.SqlStatementLogger [http-nio-8080-exec-5] select sum(atividade0_.qtd_participantes) as col_0_0_ from atividade atividade0_ where year(atividade0_.data)=?
2020-07-09 21:47:54,669 DEBUG o.h.e.j.s.SqlStatementLogger [http-nio-8080-exec-5] select sum(atividade0_.duracao)/60 as col_0_0_ from atividade atividade0_ where year(atividade0_.data)=?
2020-07-09 21:47:54,670 DEBUG o.h.e.j.s.SqlStatementLogger [http-nio-8080-exec-5] select count(atividade0_.codigo) as col_0_0_ from atividade atividade0_ where atividade0_.tipo=? and year(atividade0_.data)=?
2020-07-09 21:47:54,672 DEBUG o.h.e.j.s.SqlStatementLogger [http-nio-8080-exec-5] select count(atividade0_.codigo) as col_0_0_ from atividade atividade0_ where atividade0_.tipo=? and year(atividade0_.data)=?
2020-07-09 21:47:54,674 DEBUG o.h.e.j.s.SqlStatementLogger [http-nio-8080-exec-5] select count(atividade0_.codigo) as col_0_0_ from atividade atividade0_ where atividade0_.tipo=? and year(atividade0_.data)=?
2020-07-09 21:47:54,676 DEBUG o.h.e.j.s.SqlStatementLogger [http-nio-8080-exec-5] select count(atividade0_.codigo) as col_0_0_ from atividade atividade0_ where atividade0_.tipo=? and year(atividade0_.data)=?
2020-07-09 21:47:54,677 DEBUG o.h.e.j.s.SqlStatementLogger [http-nio-8080-exec-5] select count(atividade0_.codigo) as col_0_0_ from atividade atividade0_ where atividade0_.tipo=? and year(atividade0_.data)=?
2020-07-09 21:47:54,679 DEBUG o.h.e.j.s.SqlStatementLogger [http-nio-8080-exec-5] select count(atividade0_.codigo) as col_0_0_ from atividade atividade0_ where atividade0_.tipo=? and year(atividade0_.data)=?
2020-07-09 21:47:54,681 DEBUG o.h.e.j.s.SqlStatementLogger [http-nio-8080-exec-5] select count(atividade0_.codigo) as col_0_0_ from atividade atividade0_ where atividade0_.tipo=? and year(atividade0_.data)=?
2020-07-09 21:47:54,683 DEBUG o.h.e.j.s.SqlStatementLogger [http-nio-8080-exec-5] select count(atividade0_.codigo) as col_0_0_ from atividade atividade0_ where atividade0_.forma_conexao=? and year(atividade0_.data)=?
2020-07-09 21:47:54,686 DEBUG o.h.e.j.s.SqlStatementLogger [http-nio-8080-exec-5] select count(atividade0_.codigo) as col_0_0_ from atividade atividade0_ where atividade0_.forma_conexao=? and year(atividade0_.data)=?
2020-07-09 21:47:54,688 DEBUG o.h.e.j.s.SqlStatementLogger [http-nio-8080-exec-5] select sum(bancaexami0_.valor_total) as col_0_0_ from banca_examinadora bancaexami0_ where year(bancaexami0_.data)=?
2020-07-09 21:47:54,690 DEBUG o.h.e.j.s.SqlStatementLogger [http-nio-8080-exec-5] select count(atividade0_.codigo) as col_0_0_ from atividade atividade0_ where year(atividade0_.data)=?
2020-07-09 21:47:54,692 DEBUG o.h.e.j.s.SqlStatementLogger [http-nio-8080-exec-5] select sum(atividade0_.qtd_participantes) as col_0_0_ from atividade atividade0_ where year(atividade0_.data)=?
2020-07-09 21:47:54,693 DEBUG o.h.e.j.s.SqlStatementLogger [http-nio-8080-exec-5] select sum(atividade0_.duracao)/60 as col_0_0_ from atividade atividade0_ where year(atividade0_.data)=?
2020-07-09 21:47:54,695 DEBUG o.h.e.j.s.SqlStatementLogger [http-nio-8080-exec-5] select count(atividade0_.codigo) as col_0_0_ from atividade atividade0_ where atividade0_.tipo=? and year(atividade0_.data)=?
2020-07-09 21:47:54,697 DEBUG o.h.e.j.s.SqlStatementLogger [http-nio-8080-exec-5] select count(atividade0_.codigo) as col_0_0_ from atividade atividade0_ where atividade0_.tipo=? and year(atividade0_.data)=?
2020-07-09 21:47:54,698 DEBUG o.h.e.j.s.SqlStatementLogger [http-nio-8080-exec-5] select count(atividade0_.codigo) as col_0_0_ from atividade atividade0_ where atividade0_.tipo=? and year(atividade0_.data)=?
2020-07-09 21:47:54,702 DEBUG o.h.e.j.s.SqlStatementLogger [http-nio-8080-exec-5] select count(atividade0_.codigo) as col_0_0_ from atividade atividade0_ where atividade0_.tipo=? and year(atividade0_.data)=?
2020-07-09 21:47:54,704 DEBUG o.h.e.j.s.SqlStatementLogger [http-nio-8080-exec-5] select count(atividade0_.codigo) as col_0_0_ from atividade atividade0_ where atividade0_.tipo=? and year(atividade0_.data)=?
2020-07-09 21:47:54,707 DEBUG o.h.e.j.s.SqlStatementLogger [http-nio-8080-exec-5] select count(atividade0_.codigo) as col_0_0_ from atividade atividade0_ where atividade0_.tipo=? and year(atividade0_.data)=?
2020-07-09 21:47:54,710 DEBUG o.h.e.j.s.SqlStatementLogger [http-nio-8080-exec-5] select count(atividade0_.codigo) as col_0_0_ from atividade atividade0_ where atividade0_.tipo=? and year(atividade0_.data)=?
2020-07-09 21:47:54,711 DEBUG o.h.e.j.s.SqlStatementLogger [http-nio-8080-exec-5] select count(atividade0_.codigo) as col_0_0_ from atividade atividade0_ where atividade0_.forma_conexao=? and year(atividade0_.data)=?
2020-07-09 21:47:54,714 DEBUG o.h.e.j.s.SqlStatementLogger [http-nio-8080-exec-5] select count(atividade0_.codigo) as col_0_0_ from atividade atividade0_ where atividade0_.forma_conexao=? and year(atividade0_.data)=?
2020-07-09 21:47:54,715 DEBUG o.h.e.j.s.SqlStatementLogger [http-nio-8080-exec-5] select sum(bancaexami0_.valor_total) as col_0_0_ from banca_examinadora bancaexami0_ where year(bancaexami0_.data)=?
2020-07-09 21:47:54,718 DEBUG o.h.e.j.s.SqlStatementLogger [http-nio-8080-exec-5] select count(atividade0_.codigo) as col_0_0_ from atividade atividade0_ where year(atividade0_.data)=?
2020-07-09 21:47:54,720 DEBUG o.h.e.j.s.SqlStatementLogger [http-nio-8080-exec-5] select sum(atividade0_.qtd_participantes) as col_0_0_ from atividade atividade0_ where year(atividade0_.data)=?
2020-07-09 21:47:54,722 DEBUG o.h.e.j.s.SqlStatementLogger [http-nio-8080-exec-5] select sum(atividade0_.duracao)/60 as col_0_0_ from atividade atividade0_ where year(atividade0_.data)=?
2020-07-09 21:47:54,724 DEBUG o.h.e.j.s.SqlStatementLogger [http-nio-8080-exec-5] select count(atividade0_.codigo) as col_0_0_ from atividade atividade0_ where atividade0_.tipo=? and year(atividade0_.data)=?
2020-07-09 21:47:54,725 DEBUG o.h.e.j.s.SqlStatementLogger [http-nio-8080-exec-5] select count(atividade0_.codigo) as col_0_0_ from atividade atividade0_ where atividade0_.tipo=? and year(atividade0_.data)=?
2020-07-09 21:47:54,727 DEBUG o.h.e.j.s.SqlStatementLogger [http-nio-8080-exec-5] select count(atividade0_.codigo) as col_0_0_ from atividade atividade0_ where atividade0_.tipo=? and year(atividade0_.data)=?
2020-07-09 21:47:54,729 DEBUG o.h.e.j.s.SqlStatementLogger [http-nio-8080-exec-5] select count(atividade0_.codigo) as col_0_0_ from atividade atividade0_ where atividade0_.tipo=? and year(atividade0_.data)=?
2020-07-09 21:47:54,730 DEBUG o.h.e.j.s.SqlStatementLogger [http-nio-8080-exec-5] select count(atividade0_.codigo) as col_0_0_ from atividade atividade0_ where atividade0_.tipo=? and year(atividade0_.data)=?
2020-07-09 21:47:54,732 DEBUG o.h.e.j.s.SqlStatementLogger [http-nio-8080-exec-5] select count(atividade0_.codigo) as col_0_0_ from atividade atividade0_ where atividade0_.tipo=? and year(atividade0_.data)=?
2020-07-09 21:47:54,736 DEBUG o.h.e.j.s.SqlStatementLogger [http-nio-8080-exec-5] select count(atividade0_.codigo) as col_0_0_ from atividade atividade0_ where atividade0_.tipo=? and year(atividade0_.data)=?
2020-07-09 21:47:54,738 DEBUG o.h.e.j.s.SqlStatementLogger [http-nio-8080-exec-5] select count(atividade0_.codigo) as col_0_0_ from atividade atividade0_ where atividade0_.forma_conexao=? and year(atividade0_.data)=?
2020-07-09 21:47:54,740 DEBUG o.h.e.j.s.SqlStatementLogger [http-nio-8080-exec-5] select count(atividade0_.codigo) as col_0_0_ from atividade atividade0_ where atividade0_.forma_conexao=? and year(atividade0_.data)=?
2020-07-09 21:47:54,741 DEBUG o.h.e.j.s.SqlStatementLogger [http-nio-8080-exec-5] select sum(bancaexami0_.valor_total) as col_0_0_ from banca_examinadora bancaexami0_ where year(bancaexami0_.data)=?
2020-07-09 21:47:54,743 DEBUG o.h.e.j.s.SqlStatementLogger [http-nio-8080-exec-5] select count(atividade0_.codigo) as col_0_0_ from atividade atividade0_ where year(atividade0_.data)=?
2020-07-09 21:47:54,745 DEBUG o.h.e.j.s.SqlStatementLogger [http-nio-8080-exec-5] select sum(atividade0_.qtd_participantes) as col_0_0_ from atividade atividade0_ where year(atividade0_.data)=?
2020-07-09 21:47:54,746 DEBUG o.h.e.j.s.SqlStatementLogger [http-nio-8080-exec-5] select sum(atividade0_.duracao)/60 as col_0_0_ from atividade atividade0_ where year(atividade0_.data)=?
2020-07-09 21:47:54,748 DEBUG o.h.e.j.s.SqlStatementLogger [http-nio-8080-exec-5] select count(atividade0_.codigo) as col_0_0_ from atividade atividade0_ where atividade0_.tipo=? and year(atividade0_.data)=?
2020-07-09 21:47:54,751 DEBUG o.h.e.j.s.SqlStatementLogger [http-nio-8080-exec-5] select count(atividade0_.codigo) as col_0_0_ from atividade atividade0_ where atividade0_.tipo=? and year(atividade0_.data)=?
2020-07-09 21:47:54,753 DEBUG o.h.e.j.s.SqlStatementLogger [http-nio-8080-exec-5] select count(atividade0_.codigo) as col_0_0_ from atividade atividade0_ where atividade0_.tipo=? and year(atividade0_.data)=?
2020-07-09 21:47:54,755 DEBUG o.h.e.j.s.SqlStatementLogger [http-nio-8080-exec-5] select count(atividade0_.codigo) as col_0_0_ from atividade atividade0_ where atividade0_.tipo=? and year(atividade0_.data)=?
2020-07-09 21:47:54,756 DEBUG o.h.e.j.s.SqlStatementLogger [http-nio-8080-exec-5] select count(atividade0_.codigo) as col_0_0_ from atividade atividade0_ where atividade0_.tipo=? and year(atividade0_.data)=?
2020-07-09 21:47:54,758 DEBUG o.h.e.j.s.SqlStatementLogger [http-nio-8080-exec-5] select count(atividade0_.codigo) as col_0_0_ from atividade atividade0_ where atividade0_.tipo=? and year(atividade0_.data)=?
2020-07-09 21:47:54,761 DEBUG o.h.e.j.s.SqlStatementLogger [http-nio-8080-exec-5] select count(atividade0_.codigo) as col_0_0_ from atividade atividade0_ where atividade0_.tipo=? and year(atividade0_.data)=?
2020-07-09 21:47:54,763 DEBUG o.h.e.j.s.SqlStatementLogger [http-nio-8080-exec-5] select count(atividade0_.codigo) as col_0_0_ from atividade atividade0_ where atividade0_.forma_conexao=? and year(atividade0_.data)=?
2020-07-09 21:47:54,765 DEBUG o.h.e.j.s.SqlStatementLogger [http-nio-8080-exec-5] select count(atividade0_.codigo) as col_0_0_ from atividade atividade0_ where atividade0_.forma_conexao=? and year(atividade0_.data)=?
2020-07-09 21:47:54,768 DEBUG o.h.e.j.s.SqlStatementLogger [http-nio-8080-exec-5] select sum(bancaexami0_.valor_total) as col_0_0_ from banca_examinadora bancaexami0_ where year(bancaexami0_.data)=?
2020-07-09 21:47:54,771 DEBUG o.h.e.j.s.SqlStatementLogger [http-nio-8080-exec-5] select count(atividade0_.codigo) as col_0_0_ from atividade atividade0_ where year(atividade0_.data)=?
2020-07-09 21:47:54,773 DEBUG o.h.e.j.s.SqlStatementLogger [http-nio-8080-exec-5] select sum(atividade0_.qtd_participantes) as col_0_0_ from atividade atividade0_ where year(atividade0_.data)=?
2020-07-09 21:47:54,775 DEBUG o.h.e.j.s.SqlStatementLogger [http-nio-8080-exec-5] select sum(atividade0_.duracao)/60 as col_0_0_ from atividade atividade0_ where year(atividade0_.data)=?
2020-07-09 21:47:54,777 DEBUG o.h.e.j.s.SqlStatementLogger [http-nio-8080-exec-5] select count(atividade0_.codigo) as col_0_0_ from atividade atividade0_ where atividade0_.tipo=? and year(atividade0_.data)=?
2020-07-09 21:47:54,779 DEBUG o.h.e.j.s.SqlStatementLogger [http-nio-8080-exec-5] select count(atividade0_.codigo) as col_0_0_ from atividade atividade0_ where atividade0_.tipo=? and year(atividade0_.data)=?
2020-07-09 21:47:54,780 DEBUG o.h.e.j.s.SqlStatementLogger [http-nio-8080-exec-5] select count(atividade0_.codigo) as col_0_0_ from atividade atividade0_ where atividade0_.tipo=? and year(atividade0_.data)=?
2020-07-09 21:47:54,782 DEBUG o.h.e.j.s.SqlStatementLogger [http-nio-8080-exec-5] select count(atividade0_.codigo) as col_0_0_ from atividade atividade0_ where atividade0_.tipo=? and year(atividade0_.data)=?
2020-07-09 21:47:54,785 DEBUG o.h.e.j.s.SqlStatementLogger [http-nio-8080-exec-5] select count(atividade0_.codigo) as col_0_0_ from atividade atividade0_ where atividade0_.tipo=? and year(atividade0_.data)=?
2020-07-09 21:47:54,787 DEBUG o.h.e.j.s.SqlStatementLogger [http-nio-8080-exec-5] select count(atividade0_.codigo) as col_0_0_ from atividade atividade0_ where atividade0_.tipo=? and year(atividade0_.data)=?
2020-07-09 21:47:54,788 DEBUG o.h.e.j.s.SqlStatementLogger [http-nio-8080-exec-5] select count(atividade0_.codigo) as col_0_0_ from atividade atividade0_ where atividade0_.tipo=? and year(atividade0_.data)=?
2020-07-09 21:47:54,790 DEBUG o.h.e.j.s.SqlStatementLogger [http-nio-8080-exec-5] select count(atividade0_.codigo) as col_0_0_ from atividade atividade0_ where atividade0_.forma_conexao=? and year(atividade0_.data)=?
2020-07-09 21:47:54,792 DEBUG o.h.e.j.s.SqlStatementLogger [http-nio-8080-exec-5] select count(atividade0_.codigo) as col_0_0_ from atividade atividade0_ where atividade0_.forma_conexao=? and year(atividade0_.data)=?
2020-07-09 21:47:54,794 DEBUG o.h.e.j.s.SqlStatementLogger [http-nio-8080-exec-5] select sum(bancaexami0_.valor_total) as col_0_0_ from banca_examinadora bancaexami0_ where year(bancaexami0_.data)=?
2020-07-09 21:47:54,797 DEBUG o.h.e.j.s.SqlStatementLogger [http-nio-8080-exec-5] select count(atividade0_.codigo) as col_0_0_ from atividade atividade0_ where year(atividade0_.data)=?
2020-07-09 21:47:54,799 DEBUG o.h.e.j.s.SqlStatementLogger [http-nio-8080-exec-5] select sum(atividade0_.qtd_participantes) as col_0_0_ from atividade atividade0_ where year(atividade0_.data)=?
2020-07-09 21:47:54,802 DEBUG o.h.e.j.s.SqlStatementLogger [http-nio-8080-exec-5] select sum(atividade0_.duracao)/60 as col_0_0_ from atividade atividade0_ where year(atividade0_.data)=?
2020-07-09 21:47:54,805 DEBUG o.h.e.j.s.SqlStatementLogger [http-nio-8080-exec-5] select count(atividade0_.codigo) as col_0_0_ from atividade atividade0_ where atividade0_.tipo=? and year(atividade0_.data)=?
2020-07-09 21:47:54,807 DEBUG o.h.e.j.s.SqlStatementLogger [http-nio-8080-exec-5] select count(atividade0_.codigo) as col_0_0_ from atividade atividade0_ where atividade0_.tipo=? and year(atividade0_.data)=?
2020-07-09 21:47:54,809 DEBUG o.h.e.j.s.SqlStatementLogger [http-nio-8080-exec-5] select count(atividade0_.codigo) as col_0_0_ from atividade atividade0_ where atividade0_.tipo=? and year(atividade0_.data)=?
2020-07-09 21:47:54,811 DEBUG o.h.e.j.s.SqlStatementLogger [http-nio-8080-exec-5] select count(atividade0_.codigo) as col_0_0_ from atividade atividade0_ where atividade0_.tipo=? and year(atividade0_.data)=?
2020-07-09 21:47:54,812 DEBUG o.h.e.j.s.SqlStatementLogger [http-nio-8080-exec-5] select count(atividade0_.codigo) as col_0_0_ from atividade atividade0_ where atividade0_.tipo=? and year(atividade0_.data)=?
2020-07-09 21:47:54,814 DEBUG o.h.e.j.s.SqlStatementLogger [http-nio-8080-exec-5] select count(atividade0_.codigo) as col_0_0_ from atividade atividade0_ where atividade0_.tipo=? and year(atividade0_.data)=?
2020-07-09 21:47:54,816 DEBUG o.h.e.j.s.SqlStatementLogger [http-nio-8080-exec-5] select count(atividade0_.codigo) as col_0_0_ from atividade atividade0_ where atividade0_.tipo=? and year(atividade0_.data)=?
2020-07-09 21:47:54,818 DEBUG o.h.e.j.s.SqlStatementLogger [http-nio-8080-exec-5] select count(atividade0_.codigo) as col_0_0_ from atividade atividade0_ where atividade0_.forma_conexao=? and year(atividade0_.data)=?
2020-07-09 21:47:54,821 DEBUG o.h.e.j.s.SqlStatementLogger [http-nio-8080-exec-5] select count(atividade0_.codigo) as col_0_0_ from atividade atividade0_ where atividade0_.forma_conexao=? and year(atividade0_.data)=?
2020-07-09 21:47:54,823 DEBUG o.h.e.j.s.SqlStatementLogger [http-nio-8080-exec-5] select sum(bancaexami0_.valor_total) as col_0_0_ from banca_examinadora bancaexami0_ where year(bancaexami0_.data)=?
2020-07-09 21:47:55,151 DEBUG o.h.e.j.s.SqlStatementLogger [http-nio-8080-exec-2] select count(atividade0_.forma_conexao) as col_0_0_ from atividade atividade0_ where atividade0_.forma_conexao=? and year(atividade0_.data)=?
2020-07-09 21:47:55,155 DEBUG o.h.e.j.s.SqlStatementLogger [http-nio-8080-exec-7] select sum(atividade0_.qtd_participantes) as col_0_0_ from atividade atividade0_ where year(atividade0_.data)=? and month(atividade0_.data)=?
2020-07-09 21:47:55,155 DEBUG o.h.e.j.s.SqlStatementLogger [http-nio-8080-exec-2] select count(atividade0_.forma_conexao) as col_0_0_ from atividade atividade0_ where atividade0_.forma_conexao=? and year(atividade0_.data)=?
2020-07-09 21:47:55,151 DEBUG o.h.e.j.s.SqlStatementLogger [http-nio-8080-exec-6] select count(atividade0_.codigo) as col_0_0_ from atividade atividade0_ where year(atividade0_.data)=? and month(atividade0_.data)=?
2020-07-09 21:47:55,157 DEBUG o.h.e.j.s.SqlStatementLogger [http-nio-8080-exec-1] select count(bancaexami0_.codigo) as col_0_0_ from banca_examinadora bancaexami0_ where year(bancaexami0_.data)=? and bancaexami0_.tipo_de_banca=?
2020-07-09 21:47:55,157 DEBUG o.h.e.j.s.SqlStatementLogger [http-nio-8080-exec-2] select count(atividade0_.tipo) as col_0_0_ from atividade atividade0_ where atividade0_.tipo=? and year(atividade0_.data)=?
2020-07-09 21:47:55,158 DEBUG o.h.e.j.s.SqlStatementLogger [http-nio-8080-exec-6] select count(atividade0_.codigo) as col_0_0_ from atividade atividade0_ where year(atividade0_.data)=? and month(atividade0_.data)=?
2020-07-09 21:47:55,159 DEBUG o.h.e.j.s.SqlStatementLogger [http-nio-8080-exec-1] select count(bancaexami0_.codigo) as col_0_0_ from banca_examinadora bancaexami0_ where year(bancaexami0_.data)=? and bancaexami0_.tipo_de_banca=?
2020-07-09 21:47:55,161 DEBUG o.h.e.j.s.SqlStatementLogger [http-nio-8080-exec-6] select count(atividade0_.codigo) as col_0_0_ from atividade atividade0_ where year(atividade0_.data)=? and month(atividade0_.data)=?
2020-07-09 21:47:55,164 DEBUG o.h.e.j.s.SqlStatementLogger [http-nio-8080-exec-6] select count(atividade0_.codigo) as col_0_0_ from atividade atividade0_ where year(atividade0_.data)=? and month(atividade0_.data)=?
2020-07-09 21:47:55,165 DEBUG o.h.e.j.s.SqlStatementLogger [http-nio-8080-exec-2] select count(atividade0_.codigo) as col_0_0_ from atividade atividade0_ where atividade0_.tipo=? and year(atividade0_.data)=?
2020-07-09 21:47:55,167 DEBUG o.h.e.j.s.SqlStatementLogger [http-nio-8080-exec-1] select count(bancaexami0_.codigo) as col_0_0_ from banca_examinadora bancaexami0_ where year(bancaexami0_.data)=? and bancaexami0_.tipo_de_banca=?
2020-07-09 21:47:55,167 DEBUG o.h.e.j.s.SqlStatementLogger [http-nio-8080-exec-6] select count(atividade0_.codigo) as col_0_0_ from atividade atividade0_ where year(atividade0_.data)=? and month(atividade0_.data)=?
2020-07-09 21:47:55,169 DEBUG o.h.e.j.s.SqlStatementLogger [http-nio-8080-exec-2] select count(atividade0_.codigo) as col_0_0_ from atividade atividade0_ where atividade0_.tipo=? and year(atividade0_.data)=?
2020-07-09 21:47:55,170 DEBUG o.h.e.j.s.SqlStatementLogger [http-nio-8080-exec-6] select count(atividade0_.codigo) as col_0_0_ from atividade atividade0_ where year(atividade0_.data)=? and month(atividade0_.data)=?
2020-07-09 21:47:55,170 DEBUG o.h.e.j.s.SqlStatementLogger [http-nio-8080-exec-1] select count(bancaexami0_.codigo) as col_0_0_ from banca_examinadora bancaexami0_ where year(bancaexami0_.data)=? and bancaexami0_.tipo_de_banca=?
2020-07-09 21:47:55,171 DEBUG o.h.e.j.s.SqlStatementLogger [http-nio-8080-exec-7] select sum(atividade0_.qtd_participantes) as col_0_0_ from atividade atividade0_ where year(atividade0_.data)=? and month(atividade0_.data)=?
2020-07-09 21:47:55,171 DEBUG o.h.e.j.s.SqlStatementLogger [http-nio-8080-exec-6] select count(atividade0_.codigo) as col_0_0_ from atividade atividade0_ where year(atividade0_.data)=? and month(atividade0_.data)=?
2020-07-09 21:47:55,171 DEBUG o.h.e.j.s.SqlStatementLogger [http-nio-8080-exec-2] select count(atividade0_.codigo) as col_0_0_ from atividade atividade0_ where atividade0_.tipo=? and year(atividade0_.data)=?
2020-07-09 21:47:55,173 DEBUG o.h.e.j.s.SqlStatementLogger [http-nio-8080-exec-2] select count(atividade0_.codigo) as col_0_0_ from atividade atividade0_ where atividade0_.tipo=? and year(atividade0_.data)=?
2020-07-09 21:47:55,173 DEBUG o.h.e.j.s.SqlStatementLogger [http-nio-8080-exec-6] select count(atividade0_.codigo) as col_0_0_ from atividade atividade0_ where year(atividade0_.data)=? and month(atividade0_.data)=?
2020-07-09 21:47:55,181 DEBUG o.h.e.j.s.SqlStatementLogger [http-nio-8080-exec-6] select count(atividade0_.codigo) as col_0_0_ from atividade atividade0_ where year(atividade0_.data)=? and month(atividade0_.data)=?
2020-07-09 21:47:55,174 DEBUG o.h.e.j.s.SqlStatementLogger [http-nio-8080-exec-7] select sum(atividade0_.qtd_participantes) as col_0_0_ from atividade atividade0_ where year(atividade0_.data)=? and month(atividade0_.data)=?
2020-07-09 21:47:55,185 DEBUG o.h.e.j.s.SqlStatementLogger [http-nio-8080-exec-6] select count(atividade0_.codigo) as col_0_0_ from atividade atividade0_ where year(atividade0_.data)=? and month(atividade0_.data)=?
2020-07-09 21:47:55,187 DEBUG o.h.e.j.s.SqlStatementLogger [http-nio-8080-exec-6] select count(atividade0_.codigo) as col_0_0_ from atividade atividade0_ where year(atividade0_.data)=? and month(atividade0_.data)=?
2020-07-09 21:47:55,175 DEBUG o.h.e.j.s.SqlStatementLogger [http-nio-8080-exec-2] select count(atividade0_.codigo) as col_0_0_ from atividade atividade0_ where atividade0_.tipo=? and year(atividade0_.data)=?
2020-07-09 21:47:55,187 DEBUG o.h.e.j.s.SqlStatementLogger [http-nio-8080-exec-7] select sum(atividade0_.qtd_participantes) as col_0_0_ from atividade atividade0_ where year(atividade0_.data)=? and month(atividade0_.data)=?
2020-07-09 21:47:55,177 DEBUG o.h.e.j.s.SqlStatementLogger [http-nio-8080-exec-8] select count(atividade0_.codigo) as col_0_0_ from atividade atividade0_ where year(atividade0_.data)=?
2020-07-09 21:47:55,189 DEBUG o.h.e.j.s.SqlStatementLogger [http-nio-8080-exec-7] select sum(atividade0_.qtd_participantes) as col_0_0_ from atividade atividade0_ where year(atividade0_.data)=? and month(atividade0_.data)=?
2020-07-09 21:47:55,189 DEBUG o.h.e.j.s.SqlStatementLogger [http-nio-8080-exec-6] select count(atividade0_.codigo) as col_0_0_ from atividade atividade0_ where year(atividade0_.data)=? and month(atividade0_.data)=?
2020-07-09 21:47:55,189 DEBUG o.h.e.j.s.SqlStatementLogger [http-nio-8080-exec-2] select count(atividade0_.codigo) as col_0_0_ from atividade atividade0_ where atividade0_.tipo=? and year(atividade0_.data)=?
2020-07-09 21:47:55,191 DEBUG o.h.e.j.s.SqlStatementLogger [http-nio-8080-exec-2] select count(atividade0_.codigo) as col_0_0_ from atividade atividade0_ where atividade0_.tipo=? and year(atividade0_.data)=?
2020-07-09 21:47:55,191 DEBUG o.h.e.j.s.SqlStatementLogger [http-nio-8080-exec-7] select sum(atividade0_.qtd_participantes) as col_0_0_ from atividade atividade0_ where year(atividade0_.data)=? and month(atividade0_.data)=?
2020-07-09 21:47:55,193 DEBUG o.h.e.j.s.SqlStatementLogger [http-nio-8080-exec-2] select count(atividade0_.codigo) as col_0_0_ from atividade atividade0_ where atividade0_.tipo=? and year(atividade0_.data)=?
2020-07-09 21:47:55,193 DEBUG o.h.e.j.s.SqlStatementLogger [http-nio-8080-exec-7] select sum(atividade0_.qtd_participantes) as col_0_0_ from atividade atividade0_ where year(atividade0_.data)=? and month(atividade0_.data)=?
2020-07-09 21:47:55,193 DEBUG o.h.e.j.s.SqlStatementLogger [http-nio-8080-exec-8] select count(atividade0_.codigo) as col_0_0_ from atividade atividade0_ where year(atividade0_.data)=?
2020-07-09 21:47:55,195 DEBUG o.h.e.j.s.SqlStatementLogger [http-nio-8080-exec-2] select count(atividade0_.codigo) as col_0_0_ from atividade atividade0_ where atividade0_.tipo=? and year(atividade0_.data)=?
2020-07-09 21:47:55,195 DEBUG o.h.e.j.s.SqlStatementLogger [http-nio-8080-exec-8] select count(atividade0_.codigo) as col_0_0_ from atividade atividade0_ where year(atividade0_.data)=?
2020-07-09 21:47:55,195 DEBUG o.h.e.j.s.SqlStatementLogger [http-nio-8080-exec-7] select sum(atividade0_.qtd_participantes) as col_0_0_ from atividade atividade0_ where year(atividade0_.data)=? and month(atividade0_.data)=?
2020-07-09 21:47:55,196 DEBUG o.h.e.j.s.SqlStatementLogger [http-nio-8080-exec-2] select count(atividade0_.codigo) as col_0_0_ from atividade atividade0_ where atividade0_.tipo=? and year(atividade0_.data)=?
2020-07-09 21:47:55,196 DEBUG o.h.e.j.s.SqlStatementLogger [http-nio-8080-exec-8] select count(atividade0_.codigo) as col_0_0_ from atividade atividade0_ where year(atividade0_.data)=?
2020-07-09 21:47:55,196 DEBUG o.h.e.j.s.SqlStatementLogger [http-nio-8080-exec-7] select sum(atividade0_.qtd_participantes) as col_0_0_ from atividade atividade0_ where year(atividade0_.data)=? and month(atividade0_.data)=?
2020-07-09 21:47:55,198 DEBUG o.h.e.j.s.SqlStatementLogger [http-nio-8080-exec-2] select count(atividade0_.codigo) as col_0_0_ from atividade atividade0_ where atividade0_.tipo=? and year(atividade0_.data)=?
2020-07-09 21:47:55,198 DEBUG o.h.e.j.s.SqlStatementLogger [http-nio-8080-exec-8] select count(atividade0_.codigo) as col_0_0_ from atividade atividade0_ where year(atividade0_.data)=?
2020-07-09 21:47:55,198 DEBUG o.h.e.j.s.SqlStatementLogger [http-nio-8080-exec-7] select sum(atividade0_.qtd_participantes) as col_0_0_ from atividade atividade0_ where year(atividade0_.data)=? and month(atividade0_.data)=?
2020-07-09 21:47:55,202 DEBUG o.h.e.j.s.SqlStatementLogger [http-nio-8080-exec-8] select count(atividade0_.codigo) as col_0_0_ from atividade atividade0_ where year(atividade0_.data)=?
2020-07-09 21:47:55,202 DEBUG o.h.e.j.s.SqlStatementLogger [http-nio-8080-exec-2] select count(atividade0_.codigo) as col_0_0_ from atividade atividade0_ where atividade0_.tipo=? and year(atividade0_.data)=?
2020-07-09 21:47:55,204 DEBUG o.h.e.j.s.SqlStatementLogger [http-nio-8080-exec-7] select sum(atividade0_.qtd_participantes) as col_0_0_ from atividade atividade0_ where year(atividade0_.data)=? and month(atividade0_.data)=?
2020-07-09 21:47:55,204 DEBUG o.h.e.j.s.SqlStatementLogger [http-nio-8080-exec-2] select count(atividade0_.codigo) as col_0_0_ from atividade atividade0_ where atividade0_.tipo=? and year(atividade0_.data)=?
2020-07-09 21:47:55,204 DEBUG o.h.e.j.s.SqlStatementLogger [http-nio-8080-exec-8] select count(atividade0_.codigo) as col_0_0_ from atividade atividade0_ where year(atividade0_.data)=?
2020-07-09 21:47:55,206 DEBUG o.h.e.j.s.SqlStatementLogger [http-nio-8080-exec-8] select count(atividade0_.codigo) as col_0_0_ from atividade atividade0_ where year(atividade0_.data)=?
2020-07-09 21:47:55,206 DEBUG o.h.e.j.s.SqlStatementLogger [http-nio-8080-exec-7] select sum(atividade0_.qtd_participantes) as col_0_0_ from atividade atividade0_ where year(atividade0_.data)=? and month(atividade0_.data)=?
2020-07-09 21:47:55,207 DEBUG o.h.e.j.s.SqlStatementLogger [http-nio-8080-exec-2] select count(atividade0_.codigo) as col_0_0_ from atividade atividade0_ where atividade0_.tipo=? and year(atividade0_.data)=?
2020-07-09 21:47:55,211 DEBUG o.h.e.j.s.SqlStatementLogger [http-nio-8080-exec-2] select count(atividade0_.codigo) as col_0_0_ from atividade atividade0_ where atividade0_.tipo=? and year(atividade0_.data)=?
2020-07-09 21:47:55,215 DEBUG o.h.e.j.s.SqlStatementLogger [http-nio-8080-exec-2] select count(atividade0_.codigo) as col_0_0_ from atividade atividade0_ where atividade0_.tipo=? and year(atividade0_.data)=?
2020-07-09 21:47:55,218 DEBUG o.h.e.j.s.SqlStatementLogger [http-nio-8080-exec-2] select count(atividade0_.codigo) as col_0_0_ from atividade atividade0_ where atividade0_.tipo=? and year(atividade0_.data)=?
2020-07-09 21:47:55,221 DEBUG o.h.e.j.s.SqlStatementLogger [http-nio-8080-exec-2] select count(atividade0_.codigo) as col_0_0_ from atividade atividade0_ where atividade0_.tipo=? and year(atividade0_.data)=?
2020-07-09 21:47:55,223 DEBUG o.h.e.j.s.SqlStatementLogger [http-nio-8080-exec-2] select count(atividade0_.codigo) as col_0_0_ from atividade atividade0_ where atividade0_.tipo=? and year(atividade0_.data)=?
2020-07-09 21:47:55,225 DEBUG o.h.e.j.s.SqlStatementLogger [http-nio-8080-exec-2] select count(atividade0_.codigo) as col_0_0_ from atividade atividade0_ where atividade0_.tipo=? and year(atividade0_.data)=?
2020-07-09 21:47:55,227 DEBUG o.h.e.j.s.SqlStatementLogger [http-nio-8080-exec-2] select count(atividade0_.codigo) as col_0_0_ from atividade atividade0_ where atividade0_.tipo=? and year(atividade0_.data)=?
2020-07-09 21:47:55,229 DEBUG o.h.e.j.s.SqlStatementLogger [http-nio-8080-exec-2] select count(atividade0_.codigo) as col_0_0_ from atividade atividade0_ where atividade0_.tipo=? and year(atividade0_.data)=?
2020-07-09 21:47:55,231 DEBUG o.h.e.j.s.SqlStatementLogger [http-nio-8080-exec-2] select count(atividade0_.codigo) as col_0_0_ from atividade atividade0_ where atividade0_.tipo=? and year(atividade0_.data)=?
2020-07-09 21:47:55,233 DEBUG o.h.e.j.s.SqlStatementLogger [http-nio-8080-exec-2] select count(atividade0_.codigo) as col_0_0_ from atividade atividade0_ where atividade0_.tipo=? and year(atividade0_.data)=?
2020-07-09 21:47:55,236 DEBUG o.h.e.j.s.SqlStatementLogger [http-nio-8080-exec-2] select count(atividade0_.codigo) as col_0_0_ from atividade atividade0_ where atividade0_.tipo=? and year(atividade0_.data)=?
2020-07-09 21:47:55,238 DEBUG o.h.e.j.s.SqlStatementLogger [http-nio-8080-exec-2] select count(atividade0_.codigo) as col_0_0_ from atividade atividade0_ where atividade0_.tipo=? and year(atividade0_.data)=?
2020-07-09 21:47:55,241 DEBUG o.h.e.j.s.SqlStatementLogger [http-nio-8080-exec-2] select count(atividade0_.codigo) as col_0_0_ from atividade atividade0_ where atividade0_.tipo=? and year(atividade0_.data)=?
2020-07-09 21:47:55,243 DEBUG o.h.e.j.s.SqlStatementLogger [http-nio-8080-exec-2] select count(atividade0_.codigo) as col_0_0_ from atividade atividade0_ where atividade0_.tipo=? and year(atividade0_.data)=?
2020-07-09 21:47:55,246 DEBUG o.h.e.j.s.SqlStatementLogger [http-nio-8080-exec-2] select count(atividade0_.codigo) as col_0_0_ from atividade atividade0_ where atividade0_.tipo=? and year(atividade0_.data)=?
2020-07-09 21:47:55,248 DEBUG o.h.e.j.s.SqlStatementLogger [http-nio-8080-exec-2] select count(atividade0_.codigo) as col_0_0_ from atividade atividade0_ where atividade0_.tipo=? and year(atividade0_.data)=?
2020-07-09 21:47:55,251 DEBUG o.h.e.j.s.SqlStatementLogger [http-nio-8080-exec-2] select count(atividade0_.codigo) as col_0_0_ from atividade atividade0_ where atividade0_.tipo=? and year(atividade0_.data)=?
2020-07-09 21:47:55,254 DEBUG o.h.e.j.s.SqlStatementLogger [http-nio-8080-exec-2] select count(atividade0_.codigo) as col_0_0_ from atividade atividade0_ where atividade0_.tipo=? and year(atividade0_.data)=?
2020-07-09 21:47:55,255 DEBUG o.h.e.j.s.SqlStatementLogger [http-nio-8080-exec-2] select count(atividade0_.codigo) as col_0_0_ from atividade atividade0_ where atividade0_.tipo=? and year(atividade0_.data)=?
2020-07-09 21:47:55,257 DEBUG o.h.e.j.s.SqlStatementLogger [http-nio-8080-exec-2] select count(atividade0_.codigo) as col_0_0_ from atividade atividade0_ where atividade0_.tipo=? and year(atividade0_.data)=?
2020-07-09 21:47:55,259 DEBUG o.h.e.j.s.SqlStatementLogger [http-nio-8080-exec-2] select count(atividade0_.codigo) as col_0_0_ from atividade atividade0_ where atividade0_.tipo=? and year(atividade0_.data)=?
