2020-07-02 21:20:24,940 INFO o.s.b.StartupInfoLogger [main] Starting RevSpringBootApplication on DESKTOP-H0MQLKS with PID 12320 (C:\Users\samue\Documents\workspace-sts-3.9.12.RELEASE\RevSpringBoot\target\classes started by samue in C:\Users\samue\Documents\workspace-sts-3.9.12.RELEASE\RevSpringBoot)
2020-07-02 21:20:24,961 INFO o.s.b.SpringApplication [main] No active profile set, falling back to default profiles: default
2020-07-02 21:20:26,255 INFO o.s.d.r.c.RepositoryConfigurationDelegate [main] Bootstrapping Spring Data JPA repositories in DEFAULT mode.
2020-07-02 21:20:26,400 INFO o.s.d.r.c.RepositoryConfigurationDelegate [main] Finished Spring Data repository scanning in 134ms. Found 4 JPA repository interfaces.
2020-07-02 21:20:27,056 INFO o.s.b.w.e.t.TomcatWebServer [main] Tomcat initialized with port(s): 8080 (http)
2020-07-02 21:20:27,066 INFO o.a.j.l.DirectJDKLog [main] Initializing ProtocolHandler ["http-nio-8080"]
2020-07-02 21:20:27,068 INFO o.a.j.l.DirectJDKLog [main] Starting service [Tomcat]
2020-07-02 21:20:27,068 INFO o.a.j.l.DirectJDKLog [main] Starting Servlet engine: [Apache Tomcat/9.0.34]
2020-07-02 21:20:27,243 INFO o.a.j.l.DirectJDKLog [main] Initializing Spring embedded WebApplicationContext
2020-07-02 21:20:27,244 INFO o.s.b.w.s.c.ServletWebServerApplicationContext [main] Root WebApplicationContext: initialization completed in 2147 ms
2020-07-02 21:20:27,468 INFO o.f.c.i.l.s.Slf4jLog [main] Flyway Community Edition 6.0.8 by Redgate
2020-07-02 21:20:27,492 INFO c.z.h.HikariDataSource [main] HikariPool-1 - Starting...
2020-07-02 21:20:28,378 INFO c.z.h.HikariDataSource [main] HikariPool-1 - Start completed.
2020-07-02 21:20:28,415 INFO o.f.c.i.l.s.Slf4jLog [main] Database: jdbc:mysql://localhost:3306/projetobase (MySQL 8.0)
2020-07-02 21:20:28,473 INFO o.f.c.i.l.s.Slf4jLog [main] Successfully validated 14 migrations (execution time 00:00.033s)
2020-07-02 21:20:28,495 INFO o.f.c.i.l.s.Slf4jLog [main] Current version of schema `projetobase`: 14
2020-07-02 21:20:28,497 INFO o.f.c.i.l.s.Slf4jLog [main] Schema `projetobase` is up to date. No migration necessary.
2020-07-02 21:20:28,653 INFO o.h.j.i.u.LogHelper [main] HHH000204: Processing PersistenceUnitInfo [name: default]
2020-07-02 21:20:28,715 INFO o.h.Version [main] HHH000412: Hibernate ORM core version 5.4.15.Final
2020-07-02 21:20:28,864 INFO o.h.a.c.r.j.JavaReflectionManager [main] HCANN000001: Hibernate Commons Annotations {5.1.0.Final}
2020-07-02 21:20:28,985 INFO o.h.d.Dialect [main] HHH000400: Using dialect: org.hibernate.dialect.MySQL5Dialect
2020-07-02 21:20:30,015 INFO o.h.e.t.j.p.i.JtaPlatformInitiator [main] HHH000490: Using JtaPlatform implementation: [org.hibernate.engine.transaction.jta.platform.internal.NoJtaPlatform]
2020-07-02 21:20:30,025 INFO o.s.o.j.AbstractEntityManagerFactoryBean [main] Initialized JPA EntityManagerFactory for persistence unit 'default'
2020-07-02 21:20:30,094 WARN o.s.b.a.o.j.JpaBaseConfiguration$JpaWebConfiguration [main] spring.jpa.open-in-view is enabled by default. Therefore, database queries may be performed during view rendering. Explicitly configure spring.jpa.open-in-view to disable this warning
2020-07-02 21:20:31,061 INFO o.s.s.w.DefaultSecurityFilterChain [main] Creating filter chain: Ant [pattern='/static/**'], []
2020-07-02 21:20:31,062 INFO o.s.s.w.DefaultSecurityFilterChain [main] Creating filter chain: Ant [pattern='/img/**'], []
2020-07-02 21:20:31,062 INFO o.s.s.w.DefaultSecurityFilterChain [main] Creating filter chain: Ant [pattern='/css/**'], []
2020-07-02 21:20:31,062 INFO o.s.s.w.DefaultSecurityFilterChain [main] Creating filter chain: Ant [pattern='/js/**'], []
2020-07-02 21:20:31,062 INFO o.s.s.w.DefaultSecurityFilterChain [main] Creating filter chain: Ant [pattern='/scss/**'], []
2020-07-02 21:20:31,062 INFO o.s.s.w.DefaultSecurityFilterChain [main] Creating filter chain: Ant [pattern='/vendor/**'], []
2020-07-02 21:20:31,104 INFO o.s.s.w.DefaultSecurityFilterChain [main] Creating filter chain: any request, [org.springframework.security.web.context.request.async.WebAsyncManagerIntegrationFilter@4fc3529, org.springframework.security.web.context.SecurityContextPersistenceFilter@7827d7b, org.springframework.security.web.header.HeaderWriterFilter@5503c7d, org.springframework.security.web.csrf.CsrfFilter@19ac93d2, org.springframework.security.web.authentication.logout.LogoutFilter@2e3900dc, org.springframework.security.web.authentication.UsernamePasswordAuthenticationFilter@1255de25, org.springframework.security.web.savedrequest.RequestCacheAwareFilter@2e7a9db7, org.springframework.security.web.servletapi.SecurityContextHolderAwareRequestFilter@78e387d6, org.springframework.security.web.authentication.AnonymousAuthenticationFilter@38e46765, org.springframework.security.web.session.SessionManagementFilter@2ec0ca83, org.springframework.security.web.access.ExceptionTranslationFilter@160c7c42, org.springframework.security.web.access.intercept.FilterSecurityInterceptor@5f3ddc86]
2020-07-02 21:20:31,313 WARN o.t.t.TemplateMode [main] [THYMELEAF][main] Template Mode 'HTML5' is deprecated. Using Template Mode 'HTML' instead.
2020-07-02 21:20:31,512 INFO o.a.j.l.DirectJDKLog [main] Starting ProtocolHandler ["http-nio-8080"]
2020-07-02 21:20:31,539 INFO o.s.b.w.e.t.TomcatWebServer [main] Tomcat started on port(s): 8080 (http) with context path ''
2020-07-02 21:20:31,541 INFO o.s.b.StartupInfoLogger [main] Started RevSpringBootApplication in 7.071 seconds (JVM running for 9.282)
2020-07-02 21:20:38,999 INFO o.a.j.l.DirectJDKLog [http-nio-8080-exec-1] Initializing Spring DispatcherServlet 'dispatcherServlet'
2020-07-02 21:20:38,999 INFO o.s.w.s.FrameworkServlet [http-nio-8080-exec-1] Initializing Servlet 'dispatcherServlet'
2020-07-02 21:20:39,013 INFO o.s.w.s.FrameworkServlet [http-nio-8080-exec-1] Completed initialization in 12 ms
2020-07-02 21:20:39,171 DEBUG o.h.e.j.s.SqlStatementLogger [http-nio-8080-exec-1] select sum(atividade0_.qtd_participantes) as col_0_0_ from atividade atividade0_
2020-07-02 21:20:39,195 DEBUG o.h.e.j.s.SqlStatementLogger [http-nio-8080-exec-1] select sum(bancaexami0_.valor_total) as col_0_0_ from banca_examinadora bancaexami0_
2020-07-02 21:20:39,207 DEBUG o.h.e.j.s.SqlStatementLogger [http-nio-8080-exec-1] select count(atividade0_.forma_conexao) as col_0_0_ from atividade atividade0_ where atividade0_.forma_conexao=?
2020-07-02 21:20:39,210 DEBUG o.h.e.j.s.SqlStatementLogger [http-nio-8080-exec-1] select count(atividade0_.forma_conexao) as col_0_0_ from atividade atividade0_ where atividade0_.forma_conexao=?
2020-07-02 21:20:39,220 DEBUG o.h.e.j.s.SqlStatementLogger [http-nio-8080-exec-1] select count(atividade0_.codigo) as col_0_0_ from atividade atividade0_
2020-07-02 21:20:39,282 DEBUG o.h.e.j.s.SqlStatementLogger [http-nio-8080-exec-1] select count(bancaexami0_.codigo) as col_0_0_ from banca_examinadora bancaexami0_
2020-07-02 21:20:39,295 DEBUG o.h.e.j.s.SqlStatementLogger [http-nio-8080-exec-1] select count(atividade0_.tipo) as col_0_0_ from atividade atividade0_ where atividade0_.tipo=?
2020-07-02 21:20:39,304 DEBUG o.h.e.j.s.SqlStatementLogger [http-nio-8080-exec-1] select sum(atividade0_.pontos_conectados) as col_0_0_ from atividade atividade0_
2020-07-02 21:20:39,740 DEBUG o.h.e.j.s.SqlStatementLogger [http-nio-8080-exec-2] select sum(atividade0_.qtd_participantes) as col_0_0_ from atividade atividade0_
2020-07-02 21:20:39,746 DEBUG o.h.e.j.s.SqlStatementLogger [http-nio-8080-exec-2] select sum(bancaexami0_.valor_total) as col_0_0_ from banca_examinadora bancaexami0_
2020-07-02 21:20:39,750 DEBUG o.h.e.j.s.SqlStatementLogger [http-nio-8080-exec-2] select count(atividade0_.forma_conexao) as col_0_0_ from atividade atividade0_ where atividade0_.forma_conexao=?
2020-07-02 21:20:39,753 DEBUG o.h.e.j.s.SqlStatementLogger [http-nio-8080-exec-2] select count(atividade0_.forma_conexao) as col_0_0_ from atividade atividade0_ where atividade0_.forma_conexao=?
2020-07-02 21:20:39,756 DEBUG o.h.e.j.s.SqlStatementLogger [http-nio-8080-exec-2] select count(atividade0_.codigo) as col_0_0_ from atividade atividade0_
2020-07-02 21:20:39,762 DEBUG o.h.e.j.s.SqlStatementLogger [http-nio-8080-exec-2] select count(bancaexami0_.codigo) as col_0_0_ from banca_examinadora bancaexami0_
2020-07-02 21:20:39,768 DEBUG o.h.e.j.s.SqlStatementLogger [http-nio-8080-exec-2] select count(atividade0_.tipo) as col_0_0_ from atividade atividade0_ where atividade0_.tipo=?
2020-07-02 21:20:39,770 DEBUG o.h.e.j.s.SqlStatementLogger [http-nio-8080-exec-2] select sum(atividade0_.pontos_conectados) as col_0_0_ from atividade atividade0_
2020-07-02 21:20:48,099 DEBUG o.h.e.j.s.SqlStatementLogger [http-nio-8080-exec-5] select usuario0_.codigo as codigo1_5_, usuario0_.ativo as ativo2_5_, usuario0_.email as email3_5_, usuario0_.primeiro_nome as primeiro4_5_, usuario0_.senha as senha5_5_, usuario0_.ultimo_nome as ultimo_n6_5_ from usuario usuario0_ where lower(usuario0_.email)=lower(?) and usuario0_.ativo=1
2020-07-02 21:20:48,138 DEBUG o.h.e.j.s.SqlStatementLogger [http-nio-8080-exec-5] select distinct permissao4_.nome as col_0_0_ from usuario usuario0_ inner join usuario_grupo grupos1_ on usuario0_.codigo=grupos1_.codigo_usuario inner join grupo grupo2_ on grupos1_.codigo_grupo=grupo2_.codigo inner join grupo_permissao permissoes3_ on grupo2_.codigo=permissoes3_.codigo_grupo inner join permissao permissao4_ on permissoes3_.codigo_permissao=permissao4_.codigo where usuario0_.codigo=?
2020-07-02 21:20:48,296 DEBUG o.h.e.j.s.SqlStatementLogger [http-nio-8080-exec-8] select count(atividade0_.codigo) as col_0_0_ from atividade atividade0_ where year(atividade0_.data)=?
2020-07-02 21:20:48,301 DEBUG o.h.e.j.s.SqlStatementLogger [http-nio-8080-exec-8] select count(atividade0_.codigo) as col_0_0_ from atividade atividade0_ where atividade0_.tipo=? and year(atividade0_.data)=?
2020-07-02 21:20:48,304 DEBUG o.h.e.j.s.SqlStatementLogger [http-nio-8080-exec-8] select count(atividade0_.codigo) as col_0_0_ from atividade atividade0_ where atividade0_.tipo=? and year(atividade0_.data)=?
2020-07-02 21:20:48,309 DEBUG o.h.e.j.s.SqlStatementLogger [http-nio-8080-exec-8] select count(atividade0_.codigo) as col_0_0_ from atividade atividade0_ where atividade0_.tipo=? and year(atividade0_.data)=?
2020-07-02 21:20:48,314 DEBUG o.h.e.j.s.SqlStatementLogger [http-nio-8080-exec-8] select sum(bancaexami0_.valor_total) as col_0_0_ from banca_examinadora bancaexami0_ where year(bancaexami0_.data)=?
2020-07-02 21:20:48,317 DEBUG o.h.e.j.s.SqlStatementLogger [http-nio-8080-exec-8] select count(bancaexami0_.codigo) as col_0_0_ from banca_examinadora bancaexami0_ where year(bancaexami0_.data)=? and bancaexami0_.tipo_de_banca=?
2020-07-02 21:20:48,319 DEBUG o.h.e.j.s.SqlStatementLogger [http-nio-8080-exec-8] select count(bancaexami0_.codigo) as col_0_0_ from banca_examinadora bancaexami0_ where year(bancaexami0_.data)=? and bancaexami0_.tipo_de_banca=?
2020-07-02 21:20:48,324 DEBUG o.h.e.j.s.SqlStatementLogger [http-nio-8080-exec-8] select sum(atividade0_.qtd_participantes) as col_0_0_ from atividade atividade0_ where year(atividade0_.data)=?
2020-07-02 21:20:48,327 DEBUG o.h.e.j.s.SqlStatementLogger [http-nio-8080-exec-8] select count(atividade0_.codigo) as col_0_0_ from atividade atividade0_ where year(atividade0_.data)=?
2020-07-02 21:20:48,329 DEBUG o.h.e.j.s.SqlStatementLogger [http-nio-8080-exec-8] select sum(atividade0_.qtd_participantes) as col_0_0_ from atividade atividade0_ where year(atividade0_.data)=?
2020-07-02 21:20:48,333 DEBUG o.h.e.j.s.SqlStatementLogger [http-nio-8080-exec-8] select sum(atividade0_.duracao)/60 as col_0_0_ from atividade atividade0_ where year(atividade0_.data)=?
2020-07-02 21:20:48,335 DEBUG o.h.e.j.s.SqlStatementLogger [http-nio-8080-exec-8] select count(atividade0_.codigo) as col_0_0_ from atividade atividade0_ where atividade0_.tipo=? and year(atividade0_.data)=?
2020-07-02 21:20:48,338 DEBUG o.h.e.j.s.SqlStatementLogger [http-nio-8080-exec-8] select count(atividade0_.codigo) as col_0_0_ from atividade atividade0_ where atividade0_.tipo=? and year(atividade0_.data)=?
2020-07-02 21:20:48,341 DEBUG o.h.e.j.s.SqlStatementLogger [http-nio-8080-exec-8] select count(atividade0_.codigo) as col_0_0_ from atividade atividade0_ where atividade0_.tipo=? and year(atividade0_.data)=?
2020-07-02 21:20:48,343 DEBUG o.h.e.j.s.SqlStatementLogger [http-nio-8080-exec-8] select count(atividade0_.codigo) as col_0_0_ from atividade atividade0_ where atividade0_.tipo=? and year(atividade0_.data)=?
2020-07-02 21:20:48,345 DEBUG o.h.e.j.s.SqlStatementLogger [http-nio-8080-exec-8] select count(atividade0_.codigo) as col_0_0_ from atividade atividade0_ where atividade0_.tipo=? and year(atividade0_.data)=?
2020-07-02 21:20:48,346 DEBUG o.h.e.j.s.SqlStatementLogger [http-nio-8080-exec-8] select count(atividade0_.codigo) as col_0_0_ from atividade atividade0_ where atividade0_.tipo=? and year(atividade0_.data)=?
2020-07-02 21:20:48,348 DEBUG o.h.e.j.s.SqlStatementLogger [http-nio-8080-exec-8] select count(atividade0_.codigo) as col_0_0_ from atividade atividade0_ where atividade0_.tipo=? and year(atividade0_.data)=?
2020-07-02 21:20:48,353 DEBUG o.h.e.j.s.SqlStatementLogger [http-nio-8080-exec-8] select count(atividade0_.codigo) as col_0_0_ from atividade atividade0_ where atividade0_.forma_conexao=? and year(atividade0_.data)=?
2020-07-02 21:20:48,357 DEBUG o.h.e.j.s.SqlStatementLogger [http-nio-8080-exec-8] select count(atividade0_.codigo) as col_0_0_ from atividade atividade0_ where atividade0_.forma_conexao=? and year(atividade0_.data)=?
2020-07-02 21:20:48,359 DEBUG o.h.e.j.s.SqlStatementLogger [http-nio-8080-exec-8] select sum(bancaexami0_.valor_total) as col_0_0_ from banca_examinadora bancaexami0_ where year(bancaexami0_.data)=?
2020-07-02 21:20:48,361 DEBUG o.h.e.j.s.SqlStatementLogger [http-nio-8080-exec-8] select count(atividade0_.codigo) as col_0_0_ from atividade atividade0_ where year(atividade0_.data)=?
2020-07-02 21:20:48,364 DEBUG o.h.e.j.s.SqlStatementLogger [http-nio-8080-exec-8] select sum(atividade0_.qtd_participantes) as col_0_0_ from atividade atividade0_ where year(atividade0_.data)=?
2020-07-02 21:20:48,366 DEBUG o.h.e.j.s.SqlStatementLogger [http-nio-8080-exec-8] select sum(atividade0_.duracao)/60 as col_0_0_ from atividade atividade0_ where year(atividade0_.data)=?
2020-07-02 21:20:48,367 DEBUG o.h.e.j.s.SqlStatementLogger [http-nio-8080-exec-8] select count(atividade0_.codigo) as col_0_0_ from atividade atividade0_ where atividade0_.tipo=? and year(atividade0_.data)=?
2020-07-02 21:20:48,369 DEBUG o.h.e.j.s.SqlStatementLogger [http-nio-8080-exec-8] select count(atividade0_.codigo) as col_0_0_ from atividade atividade0_ where atividade0_.tipo=? and year(atividade0_.data)=?
2020-07-02 21:20:48,371 DEBUG o.h.e.j.s.SqlStatementLogger [http-nio-8080-exec-8] select count(atividade0_.codigo) as col_0_0_ from atividade atividade0_ where atividade0_.tipo=? and year(atividade0_.data)=?
2020-07-02 21:20:48,374 DEBUG o.h.e.j.s.SqlStatementLogger [http-nio-8080-exec-8] select count(atividade0_.codigo) as col_0_0_ from atividade atividade0_ where atividade0_.tipo=? and year(atividade0_.data)=?
2020-07-02 21:20:48,376 DEBUG o.h.e.j.s.SqlStatementLogger [http-nio-8080-exec-8] select count(atividade0_.codigo) as col_0_0_ from atividade atividade0_ where atividade0_.tipo=? and year(atividade0_.data)=?
2020-07-02 21:20:48,378 DEBUG o.h.e.j.s.SqlStatementLogger [http-nio-8080-exec-8] select count(atividade0_.codigo) as col_0_0_ from atividade atividade0_ where atividade0_.tipo=? and year(atividade0_.data)=?
2020-07-02 21:20:48,379 DEBUG o.h.e.j.s.SqlStatementLogger [http-nio-8080-exec-8] select count(atividade0_.codigo) as col_0_0_ from atividade atividade0_ where atividade0_.tipo=? and year(atividade0_.data)=?
2020-07-02 21:20:48,381 DEBUG o.h.e.j.s.SqlStatementLogger [http-nio-8080-exec-8] select count(atividade0_.codigo) as col_0_0_ from atividade atividade0_ where atividade0_.forma_conexao=? and year(atividade0_.data)=?
2020-07-02 21:20:48,383 DEBUG o.h.e.j.s.SqlStatementLogger [http-nio-8080-exec-8] select count(atividade0_.codigo) as col_0_0_ from atividade atividade0_ where atividade0_.forma_conexao=? and year(atividade0_.data)=?
2020-07-02 21:20:48,385 DEBUG o.h.e.j.s.SqlStatementLogger [http-nio-8080-exec-8] select sum(bancaexami0_.valor_total) as col_0_0_ from banca_examinadora bancaexami0_ where year(bancaexami0_.data)=?
2020-07-02 21:20:48,387 DEBUG o.h.e.j.s.SqlStatementLogger [http-nio-8080-exec-8] select count(atividade0_.codigo) as col_0_0_ from atividade atividade0_ where year(atividade0_.data)=?
2020-07-02 21:20:48,391 DEBUG o.h.e.j.s.SqlStatementLogger [http-nio-8080-exec-8] select sum(atividade0_.qtd_participantes) as col_0_0_ from atividade atividade0_ where year(atividade0_.data)=?
2020-07-02 21:20:48,392 DEBUG o.h.e.j.s.SqlStatementLogger [http-nio-8080-exec-8] select sum(atividade0_.duracao)/60 as col_0_0_ from atividade atividade0_ where year(atividade0_.data)=?
2020-07-02 21:20:48,394 DEBUG o.h.e.j.s.SqlStatementLogger [http-nio-8080-exec-8] select count(atividade0_.codigo) as col_0_0_ from atividade atividade0_ where atividade0_.tipo=? and year(atividade0_.data)=?
2020-07-02 21:20:48,396 DEBUG o.h.e.j.s.SqlStatementLogger [http-nio-8080-exec-8] select count(atividade0_.codigo) as col_0_0_ from atividade atividade0_ where atividade0_.tipo=? and year(atividade0_.data)=?
2020-07-02 21:20:48,398 DEBUG o.h.e.j.s.SqlStatementLogger [http-nio-8080-exec-8] select count(atividade0_.codigo) as col_0_0_ from atividade atividade0_ where atividade0_.tipo=? and year(atividade0_.data)=?
2020-07-02 21:20:48,400 DEBUG o.h.e.j.s.SqlStatementLogger [http-nio-8080-exec-8] select count(atividade0_.codigo) as col_0_0_ from atividade atividade0_ where atividade0_.tipo=? and year(atividade0_.data)=?
2020-07-02 21:20:48,404 DEBUG o.h.e.j.s.SqlStatementLogger [http-nio-8080-exec-8] select count(atividade0_.codigo) as col_0_0_ from atividade atividade0_ where atividade0_.tipo=? and year(atividade0_.data)=?
2020-07-02 21:20:48,407 DEBUG o.h.e.j.s.SqlStatementLogger [http-nio-8080-exec-8] select count(atividade0_.codigo) as col_0_0_ from atividade atividade0_ where atividade0_.tipo=? and year(atividade0_.data)=?
2020-07-02 21:20:48,410 DEBUG o.h.e.j.s.SqlStatementLogger [http-nio-8080-exec-8] select count(atividade0_.codigo) as col_0_0_ from atividade atividade0_ where atividade0_.tipo=? and year(atividade0_.data)=?
2020-07-02 21:20:48,412 DEBUG o.h.e.j.s.SqlStatementLogger [http-nio-8080-exec-8] select count(atividade0_.codigo) as col_0_0_ from atividade atividade0_ where atividade0_.forma_conexao=? and year(atividade0_.data)=?
2020-07-02 21:20:48,415 DEBUG o.h.e.j.s.SqlStatementLogger [http-nio-8080-exec-8] select count(atividade0_.codigo) as col_0_0_ from atividade atividade0_ where atividade0_.forma_conexao=? and year(atividade0_.data)=?
2020-07-02 21:20:48,419 DEBUG o.h.e.j.s.SqlStatementLogger [http-nio-8080-exec-8] select sum(bancaexami0_.valor_total) as col_0_0_ from banca_examinadora bancaexami0_ where year(bancaexami0_.data)=?
2020-07-02 21:20:48,427 DEBUG o.h.e.j.s.SqlStatementLogger [http-nio-8080-exec-8] select count(atividade0_.codigo) as col_0_0_ from atividade atividade0_ where year(atividade0_.data)=?
2020-07-02 21:20:48,430 DEBUG o.h.e.j.s.SqlStatementLogger [http-nio-8080-exec-8] select sum(atividade0_.qtd_participantes) as col_0_0_ from atividade atividade0_ where year(atividade0_.data)=?
2020-07-02 21:20:48,433 DEBUG o.h.e.j.s.SqlStatementLogger [http-nio-8080-exec-8] select sum(atividade0_.duracao)/60 as col_0_0_ from atividade atividade0_ where year(atividade0_.data)=?
2020-07-02 21:20:48,435 DEBUG o.h.e.j.s.SqlStatementLogger [http-nio-8080-exec-8] select count(atividade0_.codigo) as col_0_0_ from atividade atividade0_ where atividade0_.tipo=? and year(atividade0_.data)=?
2020-07-02 21:20:48,440 DEBUG o.h.e.j.s.SqlStatementLogger [http-nio-8080-exec-8] select count(atividade0_.codigo) as col_0_0_ from atividade atividade0_ where atividade0_.tipo=? and year(atividade0_.data)=?
2020-07-02 21:20:48,442 DEBUG o.h.e.j.s.SqlStatementLogger [http-nio-8080-exec-8] select count(atividade0_.codigo) as col_0_0_ from atividade atividade0_ where atividade0_.tipo=? and year(atividade0_.data)=?
2020-07-02 21:20:48,444 DEBUG o.h.e.j.s.SqlStatementLogger [http-nio-8080-exec-8] select count(atividade0_.codigo) as col_0_0_ from atividade atividade0_ where atividade0_.tipo=? and year(atividade0_.data)=?
2020-07-02 21:20:48,446 DEBUG o.h.e.j.s.SqlStatementLogger [http-nio-8080-exec-8] select count(atividade0_.codigo) as col_0_0_ from atividade atividade0_ where atividade0_.tipo=? and year(atividade0_.data)=?
2020-07-02 21:20:48,448 DEBUG o.h.e.j.s.SqlStatementLogger [http-nio-8080-exec-8] select count(atividade0_.codigo) as col_0_0_ from atividade atividade0_ where atividade0_.tipo=? and year(atividade0_.data)=?
2020-07-02 21:20:48,450 DEBUG o.h.e.j.s.SqlStatementLogger [http-nio-8080-exec-8] select count(atividade0_.codigo) as col_0_0_ from atividade atividade0_ where atividade0_.tipo=? and year(atividade0_.data)=?
2020-07-02 21:20:48,452 DEBUG o.h.e.j.s.SqlStatementLogger [http-nio-8080-exec-8] select count(atividade0_.codigo) as col_0_0_ from atividade atividade0_ where atividade0_.forma_conexao=? and year(atividade0_.data)=?
2020-07-02 21:20:48,455 DEBUG o.h.e.j.s.SqlStatementLogger [http-nio-8080-exec-8] select count(atividade0_.codigo) as col_0_0_ from atividade atividade0_ where atividade0_.forma_conexao=? and year(atividade0_.data)=?
2020-07-02 21:20:48,458 DEBUG o.h.e.j.s.SqlStatementLogger [http-nio-8080-exec-8] select sum(bancaexami0_.valor_total) as col_0_0_ from banca_examinadora bancaexami0_ where year(bancaexami0_.data)=?
2020-07-02 21:20:48,460 DEBUG o.h.e.j.s.SqlStatementLogger [http-nio-8080-exec-8] select count(atividade0_.codigo) as col_0_0_ from atividade atividade0_ where year(atividade0_.data)=?
2020-07-02 21:20:48,462 DEBUG o.h.e.j.s.SqlStatementLogger [http-nio-8080-exec-8] select sum(atividade0_.qtd_participantes) as col_0_0_ from atividade atividade0_ where year(atividade0_.data)=?
2020-07-02 21:20:48,464 DEBUG o.h.e.j.s.SqlStatementLogger [http-nio-8080-exec-8] select sum(atividade0_.duracao)/60 as col_0_0_ from atividade atividade0_ where year(atividade0_.data)=?
2020-07-02 21:20:48,467 DEBUG o.h.e.j.s.SqlStatementLogger [http-nio-8080-exec-8] select count(atividade0_.codigo) as col_0_0_ from atividade atividade0_ where atividade0_.tipo=? and year(atividade0_.data)=?
2020-07-02 21:20:48,469 DEBUG o.h.e.j.s.SqlStatementLogger [http-nio-8080-exec-8] select count(atividade0_.codigo) as col_0_0_ from atividade atividade0_ where atividade0_.tipo=? and year(atividade0_.data)=?
2020-07-02 21:20:48,472 DEBUG o.h.e.j.s.SqlStatementLogger [http-nio-8080-exec-8] select count(atividade0_.codigo) as col_0_0_ from atividade atividade0_ where atividade0_.tipo=? and year(atividade0_.data)=?
2020-07-02 21:20:48,475 DEBUG o.h.e.j.s.SqlStatementLogger [http-nio-8080-exec-8] select count(atividade0_.codigo) as col_0_0_ from atividade atividade0_ where atividade0_.tipo=? and year(atividade0_.data)=?
2020-07-02 21:20:48,477 DEBUG o.h.e.j.s.SqlStatementLogger [http-nio-8080-exec-8] select count(atividade0_.codigo) as col_0_0_ from atividade atividade0_ where atividade0_.tipo=? and year(atividade0_.data)=?
2020-07-02 21:20:48,480 DEBUG o.h.e.j.s.SqlStatementLogger [http-nio-8080-exec-8] select count(atividade0_.codigo) as col_0_0_ from atividade atividade0_ where atividade0_.tipo=? and year(atividade0_.data)=?
2020-07-02 21:20:48,482 DEBUG o.h.e.j.s.SqlStatementLogger [http-nio-8080-exec-8] select count(atividade0_.codigo) as col_0_0_ from atividade atividade0_ where atividade0_.tipo=? and year(atividade0_.data)=?
2020-07-02 21:20:48,485 DEBUG o.h.e.j.s.SqlStatementLogger [http-nio-8080-exec-8] select count(atividade0_.codigo) as col_0_0_ from atividade atividade0_ where atividade0_.forma_conexao=? and year(atividade0_.data)=?
2020-07-02 21:20:48,489 DEBUG o.h.e.j.s.SqlStatementLogger [http-nio-8080-exec-8] select count(atividade0_.codigo) as col_0_0_ from atividade atividade0_ where atividade0_.forma_conexao=? and year(atividade0_.data)=?
2020-07-02 21:20:48,492 DEBUG o.h.e.j.s.SqlStatementLogger [http-nio-8080-exec-8] select sum(bancaexami0_.valor_total) as col_0_0_ from banca_examinadora bancaexami0_ where year(bancaexami0_.data)=?
2020-07-02 21:20:48,494 DEBUG o.h.e.j.s.SqlStatementLogger [http-nio-8080-exec-8] select count(atividade0_.codigo) as col_0_0_ from atividade atividade0_ where year(atividade0_.data)=?
2020-07-02 21:20:48,497 DEBUG o.h.e.j.s.SqlStatementLogger [http-nio-8080-exec-8] select sum(atividade0_.qtd_participantes) as col_0_0_ from atividade atividade0_ where year(atividade0_.data)=?
2020-07-02 21:20:48,499 DEBUG o.h.e.j.s.SqlStatementLogger [http-nio-8080-exec-8] select sum(atividade0_.duracao)/60 as col_0_0_ from atividade atividade0_ where year(atividade0_.data)=?
2020-07-02 21:20:48,502 DEBUG o.h.e.j.s.SqlStatementLogger [http-nio-8080-exec-8] select count(atividade0_.codigo) as col_0_0_ from atividade atividade0_ where atividade0_.tipo=? and year(atividade0_.data)=?
2020-07-02 21:20:48,505 DEBUG o.h.e.j.s.SqlStatementLogger [http-nio-8080-exec-8] select count(atividade0_.codigo) as col_0_0_ from atividade atividade0_ where atividade0_.tipo=? and year(atividade0_.data)=?
2020-07-02 21:20:48,507 DEBUG o.h.e.j.s.SqlStatementLogger [http-nio-8080-exec-8] select count(atividade0_.codigo) as col_0_0_ from atividade atividade0_ where atividade0_.tipo=? and year(atividade0_.data)=?
2020-07-02 21:20:48,509 DEBUG o.h.e.j.s.SqlStatementLogger [http-nio-8080-exec-8] select count(atividade0_.codigo) as col_0_0_ from atividade atividade0_ where atividade0_.tipo=? and year(atividade0_.data)=?
2020-07-02 21:20:48,512 DEBUG o.h.e.j.s.SqlStatementLogger [http-nio-8080-exec-8] select count(atividade0_.codigo) as col_0_0_ from atividade atividade0_ where atividade0_.tipo=? and year(atividade0_.data)=?
2020-07-02 21:20:48,515 DEBUG o.h.e.j.s.SqlStatementLogger [http-nio-8080-exec-8] select count(atividade0_.codigo) as col_0_0_ from atividade atividade0_ where atividade0_.tipo=? and year(atividade0_.data)=?
2020-07-02 21:20:48,518 DEBUG o.h.e.j.s.SqlStatementLogger [http-nio-8080-exec-8] select count(atividade0_.codigo) as col_0_0_ from atividade atividade0_ where atividade0_.tipo=? and year(atividade0_.data)=?
2020-07-02 21:20:48,522 DEBUG o.h.e.j.s.SqlStatementLogger [http-nio-8080-exec-8] select count(atividade0_.codigo) as col_0_0_ from atividade atividade0_ where atividade0_.forma_conexao=? and year(atividade0_.data)=?
2020-07-02 21:20:48,525 DEBUG o.h.e.j.s.SqlStatementLogger [http-nio-8080-exec-8] select count(atividade0_.codigo) as col_0_0_ from atividade atividade0_ where atividade0_.forma_conexao=? and year(atividade0_.data)=?
2020-07-02 21:20:48,528 DEBUG o.h.e.j.s.SqlStatementLogger [http-nio-8080-exec-8] select sum(bancaexami0_.valor_total) as col_0_0_ from banca_examinadora bancaexami0_ where year(bancaexami0_.data)=?
2020-07-02 21:20:49,362 DEBUG o.h.e.j.s.SqlStatementLogger [http-nio-8080-exec-4] select count(atividade0_.codigo) as col_0_0_ from atividade atividade0_ where year(atividade0_.data)=? and month(atividade0_.data)=?
2020-07-02 21:20:49,366 DEBUG o.h.e.j.s.SqlStatementLogger [http-nio-8080-exec-4] select count(atividade0_.codigo) as col_0_0_ from atividade atividade0_ where year(atividade0_.data)=? and month(atividade0_.data)=?
2020-07-02 21:20:49,368 DEBUG o.h.e.j.s.SqlStatementLogger [http-nio-8080-exec-4] select count(atividade0_.codigo) as col_0_0_ from atividade atividade0_ where year(atividade0_.data)=? and month(atividade0_.data)=?
2020-07-02 21:20:49,371 DEBUG o.h.e.j.s.SqlStatementLogger [http-nio-8080-exec-4] select count(atividade0_.codigo) as col_0_0_ from atividade atividade0_ where year(atividade0_.data)=? and month(atividade0_.data)=?
2020-07-02 21:20:49,374 DEBUG o.h.e.j.s.SqlStatementLogger [http-nio-8080-exec-4] select count(atividade0_.codigo) as col_0_0_ from atividade atividade0_ where year(atividade0_.data)=? and month(atividade0_.data)=?
2020-07-02 21:20:49,377 DEBUG o.h.e.j.s.SqlStatementLogger [http-nio-8080-exec-4] select count(atividade0_.codigo) as col_0_0_ from atividade atividade0_ where year(atividade0_.data)=? and month(atividade0_.data)=?
2020-07-02 21:20:49,379 DEBUG o.h.e.j.s.SqlStatementLogger [http-nio-8080-exec-4] select count(atividade0_.codigo) as col_0_0_ from atividade atividade0_ where year(atividade0_.data)=? and month(atividade0_.data)=?
2020-07-02 21:20:49,381 DEBUG o.h.e.j.s.SqlStatementLogger [http-nio-8080-exec-4] select count(atividade0_.codigo) as col_0_0_ from atividade atividade0_ where year(atividade0_.data)=? and month(atividade0_.data)=?
2020-07-02 21:20:49,382 DEBUG o.h.e.j.s.SqlStatementLogger [http-nio-8080-exec-1] select count(atividade0_.forma_conexao) as col_0_0_ from atividade atividade0_ where atividade0_.forma_conexao=? and year(atividade0_.data)=?
2020-07-02 21:20:49,382 DEBUG o.h.e.j.s.SqlStatementLogger [http-nio-8080-exec-10] select sum(atividade0_.qtd_participantes) as col_0_0_ from atividade atividade0_ where year(atividade0_.data)=? and month(atividade0_.data)=?
2020-07-02 21:20:49,385 DEBUG o.h.e.j.s.SqlStatementLogger [http-nio-8080-exec-4] select count(atividade0_.codigo) as col_0_0_ from atividade atividade0_ where year(atividade0_.data)=? and month(atividade0_.data)=?
2020-07-02 21:20:49,388 DEBUG o.h.e.j.s.SqlStatementLogger [http-nio-8080-exec-4] select count(atividade0_.codigo) as col_0_0_ from atividade atividade0_ where year(atividade0_.data)=? and month(atividade0_.data)=?
2020-07-02 21:20:49,388 DEBUG o.h.e.j.s.SqlStatementLogger [http-nio-8080-exec-5] select count(bancaexami0_.codigo) as col_0_0_ from banca_examinadora bancaexami0_ where year(bancaexami0_.data)=? and bancaexami0_.tipo_de_banca=?
2020-07-02 21:20:49,391 DEBUG o.h.e.j.s.SqlStatementLogger [http-nio-8080-exec-4] select count(atividade0_.codigo) as col_0_0_ from atividade atividade0_ where year(atividade0_.data)=? and month(atividade0_.data)=?
2020-07-02 21:20:49,393 DEBUG o.h.e.j.s.SqlStatementLogger [http-nio-8080-exec-4] select count(atividade0_.codigo) as col_0_0_ from atividade atividade0_ where year(atividade0_.data)=? and month(atividade0_.data)=?
2020-07-02 21:20:49,394 DEBUG o.h.e.j.s.SqlStatementLogger [http-nio-8080-exec-1] select count(atividade0_.forma_conexao) as col_0_0_ from atividade atividade0_ where atividade0_.forma_conexao=? and year(atividade0_.data)=?
2020-07-02 21:20:49,399 DEBUG o.h.e.j.s.SqlStatementLogger [http-nio-8080-exec-10] select sum(atividade0_.qtd_participantes) as col_0_0_ from atividade atividade0_ where year(atividade0_.data)=? and month(atividade0_.data)=?
2020-07-02 21:20:49,399 DEBUG o.h.e.j.s.SqlStatementLogger [http-nio-8080-exec-1] select count(atividade0_.tipo) as col_0_0_ from atividade atividade0_ where atividade0_.tipo=? and year(atividade0_.data)=?
2020-07-02 21:20:49,401 DEBUG o.h.e.j.s.SqlStatementLogger [http-nio-8080-exec-10] select sum(atividade0_.qtd_participantes) as col_0_0_ from atividade atividade0_ where year(atividade0_.data)=? and month(atividade0_.data)=?
2020-07-02 21:20:49,405 DEBUG o.h.e.j.s.SqlStatementLogger [http-nio-8080-exec-10] select sum(atividade0_.qtd_participantes) as col_0_0_ from atividade atividade0_ where year(atividade0_.data)=? and month(atividade0_.data)=?
2020-07-02 21:20:49,408 DEBUG o.h.e.j.s.SqlStatementLogger [http-nio-8080-exec-10] select sum(atividade0_.qtd_participantes) as col_0_0_ from atividade atividade0_ where year(atividade0_.data)=? and month(atividade0_.data)=?
2020-07-02 21:20:49,410 DEBUG o.h.e.j.s.SqlStatementLogger [http-nio-8080-exec-10] select sum(atividade0_.qtd_participantes) as col_0_0_ from atividade atividade0_ where year(atividade0_.data)=? and month(atividade0_.data)=?
2020-07-02 21:20:49,410 DEBUG o.h.e.j.s.SqlStatementLogger [http-nio-8080-exec-5] select count(bancaexami0_.codigo) as col_0_0_ from banca_examinadora bancaexami0_ where year(bancaexami0_.data)=? and bancaexami0_.tipo_de_banca=?
2020-07-02 21:20:49,412 DEBUG o.h.e.j.s.SqlStatementLogger [http-nio-8080-exec-5] select count(bancaexami0_.codigo) as col_0_0_ from banca_examinadora bancaexami0_ where year(bancaexami0_.data)=? and bancaexami0_.tipo_de_banca=?
2020-07-02 21:20:49,413 DEBUG o.h.e.j.s.SqlStatementLogger [http-nio-8080-exec-10] select sum(atividade0_.qtd_participantes) as col_0_0_ from atividade atividade0_ where year(atividade0_.data)=? and month(atividade0_.data)=?
2020-07-02 21:20:49,415 DEBUG o.h.e.j.s.SqlStatementLogger [http-nio-8080-exec-10] select sum(atividade0_.qtd_participantes) as col_0_0_ from atividade atividade0_ where year(atividade0_.data)=? and month(atividade0_.data)=?
2020-07-02 21:20:49,415 DEBUG o.h.e.j.s.SqlStatementLogger [http-nio-8080-exec-5] select count(bancaexami0_.codigo) as col_0_0_ from banca_examinadora bancaexami0_ where year(bancaexami0_.data)=? and bancaexami0_.tipo_de_banca=?
2020-07-02 21:20:49,420 DEBUG o.h.e.j.s.SqlStatementLogger [http-nio-8080-exec-10] select sum(atividade0_.qtd_participantes) as col_0_0_ from atividade atividade0_ where year(atividade0_.data)=? and month(atividade0_.data)=?
2020-07-02 21:20:49,423 DEBUG o.h.e.j.s.SqlStatementLogger [http-nio-8080-exec-10] select sum(atividade0_.qtd_participantes) as col_0_0_ from atividade atividade0_ where year(atividade0_.data)=? and month(atividade0_.data)=?
2020-07-02 21:20:49,426 DEBUG o.h.e.j.s.SqlStatementLogger [http-nio-8080-exec-10] select sum(atividade0_.qtd_participantes) as col_0_0_ from atividade atividade0_ where year(atividade0_.data)=? and month(atividade0_.data)=?
2020-07-02 21:20:49,429 DEBUG o.h.e.j.s.SqlStatementLogger [http-nio-8080-exec-10] select sum(atividade0_.qtd_participantes) as col_0_0_ from atividade atividade0_ where year(atividade0_.data)=? and month(atividade0_.data)=?
2020-07-02 21:20:49,479 DEBUG o.h.e.j.s.SqlStatementLogger [http-nio-8080-exec-2] select count(atividade0_.codigo) as col_0_0_ from atividade atividade0_ where year(atividade0_.data)=?
2020-07-02 21:20:49,483 DEBUG o.h.e.j.s.SqlStatementLogger [http-nio-8080-exec-9] select count(atividade0_.codigo) as col_0_0_ from atividade atividade0_ where atividade0_.tipo=? and year(atividade0_.data)=?
2020-07-02 21:20:49,493 DEBUG o.h.e.j.s.SqlStatementLogger [http-nio-8080-exec-2] select count(atividade0_.codigo) as col_0_0_ from atividade atividade0_ where year(atividade0_.data)=?
2020-07-02 21:20:49,495 DEBUG o.h.e.j.s.SqlStatementLogger [http-nio-8080-exec-2] select count(atividade0_.codigo) as col_0_0_ from atividade atividade0_ where year(atividade0_.data)=?
2020-07-02 21:20:49,499 DEBUG o.h.e.j.s.SqlStatementLogger [http-nio-8080-exec-2] select count(atividade0_.codigo) as col_0_0_ from atividade atividade0_ where year(atividade0_.data)=?
2020-07-02 21:20:49,504 DEBUG o.h.e.j.s.SqlStatementLogger [http-nio-8080-exec-2] select count(atividade0_.codigo) as col_0_0_ from atividade atividade0_ where year(atividade0_.data)=?
2020-07-02 21:20:49,505 DEBUG o.h.e.j.s.SqlStatementLogger [http-nio-8080-exec-9] select count(atividade0_.codigo) as col_0_0_ from atividade atividade0_ where atividade0_.tipo=? and year(atividade0_.data)=?
2020-07-02 21:20:49,507 DEBUG o.h.e.j.s.SqlStatementLogger [http-nio-8080-exec-2] select count(atividade0_.codigo) as col_0_0_ from atividade atividade0_ where year(atividade0_.data)=?
2020-07-02 21:20:49,507 DEBUG o.h.e.j.s.SqlStatementLogger [http-nio-8080-exec-9] select count(atividade0_.codigo) as col_0_0_ from atividade atividade0_ where atividade0_.tipo=? and year(atividade0_.data)=?
2020-07-02 21:20:49,509 DEBUG o.h.e.j.s.SqlStatementLogger [http-nio-8080-exec-2] select count(atividade0_.codigo) as col_0_0_ from atividade atividade0_ where year(atividade0_.data)=?
2020-07-02 21:20:49,509 DEBUG o.h.e.j.s.SqlStatementLogger [http-nio-8080-exec-9] select count(atividade0_.codigo) as col_0_0_ from atividade atividade0_ where atividade0_.tipo=? and year(atividade0_.data)=?
2020-07-02 21:20:49,512 DEBUG o.h.e.j.s.SqlStatementLogger [http-nio-8080-exec-9] select count(atividade0_.codigo) as col_0_0_ from atividade atividade0_ where atividade0_.tipo=? and year(atividade0_.data)=?
2020-07-02 21:20:49,515 DEBUG o.h.e.j.s.SqlStatementLogger [http-nio-8080-exec-9] select count(atividade0_.codigo) as col_0_0_ from atividade atividade0_ where atividade0_.tipo=? and year(atividade0_.data)=?
2020-07-02 21:20:49,517 DEBUG o.h.e.j.s.SqlStatementLogger [http-nio-8080-exec-9] select count(atividade0_.codigo) as col_0_0_ from atividade atividade0_ where atividade0_.tipo=? and year(atividade0_.data)=?
2020-07-02 21:20:49,519 DEBUG o.h.e.j.s.SqlStatementLogger [http-nio-8080-exec-9] select count(atividade0_.codigo) as col_0_0_ from atividade atividade0_ where atividade0_.tipo=? and year(atividade0_.data)=?
2020-07-02 21:20:49,522 DEBUG o.h.e.j.s.SqlStatementLogger [http-nio-8080-exec-9] select count(atividade0_.codigo) as col_0_0_ from atividade atividade0_ where atividade0_.tipo=? and year(atividade0_.data)=?
2020-07-02 21:20:49,525 DEBUG o.h.e.j.s.SqlStatementLogger [http-nio-8080-exec-9] select count(atividade0_.codigo) as col_0_0_ from atividade atividade0_ where atividade0_.tipo=? and year(atividade0_.data)=?
2020-07-02 21:20:49,527 DEBUG o.h.e.j.s.SqlStatementLogger [http-nio-8080-exec-9] select count(atividade0_.codigo) as col_0_0_ from atividade atividade0_ where atividade0_.tipo=? and year(atividade0_.data)=?
2020-07-02 21:20:49,530 DEBUG o.h.e.j.s.SqlStatementLogger [http-nio-8080-exec-9] select count(atividade0_.codigo) as col_0_0_ from atividade atividade0_ where atividade0_.tipo=? and year(atividade0_.data)=?
2020-07-02 21:20:49,532 DEBUG o.h.e.j.s.SqlStatementLogger [http-nio-8080-exec-9] select count(atividade0_.codigo) as col_0_0_ from atividade atividade0_ where atividade0_.tipo=? and year(atividade0_.data)=?
2020-07-02 21:20:49,535 DEBUG o.h.e.j.s.SqlStatementLogger [http-nio-8080-exec-9] select count(atividade0_.codigo) as col_0_0_ from atividade atividade0_ where atividade0_.tipo=? and year(atividade0_.data)=?
2020-07-02 21:20:49,538 DEBUG o.h.e.j.s.SqlStatementLogger [http-nio-8080-exec-9] select count(atividade0_.codigo) as col_0_0_ from atividade atividade0_ where atividade0_.tipo=? and year(atividade0_.data)=?
2020-07-02 21:20:49,541 DEBUG o.h.e.j.s.SqlStatementLogger [http-nio-8080-exec-9] select count(atividade0_.codigo) as col_0_0_ from atividade atividade0_ where atividade0_.tipo=? and year(atividade0_.data)=?
2020-07-02 21:20:49,543 DEBUG o.h.e.j.s.SqlStatementLogger [http-nio-8080-exec-9] select count(atividade0_.codigo) as col_0_0_ from atividade atividade0_ where atividade0_.tipo=? and year(atividade0_.data)=?
2020-07-02 21:20:49,545 DEBUG o.h.e.j.s.SqlStatementLogger [http-nio-8080-exec-9] select count(atividade0_.codigo) as col_0_0_ from atividade atividade0_ where atividade0_.tipo=? and year(atividade0_.data)=?
2020-07-02 21:20:49,548 DEBUG o.h.e.j.s.SqlStatementLogger [http-nio-8080-exec-9] select count(atividade0_.codigo) as col_0_0_ from atividade atividade0_ where atividade0_.tipo=? and year(atividade0_.data)=?
2020-07-02 21:20:49,550 DEBUG o.h.e.j.s.SqlStatementLogger [http-nio-8080-exec-9] select count(atividade0_.codigo) as col_0_0_ from atividade atividade0_ where atividade0_.tipo=? and year(atividade0_.data)=?
2020-07-02 21:20:49,553 DEBUG o.h.e.j.s.SqlStatementLogger [http-nio-8080-exec-9] select count(atividade0_.codigo) as col_0_0_ from atividade atividade0_ where atividade0_.tipo=? and year(atividade0_.data)=?
2020-07-02 21:20:49,556 DEBUG o.h.e.j.s.SqlStatementLogger [http-nio-8080-exec-9] select count(atividade0_.codigo) as col_0_0_ from atividade atividade0_ where atividade0_.tipo=? and year(atividade0_.data)=?
2020-07-02 21:20:49,559 DEBUG o.h.e.j.s.SqlStatementLogger [http-nio-8080-exec-9] select count(atividade0_.codigo) as col_0_0_ from atividade atividade0_ where atividade0_.tipo=? and year(atividade0_.data)=?
2020-07-02 21:20:49,562 DEBUG o.h.e.j.s.SqlStatementLogger [http-nio-8080-exec-9] select count(atividade0_.codigo) as col_0_0_ from atividade atividade0_ where atividade0_.tipo=? and year(atividade0_.data)=?
2020-07-02 21:20:49,565 DEBUG o.h.e.j.s.SqlStatementLogger [http-nio-8080-exec-9] select count(atividade0_.codigo) as col_0_0_ from atividade atividade0_ where atividade0_.tipo=? and year(atividade0_.data)=?
2020-07-02 21:20:49,567 DEBUG o.h.e.j.s.SqlStatementLogger [http-nio-8080-exec-9] select count(atividade0_.codigo) as col_0_0_ from atividade atividade0_ where atividade0_.tipo=? and year(atividade0_.data)=?
2020-07-02 21:20:49,570 DEBUG o.h.e.j.s.SqlStatementLogger [http-nio-8080-exec-9] select count(atividade0_.codigo) as col_0_0_ from atividade atividade0_ where atividade0_.tipo=? and year(atividade0_.data)=?
2020-07-02 21:20:49,573 DEBUG o.h.e.j.s.SqlStatementLogger [http-nio-8080-exec-9] select count(atividade0_.codigo) as col_0_0_ from atividade atividade0_ where atividade0_.tipo=? and year(atividade0_.data)=?
2020-07-02 21:20:49,576 DEBUG o.h.e.j.s.SqlStatementLogger [http-nio-8080-exec-9] select count(atividade0_.codigo) as col_0_0_ from atividade atividade0_ where atividade0_.tipo=? and year(atividade0_.data)=?
2020-07-02 21:20:49,578 DEBUG o.h.e.j.s.SqlStatementLogger [http-nio-8080-exec-9] select count(atividade0_.codigo) as col_0_0_ from atividade atividade0_ where atividade0_.tipo=? and year(atividade0_.data)=?
2020-07-02 21:21:02,521 DEBUG o.h.e.j.s.SqlStatementLogger [http-nio-8080-exec-2] select atividade0_.codigo as codigo1_0_, atividade0_.data as data2_0_, atividade0_.descriminacao as descrimi3_0_, atividade0_.duracao as duracao4_0_, atividade0_.forma_conexao as forma_co5_0_, atividade0_.pontos_conectados as pontos_c6_0_, atividade0_.qtd_participantes as qtd_part7_0_, atividade0_.tema as tema8_0_, atividade0_.tipo as tipo9_0_ from atividade atividade0_
2020-07-02 21:21:08,214 DEBUG o.h.e.j.s.SqlStatementLogger [http-nio-8080-exec-5] select count(atividade0_.codigo) as col_0_0_ from atividade atividade0_ where year(atividade0_.data)=?
2020-07-02 21:21:08,216 DEBUG o.h.e.j.s.SqlStatementLogger [http-nio-8080-exec-5] select count(atividade0_.codigo) as col_0_0_ from atividade atividade0_ where atividade0_.tipo=? and year(atividade0_.data)=?
2020-07-02 21:21:08,219 DEBUG o.h.e.j.s.SqlStatementLogger [http-nio-8080-exec-5] select count(atividade0_.codigo) as col_0_0_ from atividade atividade0_ where atividade0_.tipo=? and year(atividade0_.data)=?
2020-07-02 21:21:08,221 DEBUG o.h.e.j.s.SqlStatementLogger [http-nio-8080-exec-5] select count(atividade0_.codigo) as col_0_0_ from atividade atividade0_ where atividade0_.tipo=? and year(atividade0_.data)=?
2020-07-02 21:21:08,222 DEBUG o.h.e.j.s.SqlStatementLogger [http-nio-8080-exec-5] select sum(bancaexami0_.valor_total) as col_0_0_ from banca_examinadora bancaexami0_ where year(bancaexami0_.data)=?
2020-07-02 21:21:08,224 DEBUG o.h.e.j.s.SqlStatementLogger [http-nio-8080-exec-5] select count(bancaexami0_.codigo) as col_0_0_ from banca_examinadora bancaexami0_ where year(bancaexami0_.data)=? and bancaexami0_.tipo_de_banca=?
2020-07-02 21:21:08,225 DEBUG o.h.e.j.s.SqlStatementLogger [http-nio-8080-exec-5] select count(bancaexami0_.codigo) as col_0_0_ from banca_examinadora bancaexami0_ where year(bancaexami0_.data)=? and bancaexami0_.tipo_de_banca=?
2020-07-02 21:21:08,227 DEBUG o.h.e.j.s.SqlStatementLogger [http-nio-8080-exec-5] select sum(atividade0_.qtd_participantes) as col_0_0_ from atividade atividade0_ where year(atividade0_.data)=?
2020-07-02 21:21:08,229 DEBUG o.h.e.j.s.SqlStatementLogger [http-nio-8080-exec-5] select count(atividade0_.codigo) as col_0_0_ from atividade atividade0_ where year(atividade0_.data)=?
2020-07-02 21:21:08,230 DEBUG o.h.e.j.s.SqlStatementLogger [http-nio-8080-exec-5] select sum(atividade0_.qtd_participantes) as col_0_0_ from atividade atividade0_ where year(atividade0_.data)=?
2020-07-02 21:21:08,232 DEBUG o.h.e.j.s.SqlStatementLogger [http-nio-8080-exec-5] select sum(atividade0_.duracao)/60 as col_0_0_ from atividade atividade0_ where year(atividade0_.data)=?
2020-07-02 21:21:08,234 DEBUG o.h.e.j.s.SqlStatementLogger [http-nio-8080-exec-5] select count(atividade0_.codigo) as col_0_0_ from atividade atividade0_ where atividade0_.tipo=? and year(atividade0_.data)=?
2020-07-02 21:21:08,238 DEBUG o.h.e.j.s.SqlStatementLogger [http-nio-8080-exec-5] select count(atividade0_.codigo) as col_0_0_ from atividade atividade0_ where atividade0_.tipo=? and year(atividade0_.data)=?
2020-07-02 21:21:08,240 DEBUG o.h.e.j.s.SqlStatementLogger [http-nio-8080-exec-5] select count(atividade0_.codigo) as col_0_0_ from atividade atividade0_ where atividade0_.tipo=? and year(atividade0_.data)=?
2020-07-02 21:21:08,242 DEBUG o.h.e.j.s.SqlStatementLogger [http-nio-8080-exec-5] select count(atividade0_.codigo) as col_0_0_ from atividade atividade0_ where atividade0_.tipo=? and year(atividade0_.data)=?
2020-07-02 21:21:08,243 DEBUG o.h.e.j.s.SqlStatementLogger [http-nio-8080-exec-5] select count(atividade0_.codigo) as col_0_0_ from atividade atividade0_ where atividade0_.tipo=? and year(atividade0_.data)=?
2020-07-02 21:21:08,245 DEBUG o.h.e.j.s.SqlStatementLogger [http-nio-8080-exec-5] select count(atividade0_.codigo) as col_0_0_ from atividade atividade0_ where atividade0_.tipo=? and year(atividade0_.data)=?
2020-07-02 21:21:08,247 DEBUG o.h.e.j.s.SqlStatementLogger [http-nio-8080-exec-5] select count(atividade0_.codigo) as col_0_0_ from atividade atividade0_ where atividade0_.tipo=? and year(atividade0_.data)=?
2020-07-02 21:21:08,249 DEBUG o.h.e.j.s.SqlStatementLogger [http-nio-8080-exec-5] select count(atividade0_.codigo) as col_0_0_ from atividade atividade0_ where atividade0_.forma_conexao=? and year(atividade0_.data)=?
2020-07-02 21:21:08,250 DEBUG o.h.e.j.s.SqlStatementLogger [http-nio-8080-exec-5] select count(atividade0_.codigo) as col_0_0_ from atividade atividade0_ where atividade0_.forma_conexao=? and year(atividade0_.data)=?
2020-07-02 21:21:08,253 DEBUG o.h.e.j.s.SqlStatementLogger [http-nio-8080-exec-5] select sum(bancaexami0_.valor_total) as col_0_0_ from banca_examinadora bancaexami0_ where year(bancaexami0_.data)=?
2020-07-02 21:21:08,255 DEBUG o.h.e.j.s.SqlStatementLogger [http-nio-8080-exec-5] select count(atividade0_.codigo) as col_0_0_ from atividade atividade0_ where year(atividade0_.data)=?
2020-07-02 21:21:08,257 DEBUG o.h.e.j.s.SqlStatementLogger [http-nio-8080-exec-5] select sum(atividade0_.qtd_participantes) as col_0_0_ from atividade atividade0_ where year(atividade0_.data)=?
2020-07-02 21:21:08,259 DEBUG o.h.e.j.s.SqlStatementLogger [http-nio-8080-exec-5] select sum(atividade0_.duracao)/60 as col_0_0_ from atividade atividade0_ where year(atividade0_.data)=?
2020-07-02 21:21:08,260 DEBUG o.h.e.j.s.SqlStatementLogger [http-nio-8080-exec-5] select count(atividade0_.codigo) as col_0_0_ from atividade atividade0_ where atividade0_.tipo=? and year(atividade0_.data)=?
2020-07-02 21:21:08,262 DEBUG o.h.e.j.s.SqlStatementLogger [http-nio-8080-exec-5] select count(atividade0_.codigo) as col_0_0_ from atividade atividade0_ where atividade0_.tipo=? and year(atividade0_.data)=?
2020-07-02 21:21:08,264 DEBUG o.h.e.j.s.SqlStatementLogger [http-nio-8080-exec-5] select count(atividade0_.codigo) as col_0_0_ from atividade atividade0_ where atividade0_.tipo=? and year(atividade0_.data)=?
2020-07-02 21:21:08,266 DEBUG o.h.e.j.s.SqlStatementLogger [http-nio-8080-exec-5] select count(atividade0_.codigo) as col_0_0_ from atividade atividade0_ where atividade0_.tipo=? and year(atividade0_.data)=?
2020-07-02 21:21:08,269 DEBUG o.h.e.j.s.SqlStatementLogger [http-nio-8080-exec-5] select count(atividade0_.codigo) as col_0_0_ from atividade atividade0_ where atividade0_.tipo=? and year(atividade0_.data)=?
2020-07-02 21:21:08,271 DEBUG o.h.e.j.s.SqlStatementLogger [http-nio-8080-exec-5] select count(atividade0_.codigo) as col_0_0_ from atividade atividade0_ where atividade0_.tipo=? and year(atividade0_.data)=?
2020-07-02 21:21:08,274 DEBUG o.h.e.j.s.SqlStatementLogger [http-nio-8080-exec-5] select count(atividade0_.codigo) as col_0_0_ from atividade atividade0_ where atividade0_.tipo=? and year(atividade0_.data)=?
2020-07-02 21:21:08,276 DEBUG o.h.e.j.s.SqlStatementLogger [http-nio-8080-exec-5] select count(atividade0_.codigo) as col_0_0_ from atividade atividade0_ where atividade0_.forma_conexao=? and year(atividade0_.data)=?
2020-07-02 21:21:08,278 DEBUG o.h.e.j.s.SqlStatementLogger [http-nio-8080-exec-5] select count(atividade0_.codigo) as col_0_0_ from atividade atividade0_ where atividade0_.forma_conexao=? and year(atividade0_.data)=?
2020-07-02 21:21:08,279 DEBUG o.h.e.j.s.SqlStatementLogger [http-nio-8080-exec-5] select sum(bancaexami0_.valor_total) as col_0_0_ from banca_examinadora bancaexami0_ where year(bancaexami0_.data)=?
2020-07-02 21:21:08,281 DEBUG o.h.e.j.s.SqlStatementLogger [http-nio-8080-exec-5] select count(atividade0_.codigo) as col_0_0_ from atividade atividade0_ where year(atividade0_.data)=?
2020-07-02 21:21:08,283 DEBUG o.h.e.j.s.SqlStatementLogger [http-nio-8080-exec-5] select sum(atividade0_.qtd_participantes) as col_0_0_ from atividade atividade0_ where year(atividade0_.data)=?
2020-07-02 21:21:08,285 DEBUG o.h.e.j.s.SqlStatementLogger [http-nio-8080-exec-5] select sum(atividade0_.duracao)/60 as col_0_0_ from atividade atividade0_ where year(atividade0_.data)=?
2020-07-02 21:21:08,287 DEBUG o.h.e.j.s.SqlStatementLogger [http-nio-8080-exec-5] select count(atividade0_.codigo) as col_0_0_ from atividade atividade0_ where atividade0_.tipo=? and year(atividade0_.data)=?
2020-07-02 21:21:08,289 DEBUG o.h.e.j.s.SqlStatementLogger [http-nio-8080-exec-5] select count(atividade0_.codigo) as col_0_0_ from atividade atividade0_ where atividade0_.tipo=? and year(atividade0_.data)=?
2020-07-02 21:21:08,290 DEBUG o.h.e.j.s.SqlStatementLogger [http-nio-8080-exec-5] select count(atividade0_.codigo) as col_0_0_ from atividade atividade0_ where atividade0_.tipo=? and year(atividade0_.data)=?
2020-07-02 21:21:08,292 DEBUG o.h.e.j.s.SqlStatementLogger [http-nio-8080-exec-5] select count(atividade0_.codigo) as col_0_0_ from atividade atividade0_ where atividade0_.tipo=? and year(atividade0_.data)=?
2020-07-02 21:21:08,294 DEBUG o.h.e.j.s.SqlStatementLogger [http-nio-8080-exec-5] select count(atividade0_.codigo) as col_0_0_ from atividade atividade0_ where atividade0_.tipo=? and year(atividade0_.data)=?
2020-07-02 21:21:08,295 DEBUG o.h.e.j.s.SqlStatementLogger [http-nio-8080-exec-5] select count(atividade0_.codigo) as col_0_0_ from atividade atividade0_ where atividade0_.tipo=? and year(atividade0_.data)=?
2020-07-02 21:21:08,297 DEBUG o.h.e.j.s.SqlStatementLogger [http-nio-8080-exec-5] select count(atividade0_.codigo) as col_0_0_ from atividade atividade0_ where atividade0_.tipo=? and year(atividade0_.data)=?
2020-07-02 21:21:08,299 DEBUG o.h.e.j.s.SqlStatementLogger [http-nio-8080-exec-5] select count(atividade0_.codigo) as col_0_0_ from atividade atividade0_ where atividade0_.forma_conexao=? and year(atividade0_.data)=?
2020-07-02 21:21:08,301 DEBUG o.h.e.j.s.SqlStatementLogger [http-nio-8080-exec-5] select count(atividade0_.codigo) as col_0_0_ from atividade atividade0_ where atividade0_.forma_conexao=? and year(atividade0_.data)=?
2020-07-02 21:21:08,304 DEBUG o.h.e.j.s.SqlStatementLogger [http-nio-8080-exec-5] select sum(bancaexami0_.valor_total) as col_0_0_ from banca_examinadora bancaexami0_ where year(bancaexami0_.data)=?
2020-07-02 21:21:08,306 DEBUG o.h.e.j.s.SqlStatementLogger [http-nio-8080-exec-5] select count(atividade0_.codigo) as col_0_0_ from atividade atividade0_ where year(atividade0_.data)=?
2020-07-02 21:21:08,308 DEBUG o.h.e.j.s.SqlStatementLogger [http-nio-8080-exec-5] select sum(atividade0_.qtd_participantes) as col_0_0_ from atividade atividade0_ where year(atividade0_.data)=?
2020-07-02 21:21:08,309 DEBUG o.h.e.j.s.SqlStatementLogger [http-nio-8080-exec-5] select sum(atividade0_.duracao)/60 as col_0_0_ from atividade atividade0_ where year(atividade0_.data)=?
2020-07-02 21:21:08,311 DEBUG o.h.e.j.s.SqlStatementLogger [http-nio-8080-exec-5] select count(atividade0_.codigo) as col_0_0_ from atividade atividade0_ where atividade0_.tipo=? and year(atividade0_.data)=?
2020-07-02 21:21:08,313 DEBUG o.h.e.j.s.SqlStatementLogger [http-nio-8080-exec-5] select count(atividade0_.codigo) as col_0_0_ from atividade atividade0_ where atividade0_.tipo=? and year(atividade0_.data)=?
2020-07-02 21:21:08,314 DEBUG o.h.e.j.s.SqlStatementLogger [http-nio-8080-exec-5] select count(atividade0_.codigo) as col_0_0_ from atividade atividade0_ where atividade0_.tipo=? and year(atividade0_.data)=?
2020-07-02 21:21:08,316 DEBUG o.h.e.j.s.SqlStatementLogger [http-nio-8080-exec-5] select count(atividade0_.codigo) as col_0_0_ from atividade atividade0_ where atividade0_.tipo=? and year(atividade0_.data)=?
2020-07-02 21:21:08,318 DEBUG o.h.e.j.s.SqlStatementLogger [http-nio-8080-exec-5] select count(atividade0_.codigo) as col_0_0_ from atividade atividade0_ where atividade0_.tipo=? and year(atividade0_.data)=?
2020-07-02 21:21:08,319 DEBUG o.h.e.j.s.SqlStatementLogger [http-nio-8080-exec-5] select count(atividade0_.codigo) as col_0_0_ from atividade atividade0_ where atividade0_.tipo=? and year(atividade0_.data)=?
2020-07-02 21:21:08,322 DEBUG o.h.e.j.s.SqlStatementLogger [http-nio-8080-exec-5] select count(atividade0_.codigo) as col_0_0_ from atividade atividade0_ where atividade0_.tipo=? and year(atividade0_.data)=?
2020-07-02 21:21:08,324 DEBUG o.h.e.j.s.SqlStatementLogger [http-nio-8080-exec-5] select count(atividade0_.codigo) as col_0_0_ from atividade atividade0_ where atividade0_.forma_conexao=? and year(atividade0_.data)=?
2020-07-02 21:21:08,326 DEBUG o.h.e.j.s.SqlStatementLogger [http-nio-8080-exec-5] select count(atividade0_.codigo) as col_0_0_ from atividade atividade0_ where atividade0_.forma_conexao=? and year(atividade0_.data)=?
2020-07-02 21:21:08,328 DEBUG o.h.e.j.s.SqlStatementLogger [http-nio-8080-exec-5] select sum(bancaexami0_.valor_total) as col_0_0_ from banca_examinadora bancaexami0_ where year(bancaexami0_.data)=?
2020-07-02 21:21:08,331 DEBUG o.h.e.j.s.SqlStatementLogger [http-nio-8080-exec-5] select count(atividade0_.codigo) as col_0_0_ from atividade atividade0_ where year(atividade0_.data)=?
2020-07-02 21:21:08,333 DEBUG o.h.e.j.s.SqlStatementLogger [http-nio-8080-exec-5] select sum(atividade0_.qtd_participantes) as col_0_0_ from atividade atividade0_ where year(atividade0_.data)=?
2020-07-02 21:21:08,336 DEBUG o.h.e.j.s.SqlStatementLogger [http-nio-8080-exec-5] select sum(atividade0_.duracao)/60 as col_0_0_ from atividade atividade0_ where year(atividade0_.data)=?
2020-07-02 21:21:08,339 DEBUG o.h.e.j.s.SqlStatementLogger [http-nio-8080-exec-5] select count(atividade0_.codigo) as col_0_0_ from atividade atividade0_ where atividade0_.tipo=? and year(atividade0_.data)=?
2020-07-02 21:21:08,341 DEBUG o.h.e.j.s.SqlStatementLogger [http-nio-8080-exec-5] select count(atividade0_.codigo) as col_0_0_ from atividade atividade0_ where atividade0_.tipo=? and year(atividade0_.data)=?
2020-07-02 21:21:08,343 DEBUG o.h.e.j.s.SqlStatementLogger [http-nio-8080-exec-5] select count(atividade0_.codigo) as col_0_0_ from atividade atividade0_ where atividade0_.tipo=? and year(atividade0_.data)=?
2020-07-02 21:21:08,345 DEBUG o.h.e.j.s.SqlStatementLogger [http-nio-8080-exec-5] select count(atividade0_.codigo) as col_0_0_ from atividade atividade0_ where atividade0_.tipo=? and year(atividade0_.data)=?
2020-07-02 21:21:08,347 DEBUG o.h.e.j.s.SqlStatementLogger [http-nio-8080-exec-5] select count(atividade0_.codigo) as col_0_0_ from atividade atividade0_ where atividade0_.tipo=? and year(atividade0_.data)=?
2020-07-02 21:21:08,350 DEBUG o.h.e.j.s.SqlStatementLogger [http-nio-8080-exec-5] select count(atividade0_.codigo) as col_0_0_ from atividade atividade0_ where atividade0_.tipo=? and year(atividade0_.data)=?
2020-07-02 21:21:08,353 DEBUG o.h.e.j.s.SqlStatementLogger [http-nio-8080-exec-5] select count(atividade0_.codigo) as col_0_0_ from atividade atividade0_ where atividade0_.tipo=? and year(atividade0_.data)=?
2020-07-02 21:21:08,355 DEBUG o.h.e.j.s.SqlStatementLogger [http-nio-8080-exec-5] select count(atividade0_.codigo) as col_0_0_ from atividade atividade0_ where atividade0_.forma_conexao=? and year(atividade0_.data)=?
2020-07-02 21:21:08,358 DEBUG o.h.e.j.s.SqlStatementLogger [http-nio-8080-exec-5] select count(atividade0_.codigo) as col_0_0_ from atividade atividade0_ where atividade0_.forma_conexao=? and year(atividade0_.data)=?
2020-07-02 21:21:08,361 DEBUG o.h.e.j.s.SqlStatementLogger [http-nio-8080-exec-5] select sum(bancaexami0_.valor_total) as col_0_0_ from banca_examinadora bancaexami0_ where year(bancaexami0_.data)=?
2020-07-02 21:21:08,363 DEBUG o.h.e.j.s.SqlStatementLogger [http-nio-8080-exec-5] select count(atividade0_.codigo) as col_0_0_ from atividade atividade0_ where year(atividade0_.data)=?
2020-07-02 21:21:08,366 DEBUG o.h.e.j.s.SqlStatementLogger [http-nio-8080-exec-5] select sum(atividade0_.qtd_participantes) as col_0_0_ from atividade atividade0_ where year(atividade0_.data)=?
2020-07-02 21:21:08,369 DEBUG o.h.e.j.s.SqlStatementLogger [http-nio-8080-exec-5] select sum(atividade0_.duracao)/60 as col_0_0_ from atividade atividade0_ where year(atividade0_.data)=?
2020-07-02 21:21:08,371 DEBUG o.h.e.j.s.SqlStatementLogger [http-nio-8080-exec-5] select count(atividade0_.codigo) as col_0_0_ from atividade atividade0_ where atividade0_.tipo=? and year(atividade0_.data)=?
2020-07-02 21:21:08,374 DEBUG o.h.e.j.s.SqlStatementLogger [http-nio-8080-exec-5] select count(atividade0_.codigo) as col_0_0_ from atividade atividade0_ where atividade0_.tipo=? and year(atividade0_.data)=?
2020-07-02 21:21:08,375 DEBUG o.h.e.j.s.SqlStatementLogger [http-nio-8080-exec-5] select count(atividade0_.codigo) as col_0_0_ from atividade atividade0_ where atividade0_.tipo=? and year(atividade0_.data)=?
2020-07-02 21:21:08,377 DEBUG o.h.e.j.s.SqlStatementLogger [http-nio-8080-exec-5] select count(atividade0_.codigo) as col_0_0_ from atividade atividade0_ where atividade0_.tipo=? and year(atividade0_.data)=?
2020-07-02 21:21:08,379 DEBUG o.h.e.j.s.SqlStatementLogger [http-nio-8080-exec-5] select count(atividade0_.codigo) as col_0_0_ from atividade atividade0_ where atividade0_.tipo=? and year(atividade0_.data)=?
2020-07-02 21:21:08,381 DEBUG o.h.e.j.s.SqlStatementLogger [http-nio-8080-exec-5] select count(atividade0_.codigo) as col_0_0_ from atividade atividade0_ where atividade0_.tipo=? and year(atividade0_.data)=?
2020-07-02 21:21:08,383 DEBUG o.h.e.j.s.SqlStatementLogger [http-nio-8080-exec-5] select count(atividade0_.codigo) as col_0_0_ from atividade atividade0_ where atividade0_.tipo=? and year(atividade0_.data)=?
2020-07-02 21:21:08,386 DEBUG o.h.e.j.s.SqlStatementLogger [http-nio-8080-exec-5] select count(atividade0_.codigo) as col_0_0_ from atividade atividade0_ where atividade0_.forma_conexao=? and year(atividade0_.data)=?
2020-07-02 21:21:08,388 DEBUG o.h.e.j.s.SqlStatementLogger [http-nio-8080-exec-5] select count(atividade0_.codigo) as col_0_0_ from atividade atividade0_ where atividade0_.forma_conexao=? and year(atividade0_.data)=?
2020-07-02 21:21:08,390 DEBUG o.h.e.j.s.SqlStatementLogger [http-nio-8080-exec-5] select sum(bancaexami0_.valor_total) as col_0_0_ from banca_examinadora bancaexami0_ where year(bancaexami0_.data)=?
2020-07-02 21:21:08,761 DEBUG o.h.e.j.s.SqlStatementLogger [http-nio-8080-exec-1] select count(atividade0_.codigo) as col_0_0_ from atividade atividade0_ where year(atividade0_.data)=? and month(atividade0_.data)=?
2020-07-02 21:21:08,764 DEBUG o.h.e.j.s.SqlStatementLogger [http-nio-8080-exec-1] select count(atividade0_.codigo) as col_0_0_ from atividade atividade0_ where year(atividade0_.data)=? and month(atividade0_.data)=?
2020-07-02 21:21:08,766 DEBUG o.h.e.j.s.SqlStatementLogger [http-nio-8080-exec-1] select count(atividade0_.codigo) as col_0_0_ from atividade atividade0_ where year(atividade0_.data)=? and month(atividade0_.data)=?
2020-07-02 21:21:08,770 DEBUG o.h.e.j.s.SqlStatementLogger [http-nio-8080-exec-1] select count(atividade0_.codigo) as col_0_0_ from atividade atividade0_ where year(atividade0_.data)=? and month(atividade0_.data)=?
2020-07-02 21:21:08,774 DEBUG o.h.e.j.s.SqlStatementLogger [http-nio-8080-exec-1] select count(atividade0_.codigo) as col_0_0_ from atividade atividade0_ where year(atividade0_.data)=? and month(atividade0_.data)=?
2020-07-02 21:21:08,776 DEBUG o.h.e.j.s.SqlStatementLogger [http-nio-8080-exec-1] select count(atividade0_.codigo) as col_0_0_ from atividade atividade0_ where year(atividade0_.data)=? and month(atividade0_.data)=?
2020-07-02 21:21:08,779 DEBUG o.h.e.j.s.SqlStatementLogger [http-nio-8080-exec-2] select sum(atividade0_.qtd_participantes) as col_0_0_ from atividade atividade0_ where year(atividade0_.data)=? and month(atividade0_.data)=?
2020-07-02 21:21:08,779 DEBUG o.h.e.j.s.SqlStatementLogger [http-nio-8080-exec-1] select count(atividade0_.codigo) as col_0_0_ from atividade atividade0_ where year(atividade0_.data)=? and month(atividade0_.data)=?
2020-07-02 21:21:08,781 DEBUG o.h.e.j.s.SqlStatementLogger [http-nio-8080-exec-1] select count(atividade0_.codigo) as col_0_0_ from atividade atividade0_ where year(atividade0_.data)=? and month(atividade0_.data)=?
2020-07-02 21:21:08,783 DEBUG o.h.e.j.s.SqlStatementLogger [http-nio-8080-exec-1] select count(atividade0_.codigo) as col_0_0_ from atividade atividade0_ where year(atividade0_.data)=? and month(atividade0_.data)=?
2020-07-02 21:21:08,783 DEBUG o.h.e.j.s.SqlStatementLogger [http-nio-8080-exec-2] select sum(atividade0_.qtd_participantes) as col_0_0_ from atividade atividade0_ where year(atividade0_.data)=? and month(atividade0_.data)=?
2020-07-02 21:21:08,788 DEBUG o.h.e.j.s.SqlStatementLogger [http-nio-8080-exec-1] select count(atividade0_.codigo) as col_0_0_ from atividade atividade0_ where year(atividade0_.data)=? and month(atividade0_.data)=?
2020-07-02 21:21:08,789 DEBUG o.h.e.j.s.SqlStatementLogger [http-nio-8080-exec-2] select sum(atividade0_.qtd_participantes) as col_0_0_ from atividade atividade0_ where year(atividade0_.data)=? and month(atividade0_.data)=?
2020-07-02 21:21:08,790 DEBUG o.h.e.j.s.SqlStatementLogger [http-nio-8080-exec-1] select count(atividade0_.codigo) as col_0_0_ from atividade atividade0_ where year(atividade0_.data)=? and month(atividade0_.data)=?
2020-07-02 21:21:08,791 DEBUG o.h.e.j.s.SqlStatementLogger [http-nio-8080-exec-2] select sum(atividade0_.qtd_participantes) as col_0_0_ from atividade atividade0_ where year(atividade0_.data)=? and month(atividade0_.data)=?
2020-07-02 21:21:08,791 DEBUG o.h.e.j.s.SqlStatementLogger [http-nio-8080-exec-7] select count(atividade0_.forma_conexao) as col_0_0_ from atividade atividade0_ where atividade0_.forma_conexao=? and year(atividade0_.data)=?
2020-07-02 21:21:08,791 DEBUG o.h.e.j.s.SqlStatementLogger [http-nio-8080-exec-1] select count(atividade0_.codigo) as col_0_0_ from atividade atividade0_ where year(atividade0_.data)=? and month(atividade0_.data)=?
2020-07-02 21:21:08,793 DEBUG o.h.e.j.s.SqlStatementLogger [http-nio-8080-exec-2] select sum(atividade0_.qtd_participantes) as col_0_0_ from atividade atividade0_ where year(atividade0_.data)=? and month(atividade0_.data)=?
2020-07-02 21:21:08,795 DEBUG o.h.e.j.s.SqlStatementLogger [http-nio-8080-exec-7] select count(atividade0_.forma_conexao) as col_0_0_ from atividade atividade0_ where atividade0_.forma_conexao=? and year(atividade0_.data)=?
2020-07-02 21:21:08,800 DEBUG o.h.e.j.s.SqlStatementLogger [http-nio-8080-exec-5] select count(atividade0_.codigo) as col_0_0_ from atividade atividade0_ where atividade0_.tipo=? and year(atividade0_.data)=?
2020-07-02 21:21:08,795 DEBUG o.h.e.j.s.SqlStatementLogger [http-nio-8080-exec-2] select sum(atividade0_.qtd_participantes) as col_0_0_ from atividade atividade0_ where year(atividade0_.data)=? and month(atividade0_.data)=?
2020-07-02 21:21:08,805 DEBUG o.h.e.j.s.SqlStatementLogger [http-nio-8080-exec-2] select sum(atividade0_.qtd_participantes) as col_0_0_ from atividade atividade0_ where year(atividade0_.data)=? and month(atividade0_.data)=?
2020-07-02 21:21:08,802 DEBUG o.h.e.j.s.SqlStatementLogger [http-nio-8080-exec-3] select count(atividade0_.codigo) as col_0_0_ from atividade atividade0_ where year(atividade0_.data)=?
2020-07-02 21:21:08,805 DEBUG o.h.e.j.s.SqlStatementLogger [http-nio-8080-exec-7] select count(atividade0_.tipo) as col_0_0_ from atividade atividade0_ where atividade0_.tipo=? and year(atividade0_.data)=?
2020-07-02 21:21:08,805 DEBUG o.h.e.j.s.SqlStatementLogger [http-nio-8080-exec-5] select count(atividade0_.codigo) as col_0_0_ from atividade atividade0_ where atividade0_.tipo=? and year(atividade0_.data)=?
2020-07-02 21:21:08,807 DEBUG o.h.e.j.s.SqlStatementLogger [http-nio-8080-exec-2] select sum(atividade0_.qtd_participantes) as col_0_0_ from atividade atividade0_ where year(atividade0_.data)=? and month(atividade0_.data)=?
2020-07-02 21:21:08,808 DEBUG o.h.e.j.s.SqlStatementLogger [http-nio-8080-exec-5] select count(atividade0_.codigo) as col_0_0_ from atividade atividade0_ where atividade0_.tipo=? and year(atividade0_.data)=?
2020-07-02 21:21:08,809 DEBUG o.h.e.j.s.SqlStatementLogger [http-nio-8080-exec-2] select sum(atividade0_.qtd_participantes) as col_0_0_ from atividade atividade0_ where year(atividade0_.data)=? and month(atividade0_.data)=?
2020-07-02 21:21:08,797 DEBUG o.h.e.j.s.SqlStatementLogger [http-nio-8080-exec-10] select count(bancaexami0_.codigo) as col_0_0_ from banca_examinadora bancaexami0_ where year(bancaexami0_.data)=? and bancaexami0_.tipo_de_banca=?
2020-07-02 21:21:08,810 DEBUG o.h.e.j.s.SqlStatementLogger [http-nio-8080-exec-3] select count(atividade0_.codigo) as col_0_0_ from atividade atividade0_ where year(atividade0_.data)=?
2020-07-02 21:21:08,811 DEBUG o.h.e.j.s.SqlStatementLogger [http-nio-8080-exec-5] select count(atividade0_.codigo) as col_0_0_ from atividade atividade0_ where atividade0_.tipo=? and year(atividade0_.data)=?
2020-07-02 21:21:08,811 DEBUG o.h.e.j.s.SqlStatementLogger [http-nio-8080-exec-2] select sum(atividade0_.qtd_participantes) as col_0_0_ from atividade atividade0_ where year(atividade0_.data)=? and month(atividade0_.data)=?
2020-07-02 21:21:08,812 DEBUG o.h.e.j.s.SqlStatementLogger [http-nio-8080-exec-3] select count(atividade0_.codigo) as col_0_0_ from atividade atividade0_ where year(atividade0_.data)=?
2020-07-02 21:21:08,812 DEBUG o.h.e.j.s.SqlStatementLogger [http-nio-8080-exec-5] select count(atividade0_.codigo) as col_0_0_ from atividade atividade0_ where atividade0_.tipo=? and year(atividade0_.data)=?
2020-07-02 21:21:08,813 DEBUG o.h.e.j.s.SqlStatementLogger [http-nio-8080-exec-10] select count(bancaexami0_.codigo) as col_0_0_ from banca_examinadora bancaexami0_ where year(bancaexami0_.data)=? and bancaexami0_.tipo_de_banca=?
2020-07-02 21:21:08,816 DEBUG o.h.e.j.s.SqlStatementLogger [http-nio-8080-exec-3] select count(atividade0_.codigo) as col_0_0_ from atividade atividade0_ where year(atividade0_.data)=?
2020-07-02 21:21:08,816 DEBUG o.h.e.j.s.SqlStatementLogger [http-nio-8080-exec-2] select sum(atividade0_.qtd_participantes) as col_0_0_ from atividade atividade0_ where year(atividade0_.data)=? and month(atividade0_.data)=?
2020-07-02 21:21:08,816 DEBUG o.h.e.j.s.SqlStatementLogger [http-nio-8080-exec-5] select count(atividade0_.codigo) as col_0_0_ from atividade atividade0_ where atividade0_.tipo=? and year(atividade0_.data)=?
2020-07-02 21:21:08,816 DEBUG o.h.e.j.s.SqlStatementLogger [http-nio-8080-exec-10] select count(bancaexami0_.codigo) as col_0_0_ from banca_examinadora bancaexami0_ where year(bancaexami0_.data)=? and bancaexami0_.tipo_de_banca=?
2020-07-02 21:21:08,819 DEBUG o.h.e.j.s.SqlStatementLogger [http-nio-8080-exec-3] select count(atividade0_.codigo) as col_0_0_ from atividade atividade0_ where year(atividade0_.data)=?
2020-07-02 21:21:08,819 DEBUG o.h.e.j.s.SqlStatementLogger [http-nio-8080-exec-2] select sum(atividade0_.qtd_participantes) as col_0_0_ from atividade atividade0_ where year(atividade0_.data)=? and month(atividade0_.data)=?
2020-07-02 21:21:08,820 DEBUG o.h.e.j.s.SqlStatementLogger [http-nio-8080-exec-5] select count(atividade0_.codigo) as col_0_0_ from atividade atividade0_ where atividade0_.tipo=? and year(atividade0_.data)=?
2020-07-02 21:21:08,820 DEBUG o.h.e.j.s.SqlStatementLogger [http-nio-8080-exec-10] select count(bancaexami0_.codigo) as col_0_0_ from banca_examinadora bancaexami0_ where year(bancaexami0_.data)=? and bancaexami0_.tipo_de_banca=?
2020-07-02 21:21:08,821 DEBUG o.h.e.j.s.SqlStatementLogger [http-nio-8080-exec-3] select count(atividade0_.codigo) as col_0_0_ from atividade atividade0_ where year(atividade0_.data)=?
2020-07-02 21:21:08,821 DEBUG o.h.e.j.s.SqlStatementLogger [http-nio-8080-exec-5] select count(atividade0_.codigo) as col_0_0_ from atividade atividade0_ where atividade0_.tipo=? and year(atividade0_.data)=?
2020-07-02 21:21:08,824 DEBUG o.h.e.j.s.SqlStatementLogger [http-nio-8080-exec-3] select count(atividade0_.codigo) as col_0_0_ from atividade atividade0_ where year(atividade0_.data)=?
2020-07-02 21:21:08,824 DEBUG o.h.e.j.s.SqlStatementLogger [http-nio-8080-exec-5] select count(atividade0_.codigo) as col_0_0_ from atividade atividade0_ where atividade0_.tipo=? and year(atividade0_.data)=?
2020-07-02 21:21:08,826 DEBUG o.h.e.j.s.SqlStatementLogger [http-nio-8080-exec-5] select count(atividade0_.codigo) as col_0_0_ from atividade atividade0_ where atividade0_.tipo=? and year(atividade0_.data)=?
2020-07-02 21:21:08,830 DEBUG o.h.e.j.s.SqlStatementLogger [http-nio-8080-exec-5] select count(atividade0_.codigo) as col_0_0_ from atividade atividade0_ where atividade0_.tipo=? and year(atividade0_.data)=?
2020-07-02 21:21:08,833 DEBUG o.h.e.j.s.SqlStatementLogger [http-nio-8080-exec-5] select count(atividade0_.codigo) as col_0_0_ from atividade atividade0_ where atividade0_.tipo=? and year(atividade0_.data)=?
2020-07-02 21:21:08,836 DEBUG o.h.e.j.s.SqlStatementLogger [http-nio-8080-exec-5] select count(atividade0_.codigo) as col_0_0_ from atividade atividade0_ where atividade0_.tipo=? and year(atividade0_.data)=?
2020-07-02 21:21:08,838 DEBUG o.h.e.j.s.SqlStatementLogger [http-nio-8080-exec-5] select count(atividade0_.codigo) as col_0_0_ from atividade atividade0_ where atividade0_.tipo=? and year(atividade0_.data)=?
2020-07-02 21:21:08,841 DEBUG o.h.e.j.s.SqlStatementLogger [http-nio-8080-exec-5] select count(atividade0_.codigo) as col_0_0_ from atividade atividade0_ where atividade0_.tipo=? and year(atividade0_.data)=?
2020-07-02 21:21:08,843 DEBUG o.h.e.j.s.SqlStatementLogger [http-nio-8080-exec-5] select count(atividade0_.codigo) as col_0_0_ from atividade atividade0_ where atividade0_.tipo=? and year(atividade0_.data)=?
2020-07-02 21:21:08,845 DEBUG o.h.e.j.s.SqlStatementLogger [http-nio-8080-exec-5] select count(atividade0_.codigo) as col_0_0_ from atividade atividade0_ where atividade0_.tipo=? and year(atividade0_.data)=?
2020-07-02 21:21:08,847 DEBUG o.h.e.j.s.SqlStatementLogger [http-nio-8080-exec-5] select count(atividade0_.codigo) as col_0_0_ from atividade atividade0_ where atividade0_.tipo=? and year(atividade0_.data)=?
2020-07-02 21:21:08,849 DEBUG o.h.e.j.s.SqlStatementLogger [http-nio-8080-exec-5] select count(atividade0_.codigo) as col_0_0_ from atividade atividade0_ where atividade0_.tipo=? and year(atividade0_.data)=?
2020-07-02 21:21:08,852 DEBUG o.h.e.j.s.SqlStatementLogger [http-nio-8080-exec-5] select count(atividade0_.codigo) as col_0_0_ from atividade atividade0_ where atividade0_.tipo=? and year(atividade0_.data)=?
2020-07-02 21:21:08,854 DEBUG o.h.e.j.s.SqlStatementLogger [http-nio-8080-exec-5] select count(atividade0_.codigo) as col_0_0_ from atividade atividade0_ where atividade0_.tipo=? and year(atividade0_.data)=?
2020-07-02 21:21:08,857 DEBUG o.h.e.j.s.SqlStatementLogger [http-nio-8080-exec-5] select count(atividade0_.codigo) as col_0_0_ from atividade atividade0_ where atividade0_.tipo=? and year(atividade0_.data)=?
2020-07-02 21:21:08,859 DEBUG o.h.e.j.s.SqlStatementLogger [http-nio-8080-exec-5] select count(atividade0_.codigo) as col_0_0_ from atividade atividade0_ where atividade0_.tipo=? and year(atividade0_.data)=?
2020-07-02 21:21:08,860 DEBUG o.h.e.j.s.SqlStatementLogger [http-nio-8080-exec-5] select count(atividade0_.codigo) as col_0_0_ from atividade atividade0_ where atividade0_.tipo=? and year(atividade0_.data)=?
2020-07-02 21:21:08,862 DEBUG o.h.e.j.s.SqlStatementLogger [http-nio-8080-exec-5] select count(atividade0_.codigo) as col_0_0_ from atividade atividade0_ where atividade0_.tipo=? and year(atividade0_.data)=?
2020-07-02 21:21:08,865 DEBUG o.h.e.j.s.SqlStatementLogger [http-nio-8080-exec-5] select count(atividade0_.codigo) as col_0_0_ from atividade atividade0_ where atividade0_.tipo=? and year(atividade0_.data)=?
2020-07-02 21:21:08,868 DEBUG o.h.e.j.s.SqlStatementLogger [http-nio-8080-exec-5] select count(atividade0_.codigo) as col_0_0_ from atividade atividade0_ where atividade0_.tipo=? and year(atividade0_.data)=?
2020-07-02 21:21:08,871 DEBUG o.h.e.j.s.SqlStatementLogger [http-nio-8080-exec-5] select count(atividade0_.codigo) as col_0_0_ from atividade atividade0_ where atividade0_.tipo=? and year(atividade0_.data)=?
2020-07-02 21:21:08,873 DEBUG o.h.e.j.s.SqlStatementLogger [http-nio-8080-exec-5] select count(atividade0_.codigo) as col_0_0_ from atividade atividade0_ where atividade0_.tipo=? and year(atividade0_.data)=?
2020-07-02 21:21:08,875 DEBUG o.h.e.j.s.SqlStatementLogger [http-nio-8080-exec-5] select count(atividade0_.codigo) as col_0_0_ from atividade atividade0_ where atividade0_.tipo=? and year(atividade0_.data)=?
2020-07-02 21:21:14,160 DEBUG o.h.e.j.s.SqlStatementLogger [http-nio-8080-exec-9] select sum(atividade0_.qtd_participantes) as col_0_0_ from atividade atividade0_
2020-07-02 21:21:14,163 DEBUG o.h.e.j.s.SqlStatementLogger [http-nio-8080-exec-9] select sum(bancaexami0_.valor_total) as col_0_0_ from banca_examinadora bancaexami0_
2020-07-02 21:21:14,167 DEBUG o.h.e.j.s.SqlStatementLogger [http-nio-8080-exec-9] select count(atividade0_.forma_conexao) as col_0_0_ from atividade atividade0_ where atividade0_.forma_conexao=?
2020-07-02 21:21:14,169 DEBUG o.h.e.j.s.SqlStatementLogger [http-nio-8080-exec-9] select count(atividade0_.forma_conexao) as col_0_0_ from atividade atividade0_ where atividade0_.forma_conexao=?
2020-07-02 21:21:14,171 DEBUG o.h.e.j.s.SqlStatementLogger [http-nio-8080-exec-9] select count(atividade0_.codigo) as col_0_0_ from atividade atividade0_
2020-07-02 21:21:14,173 DEBUG o.h.e.j.s.SqlStatementLogger [http-nio-8080-exec-9] select count(bancaexami0_.codigo) as col_0_0_ from banca_examinadora bancaexami0_
2020-07-02 21:21:14,175 DEBUG o.h.e.j.s.SqlStatementLogger [http-nio-8080-exec-9] select count(atividade0_.tipo) as col_0_0_ from atividade atividade0_ where atividade0_.tipo=?
2020-07-02 21:21:14,177 DEBUG o.h.e.j.s.SqlStatementLogger [http-nio-8080-exec-9] select sum(atividade0_.pontos_conectados) as col_0_0_ from atividade atividade0_
