2020-07-07 17:55:00,730 INFO o.s.b.StartupInfoLogger [main] Starting RevSpringBootApplication on DESKTOP-H0MQLKS with PID 13316 (C:\Users\samue\Documents\workspace-sts-3.9.12.RELEASE\RevSpringBoot\target\classes started by samue in C:\Users\samue\Documents\workspace-sts-3.9.12.RELEASE\RevSpringBoot)
2020-07-07 17:55:00,767 INFO o.s.b.SpringApplication [main] No active profile set, falling back to default profiles: default
2020-07-07 17:55:01,783 INFO o.s.d.r.c.RepositoryConfigurationDelegate [main] Bootstrapping Spring Data JPA repositories in DEFAULT mode.
2020-07-07 17:55:01,937 INFO o.s.d.r.c.RepositoryConfigurationDelegate [main] Finished Spring Data repository scanning in 144ms. Found 4 JPA repository interfaces.
2020-07-07 17:55:02,567 INFO o.s.b.w.e.t.TomcatWebServer [main] Tomcat initialized with port(s): 8080 (http)
2020-07-07 17:55:02,587 INFO o.a.j.l.DirectJDKLog [main] Initializing ProtocolHandler ["http-nio-8080"]
2020-07-07 17:55:02,590 INFO o.a.j.l.DirectJDKLog [main] Starting service [Tomcat]
2020-07-07 17:55:02,591 INFO o.a.j.l.DirectJDKLog [main] Starting Servlet engine: [Apache Tomcat/9.0.34]
2020-07-07 17:55:02,783 INFO o.a.j.l.DirectJDKLog [main] Initializing Spring embedded WebApplicationContext
2020-07-07 17:55:02,784 INFO o.s.b.w.s.c.ServletWebServerApplicationContext [main] Root WebApplicationContext: initialization completed in 1860 ms
2020-07-07 17:55:02,934 INFO o.f.c.i.l.s.Slf4jLog [main] Flyway Community Edition 6.0.8 by Redgate
2020-07-07 17:55:02,945 INFO c.z.h.HikariDataSource [main] HikariPool-1 - Starting...
2020-07-07 17:55:03,700 INFO c.z.h.HikariDataSource [main] HikariPool-1 - Start completed.
2020-07-07 17:55:03,739 INFO o.f.c.i.l.s.Slf4jLog [main] Database: jdbc:mysql://localhost:3306/projetobase (MySQL 8.0)
2020-07-07 17:55:03,797 INFO o.f.c.i.l.s.Slf4jLog [main] Successfully validated 14 migrations (execution time 00:00.033s)
2020-07-07 17:55:03,815 INFO o.f.c.i.l.s.Slf4jLog [main] Current version of schema `projetobase`: 14
2020-07-07 17:55:03,816 INFO o.f.c.i.l.s.Slf4jLog [main] Schema `projetobase` is up to date. No migration necessary.
2020-07-07 17:55:03,972 INFO o.h.j.i.u.LogHelper [main] HHH000204: Processing PersistenceUnitInfo [name: default]
2020-07-07 17:55:04,027 INFO o.h.Version [main] HHH000412: Hibernate ORM core version 5.4.15.Final
2020-07-07 17:55:04,168 INFO o.h.a.c.r.j.JavaReflectionManager [main] HCANN000001: Hibernate Commons Annotations {5.1.0.Final}
2020-07-07 17:55:04,289 INFO o.h.d.Dialect [main] HHH000400: Using dialect: org.hibernate.dialect.MySQL5Dialect
2020-07-07 17:55:05,245 INFO o.h.e.t.j.p.i.JtaPlatformInitiator [main] HHH000490: Using JtaPlatform implementation: [org.hibernate.engine.transaction.jta.platform.internal.NoJtaPlatform]
2020-07-07 17:55:05,255 INFO o.s.o.j.AbstractEntityManagerFactoryBean [main] Initialized JPA EntityManagerFactory for persistence unit 'default'
2020-07-07 17:55:05,316 WARN o.s.b.a.o.j.JpaBaseConfiguration$JpaWebConfiguration [main] spring.jpa.open-in-view is enabled by default. Therefore, database queries may be performed during view rendering. Explicitly configure spring.jpa.open-in-view to disable this warning
2020-07-07 17:55:06,376 INFO o.s.s.w.DefaultSecurityFilterChain [main] Creating filter chain: Ant [pattern='/static/**'], []
2020-07-07 17:55:06,376 INFO o.s.s.w.DefaultSecurityFilterChain [main] Creating filter chain: Ant [pattern='/img/**'], []
2020-07-07 17:55:06,376 INFO o.s.s.w.DefaultSecurityFilterChain [main] Creating filter chain: Ant [pattern='/css/**'], []
2020-07-07 17:55:06,376 INFO o.s.s.w.DefaultSecurityFilterChain [main] Creating filter chain: Ant [pattern='/js/**'], []
2020-07-07 17:55:06,376 INFO o.s.s.w.DefaultSecurityFilterChain [main] Creating filter chain: Ant [pattern='/scss/**'], []
2020-07-07 17:55:06,377 INFO o.s.s.w.DefaultSecurityFilterChain [main] Creating filter chain: Ant [pattern='/vendor/**'], []
2020-07-07 17:55:06,418 INFO o.s.s.w.DefaultSecurityFilterChain [main] Creating filter chain: any request, [org.springframework.security.web.context.request.async.WebAsyncManagerIntegrationFilter@2965dd88, org.springframework.security.web.context.SecurityContextPersistenceFilter@11cc9e1e, org.springframework.security.web.header.HeaderWriterFilter@7827d7b, org.springframework.security.web.csrf.CsrfFilter@67c0c90b, org.springframework.security.web.authentication.logout.LogoutFilter@13d984ee, org.springframework.security.web.authentication.UsernamePasswordAuthenticationFilter@38e46765, org.springframework.security.web.savedrequest.RequestCacheAwareFilter@5b0e9e0c, org.springframework.security.web.servletapi.SecurityContextHolderAwareRequestFilter@4a453f8d, org.springframework.security.web.authentication.AnonymousAuthenticationFilter@3221588e, org.springframework.security.web.session.SessionManagementFilter@2e7a9db7, org.springframework.security.web.access.ExceptionTranslationFilter@2ec0ca83, org.springframework.security.web.access.intercept.FilterSecurityInterceptor@42e202d7]
2020-07-07 17:55:06,770 WARN o.t.t.TemplateMode [main] [THYMELEAF][main] Template Mode 'HTML5' is deprecated. Using Template Mode 'HTML' instead.
2020-07-07 17:55:06,954 INFO o.a.j.l.DirectJDKLog [main] Starting ProtocolHandler ["http-nio-8080"]
2020-07-07 17:55:06,979 INFO o.s.b.w.e.t.TomcatWebServer [main] Tomcat started on port(s): 8080 (http) with context path ''
2020-07-07 17:55:06,981 INFO o.s.b.StartupInfoLogger [main] Started RevSpringBootApplication in 6.931 seconds (JVM running for 8.939)
