2020-07-15 12:36:21,268 INFO o.s.b.StartupInfoLogger [main] Starting RevSpringBootApplication on DESKTOP-H0MQLKS with PID 3820 (C:\Users\samue\Documents\workspace-sts-3.9.12.RELEASE\RevSpringBoot\target\classes started by samue in C:\Users\samue\Documents\workspace-sts-3.9.12.RELEASE\RevSpringBoot)
2020-07-15 12:36:21,285 INFO o.s.b.SpringApplication [main] No active profile set, falling back to default profiles: default
2020-07-15 12:36:22,503 INFO o.s.d.r.c.RepositoryConfigurationDelegate [main] Bootstrapping Spring Data JPA repositories in DEFAULT mode.
2020-07-15 12:36:22,692 INFO o.s.d.r.c.RepositoryConfigurationDelegate [main] Finished Spring Data repository scanning in 173ms. Found 4 JPA repository interfaces.
2020-07-15 12:36:23,646 INFO o.s.b.w.e.t.TomcatWebServer [main] Tomcat initialized with port(s): 8080 (http)
2020-07-15 12:36:23,655 INFO o.a.j.l.DirectJDKLog [main] Initializing ProtocolHandler ["http-nio-8080"]
2020-07-15 12:36:23,656 INFO o.a.j.l.DirectJDKLog [main] Starting service [Tomcat]
2020-07-15 12:36:23,657 INFO o.a.j.l.DirectJDKLog [main] Starting Servlet engine: [Apache Tomcat/9.0.34]
2020-07-15 12:36:23,830 INFO o.a.j.l.DirectJDKLog [main] Initializing Spring embedded WebApplicationContext
2020-07-15 12:36:23,830 INFO o.s.b.w.s.c.ServletWebServerApplicationContext [main] Root WebApplicationContext: initialization completed in 2410 ms
2020-07-15 12:36:23,965 INFO o.f.c.i.l.s.Slf4jLog [main] Flyway Community Edition 6.0.8 by Redgate
2020-07-15 12:36:23,977 INFO c.z.h.HikariDataSource [main] HikariPool-1 - Starting...
2020-07-15 12:36:24,896 INFO c.z.h.HikariDataSource [main] HikariPool-1 - Start completed.
2020-07-15 12:36:24,949 INFO o.f.c.i.l.s.Slf4jLog [main] Database: jdbc:mysql://localhost:3306/projetobase (MySQL 8.0)
2020-07-15 12:36:25,010 INFO o.f.c.i.l.s.Slf4jLog [main] Successfully validated 15 migrations (execution time 00:00.037s)
2020-07-15 12:36:25,029 INFO o.f.c.i.l.s.Slf4jLog [main] Current version of schema `projetobase`: 15
2020-07-15 12:36:25,030 INFO o.f.c.i.l.s.Slf4jLog [main] Schema `projetobase` is up to date. No migration necessary.
2020-07-15 12:36:25,180 INFO o.h.j.i.u.LogHelper [main] HHH000204: Processing PersistenceUnitInfo [name: default]
2020-07-15 12:36:25,237 INFO o.h.Version [main] HHH000412: Hibernate ORM core version 5.4.15.Final
2020-07-15 12:36:25,386 INFO o.h.a.c.r.j.JavaReflectionManager [main] HCANN000001: Hibernate Commons Annotations {5.1.0.Final}
2020-07-15 12:36:25,511 INFO o.h.d.Dialect [main] HHH000400: Using dialect: org.hibernate.dialect.MySQL5Dialect
2020-07-15 12:36:26,518 INFO o.h.e.t.j.p.i.JtaPlatformInitiator [main] HHH000490: Using JtaPlatform implementation: [org.hibernate.engine.transaction.jta.platform.internal.NoJtaPlatform]
2020-07-15 12:36:26,527 INFO o.s.o.j.AbstractEntityManagerFactoryBean [main] Initialized JPA EntityManagerFactory for persistence unit 'default'
2020-07-15 12:36:26,588 WARN o.s.b.a.o.j.JpaBaseConfiguration$JpaWebConfiguration [main] spring.jpa.open-in-view is enabled by default. Therefore, database queries may be performed during view rendering. Explicitly configure spring.jpa.open-in-view to disable this warning
2020-07-15 12:36:27,641 INFO o.s.s.w.DefaultSecurityFilterChain [main] Creating filter chain: Ant [pattern='/static/**'], []
2020-07-15 12:36:27,642 INFO o.s.s.w.DefaultSecurityFilterChain [main] Creating filter chain: Ant [pattern='/img/**'], []
2020-07-15 12:36:27,642 INFO o.s.s.w.DefaultSecurityFilterChain [main] Creating filter chain: Ant [pattern='/css/**'], []
2020-07-15 12:36:27,642 INFO o.s.s.w.DefaultSecurityFilterChain [main] Creating filter chain: Ant [pattern='/js/**'], []
2020-07-15 12:36:27,642 INFO o.s.s.w.DefaultSecurityFilterChain [main] Creating filter chain: Ant [pattern='/scss/**'], []
2020-07-15 12:36:27,642 INFO o.s.s.w.DefaultSecurityFilterChain [main] Creating filter chain: Ant [pattern='/vendor/**'], []
2020-07-15 12:36:27,683 INFO o.s.s.w.DefaultSecurityFilterChain [main] Creating filter chain: any request, [org.springframework.security.web.context.request.async.WebAsyncManagerIntegrationFilter@10d4b573, org.springframework.security.web.context.SecurityContextPersistenceFilter@3dc55719, org.springframework.security.web.header.HeaderWriterFilter@40863800, org.springframework.security.web.csrf.CsrfFilter@4fedf908, org.springframework.security.web.authentication.logout.LogoutFilter@4345fd45, org.springframework.security.web.authentication.UsernamePasswordAuthenticationFilter@1e8bccfb, org.springframework.security.web.savedrequest.RequestCacheAwareFilter@4c2bea52, org.springframework.security.web.servletapi.SecurityContextHolderAwareRequestFilter@cf984d9, org.springframework.security.web.authentication.AnonymousAuthenticationFilter@50785f86, org.springframework.security.web.session.SessionManagementFilter@24018c8b, org.springframework.security.web.access.ExceptionTranslationFilter@8debe42, org.springframework.security.web.access.intercept.FilterSecurityInterceptor@1c8e8fed]
2020-07-15 12:36:28,063 INFO o.a.j.l.DirectJDKLog [main] Starting ProtocolHandler ["http-nio-8080"]
2020-07-15 12:36:28,088 INFO o.s.b.w.e.t.TomcatWebServer [main] Tomcat started on port(s): 8080 (http) with context path ''
2020-07-15 12:36:28,090 INFO o.s.b.StartupInfoLogger [main] Started RevSpringBootApplication in 7.361 seconds (JVM running for 9.743)
