2020-07-03 13:04:00,745 INFO o.s.t.c.s.AbstractTestContextBootstrapper [main] Neither @ContextConfiguration nor @ContextHierarchy found for test class [com.rev.RevSpringBootApplicationTests], using SpringBootContextLoader
2020-07-03 13:04:00,760 INFO o.s.t.c.s.AbstractContextLoader [main] Could not detect default resource locations for test class [com.rev.RevSpringBootApplicationTests]: no resource found for suffixes {-context.xml, Context.groovy}.
2020-07-03 13:04:00,760 INFO o.s.t.c.s.AnnotationConfigContextLoaderUtils [main] Could not detect default configuration classes for test class [com.rev.RevSpringBootApplicationTests]: RevSpringBootApplicationTests does not declare any static, non-private, non-final, nested classes annotated with @Configuration.
2020-07-03 13:04:00,995 INFO o.s.b.t.c.SpringBootTestContextBootstrapper [main] Found @SpringBootConfiguration com.rev.RevSpringBootApplication for test class com.rev.RevSpringBootApplicationTests
2020-07-03 13:04:01,151 INFO o.s.t.c.s.AbstractTestContextBootstrapper [main] Loaded default TestExecutionListener class names from location [META-INF/spring.factories]: [org.springframework.boot.test.mock.mockito.MockitoTestExecutionListener, org.springframework.boot.test.mock.mockito.ResetMocksTestExecutionListener, org.springframework.boot.test.autoconfigure.restdocs.RestDocsTestExecutionListener, org.springframework.boot.test.autoconfigure.web.client.MockRestServiceServerResetTestExecutionListener, org.springframework.boot.test.autoconfigure.web.servlet.MockMvcPrintOnlyOnFailureTestExecutionListener, org.springframework.boot.test.autoconfigure.web.servlet.WebDriverTestExecutionListener, org.springframework.test.context.web.ServletTestExecutionListener, org.springframework.test.context.support.DirtiesContextBeforeModesTestExecutionListener, org.springframework.test.context.support.DependencyInjectionTestExecutionListener, org.springframework.test.context.support.DirtiesContextTestExecutionListener, org.springframework.test.context.transaction.TransactionalTestExecutionListener, org.springframework.test.context.jdbc.SqlScriptsTestExecutionListener, org.springframework.test.context.event.EventPublishingTestExecutionListener]
2020-07-03 13:04:01,182 INFO o.s.t.c.s.AbstractTestContextBootstrapper [main] Using TestExecutionListeners: [org.springframework.test.context.web.ServletTestExecutionListener@6dee4f1b, org.springframework.test.context.support.DirtiesContextBeforeModesTestExecutionListener@176b3f44, org.springframework.boot.test.mock.mockito.MockitoTestExecutionListener@6ee6f53, org.springframework.boot.test.autoconfigure.SpringBootDependencyInjectionTestExecutionListener@421bba99, org.springframework.test.context.support.DirtiesContextTestExecutionListener@5d12a356, org.springframework.test.context.transaction.TransactionalTestExecutionListener@134d26af, org.springframework.test.context.jdbc.SqlScriptsTestExecutionListener@66ac5762, org.springframework.test.context.event.EventPublishingTestExecutionListener@797cf65c, org.springframework.boot.test.mock.mockito.ResetMocksTestExecutionListener@31bcf236, org.springframework.boot.test.autoconfigure.restdocs.RestDocsTestExecutionListener@4b3ed2f0, org.springframework.boot.test.autoconfigure.web.client.MockRestServiceServerResetTestExecutionListener@4fad9bb2, org.springframework.boot.test.autoconfigure.web.servlet.MockMvcPrintOnlyOnFailureTestExecutionListener@517d4a0d, org.springframework.boot.test.autoconfigure.web.servlet.WebDriverTestExecutionListener@7862f56]
2020-07-03 13:04:01,802 INFO o.s.b.StartupInfoLogger [main] Starting RevSpringBootApplicationTests on DESKTOP-H0MQLKS with PID 3312 (started by samue in C:\Users\samue\Documents\workspace-sts-3.9.12.RELEASE\RevSpringBoot)
2020-07-03 13:04:01,818 INFO o.s.b.SpringApplication [main] No active profile set, falling back to default profiles: default
2020-07-03 13:04:03,771 INFO o.s.d.r.c.RepositoryConfigurationDelegate [main] Bootstrapping Spring Data JPA repositories in DEFAULT mode.
2020-07-03 13:04:04,042 INFO o.s.d.r.c.RepositoryConfigurationDelegate [main] Finished Spring Data repository scanning in 261ms. Found 4 JPA repository interfaces.
2020-07-03 13:04:05,636 INFO o.f.c.i.l.s.Slf4jLog [main] Flyway Community Edition 6.0.8 by Redgate
2020-07-03 13:04:05,680 INFO c.z.h.HikariDataSource [main] HikariPool-1 - Starting...
2020-07-03 13:04:06,680 INFO c.z.h.HikariDataSource [main] HikariPool-1 - Start completed.
2020-07-03 13:04:06,772 INFO o.f.c.i.l.s.Slf4jLog [main] Database: jdbc:mysql://localhost:3306/projetobase (MySQL 8.0)
2020-07-03 13:04:06,944 INFO o.f.c.i.l.s.Slf4jLog [main] Successfully validated 14 migrations (execution time 00:00.126s)
2020-07-03 13:04:06,975 INFO o.f.c.i.l.s.Slf4jLog [main] Current version of schema `projetobase`: 14
2020-07-03 13:04:06,975 INFO o.f.c.i.l.s.Slf4jLog [main] Schema `projetobase` is up to date. No migration necessary.
2020-07-03 13:04:07,381 INFO o.h.j.i.u.LogHelper [main] HHH000204: Processing PersistenceUnitInfo [name: default]
2020-07-03 13:04:07,553 INFO o.h.Version [main] HHH000412: Hibernate ORM core version 5.4.15.Final
2020-07-03 13:04:07,928 INFO o.h.a.c.r.j.JavaReflectionManager [main] HCANN000001: Hibernate Commons Annotations {5.1.0.Final}
2020-07-03 13:04:08,342 INFO o.h.d.Dialect [main] HHH000400: Using dialect: org.hibernate.dialect.MySQL5Dialect
2020-07-03 13:04:10,451 INFO o.h.e.t.j.p.i.JtaPlatformInitiator [main] HHH000490: Using JtaPlatform implementation: [org.hibernate.engine.transaction.jta.platform.internal.NoJtaPlatform]
2020-07-03 13:04:10,464 INFO o.s.o.j.AbstractEntityManagerFactoryBean [main] Initialized JPA EntityManagerFactory for persistence unit 'default'
2020-07-03 13:04:10,605 WARN o.s.b.a.o.j.JpaBaseConfiguration$JpaWebConfiguration [main] spring.jpa.open-in-view is enabled by default. Therefore, database queries may be performed during view rendering. Explicitly configure spring.jpa.open-in-view to disable this warning
2020-07-03 13:04:12,574 INFO o.s.s.w.DefaultSecurityFilterChain [main] Creating filter chain: Ant [pattern='/static/**'], []
2020-07-03 13:04:12,582 INFO o.s.s.w.DefaultSecurityFilterChain [main] Creating filter chain: Ant [pattern='/img/**'], []
2020-07-03 13:04:12,583 INFO o.s.s.w.DefaultSecurityFilterChain [main] Creating filter chain: Ant [pattern='/css/**'], []
2020-07-03 13:04:12,583 INFO o.s.s.w.DefaultSecurityFilterChain [main] Creating filter chain: Ant [pattern='/js/**'], []
2020-07-03 13:04:12,583 INFO o.s.s.w.DefaultSecurityFilterChain [main] Creating filter chain: Ant [pattern='/scss/**'], []
2020-07-03 13:04:12,583 INFO o.s.s.w.DefaultSecurityFilterChain [main] Creating filter chain: Ant [pattern='/vendor/**'], []
2020-07-03 13:04:12,927 INFO o.s.s.w.DefaultSecurityFilterChain [main] Creating filter chain: any request, [org.springframework.security.web.context.request.async.WebAsyncManagerIntegrationFilter@7d80e1b3, org.springframework.security.web.context.SecurityContextPersistenceFilter@656c5818, org.springframework.security.web.header.HeaderWriterFilter@5abb7a8f, org.springframework.security.web.csrf.CsrfFilter@25b20860, org.springframework.security.web.authentication.logout.LogoutFilter@4db568e1, org.springframework.security.web.authentication.UsernamePasswordAuthenticationFilter@128a188a, org.springframework.security.web.savedrequest.RequestCacheAwareFilter@29592929, org.springframework.security.web.servletapi.SecurityContextHolderAwareRequestFilter@774304ca, org.springframework.security.web.authentication.AnonymousAuthenticationFilter@1b732dd, org.springframework.security.web.session.SessionManagementFilter@5621a671, org.springframework.security.web.access.ExceptionTranslationFilter@4caf875c, org.springframework.security.web.access.intercept.FilterSecurityInterceptor@1071ae7c]
2020-07-03 13:04:13,849 WARN o.t.t.TemplateMode [main] [THYMELEAF][main] Template Mode 'HTML5' is deprecated. Using Template Mode 'HTML' instead.
2020-07-03 13:04:14,768 INFO o.s.b.StartupInfoLogger [main] Started RevSpringBootApplicationTests in 13.525 seconds (JVM running for 16.962)
2020-07-03 13:04:15,053 INFO o.s.o.j.AbstractEntityManagerFactoryBean [SpringContextShutdownHook] Closing JPA EntityManagerFactory for persistence unit 'default'
2020-07-03 13:04:15,053 INFO c.z.h.HikariDataSource [SpringContextShutdownHook] HikariPool-1 - Shutdown initiated...
2020-07-03 13:04:15,069 INFO c.z.h.HikariDataSource [SpringContextShutdownHook] HikariPool-1 - Shutdown completed.
