2020-07-15 14:09:19,729 INFO o.s.b.StartupInfoLogger [main] Starting RevSpringBootApplication on DESKTOP-H0MQLKS with PID 13412 (C:\Users\samue\Documents\workspace-sts-3.9.12.RELEASE\RevSpringBoot\target\classes started by samue in C:\Users\samue\Documents\workspace-sts-3.9.12.RELEASE\RevSpringBoot)
2020-07-15 14:09:19,771 INFO o.s.b.SpringApplication [main] No active profile set, falling back to default profiles: default
2020-07-15 14:09:20,957 INFO o.s.d.r.c.RepositoryConfigurationDelegate [main] Bootstrapping Spring Data JPA repositories in DEFAULT mode.
2020-07-15 14:09:21,120 INFO o.s.d.r.c.RepositoryConfigurationDelegate [main] Finished Spring Data repository scanning in 152ms. Found 4 JPA repository interfaces.
2020-07-15 14:09:22,021 INFO o.s.b.w.e.t.TomcatWebServer [main] Tomcat initialized with port(s): 8080 (http)
2020-07-15 14:09:22,032 INFO o.a.j.l.DirectJDKLog [main] Initializing ProtocolHandler ["http-nio-8080"]
2020-07-15 14:09:22,033 INFO o.a.j.l.DirectJDKLog [main] Starting service [Tomcat]
2020-07-15 14:09:22,034 INFO o.a.j.l.DirectJDKLog [main] Starting Servlet engine: [Apache Tomcat/9.0.34]
2020-07-15 14:09:22,263 INFO o.a.j.l.DirectJDKLog [main] Initializing Spring embedded WebApplicationContext
2020-07-15 14:09:22,263 INFO o.s.b.w.s.c.ServletWebServerApplicationContext [main] Root WebApplicationContext: initialization completed in 2369 ms
2020-07-15 14:09:22,445 INFO o.f.c.i.l.s.Slf4jLog [main] Flyway Community Edition 6.0.8 by Redgate
2020-07-15 14:09:22,459 INFO c.z.h.HikariDataSource [main] HikariPool-1 - Starting...
2020-07-15 14:09:23,487 INFO c.z.h.HikariDataSource [main] HikariPool-1 - Start completed.
2020-07-15 14:09:23,528 INFO o.f.c.i.l.s.Slf4jLog [main] Database: jdbc:mysql://localhost:3306/projetobase (MySQL 8.0)
2020-07-15 14:09:23,594 INFO o.f.c.i.l.s.Slf4jLog [main] Successfully validated 15 migrations (execution time 00:00.039s)
2020-07-15 14:09:23,613 INFO o.f.c.i.l.s.Slf4jLog [main] Current version of schema `projetobase`: 15
2020-07-15 14:09:23,615 INFO o.f.c.i.l.s.Slf4jLog [main] Schema `projetobase` is up to date. No migration necessary.
2020-07-15 14:09:23,769 INFO o.h.j.i.u.LogHelper [main] HHH000204: Processing PersistenceUnitInfo [name: default]
2020-07-15 14:09:23,826 INFO o.h.Version [main] HHH000412: Hibernate ORM core version 5.4.15.Final
2020-07-15 14:09:23,974 INFO o.h.a.c.r.j.JavaReflectionManager [main] HCANN000001: Hibernate Commons Annotations {5.1.0.Final}
2020-07-15 14:09:24,096 INFO o.h.d.Dialect [main] HHH000400: Using dialect: org.hibernate.dialect.MySQL5Dialect
2020-07-15 14:09:25,352 INFO o.h.e.t.j.p.i.JtaPlatformInitiator [main] HHH000490: Using JtaPlatform implementation: [org.hibernate.engine.transaction.jta.platform.internal.NoJtaPlatform]
2020-07-15 14:09:25,361 INFO o.s.o.j.AbstractEntityManagerFactoryBean [main] Initialized JPA EntityManagerFactory for persistence unit 'default'
2020-07-15 14:09:25,428 WARN o.s.b.a.o.j.JpaBaseConfiguration$JpaWebConfiguration [main] spring.jpa.open-in-view is enabled by default. Therefore, database queries may be performed during view rendering. Explicitly configure spring.jpa.open-in-view to disable this warning
2020-07-15 14:09:26,369 INFO o.s.s.w.DefaultSecurityFilterChain [main] Creating filter chain: Ant [pattern='/static/**'], []
2020-07-15 14:09:26,369 INFO o.s.s.w.DefaultSecurityFilterChain [main] Creating filter chain: Ant [pattern='/img/**'], []
2020-07-15 14:09:26,369 INFO o.s.s.w.DefaultSecurityFilterChain [main] Creating filter chain: Ant [pattern='/css/**'], []
2020-07-15 14:09:26,370 INFO o.s.s.w.DefaultSecurityFilterChain [main] Creating filter chain: Ant [pattern='/js/**'], []
2020-07-15 14:09:26,370 INFO o.s.s.w.DefaultSecurityFilterChain [main] Creating filter chain: Ant [pattern='/scss/**'], []
2020-07-15 14:09:26,370 INFO o.s.s.w.DefaultSecurityFilterChain [main] Creating filter chain: Ant [pattern='/vendor/**'], []
2020-07-15 14:09:26,411 INFO o.s.s.w.DefaultSecurityFilterChain [main] Creating filter chain: any request, [org.springframework.security.web.context.request.async.WebAsyncManagerIntegrationFilter@1686ed85, org.springframework.security.web.context.SecurityContextPersistenceFilter@2ec0ca83, org.springframework.security.web.header.HeaderWriterFilter@160c7c42, org.springframework.security.web.csrf.CsrfFilter@7d685f4e, org.springframework.security.web.authentication.logout.LogoutFilter@69c33ea2, org.springframework.security.web.authentication.UsernamePasswordAuthenticationFilter@62158991, org.springframework.security.web.savedrequest.RequestCacheAwareFilter@7827d7b, org.springframework.security.web.servletapi.SecurityContextHolderAwareRequestFilter@19f497aa, org.springframework.security.web.authentication.AnonymousAuthenticationFilter@5891b7c5, org.springframework.security.web.session.SessionManagementFilter@5503c7d, org.springframework.security.web.access.ExceptionTranslationFilter@3514ac7d, org.springframework.security.web.access.intercept.FilterSecurityInterceptor@4491eaeb]
2020-07-15 14:09:26,777 INFO o.a.j.l.DirectJDKLog [main] Starting ProtocolHandler ["http-nio-8080"]
2020-07-15 14:09:26,801 INFO o.s.b.w.e.t.TomcatWebServer [main] Tomcat started on port(s): 8080 (http) with context path ''
2020-07-15 14:09:26,803 INFO o.s.b.StartupInfoLogger [main] Started RevSpringBootApplication in 7.86 seconds (JVM running for 10.117)
