2020-06-29 15:22:20,220 INFO o.s.b.StartupInfoLogger [main] Starting RevSpringBootApplication on DESKTOP-H0MQLKS with PID 4348 (C:\Users\samue\Documents\workspace-sts-3.9.12.RELEASE\RevSpringBoot\target\classes started by samue in C:\Users\samue\Documents\workspace-sts-3.9.12.RELEASE\RevSpringBoot)
2020-06-29 15:22:20,237 INFO o.s.b.SpringApplication [main] No active profile set, falling back to default profiles: default
2020-06-29 15:22:22,128 INFO o.s.d.r.c.RepositoryConfigurationDelegate [main] Bootstrapping Spring Data JPA repositories in DEFAULT mode.
2020-06-29 15:22:22,305 INFO o.s.d.r.c.RepositoryConfigurationDelegate [main] Finished Spring Data repository scanning in 160ms. Found 4 JPA repository interfaces.
2020-06-29 15:22:22,984 INFO o.s.b.w.e.t.TomcatWebServer [main] Tomcat initialized with port(s): 8080 (http)
2020-06-29 15:22:22,995 INFO o.a.j.l.DirectJDKLog [main] Initializing ProtocolHandler ["http-nio-8080"]
2020-06-29 15:22:22,996 INFO o.a.j.l.DirectJDKLog [main] Starting service [Tomcat]
2020-06-29 15:22:22,997 INFO o.a.j.l.DirectJDKLog [main] Starting Servlet engine: [Apache Tomcat/9.0.34]
2020-06-29 15:22:23,196 INFO o.a.j.l.DirectJDKLog [main] Initializing Spring embedded WebApplicationContext
2020-06-29 15:22:23,197 INFO o.s.b.w.s.c.ServletWebServerApplicationContext [main] Root WebApplicationContext: initialization completed in 2794 ms
2020-06-29 15:22:23,412 INFO o.f.c.i.l.s.Slf4jLog [main] Flyway Community Edition 6.0.8 by Redgate
2020-06-29 15:22:23,429 INFO c.z.h.HikariDataSource [main] HikariPool-1 - Starting...
2020-06-29 15:22:24,284 INFO c.z.h.HikariDataSource [main] HikariPool-1 - Start completed.
2020-06-29 15:22:24,323 INFO o.f.c.i.l.s.Slf4jLog [main] Database: jdbc:mysql://localhost:3306/projetobase (MySQL 8.0)
2020-06-29 15:22:24,382 INFO o.f.c.i.l.s.Slf4jLog [main] Successfully validated 14 migrations (execution time 00:00.033s)
2020-06-29 15:22:24,399 INFO o.f.c.i.l.s.Slf4jLog [main] Current version of schema `projetobase`: 14
2020-06-29 15:22:24,401 INFO o.f.c.i.l.s.Slf4jLog [main] Schema `projetobase` is up to date. No migration necessary.
2020-06-29 15:22:24,640 INFO o.h.j.i.u.LogHelper [main] HHH000204: Processing PersistenceUnitInfo [name: default]
2020-06-29 15:22:24,795 INFO o.h.Version [main] HHH000412: Hibernate ORM core version 5.4.15.Final
2020-06-29 15:22:24,997 INFO o.h.a.c.r.j.JavaReflectionManager [main] HCANN000001: Hibernate Commons Annotations {5.1.0.Final}
2020-06-29 15:22:25,122 INFO o.h.d.Dialect [main] HHH000400: Using dialect: org.hibernate.dialect.MySQL5Dialect
2020-06-29 15:22:26,128 INFO o.h.e.t.j.p.i.JtaPlatformInitiator [main] HHH000490: Using JtaPlatform implementation: [org.hibernate.engine.transaction.jta.platform.internal.NoJtaPlatform]
2020-06-29 15:22:26,137 INFO o.s.o.j.AbstractEntityManagerFactoryBean [main] Initialized JPA EntityManagerFactory for persistence unit 'default'
2020-06-29 15:22:26,206 WARN o.s.b.a.o.j.JpaBaseConfiguration$JpaWebConfiguration [main] spring.jpa.open-in-view is enabled by default. Therefore, database queries may be performed during view rendering. Explicitly configure spring.jpa.open-in-view to disable this warning
2020-06-29 15:22:27,139 INFO o.s.s.w.DefaultSecurityFilterChain [main] Creating filter chain: Ant [pattern='/static/**'], []
2020-06-29 15:22:27,139 INFO o.s.s.w.DefaultSecurityFilterChain [main] Creating filter chain: Ant [pattern='/img/**'], []
2020-06-29 15:22:27,139 INFO o.s.s.w.DefaultSecurityFilterChain [main] Creating filter chain: Ant [pattern='/css/**'], []
2020-06-29 15:22:27,140 INFO o.s.s.w.DefaultSecurityFilterChain [main] Creating filter chain: Ant [pattern='/js/**'], []
2020-06-29 15:22:27,140 INFO o.s.s.w.DefaultSecurityFilterChain [main] Creating filter chain: Ant [pattern='/scss/**'], []
2020-06-29 15:22:27,140 INFO o.s.s.w.DefaultSecurityFilterChain [main] Creating filter chain: Ant [pattern='/vendor/**'], []
2020-06-29 15:22:27,181 INFO o.s.s.w.DefaultSecurityFilterChain [main] Creating filter chain: any request, [org.springframework.security.web.context.request.async.WebAsyncManagerIntegrationFilter@be616f0, org.springframework.security.web.context.SecurityContextPersistenceFilter@9147ba2, org.springframework.security.web.header.HeaderWriterFilter@21ea1d9d, org.springframework.security.web.csrf.CsrfFilter@2be50bba, org.springframework.security.web.authentication.logout.LogoutFilter@5402612e, org.springframework.security.web.authentication.UsernamePasswordAuthenticationFilter@d13379e, org.springframework.security.web.savedrequest.RequestCacheAwareFilter@2efcc0b3, org.springframework.security.web.servletapi.SecurityContextHolderAwareRequestFilter@59e0d521, org.springframework.security.web.authentication.AnonymousAuthenticationFilter@1f5d7fd5, org.springframework.security.web.session.SessionManagementFilter@36a58466, org.springframework.security.web.access.ExceptionTranslationFilter@5b0e9e0c, org.springframework.security.web.access.intercept.FilterSecurityInterceptor@38e46765]
2020-06-29 15:22:27,390 WARN o.t.t.TemplateMode [main] [THYMELEAF][main] Template Mode 'HTML5' is deprecated. Using Template Mode 'HTML' instead.
2020-06-29 15:22:27,638 INFO o.a.j.l.DirectJDKLog [main] Starting ProtocolHandler ["http-nio-8080"]
2020-06-29 15:22:27,667 INFO o.s.b.w.e.t.TomcatWebServer [main] Tomcat started on port(s): 8080 (http) with context path '/dash-nuts'
2020-06-29 15:22:27,670 INFO o.s.b.StartupInfoLogger [main] Started RevSpringBootApplication in 7.891 seconds (JVM running for 10.056)
2020-06-29 15:22:52,658 INFO o.a.j.l.DirectJDKLog [http-nio-8080-exec-2] Initializing Spring DispatcherServlet 'dispatcherServlet'
2020-06-29 15:22:52,659 INFO o.s.w.s.FrameworkServlet [http-nio-8080-exec-2] Initializing Servlet 'dispatcherServlet'
2020-06-29 15:22:52,673 INFO o.s.w.s.FrameworkServlet [http-nio-8080-exec-2] Completed initialization in 14 ms
2020-06-29 15:22:52,772 DEBUG o.h.e.j.s.SqlStatementLogger [http-nio-8080-exec-2] select sum(atividade0_.qtd_participantes) as col_0_0_ from atividade atividade0_
2020-06-29 15:22:52,806 DEBUG o.h.e.j.s.SqlStatementLogger [http-nio-8080-exec-2] select sum(bancaexami0_.valor_total) as col_0_0_ from banca_examinadora bancaexami0_
2020-06-29 15:22:52,828 DEBUG o.h.e.j.s.SqlStatementLogger [http-nio-8080-exec-2] select count(atividade0_.forma_conexao) as col_0_0_ from atividade atividade0_ where atividade0_.forma_conexao=?
2020-06-29 15:22:52,833 DEBUG o.h.e.j.s.SqlStatementLogger [http-nio-8080-exec-2] select count(atividade0_.forma_conexao) as col_0_0_ from atividade atividade0_ where atividade0_.forma_conexao=?
2020-06-29 15:22:52,844 DEBUG o.h.e.j.s.SqlStatementLogger [http-nio-8080-exec-2] select count(atividade0_.codigo) as col_0_0_ from atividade atividade0_
2020-06-29 15:22:52,851 DEBUG o.h.e.j.s.SqlStatementLogger [http-nio-8080-exec-2] select count(bancaexami0_.codigo) as col_0_0_ from banca_examinadora bancaexami0_
2020-06-29 15:22:52,856 DEBUG o.h.e.j.s.SqlStatementLogger [http-nio-8080-exec-2] select count(atividade0_.tipo) as col_0_0_ from atividade atividade0_ where atividade0_.tipo=?
2020-06-29 15:22:52,860 DEBUG o.h.e.j.s.SqlStatementLogger [http-nio-8080-exec-2] select sum(atividade0_.pontos_conectados) as col_0_0_ from atividade atividade0_
2020-06-29 15:23:06,785 DEBUG o.h.e.j.s.SqlStatementLogger [http-nio-8080-exec-10] select usuario0_.codigo as codigo1_5_, usuario0_.ativo as ativo2_5_, usuario0_.email as email3_5_, usuario0_.primeiro_nome as primeiro4_5_, usuario0_.senha as senha5_5_, usuario0_.ultimo_nome as ultimo_n6_5_ from usuario usuario0_ where lower(usuario0_.email)=lower(?) and usuario0_.ativo=1
2020-06-29 15:23:06,831 DEBUG o.h.e.j.s.SqlStatementLogger [http-nio-8080-exec-10] select distinct permissao4_.nome as col_0_0_ from usuario usuario0_ inner join usuario_grupo grupos1_ on usuario0_.codigo=grupos1_.codigo_usuario inner join grupo grupo2_ on grupos1_.codigo_grupo=grupo2_.codigo inner join grupo_permissao permissoes3_ on grupo2_.codigo=permissoes3_.codigo_grupo inner join permissao permissao4_ on permissoes3_.codigo_permissao=permissao4_.codigo where usuario0_.codigo=?
2020-06-29 15:23:07,052 DEBUG o.h.e.j.s.SqlStatementLogger [http-nio-8080-exec-1] select count(atividade0_.codigo) as col_0_0_ from atividade atividade0_ where year(atividade0_.data)=?
2020-06-29 15:23:07,060 DEBUG o.h.e.j.s.SqlStatementLogger [http-nio-8080-exec-1] select count(atividade0_.codigo) as col_0_0_ from atividade atividade0_ where atividade0_.tipo=? and year(atividade0_.data)=?
2020-06-29 15:23:07,063 DEBUG o.h.e.j.s.SqlStatementLogger [http-nio-8080-exec-1] select count(atividade0_.codigo) as col_0_0_ from atividade atividade0_ where atividade0_.tipo=? and year(atividade0_.data)=?
2020-06-29 15:23:07,066 DEBUG o.h.e.j.s.SqlStatementLogger [http-nio-8080-exec-1] select count(atividade0_.codigo) as col_0_0_ from atividade atividade0_ where atividade0_.tipo=? and year(atividade0_.data)=?
2020-06-29 15:23:07,072 DEBUG o.h.e.j.s.SqlStatementLogger [http-nio-8080-exec-1] select sum(bancaexami0_.valor_total) as col_0_0_ from banca_examinadora bancaexami0_ where year(bancaexami0_.data)=?
2020-06-29 15:23:07,076 DEBUG o.h.e.j.s.SqlStatementLogger [http-nio-8080-exec-1] select count(bancaexami0_.codigo) as col_0_0_ from banca_examinadora bancaexami0_ where year(bancaexami0_.data)=? and bancaexami0_.tipo_de_banca=?
2020-06-29 15:23:07,079 DEBUG o.h.e.j.s.SqlStatementLogger [http-nio-8080-exec-1] select count(bancaexami0_.codigo) as col_0_0_ from banca_examinadora bancaexami0_ where year(bancaexami0_.data)=? and bancaexami0_.tipo_de_banca=?
2020-06-29 15:23:07,084 DEBUG o.h.e.j.s.SqlStatementLogger [http-nio-8080-exec-1] select sum(atividade0_.qtd_participantes) as col_0_0_ from atividade atividade0_ where year(atividade0_.data)=?
2020-06-29 15:23:07,089 DEBUG o.h.e.j.s.SqlStatementLogger [http-nio-8080-exec-1] select count(atividade0_.codigo) as col_0_0_ from atividade atividade0_ where year(atividade0_.data)=?
2020-06-29 15:23:07,093 DEBUG o.h.e.j.s.SqlStatementLogger [http-nio-8080-exec-1] select sum(atividade0_.qtd_participantes) as col_0_0_ from atividade atividade0_ where year(atividade0_.data)=?
2020-06-29 15:23:07,100 DEBUG o.h.e.j.s.SqlStatementLogger [http-nio-8080-exec-1] select sum(atividade0_.duracao)/60 as col_0_0_ from atividade atividade0_ where year(atividade0_.data)=?
2020-06-29 15:23:07,105 DEBUG o.h.e.j.s.SqlStatementLogger [http-nio-8080-exec-1] select count(atividade0_.codigo) as col_0_0_ from atividade atividade0_ where atividade0_.tipo=? and year(atividade0_.data)=?
2020-06-29 15:23:07,108 DEBUG o.h.e.j.s.SqlStatementLogger [http-nio-8080-exec-1] select count(atividade0_.codigo) as col_0_0_ from atividade atividade0_ where atividade0_.tipo=? and year(atividade0_.data)=?
2020-06-29 15:23:07,112 DEBUG o.h.e.j.s.SqlStatementLogger [http-nio-8080-exec-1] select count(atividade0_.codigo) as col_0_0_ from atividade atividade0_ where atividade0_.tipo=? and year(atividade0_.data)=?
2020-06-29 15:23:07,116 DEBUG o.h.e.j.s.SqlStatementLogger [http-nio-8080-exec-1] select count(atividade0_.codigo) as col_0_0_ from atividade atividade0_ where atividade0_.tipo=? and year(atividade0_.data)=?
2020-06-29 15:23:07,120 DEBUG o.h.e.j.s.SqlStatementLogger [http-nio-8080-exec-1] select count(atividade0_.codigo) as col_0_0_ from atividade atividade0_ where atividade0_.tipo=? and year(atividade0_.data)=?
2020-06-29 15:23:07,124 DEBUG o.h.e.j.s.SqlStatementLogger [http-nio-8080-exec-1] select count(atividade0_.codigo) as col_0_0_ from atividade atividade0_ where atividade0_.tipo=? and year(atividade0_.data)=?
2020-06-29 15:23:07,127 DEBUG o.h.e.j.s.SqlStatementLogger [http-nio-8080-exec-1] select count(atividade0_.codigo) as col_0_0_ from atividade atividade0_ where atividade0_.tipo=? and year(atividade0_.data)=?
2020-06-29 15:23:07,133 DEBUG o.h.e.j.s.SqlStatementLogger [http-nio-8080-exec-1] select count(atividade0_.codigo) as col_0_0_ from atividade atividade0_ where atividade0_.forma_conexao=? and year(atividade0_.data)=?
2020-06-29 15:23:07,135 DEBUG o.h.e.j.s.SqlStatementLogger [http-nio-8080-exec-1] select count(atividade0_.codigo) as col_0_0_ from atividade atividade0_ where atividade0_.forma_conexao=? and year(atividade0_.data)=?
2020-06-29 15:23:07,138 DEBUG o.h.e.j.s.SqlStatementLogger [http-nio-8080-exec-1] select sum(bancaexami0_.valor_total) as col_0_0_ from banca_examinadora bancaexami0_ where year(bancaexami0_.data)=?
2020-06-29 15:23:07,141 DEBUG o.h.e.j.s.SqlStatementLogger [http-nio-8080-exec-1] select count(atividade0_.codigo) as col_0_0_ from atividade atividade0_ where year(atividade0_.data)=?
2020-06-29 15:23:07,143 DEBUG o.h.e.j.s.SqlStatementLogger [http-nio-8080-exec-1] select sum(atividade0_.qtd_participantes) as col_0_0_ from atividade atividade0_ where year(atividade0_.data)=?
2020-06-29 15:23:07,145 DEBUG o.h.e.j.s.SqlStatementLogger [http-nio-8080-exec-1] select sum(atividade0_.duracao)/60 as col_0_0_ from atividade atividade0_ where year(atividade0_.data)=?
2020-06-29 15:23:07,147 DEBUG o.h.e.j.s.SqlStatementLogger [http-nio-8080-exec-1] select count(atividade0_.codigo) as col_0_0_ from atividade atividade0_ where atividade0_.tipo=? and year(atividade0_.data)=?
2020-06-29 15:23:07,150 DEBUG o.h.e.j.s.SqlStatementLogger [http-nio-8080-exec-1] select count(atividade0_.codigo) as col_0_0_ from atividade atividade0_ where atividade0_.tipo=? and year(atividade0_.data)=?
2020-06-29 15:23:07,154 DEBUG o.h.e.j.s.SqlStatementLogger [http-nio-8080-exec-1] select count(atividade0_.codigo) as col_0_0_ from atividade atividade0_ where atividade0_.tipo=? and year(atividade0_.data)=?
2020-06-29 15:23:07,157 DEBUG o.h.e.j.s.SqlStatementLogger [http-nio-8080-exec-1] select count(atividade0_.codigo) as col_0_0_ from atividade atividade0_ where atividade0_.tipo=? and year(atividade0_.data)=?
2020-06-29 15:23:07,159 DEBUG o.h.e.j.s.SqlStatementLogger [http-nio-8080-exec-1] select count(atividade0_.codigo) as col_0_0_ from atividade atividade0_ where atividade0_.tipo=? and year(atividade0_.data)=?
2020-06-29 15:23:07,162 DEBUG o.h.e.j.s.SqlStatementLogger [http-nio-8080-exec-1] select count(atividade0_.codigo) as col_0_0_ from atividade atividade0_ where atividade0_.tipo=? and year(atividade0_.data)=?
2020-06-29 15:23:07,165 DEBUG o.h.e.j.s.SqlStatementLogger [http-nio-8080-exec-1] select count(atividade0_.codigo) as col_0_0_ from atividade atividade0_ where atividade0_.tipo=? and year(atividade0_.data)=?
2020-06-29 15:23:07,168 DEBUG o.h.e.j.s.SqlStatementLogger [http-nio-8080-exec-1] select count(atividade0_.codigo) as col_0_0_ from atividade atividade0_ where atividade0_.forma_conexao=? and year(atividade0_.data)=?
2020-06-29 15:23:07,171 DEBUG o.h.e.j.s.SqlStatementLogger [http-nio-8080-exec-1] select count(atividade0_.codigo) as col_0_0_ from atividade atividade0_ where atividade0_.forma_conexao=? and year(atividade0_.data)=?
2020-06-29 15:23:07,173 DEBUG o.h.e.j.s.SqlStatementLogger [http-nio-8080-exec-1] select sum(bancaexami0_.valor_total) as col_0_0_ from banca_examinadora bancaexami0_ where year(bancaexami0_.data)=?
2020-06-29 15:23:07,177 DEBUG o.h.e.j.s.SqlStatementLogger [http-nio-8080-exec-1] select count(atividade0_.codigo) as col_0_0_ from atividade atividade0_ where year(atividade0_.data)=?
2020-06-29 15:23:07,180 DEBUG o.h.e.j.s.SqlStatementLogger [http-nio-8080-exec-1] select sum(atividade0_.qtd_participantes) as col_0_0_ from atividade atividade0_ where year(atividade0_.data)=?
2020-06-29 15:23:07,182 DEBUG o.h.e.j.s.SqlStatementLogger [http-nio-8080-exec-1] select sum(atividade0_.duracao)/60 as col_0_0_ from atividade atividade0_ where year(atividade0_.data)=?
2020-06-29 15:23:07,185 DEBUG o.h.e.j.s.SqlStatementLogger [http-nio-8080-exec-1] select count(atividade0_.codigo) as col_0_0_ from atividade atividade0_ where atividade0_.tipo=? and year(atividade0_.data)=?
2020-06-29 15:23:07,190 DEBUG o.h.e.j.s.SqlStatementLogger [http-nio-8080-exec-1] select count(atividade0_.codigo) as col_0_0_ from atividade atividade0_ where atividade0_.tipo=? and year(atividade0_.data)=?
2020-06-29 15:23:07,193 DEBUG o.h.e.j.s.SqlStatementLogger [http-nio-8080-exec-1] select count(atividade0_.codigo) as col_0_0_ from atividade atividade0_ where atividade0_.tipo=? and year(atividade0_.data)=?
2020-06-29 15:23:07,196 DEBUG o.h.e.j.s.SqlStatementLogger [http-nio-8080-exec-1] select count(atividade0_.codigo) as col_0_0_ from atividade atividade0_ where atividade0_.tipo=? and year(atividade0_.data)=?
2020-06-29 15:23:07,200 DEBUG o.h.e.j.s.SqlStatementLogger [http-nio-8080-exec-1] select count(atividade0_.codigo) as col_0_0_ from atividade atividade0_ where atividade0_.tipo=? and year(atividade0_.data)=?
2020-06-29 15:23:07,203 DEBUG o.h.e.j.s.SqlStatementLogger [http-nio-8080-exec-1] select count(atividade0_.codigo) as col_0_0_ from atividade atividade0_ where atividade0_.tipo=? and year(atividade0_.data)=?
2020-06-29 15:23:07,206 DEBUG o.h.e.j.s.SqlStatementLogger [http-nio-8080-exec-1] select count(atividade0_.codigo) as col_0_0_ from atividade atividade0_ where atividade0_.tipo=? and year(atividade0_.data)=?
2020-06-29 15:23:07,209 DEBUG o.h.e.j.s.SqlStatementLogger [http-nio-8080-exec-1] select count(atividade0_.codigo) as col_0_0_ from atividade atividade0_ where atividade0_.forma_conexao=? and year(atividade0_.data)=?
2020-06-29 15:23:07,211 DEBUG o.h.e.j.s.SqlStatementLogger [http-nio-8080-exec-1] select count(atividade0_.codigo) as col_0_0_ from atividade atividade0_ where atividade0_.forma_conexao=? and year(atividade0_.data)=?
2020-06-29 15:23:07,214 DEBUG o.h.e.j.s.SqlStatementLogger [http-nio-8080-exec-1] select sum(bancaexami0_.valor_total) as col_0_0_ from banca_examinadora bancaexami0_ where year(bancaexami0_.data)=?
2020-06-29 15:23:07,216 DEBUG o.h.e.j.s.SqlStatementLogger [http-nio-8080-exec-1] select count(atividade0_.codigo) as col_0_0_ from atividade atividade0_ where year(atividade0_.data)=?
2020-06-29 15:23:07,220 DEBUG o.h.e.j.s.SqlStatementLogger [http-nio-8080-exec-1] select sum(atividade0_.qtd_participantes) as col_0_0_ from atividade atividade0_ where year(atividade0_.data)=?
2020-06-29 15:23:07,223 DEBUG o.h.e.j.s.SqlStatementLogger [http-nio-8080-exec-1] select sum(atividade0_.duracao)/60 as col_0_0_ from atividade atividade0_ where year(atividade0_.data)=?
2020-06-29 15:23:07,226 DEBUG o.h.e.j.s.SqlStatementLogger [http-nio-8080-exec-1] select count(atividade0_.codigo) as col_0_0_ from atividade atividade0_ where atividade0_.tipo=? and year(atividade0_.data)=?
2020-06-29 15:23:07,228 DEBUG o.h.e.j.s.SqlStatementLogger [http-nio-8080-exec-1] select count(atividade0_.codigo) as col_0_0_ from atividade atividade0_ where atividade0_.tipo=? and year(atividade0_.data)=?
2020-06-29 15:23:07,231 DEBUG o.h.e.j.s.SqlStatementLogger [http-nio-8080-exec-1] select count(atividade0_.codigo) as col_0_0_ from atividade atividade0_ where atividade0_.tipo=? and year(atividade0_.data)=?
2020-06-29 15:23:07,235 DEBUG o.h.e.j.s.SqlStatementLogger [http-nio-8080-exec-1] select count(atividade0_.codigo) as col_0_0_ from atividade atividade0_ where atividade0_.tipo=? and year(atividade0_.data)=?
2020-06-29 15:23:07,239 DEBUG o.h.e.j.s.SqlStatementLogger [http-nio-8080-exec-1] select count(atividade0_.codigo) as col_0_0_ from atividade atividade0_ where atividade0_.tipo=? and year(atividade0_.data)=?
2020-06-29 15:23:07,242 DEBUG o.h.e.j.s.SqlStatementLogger [http-nio-8080-exec-1] select count(atividade0_.codigo) as col_0_0_ from atividade atividade0_ where atividade0_.tipo=? and year(atividade0_.data)=?
2020-06-29 15:23:07,244 DEBUG o.h.e.j.s.SqlStatementLogger [http-nio-8080-exec-1] select count(atividade0_.codigo) as col_0_0_ from atividade atividade0_ where atividade0_.tipo=? and year(atividade0_.data)=?
2020-06-29 15:23:07,247 DEBUG o.h.e.j.s.SqlStatementLogger [http-nio-8080-exec-1] select count(atividade0_.codigo) as col_0_0_ from atividade atividade0_ where atividade0_.forma_conexao=? and year(atividade0_.data)=?
2020-06-29 15:23:07,250 DEBUG o.h.e.j.s.SqlStatementLogger [http-nio-8080-exec-1] select count(atividade0_.codigo) as col_0_0_ from atividade atividade0_ where atividade0_.forma_conexao=? and year(atividade0_.data)=?
2020-06-29 15:23:07,255 DEBUG o.h.e.j.s.SqlStatementLogger [http-nio-8080-exec-1] select sum(bancaexami0_.valor_total) as col_0_0_ from banca_examinadora bancaexami0_ where year(bancaexami0_.data)=?
2020-06-29 15:23:07,258 DEBUG o.h.e.j.s.SqlStatementLogger [http-nio-8080-exec-1] select count(atividade0_.codigo) as col_0_0_ from atividade atividade0_ where year(atividade0_.data)=?
2020-06-29 15:23:07,260 DEBUG o.h.e.j.s.SqlStatementLogger [http-nio-8080-exec-1] select sum(atividade0_.qtd_participantes) as col_0_0_ from atividade atividade0_ where year(atividade0_.data)=?
2020-06-29 15:23:07,263 DEBUG o.h.e.j.s.SqlStatementLogger [http-nio-8080-exec-1] select sum(atividade0_.duracao)/60 as col_0_0_ from atividade atividade0_ where year(atividade0_.data)=?
2020-06-29 15:23:07,266 DEBUG o.h.e.j.s.SqlStatementLogger [http-nio-8080-exec-1] select count(atividade0_.codigo) as col_0_0_ from atividade atividade0_ where atividade0_.tipo=? and year(atividade0_.data)=?
2020-06-29 15:23:07,269 DEBUG o.h.e.j.s.SqlStatementLogger [http-nio-8080-exec-1] select count(atividade0_.codigo) as col_0_0_ from atividade atividade0_ where atividade0_.tipo=? and year(atividade0_.data)=?
2020-06-29 15:23:07,273 DEBUG o.h.e.j.s.SqlStatementLogger [http-nio-8080-exec-1] select count(atividade0_.codigo) as col_0_0_ from atividade atividade0_ where atividade0_.tipo=? and year(atividade0_.data)=?
2020-06-29 15:23:07,276 DEBUG o.h.e.j.s.SqlStatementLogger [http-nio-8080-exec-1] select count(atividade0_.codigo) as col_0_0_ from atividade atividade0_ where atividade0_.tipo=? and year(atividade0_.data)=?
2020-06-29 15:23:07,279 DEBUG o.h.e.j.s.SqlStatementLogger [http-nio-8080-exec-1] select count(atividade0_.codigo) as col_0_0_ from atividade atividade0_ where atividade0_.tipo=? and year(atividade0_.data)=?
2020-06-29 15:23:07,281 DEBUG o.h.e.j.s.SqlStatementLogger [http-nio-8080-exec-1] select count(atividade0_.codigo) as col_0_0_ from atividade atividade0_ where atividade0_.tipo=? and year(atividade0_.data)=?
2020-06-29 15:23:07,284 DEBUG o.h.e.j.s.SqlStatementLogger [http-nio-8080-exec-1] select count(atividade0_.codigo) as col_0_0_ from atividade atividade0_ where atividade0_.tipo=? and year(atividade0_.data)=?
2020-06-29 15:23:07,288 DEBUG o.h.e.j.s.SqlStatementLogger [http-nio-8080-exec-1] select count(atividade0_.codigo) as col_0_0_ from atividade atividade0_ where atividade0_.forma_conexao=? and year(atividade0_.data)=?
2020-06-29 15:23:07,290 DEBUG o.h.e.j.s.SqlStatementLogger [http-nio-8080-exec-1] select count(atividade0_.codigo) as col_0_0_ from atividade atividade0_ where atividade0_.forma_conexao=? and year(atividade0_.data)=?
2020-06-29 15:23:07,293 DEBUG o.h.e.j.s.SqlStatementLogger [http-nio-8080-exec-1] select sum(bancaexami0_.valor_total) as col_0_0_ from banca_examinadora bancaexami0_ where year(bancaexami0_.data)=?
2020-06-29 15:23:07,930 DEBUG o.h.e.j.s.SqlStatementLogger [http-nio-8080-exec-3] select count(atividade0_.codigo) as col_0_0_ from atividade atividade0_ where year(atividade0_.data)=? and month(atividade0_.data)=?
2020-06-29 15:23:07,936 DEBUG o.h.e.j.s.SqlStatementLogger [http-nio-8080-exec-3] select count(atividade0_.codigo) as col_0_0_ from atividade atividade0_ where year(atividade0_.data)=? and month(atividade0_.data)=?
2020-06-29 15:23:07,941 DEBUG o.h.e.j.s.SqlStatementLogger [http-nio-8080-exec-3] select count(atividade0_.codigo) as col_0_0_ from atividade atividade0_ where year(atividade0_.data)=? and month(atividade0_.data)=?
2020-06-29 15:23:07,943 DEBUG o.h.e.j.s.SqlStatementLogger [http-nio-8080-exec-3] select count(atividade0_.codigo) as col_0_0_ from atividade atividade0_ where year(atividade0_.data)=? and month(atividade0_.data)=?
2020-06-29 15:23:07,945 DEBUG o.h.e.j.s.SqlStatementLogger [http-nio-8080-exec-3] select count(atividade0_.codigo) as col_0_0_ from atividade atividade0_ where year(atividade0_.data)=? and month(atividade0_.data)=?
2020-06-29 15:23:07,945 DEBUG o.h.e.j.s.SqlStatementLogger [http-nio-8080-exec-8] select sum(atividade0_.qtd_participantes) as col_0_0_ from atividade atividade0_ where year(atividade0_.data)=? and month(atividade0_.data)=?
2020-06-29 15:23:07,948 DEBUG o.h.e.j.s.SqlStatementLogger [http-nio-8080-exec-3] select count(atividade0_.codigo) as col_0_0_ from atividade atividade0_ where year(atividade0_.data)=? and month(atividade0_.data)=?
2020-06-29 15:23:07,949 DEBUG o.h.e.j.s.SqlStatementLogger [http-nio-8080-exec-7] select count(atividade0_.forma_conexao) as col_0_0_ from atividade atividade0_ where atividade0_.forma_conexao=? and year(atividade0_.data)=?
2020-06-29 15:23:07,953 DEBUG o.h.e.j.s.SqlStatementLogger [http-nio-8080-exec-3] select count(atividade0_.codigo) as col_0_0_ from atividade atividade0_ where year(atividade0_.data)=? and month(atividade0_.data)=?
2020-06-29 15:23:07,955 DEBUG o.h.e.j.s.SqlStatementLogger [http-nio-8080-exec-6] select count(bancaexami0_.codigo) as col_0_0_ from banca_examinadora bancaexami0_ where year(bancaexami0_.data)=? and bancaexami0_.tipo_de_banca=?
2020-06-29 15:23:07,958 DEBUG o.h.e.j.s.SqlStatementLogger [http-nio-8080-exec-3] select count(atividade0_.codigo) as col_0_0_ from atividade atividade0_ where year(atividade0_.data)=? and month(atividade0_.data)=?
2020-06-29 15:23:07,960 DEBUG o.h.e.j.s.SqlStatementLogger [http-nio-8080-exec-8] select sum(atividade0_.qtd_participantes) as col_0_0_ from atividade atividade0_ where year(atividade0_.data)=? and month(atividade0_.data)=?
2020-06-29 15:23:07,960 DEBUG o.h.e.j.s.SqlStatementLogger [http-nio-8080-exec-3] select count(atividade0_.codigo) as col_0_0_ from atividade atividade0_ where year(atividade0_.data)=? and month(atividade0_.data)=?
2020-06-29 15:23:07,964 DEBUG o.h.e.j.s.SqlStatementLogger [http-nio-8080-exec-3] select count(atividade0_.codigo) as col_0_0_ from atividade atividade0_ where year(atividade0_.data)=? and month(atividade0_.data)=?
2020-06-29 15:23:07,966 DEBUG o.h.e.j.s.SqlStatementLogger [http-nio-8080-exec-7] select count(atividade0_.forma_conexao) as col_0_0_ from atividade atividade0_ where atividade0_.forma_conexao=? and year(atividade0_.data)=?
2020-06-29 15:23:07,967 DEBUG o.h.e.j.s.SqlStatementLogger [http-nio-8080-exec-3] select count(atividade0_.codigo) as col_0_0_ from atividade atividade0_ where year(atividade0_.data)=? and month(atividade0_.data)=?
2020-06-29 15:23:07,972 DEBUG o.h.e.j.s.SqlStatementLogger [http-nio-8080-exec-3] select count(atividade0_.codigo) as col_0_0_ from atividade atividade0_ where year(atividade0_.data)=? and month(atividade0_.data)=?
2020-06-29 15:23:07,973 DEBUG o.h.e.j.s.SqlStatementLogger [http-nio-8080-exec-8] select sum(atividade0_.qtd_participantes) as col_0_0_ from atividade atividade0_ where year(atividade0_.data)=? and month(atividade0_.data)=?
2020-06-29 15:23:07,974 DEBUG o.h.e.j.s.SqlStatementLogger [http-nio-8080-exec-6] select count(bancaexami0_.codigo) as col_0_0_ from banca_examinadora bancaexami0_ where year(bancaexami0_.data)=? and bancaexami0_.tipo_de_banca=?
2020-06-29 15:23:07,976 DEBUG o.h.e.j.s.SqlStatementLogger [http-nio-8080-exec-6] select count(bancaexami0_.codigo) as col_0_0_ from banca_examinadora bancaexami0_ where year(bancaexami0_.data)=? and bancaexami0_.tipo_de_banca=?
2020-06-29 15:23:07,976 DEBUG o.h.e.j.s.SqlStatementLogger [http-nio-8080-exec-8] select sum(atividade0_.qtd_participantes) as col_0_0_ from atividade atividade0_ where year(atividade0_.data)=? and month(atividade0_.data)=?
2020-06-29 15:23:07,978 DEBUG o.h.e.j.s.SqlStatementLogger [http-nio-8080-exec-8] select sum(atividade0_.qtd_participantes) as col_0_0_ from atividade atividade0_ where year(atividade0_.data)=? and month(atividade0_.data)=?
2020-06-29 15:23:07,978 DEBUG o.h.e.j.s.SqlStatementLogger [http-nio-8080-exec-6] select count(bancaexami0_.codigo) as col_0_0_ from banca_examinadora bancaexami0_ where year(bancaexami0_.data)=? and bancaexami0_.tipo_de_banca=?
2020-06-29 15:23:07,979 DEBUG o.h.e.j.s.SqlStatementLogger [http-nio-8080-exec-7] select count(atividade0_.tipo) as col_0_0_ from atividade atividade0_ where atividade0_.tipo=? and year(atividade0_.data)=?
2020-06-29 15:23:07,980 DEBUG o.h.e.j.s.SqlStatementLogger [http-nio-8080-exec-8] select sum(atividade0_.qtd_participantes) as col_0_0_ from atividade atividade0_ where year(atividade0_.data)=? and month(atividade0_.data)=?
2020-06-29 15:23:07,982 DEBUG o.h.e.j.s.SqlStatementLogger [http-nio-8080-exec-8] select sum(atividade0_.qtd_participantes) as col_0_0_ from atividade atividade0_ where year(atividade0_.data)=? and month(atividade0_.data)=?
2020-06-29 15:23:07,986 DEBUG o.h.e.j.s.SqlStatementLogger [http-nio-8080-exec-8] select sum(atividade0_.qtd_participantes) as col_0_0_ from atividade atividade0_ where year(atividade0_.data)=? and month(atividade0_.data)=?
2020-06-29 15:23:07,989 DEBUG o.h.e.j.s.SqlStatementLogger [http-nio-8080-exec-8] select sum(atividade0_.qtd_participantes) as col_0_0_ from atividade atividade0_ where year(atividade0_.data)=? and month(atividade0_.data)=?
2020-06-29 15:23:07,993 DEBUG o.h.e.j.s.SqlStatementLogger [http-nio-8080-exec-8] select sum(atividade0_.qtd_participantes) as col_0_0_ from atividade atividade0_ where year(atividade0_.data)=? and month(atividade0_.data)=?
2020-06-29 15:23:07,995 DEBUG o.h.e.j.s.SqlStatementLogger [http-nio-8080-exec-8] select sum(atividade0_.qtd_participantes) as col_0_0_ from atividade atividade0_ where year(atividade0_.data)=? and month(atividade0_.data)=?
2020-06-29 15:23:07,997 DEBUG o.h.e.j.s.SqlStatementLogger [http-nio-8080-exec-8] select sum(atividade0_.qtd_participantes) as col_0_0_ from atividade atividade0_ where year(atividade0_.data)=? and month(atividade0_.data)=?
2020-06-29 15:23:10,189 DEBUG o.h.e.j.s.SqlStatementLogger [http-nio-8080-exec-4] select count(atividade0_.codigo) as col_0_0_ from atividade atividade0_ where year(atividade0_.data)=?
2020-06-29 15:23:10,191 DEBUG o.h.e.j.s.SqlStatementLogger [http-nio-8080-exec-4] select count(atividade0_.codigo) as col_0_0_ from atividade atividade0_ where atividade0_.tipo=? and year(atividade0_.data)=?
2020-06-29 15:23:10,193 DEBUG o.h.e.j.s.SqlStatementLogger [http-nio-8080-exec-4] select count(atividade0_.codigo) as col_0_0_ from atividade atividade0_ where atividade0_.tipo=? and year(atividade0_.data)=?
2020-06-29 15:23:10,195 DEBUG o.h.e.j.s.SqlStatementLogger [http-nio-8080-exec-4] select count(atividade0_.codigo) as col_0_0_ from atividade atividade0_ where atividade0_.tipo=? and year(atividade0_.data)=?
2020-06-29 15:23:10,196 DEBUG o.h.e.j.s.SqlStatementLogger [http-nio-8080-exec-4] select sum(bancaexami0_.valor_total) as col_0_0_ from banca_examinadora bancaexami0_ where year(bancaexami0_.data)=?
2020-06-29 15:23:10,198 DEBUG o.h.e.j.s.SqlStatementLogger [http-nio-8080-exec-4] select count(bancaexami0_.codigo) as col_0_0_ from banca_examinadora bancaexami0_ where year(bancaexami0_.data)=? and bancaexami0_.tipo_de_banca=?
2020-06-29 15:23:10,203 DEBUG o.h.e.j.s.SqlStatementLogger [http-nio-8080-exec-4] select count(bancaexami0_.codigo) as col_0_0_ from banca_examinadora bancaexami0_ where year(bancaexami0_.data)=? and bancaexami0_.tipo_de_banca=?
2020-06-29 15:23:10,205 DEBUG o.h.e.j.s.SqlStatementLogger [http-nio-8080-exec-4] select sum(atividade0_.qtd_participantes) as col_0_0_ from atividade atividade0_ where year(atividade0_.data)=?
2020-06-29 15:23:10,207 DEBUG o.h.e.j.s.SqlStatementLogger [http-nio-8080-exec-4] select count(atividade0_.codigo) as col_0_0_ from atividade atividade0_ where year(atividade0_.data)=?
2020-06-29 15:23:10,209 DEBUG o.h.e.j.s.SqlStatementLogger [http-nio-8080-exec-4] select sum(atividade0_.qtd_participantes) as col_0_0_ from atividade atividade0_ where year(atividade0_.data)=?
2020-06-29 15:23:10,210 DEBUG o.h.e.j.s.SqlStatementLogger [http-nio-8080-exec-4] select sum(atividade0_.duracao)/60 as col_0_0_ from atividade atividade0_ where year(atividade0_.data)=?
2020-06-29 15:23:10,212 DEBUG o.h.e.j.s.SqlStatementLogger [http-nio-8080-exec-4] select count(atividade0_.codigo) as col_0_0_ from atividade atividade0_ where atividade0_.tipo=? and year(atividade0_.data)=?
2020-06-29 15:23:10,215 DEBUG o.h.e.j.s.SqlStatementLogger [http-nio-8080-exec-4] select count(atividade0_.codigo) as col_0_0_ from atividade atividade0_ where atividade0_.tipo=? and year(atividade0_.data)=?
2020-06-29 15:23:10,221 DEBUG o.h.e.j.s.SqlStatementLogger [http-nio-8080-exec-4] select count(atividade0_.codigo) as col_0_0_ from atividade atividade0_ where atividade0_.tipo=? and year(atividade0_.data)=?
2020-06-29 15:23:10,223 DEBUG o.h.e.j.s.SqlStatementLogger [http-nio-8080-exec-4] select count(atividade0_.codigo) as col_0_0_ from atividade atividade0_ where atividade0_.tipo=? and year(atividade0_.data)=?
2020-06-29 15:23:10,226 DEBUG o.h.e.j.s.SqlStatementLogger [http-nio-8080-exec-4] select count(atividade0_.codigo) as col_0_0_ from atividade atividade0_ where atividade0_.tipo=? and year(atividade0_.data)=?
2020-06-29 15:23:10,229 DEBUG o.h.e.j.s.SqlStatementLogger [http-nio-8080-exec-4] select count(atividade0_.codigo) as col_0_0_ from atividade atividade0_ where atividade0_.tipo=? and year(atividade0_.data)=?
2020-06-29 15:23:10,231 DEBUG o.h.e.j.s.SqlStatementLogger [http-nio-8080-exec-4] select count(atividade0_.codigo) as col_0_0_ from atividade atividade0_ where atividade0_.tipo=? and year(atividade0_.data)=?
2020-06-29 15:23:10,236 DEBUG o.h.e.j.s.SqlStatementLogger [http-nio-8080-exec-4] select count(atividade0_.codigo) as col_0_0_ from atividade atividade0_ where atividade0_.forma_conexao=? and year(atividade0_.data)=?
2020-06-29 15:23:10,238 DEBUG o.h.e.j.s.SqlStatementLogger [http-nio-8080-exec-4] select count(atividade0_.codigo) as col_0_0_ from atividade atividade0_ where atividade0_.forma_conexao=? and year(atividade0_.data)=?
2020-06-29 15:23:10,239 DEBUG o.h.e.j.s.SqlStatementLogger [http-nio-8080-exec-4] select sum(bancaexami0_.valor_total) as col_0_0_ from banca_examinadora bancaexami0_ where year(bancaexami0_.data)=?
2020-06-29 15:23:10,242 DEBUG o.h.e.j.s.SqlStatementLogger [http-nio-8080-exec-4] select count(atividade0_.codigo) as col_0_0_ from atividade atividade0_ where year(atividade0_.data)=?
2020-06-29 15:23:10,244 DEBUG o.h.e.j.s.SqlStatementLogger [http-nio-8080-exec-4] select sum(atividade0_.qtd_participantes) as col_0_0_ from atividade atividade0_ where year(atividade0_.data)=?
2020-06-29 15:23:10,246 DEBUG o.h.e.j.s.SqlStatementLogger [http-nio-8080-exec-4] select sum(atividade0_.duracao)/60 as col_0_0_ from atividade atividade0_ where year(atividade0_.data)=?
2020-06-29 15:23:10,249 DEBUG o.h.e.j.s.SqlStatementLogger [http-nio-8080-exec-4] select count(atividade0_.codigo) as col_0_0_ from atividade atividade0_ where atividade0_.tipo=? and year(atividade0_.data)=?
2020-06-29 15:23:10,253 DEBUG o.h.e.j.s.SqlStatementLogger [http-nio-8080-exec-4] select count(atividade0_.codigo) as col_0_0_ from atividade atividade0_ where atividade0_.tipo=? and year(atividade0_.data)=?
2020-06-29 15:23:10,254 DEBUG o.h.e.j.s.SqlStatementLogger [http-nio-8080-exec-4] select count(atividade0_.codigo) as col_0_0_ from atividade atividade0_ where atividade0_.tipo=? and year(atividade0_.data)=?
2020-06-29 15:23:10,256 DEBUG o.h.e.j.s.SqlStatementLogger [http-nio-8080-exec-4] select count(atividade0_.codigo) as col_0_0_ from atividade atividade0_ where atividade0_.tipo=? and year(atividade0_.data)=?
2020-06-29 15:23:10,258 DEBUG o.h.e.j.s.SqlStatementLogger [http-nio-8080-exec-4] select count(atividade0_.codigo) as col_0_0_ from atividade atividade0_ where atividade0_.tipo=? and year(atividade0_.data)=?
2020-06-29 15:23:10,259 DEBUG o.h.e.j.s.SqlStatementLogger [http-nio-8080-exec-4] select count(atividade0_.codigo) as col_0_0_ from atividade atividade0_ where atividade0_.tipo=? and year(atividade0_.data)=?
2020-06-29 15:23:10,261 DEBUG o.h.e.j.s.SqlStatementLogger [http-nio-8080-exec-4] select count(atividade0_.codigo) as col_0_0_ from atividade atividade0_ where atividade0_.tipo=? and year(atividade0_.data)=?
2020-06-29 15:23:10,263 DEBUG o.h.e.j.s.SqlStatementLogger [http-nio-8080-exec-4] select count(atividade0_.codigo) as col_0_0_ from atividade atividade0_ where atividade0_.forma_conexao=? and year(atividade0_.data)=?
2020-06-29 15:23:10,265 DEBUG o.h.e.j.s.SqlStatementLogger [http-nio-8080-exec-4] select count(atividade0_.codigo) as col_0_0_ from atividade atividade0_ where atividade0_.forma_conexao=? and year(atividade0_.data)=?
2020-06-29 15:23:10,267 DEBUG o.h.e.j.s.SqlStatementLogger [http-nio-8080-exec-4] select sum(bancaexami0_.valor_total) as col_0_0_ from banca_examinadora bancaexami0_ where year(bancaexami0_.data)=?
2020-06-29 15:23:10,269 DEBUG o.h.e.j.s.SqlStatementLogger [http-nio-8080-exec-4] select count(atividade0_.codigo) as col_0_0_ from atividade atividade0_ where year(atividade0_.data)=?
2020-06-29 15:23:10,272 DEBUG o.h.e.j.s.SqlStatementLogger [http-nio-8080-exec-4] select sum(atividade0_.qtd_participantes) as col_0_0_ from atividade atividade0_ where year(atividade0_.data)=?
2020-06-29 15:23:10,274 DEBUG o.h.e.j.s.SqlStatementLogger [http-nio-8080-exec-4] select sum(atividade0_.duracao)/60 as col_0_0_ from atividade atividade0_ where year(atividade0_.data)=?
2020-06-29 15:23:10,275 DEBUG o.h.e.j.s.SqlStatementLogger [http-nio-8080-exec-4] select count(atividade0_.codigo) as col_0_0_ from atividade atividade0_ where atividade0_.tipo=? and year(atividade0_.data)=?
2020-06-29 15:23:10,277 DEBUG o.h.e.j.s.SqlStatementLogger [http-nio-8080-exec-4] select count(atividade0_.codigo) as col_0_0_ from atividade atividade0_ where atividade0_.tipo=? and year(atividade0_.data)=?
2020-06-29 15:23:10,280 DEBUG o.h.e.j.s.SqlStatementLogger [http-nio-8080-exec-4] select count(atividade0_.codigo) as col_0_0_ from atividade atividade0_ where atividade0_.tipo=? and year(atividade0_.data)=?
2020-06-29 15:23:10,282 DEBUG o.h.e.j.s.SqlStatementLogger [http-nio-8080-exec-4] select count(atividade0_.codigo) as col_0_0_ from atividade atividade0_ where atividade0_.tipo=? and year(atividade0_.data)=?
2020-06-29 15:23:10,286 DEBUG o.h.e.j.s.SqlStatementLogger [http-nio-8080-exec-4] select count(atividade0_.codigo) as col_0_0_ from atividade atividade0_ where atividade0_.tipo=? and year(atividade0_.data)=?
2020-06-29 15:23:10,288 DEBUG o.h.e.j.s.SqlStatementLogger [http-nio-8080-exec-4] select count(atividade0_.codigo) as col_0_0_ from atividade atividade0_ where atividade0_.tipo=? and year(atividade0_.data)=?
2020-06-29 15:23:10,289 DEBUG o.h.e.j.s.SqlStatementLogger [http-nio-8080-exec-4] select count(atividade0_.codigo) as col_0_0_ from atividade atividade0_ where atividade0_.tipo=? and year(atividade0_.data)=?
2020-06-29 15:23:10,292 DEBUG o.h.e.j.s.SqlStatementLogger [http-nio-8080-exec-4] select count(atividade0_.codigo) as col_0_0_ from atividade atividade0_ where atividade0_.forma_conexao=? and year(atividade0_.data)=?
2020-06-29 15:23:10,294 DEBUG o.h.e.j.s.SqlStatementLogger [http-nio-8080-exec-4] select count(atividade0_.codigo) as col_0_0_ from atividade atividade0_ where atividade0_.forma_conexao=? and year(atividade0_.data)=?
2020-06-29 15:23:10,297 DEBUG o.h.e.j.s.SqlStatementLogger [http-nio-8080-exec-4] select sum(bancaexami0_.valor_total) as col_0_0_ from banca_examinadora bancaexami0_ where year(bancaexami0_.data)=?
2020-06-29 15:23:10,301 DEBUG o.h.e.j.s.SqlStatementLogger [http-nio-8080-exec-4] select count(atividade0_.codigo) as col_0_0_ from atividade atividade0_ where year(atividade0_.data)=?
2020-06-29 15:23:10,303 DEBUG o.h.e.j.s.SqlStatementLogger [http-nio-8080-exec-4] select sum(atividade0_.qtd_participantes) as col_0_0_ from atividade atividade0_ where year(atividade0_.data)=?
2020-06-29 15:23:10,305 DEBUG o.h.e.j.s.SqlStatementLogger [http-nio-8080-exec-4] select sum(atividade0_.duracao)/60 as col_0_0_ from atividade atividade0_ where year(atividade0_.data)=?
2020-06-29 15:23:10,308 DEBUG o.h.e.j.s.SqlStatementLogger [http-nio-8080-exec-4] select count(atividade0_.codigo) as col_0_0_ from atividade atividade0_ where atividade0_.tipo=? and year(atividade0_.data)=?
2020-06-29 15:23:10,310 DEBUG o.h.e.j.s.SqlStatementLogger [http-nio-8080-exec-4] select count(atividade0_.codigo) as col_0_0_ from atividade atividade0_ where atividade0_.tipo=? and year(atividade0_.data)=?
2020-06-29 15:23:10,312 DEBUG o.h.e.j.s.SqlStatementLogger [http-nio-8080-exec-4] select count(atividade0_.codigo) as col_0_0_ from atividade atividade0_ where atividade0_.tipo=? and year(atividade0_.data)=?
2020-06-29 15:23:10,314 DEBUG o.h.e.j.s.SqlStatementLogger [http-nio-8080-exec-4] select count(atividade0_.codigo) as col_0_0_ from atividade atividade0_ where atividade0_.tipo=? and year(atividade0_.data)=?
2020-06-29 15:23:10,317 DEBUG o.h.e.j.s.SqlStatementLogger [http-nio-8080-exec-4] select count(atividade0_.codigo) as col_0_0_ from atividade atividade0_ where atividade0_.tipo=? and year(atividade0_.data)=?
2020-06-29 15:23:10,319 DEBUG o.h.e.j.s.SqlStatementLogger [http-nio-8080-exec-4] select count(atividade0_.codigo) as col_0_0_ from atividade atividade0_ where atividade0_.tipo=? and year(atividade0_.data)=?
2020-06-29 15:23:10,322 DEBUG o.h.e.j.s.SqlStatementLogger [http-nio-8080-exec-4] select count(atividade0_.codigo) as col_0_0_ from atividade atividade0_ where atividade0_.tipo=? and year(atividade0_.data)=?
2020-06-29 15:23:10,324 DEBUG o.h.e.j.s.SqlStatementLogger [http-nio-8080-exec-4] select count(atividade0_.codigo) as col_0_0_ from atividade atividade0_ where atividade0_.forma_conexao=? and year(atividade0_.data)=?
2020-06-29 15:23:10,326 DEBUG o.h.e.j.s.SqlStatementLogger [http-nio-8080-exec-4] select count(atividade0_.codigo) as col_0_0_ from atividade atividade0_ where atividade0_.forma_conexao=? and year(atividade0_.data)=?
2020-06-29 15:23:10,329 DEBUG o.h.e.j.s.SqlStatementLogger [http-nio-8080-exec-4] select sum(bancaexami0_.valor_total) as col_0_0_ from banca_examinadora bancaexami0_ where year(bancaexami0_.data)=?
2020-06-29 15:23:10,331 DEBUG o.h.e.j.s.SqlStatementLogger [http-nio-8080-exec-4] select count(atividade0_.codigo) as col_0_0_ from atividade atividade0_ where year(atividade0_.data)=?
2020-06-29 15:23:10,334 DEBUG o.h.e.j.s.SqlStatementLogger [http-nio-8080-exec-4] select sum(atividade0_.qtd_participantes) as col_0_0_ from atividade atividade0_ where year(atividade0_.data)=?
2020-06-29 15:23:10,336 DEBUG o.h.e.j.s.SqlStatementLogger [http-nio-8080-exec-4] select sum(atividade0_.duracao)/60 as col_0_0_ from atividade atividade0_ where year(atividade0_.data)=?
2020-06-29 15:23:10,339 DEBUG o.h.e.j.s.SqlStatementLogger [http-nio-8080-exec-4] select count(atividade0_.codigo) as col_0_0_ from atividade atividade0_ where atividade0_.tipo=? and year(atividade0_.data)=?
2020-06-29 15:23:10,341 DEBUG o.h.e.j.s.SqlStatementLogger [http-nio-8080-exec-4] select count(atividade0_.codigo) as col_0_0_ from atividade atividade0_ where atividade0_.tipo=? and year(atividade0_.data)=?
2020-06-29 15:23:10,343 DEBUG o.h.e.j.s.SqlStatementLogger [http-nio-8080-exec-4] select count(atividade0_.codigo) as col_0_0_ from atividade atividade0_ where atividade0_.tipo=? and year(atividade0_.data)=?
2020-06-29 15:23:10,345 DEBUG o.h.e.j.s.SqlStatementLogger [http-nio-8080-exec-4] select count(atividade0_.codigo) as col_0_0_ from atividade atividade0_ where atividade0_.tipo=? and year(atividade0_.data)=?
2020-06-29 15:23:10,348 DEBUG o.h.e.j.s.SqlStatementLogger [http-nio-8080-exec-4] select count(atividade0_.codigo) as col_0_0_ from atividade atividade0_ where atividade0_.tipo=? and year(atividade0_.data)=?
2020-06-29 15:23:10,351 DEBUG o.h.e.j.s.SqlStatementLogger [http-nio-8080-exec-4] select count(atividade0_.codigo) as col_0_0_ from atividade atividade0_ where atividade0_.tipo=? and year(atividade0_.data)=?
2020-06-29 15:23:10,354 DEBUG o.h.e.j.s.SqlStatementLogger [http-nio-8080-exec-4] select count(atividade0_.codigo) as col_0_0_ from atividade atividade0_ where atividade0_.tipo=? and year(atividade0_.data)=?
2020-06-29 15:23:10,356 DEBUG o.h.e.j.s.SqlStatementLogger [http-nio-8080-exec-4] select count(atividade0_.codigo) as col_0_0_ from atividade atividade0_ where atividade0_.forma_conexao=? and year(atividade0_.data)=?
2020-06-29 15:23:10,358 DEBUG o.h.e.j.s.SqlStatementLogger [http-nio-8080-exec-4] select count(atividade0_.codigo) as col_0_0_ from atividade atividade0_ where atividade0_.forma_conexao=? and year(atividade0_.data)=?
2020-06-29 15:23:10,360 DEBUG o.h.e.j.s.SqlStatementLogger [http-nio-8080-exec-4] select sum(bancaexami0_.valor_total) as col_0_0_ from banca_examinadora bancaexami0_ where year(bancaexami0_.data)=?
2020-06-29 15:23:10,685 DEBUG o.h.e.j.s.SqlStatementLogger [http-nio-8080-exec-10] select count(atividade0_.codigo) as col_0_0_ from atividade atividade0_ where year(atividade0_.data)=? and month(atividade0_.data)=?
2020-06-29 15:23:10,687 DEBUG o.h.e.j.s.SqlStatementLogger [http-nio-8080-exec-10] select count(atividade0_.codigo) as col_0_0_ from atividade atividade0_ where year(atividade0_.data)=? and month(atividade0_.data)=?
2020-06-29 15:23:10,690 DEBUG o.h.e.j.s.SqlStatementLogger [http-nio-8080-exec-10] select count(atividade0_.codigo) as col_0_0_ from atividade atividade0_ where year(atividade0_.data)=? and month(atividade0_.data)=?
2020-06-29 15:23:10,693 DEBUG o.h.e.j.s.SqlStatementLogger [http-nio-8080-exec-10] select count(atividade0_.codigo) as col_0_0_ from atividade atividade0_ where year(atividade0_.data)=? and month(atividade0_.data)=?
2020-06-29 15:23:10,695 DEBUG o.h.e.j.s.SqlStatementLogger [http-nio-8080-exec-10] select count(atividade0_.codigo) as col_0_0_ from atividade atividade0_ where year(atividade0_.data)=? and month(atividade0_.data)=?
2020-06-29 15:23:10,699 DEBUG o.h.e.j.s.SqlStatementLogger [http-nio-8080-exec-10] select count(atividade0_.codigo) as col_0_0_ from atividade atividade0_ where year(atividade0_.data)=? and month(atividade0_.data)=?
2020-06-29 15:23:10,703 DEBUG o.h.e.j.s.SqlStatementLogger [http-nio-8080-exec-10] select count(atividade0_.codigo) as col_0_0_ from atividade atividade0_ where year(atividade0_.data)=? and month(atividade0_.data)=?
2020-06-29 15:23:10,705 DEBUG o.h.e.j.s.SqlStatementLogger [http-nio-8080-exec-10] select count(atividade0_.codigo) as col_0_0_ from atividade atividade0_ where year(atividade0_.data)=? and month(atividade0_.data)=?
2020-06-29 15:23:10,706 DEBUG o.h.e.j.s.SqlStatementLogger [http-nio-8080-exec-5] select sum(atividade0_.qtd_participantes) as col_0_0_ from atividade atividade0_ where year(atividade0_.data)=? and month(atividade0_.data)=?
2020-06-29 15:23:10,706 DEBUG o.h.e.j.s.SqlStatementLogger [http-nio-8080-exec-9] select count(atividade0_.forma_conexao) as col_0_0_ from atividade atividade0_ where atividade0_.forma_conexao=? and year(atividade0_.data)=?
2020-06-29 15:23:10,707 DEBUG o.h.e.j.s.SqlStatementLogger [http-nio-8080-exec-10] select count(atividade0_.codigo) as col_0_0_ from atividade atividade0_ where year(atividade0_.data)=? and month(atividade0_.data)=?
2020-06-29 15:23:10,709 DEBUG o.h.e.j.s.SqlStatementLogger [http-nio-8080-exec-9] select count(atividade0_.forma_conexao) as col_0_0_ from atividade atividade0_ where atividade0_.forma_conexao=? and year(atividade0_.data)=?
2020-06-29 15:23:10,709 DEBUG o.h.e.j.s.SqlStatementLogger [http-nio-8080-exec-5] select sum(atividade0_.qtd_participantes) as col_0_0_ from atividade atividade0_ where year(atividade0_.data)=? and month(atividade0_.data)=?
2020-06-29 15:23:10,709 DEBUG o.h.e.j.s.SqlStatementLogger [http-nio-8080-exec-10] select count(atividade0_.codigo) as col_0_0_ from atividade atividade0_ where year(atividade0_.data)=? and month(atividade0_.data)=?
2020-06-29 15:23:10,711 DEBUG o.h.e.j.s.SqlStatementLogger [http-nio-8080-exec-10] select count(atividade0_.codigo) as col_0_0_ from atividade atividade0_ where year(atividade0_.data)=? and month(atividade0_.data)=?
2020-06-29 15:23:10,711 DEBUG o.h.e.j.s.SqlStatementLogger [http-nio-8080-exec-5] select sum(atividade0_.qtd_participantes) as col_0_0_ from atividade atividade0_ where year(atividade0_.data)=? and month(atividade0_.data)=?
2020-06-29 15:23:10,711 DEBUG o.h.e.j.s.SqlStatementLogger [http-nio-8080-exec-9] select count(atividade0_.tipo) as col_0_0_ from atividade atividade0_ where atividade0_.tipo=? and year(atividade0_.data)=?
2020-06-29 15:23:10,713 DEBUG o.h.e.j.s.SqlStatementLogger [http-nio-8080-exec-5] select sum(atividade0_.qtd_participantes) as col_0_0_ from atividade atividade0_ where year(atividade0_.data)=? and month(atividade0_.data)=?
2020-06-29 15:23:10,713 DEBUG o.h.e.j.s.SqlStatementLogger [http-nio-8080-exec-10] select count(atividade0_.codigo) as col_0_0_ from atividade atividade0_ where year(atividade0_.data)=? and month(atividade0_.data)=?
2020-06-29 15:23:10,718 DEBUG o.h.e.j.s.SqlStatementLogger [http-nio-8080-exec-5] select sum(atividade0_.qtd_participantes) as col_0_0_ from atividade atividade0_ where year(atividade0_.data)=? and month(atividade0_.data)=?
2020-06-29 15:23:10,720 DEBUG o.h.e.j.s.SqlStatementLogger [http-nio-8080-exec-5] select sum(atividade0_.qtd_participantes) as col_0_0_ from atividade atividade0_ where year(atividade0_.data)=? and month(atividade0_.data)=?
2020-06-29 15:23:10,722 DEBUG o.h.e.j.s.SqlStatementLogger [http-nio-8080-exec-2] select count(bancaexami0_.codigo) as col_0_0_ from banca_examinadora bancaexami0_ where year(bancaexami0_.data)=? and bancaexami0_.tipo_de_banca=?
2020-06-29 15:23:10,725 DEBUG o.h.e.j.s.SqlStatementLogger [http-nio-8080-exec-2] select count(bancaexami0_.codigo) as col_0_0_ from banca_examinadora bancaexami0_ where year(bancaexami0_.data)=? and bancaexami0_.tipo_de_banca=?
2020-06-29 15:23:10,725 DEBUG o.h.e.j.s.SqlStatementLogger [http-nio-8080-exec-5] select sum(atividade0_.qtd_participantes) as col_0_0_ from atividade atividade0_ where year(atividade0_.data)=? and month(atividade0_.data)=?
2020-06-29 15:23:10,727 DEBUG o.h.e.j.s.SqlStatementLogger [http-nio-8080-exec-2] select count(bancaexami0_.codigo) as col_0_0_ from banca_examinadora bancaexami0_ where year(bancaexami0_.data)=? and bancaexami0_.tipo_de_banca=?
2020-06-29 15:23:10,727 DEBUG o.h.e.j.s.SqlStatementLogger [http-nio-8080-exec-5] select sum(atividade0_.qtd_participantes) as col_0_0_ from atividade atividade0_ where year(atividade0_.data)=? and month(atividade0_.data)=?
2020-06-29 15:23:10,729 DEBUG o.h.e.j.s.SqlStatementLogger [http-nio-8080-exec-2] select count(bancaexami0_.codigo) as col_0_0_ from banca_examinadora bancaexami0_ where year(bancaexami0_.data)=? and bancaexami0_.tipo_de_banca=?
2020-06-29 15:23:10,729 DEBUG o.h.e.j.s.SqlStatementLogger [http-nio-8080-exec-5] select sum(atividade0_.qtd_participantes) as col_0_0_ from atividade atividade0_ where year(atividade0_.data)=? and month(atividade0_.data)=?
2020-06-29 15:23:10,732 DEBUG o.h.e.j.s.SqlStatementLogger [http-nio-8080-exec-5] select sum(atividade0_.qtd_participantes) as col_0_0_ from atividade atividade0_ where year(atividade0_.data)=? and month(atividade0_.data)=?
2020-06-29 15:23:10,734 DEBUG o.h.e.j.s.SqlStatementLogger [http-nio-8080-exec-5] select sum(atividade0_.qtd_participantes) as col_0_0_ from atividade atividade0_ where year(atividade0_.data)=? and month(atividade0_.data)=?
2020-06-29 15:23:10,737 DEBUG o.h.e.j.s.SqlStatementLogger [http-nio-8080-exec-5] select sum(atividade0_.qtd_participantes) as col_0_0_ from atividade atividade0_ where year(atividade0_.data)=? and month(atividade0_.data)=?
